<?xml version="1.0" encoding="UTF-8"?>
<testsuite name="com.sales.app.server.service.salesboundedcontext.sales.ChannelTestCase" tests="5" skipped="0" failures="0" errors="0" timestamp="2016-06-16T05:22:32" hostname="05da525fbf42" time="0.896">
  <properties/>
  <testcase name="test1Save" classname="com.sales.app.server.service.salesboundedcontext.sales.ChannelTestCase" time="0.156"/>
  <testcase name="test2Update" classname="com.sales.app.server.service.salesboundedcontext.sales.ChannelTestCase" time="0.057"/>
  <testcase name="test3FindById" classname="com.sales.app.server.service.salesboundedcontext.sales.ChannelTestCase" time="0.015"/>
  <testcase name="test5NegativeTesting" classname="com.sales.app.server.service.salesboundedcontext.sales.ChannelTestCase" time="0.016"/>
  <testcase name="test6Delete" classname="com.sales.app.server.service.salesboundedcontext.sales.ChannelTestCase" time="0.651"/>
  <system-out><![CDATA[Thu Jun 16 05:22:32 UTC 2016|Log Manager Factory|Initialization Process started.....
Thu Jun 16 05:22:32 UTC 2016|Log Manager|Initialized with Path = [/home/applifire/workspace/salesdemo/src/main/webapp/WEB-INF/conf]
Thu Jun 16 05:22:32 UTC 2016|Alarm Manager|Initialized with Path = [/home/applifire/workspace/salesdemo/src/main/webapp/WEB-INF/conf]
Thu Jun 16 05:22:32 UTC 2016|Alarm Manager|Loading Alarms ......
Thu Jun 16 05:22:32 UTC 2016|Alarm XML Parser|FWA|XML Parsing Complete........ 
Thu Jun 16 05:22:32 UTC 2016|Alarm File Manager|FWA|Alarm File Status.. [ApplicationFrameworkAlarms.xml]|Version=15|Status=Done 
Thu Jun 16 05:22:32 UTC 2016|Alarm File Manager|FWA|Alarm Stats = ( BC/AL=4/676 SYS=4/10 [676/0]  TPL=0/0 [0/0]  APP= A.Map=[759]  E.Map EC/RC=[322/67] )
Thu Jun 16 05:22:32 UTC 2016|Alarm XML Parser|APP|XML Parsing Complete........ 
Thu Jun 16 05:22:32 UTC 2016|Alarm File Manager|APP|Alarm File Status.. [ApplicationAlarms.xml]|Version=1|Status=Done 
Thu Jun 16 05:22:32 UTC 2016|Alarm File Manager|APP|Alarm Stats = ( BC/AL=7/1174 SYS=4/10 [676/0]  TPL=0/0 [0/0]  APP=3/6 [498/0]  A.Map=[1021]  E.Map EC/RC=[412/89] )
Thu Jun 16 05:22:32 UTC 2016|ApplicationAlarmContext| <><><><><> Create App Alarms ....  <><><><><> 
Thu Jun 16 05:22:32 UTC 2016|ApplicationAlarmContext|Alarms are generated ONLY in Development Mode.. 
Thu Jun 16 05:22:32 UTC 2016|Alarm Manager|APP|Alarm Stats = ( BC/AL=7/1174 SYS=4/10 [676/0]  TPL=0/0 [0/0]  APP=3/6 [498/0]  A.Map=[1021]  E.Map EC/RC=[412/89] )
Thu Jun 16 05:22:32 UTC 2016|Alarm Manager|Initialized Exception Lookup...
Thu Jun 16 05:22:32 UTC 2016|Log Manager|Initialize Log Config File ......
Thu Jun 16 05:22:32 UTC 2016|Pluggable Connectors|Adding Connectors : StandardOutputConnector isEnabled=true isDefault=false isFallBack=true
Thu Jun 16 05:22:32 UTC 2016|Pluggable Connectors|Adding Connectors : StandardFileConnector isEnabled=true isDefault=false isFallBack=false
Thu Jun 16 05:22:32 UTC 2016|Pluggable Connectors|Adding Connectors : Sprinkler isEnabled=true isDefault=true isFallBack=false
Thu Jun 16 05:22:32 UTC 2016|Pluggable Connectors|Default Connector Name : com.spartan.logger.core.LogMessenger
Thu Jun 16 05:22:32 UTC 2016|Log Config Parser|Connector Least Log Level =[4]  FallBack Log Level =[3]
Thu Jun 16 05:22:32 UTC 2016|Log Manager|Loading Default Connector for Logging ......
Thu Jun 16 05:22:32 UTC 2016|Log Manager|Loading class .. com.spartan.logger.core.LogMessenger
Thu Jun 16 05:22:32 UTC 2016|Plugggable Connector|Connector class com.spartan.logger.core.LogMessenger Initialized... @ Log Level = 3
Thu Jun 16 05:22:32 UTC 2016|Log Manager|Starting the Default Connector [com.spartan.logger.core.LogMessenger@76b4040d] ....
Thu Jun 16 05:22:32 UTC 2016|Scheduler|Starting the Scheduler ......
Thu Jun 16 05:22:32 UTC 2016|Scheduler|Adding [LMID=[96027fc7-c163-4d43-935a-70aaabfd668d]] Delay=5 Time Unit=MINUTES
Thu Jun 16 05:22:32 UTC 2016|Scheduler|Adding [App Alarm Manager File=[ApplicationAlarms.xml]] Delay=30 Time Unit=MINUTES
Thu Jun 16 05:22:32 UTC 2016|Scheduler|Adding [FW Alarm Manager File=[ApplicationFrameworkAlarms.xml]] Delay=3 Time Unit=MINUTES
Thu Jun 16 05:22:32 UTC 2016|Scheduler|Startup Completed..
Thu Jun 16 05:22:32 UTC 2016|Log Manager|Initialization Process Complete ......
Thu Jun 16 05:22:32 UTC 2016|Log Manager Factory|Log Manager READY! ID = 96027fc7-c163-4d43-935a-70aaabfd668d
Setting logged in user info for ADD
[EL Finer]: connection: 2016-06-16 05:22:32.605--ServerSession(166674373)--Thread(Thread[Test worker,5,main])--client acquired: 2113218856
[EL Finer]: transaction: 2016-06-16 05:22:32.605--ClientSession(2113218856)--Thread(Thread[Test worker,5,main])--acquire unit of work: 1784758706
[EL Finest]: connection: 2016-06-16 05:22:32.605--ServerSession(166674373)--Connection(387990446)--Thread(Thread[Test worker,5,main])--Connection acquired from connection pool [default].
[EL Finer]: transaction: 2016-06-16 05:22:32.605--ClientSession(2113218856)--Connection(387990446)--Thread(Thread[Test worker,5,main])--begin transaction
[EL Finest]: connection: 2016-06-16 05:22:32.605--ClientSession(2113218856)--Thread(Thread[Test worker,5,main])--reconnecting to external connection pool
[EL Finest]: transaction: 2016-06-16 05:22:32.607--UnitOfWork(1784758706)--Thread(Thread[Test worker,5,main])--persist() operation called on: osUs0kexGbymUmrzMIHWVz5WW9eSqlSoKLTMQvaT6DelZa7JaC.
[EL Finest]: sequencing: 2016-06-16 05:22:32.607--UnitOfWork(1784758706)--Thread(Thread[Test worker,5,main])--assign sequence to the object (258CAEEC-2C61-472E-BB16-12B9A56C306C -> osUs0kexGbymUmrzMIHWVz5WW9eSqlSoKLTMQvaT6DelZa7JaC)
[EL Finer]: transaction: 2016-06-16 05:22:32.607--UnitOfWork(1784758706)--Thread(Thread[Test worker,5,main])--begin unit of work commit
[EL Finest]: query: 2016-06-16 05:22:32.607--UnitOfWork(1784758706)--Thread(Thread[Test worker,5,main])--Execute query InsertObjectQuery(osUs0kexGbymUmrzMIHWVz5WW9eSqlSoKLTMQvaT6DelZa7JaC)
[EL Fine]: sql: 2016-06-16 05:22:32.608--ClientSession(2113218856)--Connection(123985874)--Thread(Thread[Test worker,5,main])--INSERT INTO ast_Channel_M (channelId, channelInformation, versionId, createdBy, createdDate, updatedBy, updatedDate, activeStatus, txnAccessCode) VALUES (?, ?, ?, ?, ?, ?, ?, ?, ?)
	bind => [258CAEEC-2C61-472E-BB16-12B9A56C306C, osUs0kexGbymUmrzMIHWVz5WW9eSqlSoKLTMQvaT6DelZa7JaC, 1, AAAAA, 2016-06-16 05:22:32.603, AAAAA, 2016-06-16 05:22:32.603, 1, 51000]
[EL Finer]: transaction: 2016-06-16 05:22:32.61--ClientSession(2113218856)--Connection(123985874)--Thread(Thread[Test worker,5,main])--commit transaction
[EL Finest]: connection: 2016-06-16 05:22:32.725--ServerSession(166674373)--Connection(387990446)--Thread(Thread[Test worker,5,main])--Connection released to connection pool [default].
[EL Finer]: transaction: 2016-06-16 05:22:32.725--UnitOfWork(1784758706)--Thread(Thread[Test worker,5,main])--end unit of work commit
[EL Finer]: transaction: 2016-06-16 05:22:32.725--UnitOfWork(1784758706)--Thread(Thread[Test worker,5,main])--resume unit of work
[EL Finer]: transaction: 2016-06-16 05:22:32.726--UnitOfWork(1784758706)--Thread(Thread[Test worker,5,main])--release unit of work
[EL Finer]: connection: 2016-06-16 05:22:32.726--ClientSession(2113218856)--Thread(Thread[Test worker,5,main])--client released
[EL Finer]: connection: 2016-06-16 05:22:32.735--ServerSession(166674373)--Thread(Thread[Test worker,5,main])--client acquired: 1506361300
[EL Finer]: transaction: 2016-06-16 05:22:32.736--ClientSession(1506361300)--Thread(Thread[Test worker,5,main])--acquire unit of work: 729654617
[EL Finest]: connection: 2016-06-16 05:22:32.736--ServerSession(166674373)--Connection(1173523549)--Thread(Thread[Test worker,5,main])--Connection acquired from connection pool [default].
[EL Finer]: transaction: 2016-06-16 05:22:32.736--ClientSession(1506361300)--Connection(1173523549)--Thread(Thread[Test worker,5,main])--begin transaction
[EL Finest]: connection: 2016-06-16 05:22:32.736--ClientSession(1506361300)--Thread(Thread[Test worker,5,main])--reconnecting to external connection pool
[EL Finer]: transaction: 2016-06-16 05:22:32.738--UnitOfWork(729654617)--Thread(Thread[Test worker,5,main])--begin unit of work flush
[EL Finer]: transaction: 2016-06-16 05:22:32.738--UnitOfWork(729654617)--Thread(Thread[Test worker,5,main])--end unit of work flush
[EL Finest]: query: 2016-06-16 05:22:32.738--UnitOfWork(729654617)--Thread(Thread[Test worker,5,main])--Execute query ReadAllQuery(name="Channel.findById" referenceClass=Channel sql="SELECT channelId, channelInformation, versionId, createdBy, createdDate, updatedBy, updatedDate, activeStatus, txnAccessCode FROM ast_Channel_M WHERE ((activeStatus = ?) AND (channelId = ?))")
[EL Fine]: sql: 2016-06-16 05:22:32.738--ClientSession(1506361300)--Connection(768564017)--Thread(Thread[Test worker,5,main])--SELECT channelId, channelInformation, versionId, createdBy, createdDate, updatedBy, updatedDate, activeStatus, txnAccessCode FROM ast_Channel_M WHERE ((activeStatus = ?) AND (channelId = ?))
	bind => [1, 258CAEEC-2C61-472E-BB16-12B9A56C306C]
[EL Finer]: transaction: 2016-06-16 05:22:32.74--UnitOfWork(729654617)--Thread(Thread[Test worker,5,main])--begin unit of work commit
[EL Finer]: transaction: 2016-06-16 05:22:32.741--ClientSession(1506361300)--Connection(768564017)--Thread(Thread[Test worker,5,main])--commit transaction
[EL Finest]: connection: 2016-06-16 05:22:32.741--ServerSession(166674373)--Connection(1173523549)--Thread(Thread[Test worker,5,main])--Connection released to connection pool [default].
[EL Finer]: transaction: 2016-06-16 05:22:32.741--UnitOfWork(729654617)--Thread(Thread[Test worker,5,main])--end unit of work commit
[EL Finer]: transaction: 2016-06-16 05:22:32.741--UnitOfWork(729654617)--Thread(Thread[Test worker,5,main])--resume unit of work
[EL Finer]: transaction: 2016-06-16 05:22:32.742--UnitOfWork(729654617)--Thread(Thread[Test worker,5,main])--release unit of work
[EL Finer]: connection: 2016-06-16 05:22:32.742--ClientSession(1506361300)--Thread(Thread[Test worker,5,main])--client released
Setting logged in user info for UPDATE
[EL Finer]: connection: 2016-06-16 05:22:32.743--ServerSession(166674373)--Thread(Thread[Test worker,5,main])--client acquired: 1644211131
[EL Finer]: transaction: 2016-06-16 05:22:32.743--ClientSession(1644211131)--Thread(Thread[Test worker,5,main])--acquire unit of work: 436909121
[EL Finest]: connection: 2016-06-16 05:22:32.743--ServerSession(166674373)--Connection(885007554)--Thread(Thread[Test worker,5,main])--Connection acquired from connection pool [default].
[EL Finer]: transaction: 2016-06-16 05:22:32.743--ClientSession(1644211131)--Connection(885007554)--Thread(Thread[Test worker,5,main])--begin transaction
[EL Finest]: connection: 2016-06-16 05:22:32.743--ClientSession(1644211131)--Thread(Thread[Test worker,5,main])--reconnecting to external connection pool
[EL Finest]: transaction: 2016-06-16 05:22:32.746--UnitOfWork(436909121)--Thread(Thread[Test worker,5,main])--Merge clone with references 6OmF2TuhSY1PEK8EPaaN32hOeUIQkSz7t92BCOzEMXk08LDhnJ
[EL Finest]: query: 2016-06-16 05:22:32.746--UnitOfWork(436909121)--Thread(Thread[Test worker,5,main])--Execute query ReadObjectQuery(referenceClass=Channel )
[EL Fine]: sql: 2016-06-16 05:22:32.747--ClientSession(1644211131)--Connection(1360390457)--Thread(Thread[Test worker,5,main])--SELECT channelId, channelInformation, versionId, createdBy, createdDate, updatedBy, updatedDate, activeStatus, txnAccessCode FROM ast_Channel_M WHERE (channelId = ?)
	bind => [258CAEEC-2C61-472E-BB16-12B9A56C306C]
[EL Finer]: transaction: 2016-06-16 05:22:32.748--UnitOfWork(436909121)--Thread(Thread[Test worker,5,main])--begin unit of work commit
[EL Finest]: query: 2016-06-16 05:22:32.749--UnitOfWork(436909121)--Thread(Thread[Test worker,5,main])--Execute query UpdateObjectQuery(6OmF2TuhSY1PEK8EPaaN32hOeUIQkSz7t92BCOzEMXk08LDhnJ)
[EL Fine]: sql: 2016-06-16 05:22:32.749--ClientSession(1644211131)--Connection(1360390457)--Thread(Thread[Test worker,5,main])--UPDATE ast_Channel_M SET channelInformation = ?, versionId = ? WHERE ((channelId = ?) AND (versionId = ?))
	bind => [6OmF2TuhSY1PEK8EPaaN32hOeUIQkSz7t92BCOzEMXk08LDhnJ, 2, 258CAEEC-2C61-472E-BB16-12B9A56C306C, 1]
[EL Finer]: transaction: 2016-06-16 05:22:32.751--ClientSession(1644211131)--Connection(1360390457)--Thread(Thread[Test worker,5,main])--commit transaction
[EL Finest]: connection: 2016-06-16 05:22:32.783--ServerSession(166674373)--Connection(885007554)--Thread(Thread[Test worker,5,main])--Connection released to connection pool [default].
[EL Finer]: transaction: 2016-06-16 05:22:32.784--UnitOfWork(436909121)--Thread(Thread[Test worker,5,main])--end unit of work commit
[EL Finer]: transaction: 2016-06-16 05:22:32.784--UnitOfWork(436909121)--Thread(Thread[Test worker,5,main])--resume unit of work
[EL Finer]: transaction: 2016-06-16 05:22:32.784--UnitOfWork(436909121)--Thread(Thread[Test worker,5,main])--release unit of work
[EL Finer]: connection: 2016-06-16 05:22:32.784--ClientSession(1644211131)--Thread(Thread[Test worker,5,main])--client released
[EL Finer]: connection: 2016-06-16 05:22:32.791--ServerSession(166674373)--Thread(Thread[Test worker,5,main])--client acquired: 754634056
[EL Finer]: transaction: 2016-06-16 05:22:32.791--ClientSession(754634056)--Thread(Thread[Test worker,5,main])--acquire unit of work: 96160010
[EL Finest]: connection: 2016-06-16 05:22:32.794--ServerSession(166674373)--Connection(1253585526)--Thread(Thread[Test worker,5,main])--Connection acquired from connection pool [default].
[EL Finer]: transaction: 2016-06-16 05:22:32.795--ClientSession(754634056)--Connection(1253585526)--Thread(Thread[Test worker,5,main])--begin transaction
[EL Finest]: connection: 2016-06-16 05:22:32.795--ClientSession(754634056)--Thread(Thread[Test worker,5,main])--reconnecting to external connection pool
[EL Finer]: transaction: 2016-06-16 05:22:32.796--UnitOfWork(96160010)--Thread(Thread[Test worker,5,main])--begin unit of work flush
[EL Finer]: transaction: 2016-06-16 05:22:32.796--UnitOfWork(96160010)--Thread(Thread[Test worker,5,main])--end unit of work flush
[EL Finest]: query: 2016-06-16 05:22:32.796--UnitOfWork(96160010)--Thread(Thread[Test worker,5,main])--Execute query ReadAllQuery(name="Channel.findById" referenceClass=Channel sql="SELECT channelId, channelInformation, versionId, createdBy, createdDate, updatedBy, updatedDate, activeStatus, txnAccessCode FROM ast_Channel_M WHERE ((activeStatus = ?) AND (channelId = ?))")
[EL Fine]: sql: 2016-06-16 05:22:32.797--ClientSession(754634056)--Connection(726553025)--Thread(Thread[Test worker,5,main])--SELECT channelId, channelInformation, versionId, createdBy, createdDate, updatedBy, updatedDate, activeStatus, txnAccessCode FROM ast_Channel_M WHERE ((activeStatus = ?) AND (channelId = ?))
	bind => [1, 258CAEEC-2C61-472E-BB16-12B9A56C306C]
[EL Finer]: transaction: 2016-06-16 05:22:32.799--UnitOfWork(96160010)--Thread(Thread[Test worker,5,main])--begin unit of work commit
[EL Finer]: transaction: 2016-06-16 05:22:32.799--ClientSession(754634056)--Connection(726553025)--Thread(Thread[Test worker,5,main])--commit transaction
[EL Finest]: connection: 2016-06-16 05:22:32.799--ServerSession(166674373)--Connection(1253585526)--Thread(Thread[Test worker,5,main])--Connection released to connection pool [default].
[EL Finer]: transaction: 2016-06-16 05:22:32.799--UnitOfWork(96160010)--Thread(Thread[Test worker,5,main])--end unit of work commit
[EL Finer]: transaction: 2016-06-16 05:22:32.799--UnitOfWork(96160010)--Thread(Thread[Test worker,5,main])--resume unit of work
[EL Finer]: transaction: 2016-06-16 05:22:32.799--UnitOfWork(96160010)--Thread(Thread[Test worker,5,main])--release unit of work
[EL Finer]: connection: 2016-06-16 05:22:32.8--ClientSession(754634056)--Thread(Thread[Test worker,5,main])--client released
[EL Finer]: connection: 2016-06-16 05:22:32.825--ServerSession(166674373)--Thread(Thread[Test worker,5,main])--client acquired: 1343491872
[EL Finer]: transaction: 2016-06-16 05:22:32.825--ClientSession(1343491872)--Thread(Thread[Test worker,5,main])--acquire unit of work: 1424828146
[EL Finest]: connection: 2016-06-16 05:22:32.825--ServerSession(166674373)--Connection(496502125)--Thread(Thread[Test worker,5,main])--Connection acquired from connection pool [default].
[EL Finer]: transaction: 2016-06-16 05:22:32.825--ClientSession(1343491872)--Connection(496502125)--Thread(Thread[Test worker,5,main])--begin transaction
[EL Finest]: connection: 2016-06-16 05:22:32.825--ClientSession(1343491872)--Thread(Thread[Test worker,5,main])--reconnecting to external connection pool
[EL Finest]: query: 2016-06-16 05:22:32.83--UnitOfWork(1424828146)--Thread(Thread[Test worker,5,main])--Execute query ReadObjectQuery(name="readChannel" referenceClass=Channel sql="SELECT channelId, channelInformation, versionId, createdBy, createdDate, updatedBy, updatedDate, activeStatus, txnAccessCode FROM ast_Channel_M WHERE (channelId = ?)")
[EL Fine]: sql: 2016-06-16 05:22:32.83--ClientSession(1343491872)--Connection(1100893972)--Thread(Thread[Test worker,5,main])--SELECT channelId, channelInformation, versionId, createdBy, createdDate, updatedBy, updatedDate, activeStatus, txnAccessCode FROM ast_Channel_M WHERE (channelId = ?)
	bind => [258CAEEC-2C61-472E-BB16-12B9A56C306C]
[EL Finest]: transaction: 2016-06-16 05:22:32.832--UnitOfWork(1424828146)--Thread(Thread[Test worker,5,main])--remove() operation called on: 6OmF2TuhSY1PEK8EPaaN32hOeUIQkSz7t92BCOzEMXk08LDhnJ
[EL Finer]: transaction: 2016-06-16 05:22:32.832--UnitOfWork(1424828146)--Thread(Thread[Test worker,5,main])--begin unit of work commit
[EL Finest]: query: 2016-06-16 05:22:32.832--UnitOfWork(1424828146)--Thread(Thread[Test worker,5,main])--Execute query DoesExistQuery(referenceClass=Channel )
[EL Finest]: query: 2016-06-16 05:22:32.832--UnitOfWork(1424828146)--Thread(Thread[Test worker,5,main])--Execute query DeleteObjectQuery(6OmF2TuhSY1PEK8EPaaN32hOeUIQkSz7t92BCOzEMXk08LDhnJ)
[EL Fine]: sql: 2016-06-16 05:22:32.833--ClientSession(1343491872)--Connection(1100893972)--Thread(Thread[Test worker,5,main])--DELETE FROM ast_Channel_M WHERE ((channelId = ?) AND (versionId = ?))
	bind => [258CAEEC-2C61-472E-BB16-12B9A56C306C, 2]
[EL Finer]: transaction: 2016-06-16 05:22:32.834--ClientSession(1343491872)--Connection(1100893972)--Thread(Thread[Test worker,5,main])--commit transaction
[EL Finest]: connection: 2016-06-16 05:22:33.466--ServerSession(166674373)--Connection(496502125)--Thread(Thread[Test worker,5,main])--Connection released to connection pool [default].
[EL Finer]: transaction: 2016-06-16 05:22:33.466--UnitOfWork(1424828146)--Thread(Thread[Test worker,5,main])--end unit of work commit
[EL Finer]: transaction: 2016-06-16 05:22:33.466--UnitOfWork(1424828146)--Thread(Thread[Test worker,5,main])--resume unit of work
[EL Finer]: transaction: 2016-06-16 05:22:33.467--UnitOfWork(1424828146)--Thread(Thread[Test worker,5,main])--release unit of work
[EL Finer]: connection: 2016-06-16 05:22:33.467--ClientSession(1343491872)--Thread(Thread[Test worker,5,main])--client released
]]></system-out>
  <system-err><![CDATA[Channel.channelInformation may not be null
java.lang.SecurityException: Channel.channelInformation may not be null
	at com.athena.server.pluggable.utils.helper.EntityValidatorHelper.validateEntity(EntityValidatorHelper.java:37)
	at com.sales.app.shared.salesboundedcontext.sales.Channel.isValid(Channel.java:136)
	at com.sales.app.server.service.salesboundedcontext.sales.ChannelTestCase.validateChannel(ChannelTestCase.java:177)
	at com.sales.app.server.service.salesboundedcontext.sales.ChannelTestCase.test5NegativeTesting(ChannelTestCase.java:208)
	at sun.reflect.NativeMethodAccessorImpl.invoke0(Native Method)
	at sun.reflect.NativeMethodAccessorImpl.invoke(NativeMethodAccessorImpl.java:57)
	at sun.reflect.DelegatingMethodAccessorImpl.invoke(DelegatingMethodAccessorImpl.java:43)
	at java.lang.reflect.Method.invoke(Method.java:606)
	at org.junit.runners.model.FrameworkMethod$1.runReflectiveCall(FrameworkMethod.java:47)
	at org.junit.internal.runners.model.ReflectiveCallable.run(ReflectiveCallable.java:12)
	at org.junit.runners.model.FrameworkMethod.invokeExplosively(FrameworkMethod.java:44)
	at org.junit.internal.runners.statements.InvokeMethod.evaluate(InvokeMethod.java:17)
	at org.junit.internal.runners.statements.RunBefores.evaluate(RunBefores.java:26)
	at org.springframework.test.context.junit4.statements.RunBeforeTestMethodCallbacks.evaluate(RunBeforeTestMethodCallbacks.java:74)
	at org.junit.internal.runners.statements.RunAfters.evaluate(RunAfters.java:27)
	at org.springframework.test.context.junit4.statements.RunAfterTestMethodCallbacks.evaluate(RunAfterTestMethodCallbacks.java:83)
	at org.springframework.test.context.junit4.statements.SpringRepeat.evaluate(SpringRepeat.java:72)
	at org.springframework.test.context.junit4.SpringJUnit4ClassRunner.runChild(SpringJUnit4ClassRunner.java:233)
	at org.springframework.test.context.junit4.SpringJUnit4ClassRunner.runChild(SpringJUnit4ClassRunner.java:87)
	at org.junit.runners.ParentRunner$3.run(ParentRunner.java:238)
	at org.junit.runners.ParentRunner$1.schedule(ParentRunner.java:63)
	at org.junit.runners.ParentRunner.runChildren(ParentRunner.java:236)
	at org.junit.runners.ParentRunner.access$000(ParentRunner.java:53)
	at org.junit.runners.ParentRunner$2.evaluate(ParentRunner.java:229)
	at org.junit.internal.runners.statements.RunBefores.evaluate(RunBefores.java:26)
	at org.springframework.test.context.junit4.statements.RunBeforeTestClassCallbacks.evaluate(RunBeforeTestClassCallbacks.java:61)
	at org.springframework.test.context.junit4.statements.RunAfterTestClassCallbacks.evaluate(RunAfterTestClassCallbacks.java:71)
	at org.junit.runners.ParentRunner.run(ParentRunner.java:309)
	at org.springframework.test.context.junit4.SpringJUnit4ClassRunner.run(SpringJUnit4ClassRunner.java:176)
	at org.gradle.api.internal.tasks.testing.junit.JUnitTestClassExecuter.runTestClass(JUnitTestClassExecuter.java:86)
	at org.gradle.api.internal.tasks.testing.junit.JUnitTestClassExecuter.execute(JUnitTestClassExecuter.java:49)
	at org.gradle.api.internal.tasks.testing.junit.JUnitTestClassProcessor.processTestClass(JUnitTestClassProcessor.java:64)
	at org.gradle.api.internal.tasks.testing.SuiteTestClassProcessor.processTestClass(SuiteTestClassProcessor.java:50)
	at sun.reflect.NativeMethodAccessorImpl.invoke0(Native Method)
	at sun.reflect.NativeMethodAccessorImpl.invoke(NativeMethodAccessorImpl.java:57)
	at sun.reflect.DelegatingMethodAccessorImpl.invoke(DelegatingMethodAccessorImpl.java:43)
	at java.lang.reflect.Method.invoke(Method.java:606)
	at org.gradle.messaging.dispatch.ReflectionDispatch.dispatch(ReflectionDispatch.java:35)
	at org.gradle.messaging.dispatch.ReflectionDispatch.dispatch(ReflectionDispatch.java:24)
	at org.gradle.messaging.dispatch.ContextClassLoaderDispatch.dispatch(ContextClassLoaderDispatch.java:32)
	at org.gradle.messaging.dispatch.ProxyDispatchAdapter$DispatchingInvocationHandler.invoke(ProxyDispatchAdapter.java:93)
	at com.sun.proxy.$Proxy2.processTestClass(Unknown Source)
	at org.gradle.api.internal.tasks.testing.worker.TestWorker.processTestClass(TestWorker.java:106)
	at sun.reflect.NativeMethodAccessorImpl.invoke0(Native Method)
	at sun.reflect.NativeMethodAccessorImpl.invoke(NativeMethodAccessorImpl.java:57)
	at sun.reflect.DelegatingMethodAccessorImpl.invoke(DelegatingMethodAccessorImpl.java:43)
	at java.lang.reflect.Method.invoke(Method.java:606)
	at org.gradle.messaging.dispatch.ReflectionDispatch.dispatch(ReflectionDispatch.java:35)
	at org.gradle.messaging.dispatch.ReflectionDispatch.dispatch(ReflectionDispatch.java:24)
	at org.gradle.messaging.remote.internal.hub.MessageHub$Handler.run(MessageHub.java:360)
	at org.gradle.internal.concurrent.DefaultExecutorFactory$StoppableExecutorImpl$1.run(DefaultExecutorFactory.java:64)
	at java.util.concurrent.ThreadPoolExecutor.runWorker(ThreadPoolExecutor.java:1145)
	at java.util.concurrent.ThreadPoolExecutor$Worker.run(ThreadPoolExecutor.java:615)
	at java.lang.Thread.run(Thread.java:745)
Channel.channelInformation size must be between 1 and 64
java.lang.SecurityException: Channel.channelInformation size must be between 1 and 64
	at com.athena.server.pluggable.utils.helper.EntityValidatorHelper.validateEntity(EntityValidatorHelper.java:37)
	at com.sales.app.shared.salesboundedcontext.sales.Channel.isValid(Channel.java:136)
	at com.sales.app.server.service.salesboundedcontext.sales.ChannelTestCase.validateChannel(ChannelTestCase.java:175)
	at com.sales.app.server.service.salesboundedcontext.sales.ChannelTestCase.test5NegativeTesting(ChannelTestCase.java:213)
	at sun.reflect.NativeMethodAccessorImpl.invoke0(Native Method)
	at sun.reflect.NativeMethodAccessorImpl.invoke(NativeMethodAccessorImpl.java:57)
	at sun.reflect.DelegatingMethodAccessorImpl.invoke(DelegatingMethodAccessorImpl.java:43)
	at java.lang.reflect.Method.invoke(Method.java:606)
	at org.junit.runners.model.FrameworkMethod$1.runReflectiveCall(FrameworkMethod.java:47)
	at org.junit.internal.runners.model.ReflectiveCallable.run(ReflectiveCallable.java:12)
	at org.junit.runners.model.FrameworkMethod.invokeExplosively(FrameworkMethod.java:44)
	at org.junit.internal.runners.statements.InvokeMethod.evaluate(InvokeMethod.java:17)
	at org.junit.internal.runners.statements.RunBefores.evaluate(RunBefores.java:26)
	at org.springframework.test.context.junit4.statements.RunBeforeTestMethodCallbacks.evaluate(RunBeforeTestMethodCallbacks.java:74)
	at org.junit.internal.runners.statements.RunAfters.evaluate(RunAfters.java:27)
	at org.springframework.test.context.junit4.statements.RunAfterTestMethodCallbacks.evaluate(RunAfterTestMethodCallbacks.java:83)
	at org.springframework.test.context.junit4.statements.SpringRepeat.evaluate(SpringRepeat.java:72)
	at org.springframework.test.context.junit4.SpringJUnit4ClassRunner.runChild(SpringJUnit4ClassRunner.java:233)
	at org.springframework.test.context.junit4.SpringJUnit4ClassRunner.runChild(SpringJUnit4ClassRunner.java:87)
	at org.junit.runners.ParentRunner$3.run(ParentRunner.java:238)
	at org.junit.runners.ParentRunner$1.schedule(ParentRunner.java:63)
	at org.junit.runners.ParentRunner.runChildren(ParentRunner.java:236)
	at org.junit.runners.ParentRunner.access$000(ParentRunner.java:53)
	at org.junit.runners.ParentRunner$2.evaluate(ParentRunner.java:229)
	at org.junit.internal.runners.statements.RunBefores.evaluate(RunBefores.java:26)
	at org.springframework.test.context.junit4.statements.RunBeforeTestClassCallbacks.evaluate(RunBeforeTestClassCallbacks.java:61)
	at org.springframework.test.context.junit4.statements.RunAfterTestClassCallbacks.evaluate(RunAfterTestClassCallbacks.java:71)
	at org.junit.runners.ParentRunner.run(ParentRunner.java:309)
	at org.springframework.test.context.junit4.SpringJUnit4ClassRunner.run(SpringJUnit4ClassRunner.java:176)
	at org.gradle.api.internal.tasks.testing.junit.JUnitTestClassExecuter.runTestClass(JUnitTestClassExecuter.java:86)
	at org.gradle.api.internal.tasks.testing.junit.JUnitTestClassExecuter.execute(JUnitTestClassExecuter.java:49)
	at org.gradle.api.internal.tasks.testing.junit.JUnitTestClassProcessor.processTestClass(JUnitTestClassProcessor.java:64)
	at org.gradle.api.internal.tasks.testing.SuiteTestClassProcessor.processTestClass(SuiteTestClassProcessor.java:50)
	at sun.reflect.NativeMethodAccessorImpl.invoke0(Native Method)
	at sun.reflect.NativeMethodAccessorImpl.invoke(NativeMethodAccessorImpl.java:57)
	at sun.reflect.DelegatingMethodAccessorImpl.invoke(DelegatingMethodAccessorImpl.java:43)
	at java.lang.reflect.Method.invoke(Method.java:606)
	at org.gradle.messaging.dispatch.ReflectionDispatch.dispatch(ReflectionDispatch.java:35)
	at org.gradle.messaging.dispatch.ReflectionDispatch.dispatch(ReflectionDispatch.java:24)
	at org.gradle.messaging.dispatch.ContextClassLoaderDispatch.dispatch(ContextClassLoaderDispatch.java:32)
	at org.gradle.messaging.dispatch.ProxyDispatchAdapter$DispatchingInvocationHandler.invoke(ProxyDispatchAdapter.java:93)
	at com.sun.proxy.$Proxy2.processTestClass(Unknown Source)
	at org.gradle.api.internal.tasks.testing.worker.TestWorker.processTestClass(TestWorker.java:106)
	at sun.reflect.NativeMethodAccessorImpl.invoke0(Native Method)
	at sun.reflect.NativeMethodAccessorImpl.invoke(NativeMethodAccessorImpl.java:57)
	at sun.reflect.DelegatingMethodAccessorImpl.invoke(DelegatingMethodAccessorImpl.java:43)
	at java.lang.reflect.Method.invoke(Method.java:606)
	at org.gradle.messaging.dispatch.ReflectionDispatch.dispatch(ReflectionDispatch.java:35)
	at org.gradle.messaging.dispatch.ReflectionDispatch.dispatch(ReflectionDispatch.java:24)
	at org.gradle.messaging.remote.internal.hub.MessageHub$Handler.run(MessageHub.java:360)
	at org.gradle.internal.concurrent.DefaultExecutorFactory$StoppableExecutorImpl$1.run(DefaultExecutorFactory.java:64)
	at java.util.concurrent.ThreadPoolExecutor.runWorker(ThreadPoolExecutor.java:1145)
	at java.util.concurrent.ThreadPoolExecutor$Worker.run(ThreadPoolExecutor.java:615)
	at java.lang.Thread.run(Thread.java:745)
]]></system-err>
</testsuite>
