<?xml version="1.0" encoding="UTF-8"?>
<testsuite name="com.sales.app.server.service.organization.contactmanagement.GenderTestCase" tests="5" skipped="0" failures="0" errors="0" timestamp="2016-06-16T05:23:01" hostname="05da525fbf42" time="1.158">
  <properties/>
  <testcase name="test1Save" classname="com.sales.app.server.service.organization.contactmanagement.GenderTestCase" time="0.36"/>
  <testcase name="test2Update" classname="com.sales.app.server.service.organization.contactmanagement.GenderTestCase" time="0.281"/>
  <testcase name="test3FindById" classname="com.sales.app.server.service.organization.contactmanagement.GenderTestCase" time="0.009"/>
  <testcase name="test5NegativeTesting" classname="com.sales.app.server.service.organization.contactmanagement.GenderTestCase" time="0.008"/>
  <testcase name="test6Delete" classname="com.sales.app.server.service.organization.contactmanagement.GenderTestCase" time="0.499"/>
  <system-out><![CDATA[Thu Jun 16 05:23:01 UTC 2016|Log Manager Factory|Initialization Process started.....
Thu Jun 16 05:23:01 UTC 2016|Log Manager|Initialized with Path = [/home/applifire/workspace/salesdemo/src/main/webapp/WEB-INF/conf]
Thu Jun 16 05:23:01 UTC 2016|Alarm Manager|Initialized with Path = [/home/applifire/workspace/salesdemo/src/main/webapp/WEB-INF/conf]
Thu Jun 16 05:23:01 UTC 2016|Alarm Manager|Loading Alarms ......
Thu Jun 16 05:23:01 UTC 2016|Alarm XML Parser|FWA|XML Parsing Complete........ 
Thu Jun 16 05:23:01 UTC 2016|Alarm File Manager|FWA|Alarm File Status.. [ApplicationFrameworkAlarms.xml]|Version=15|Status=Done 
Thu Jun 16 05:23:01 UTC 2016|Alarm File Manager|FWA|Alarm Stats = ( BC/AL=4/676 SYS=4/10 [676/0]  TPL=0/0 [0/0]  APP= A.Map=[759]  E.Map EC/RC=[322/67] )
Thu Jun 16 05:23:01 UTC 2016|Alarm XML Parser|APP|XML Parsing Complete........ 
Thu Jun 16 05:23:01 UTC 2016|Alarm File Manager|APP|Alarm File Status.. [ApplicationAlarms.xml]|Version=1|Status=Done 
Thu Jun 16 05:23:01 UTC 2016|Alarm File Manager|APP|Alarm Stats = ( BC/AL=7/1174 SYS=4/10 [676/0]  TPL=0/0 [0/0]  APP=3/6 [498/0]  A.Map=[1021]  E.Map EC/RC=[412/89] )
Thu Jun 16 05:23:01 UTC 2016|ApplicationAlarmContext| <><><><><> Create App Alarms ....  <><><><><> 
Thu Jun 16 05:23:01 UTC 2016|ApplicationAlarmContext|Alarms are generated ONLY in Development Mode.. 
Thu Jun 16 05:23:01 UTC 2016|Alarm Manager|APP|Alarm Stats = ( BC/AL=7/1174 SYS=4/10 [676/0]  TPL=0/0 [0/0]  APP=3/6 [498/0]  A.Map=[1021]  E.Map EC/RC=[412/89] )
Thu Jun 16 05:23:01 UTC 2016|Alarm Manager|Initialized Exception Lookup...
Thu Jun 16 05:23:01 UTC 2016|Log Manager|Initialize Log Config File ......
Thu Jun 16 05:23:01 UTC 2016|Pluggable Connectors|Adding Connectors : StandardOutputConnector isEnabled=true isDefault=false isFallBack=true
Thu Jun 16 05:23:01 UTC 2016|Pluggable Connectors|Adding Connectors : StandardFileConnector isEnabled=true isDefault=false isFallBack=false
Thu Jun 16 05:23:01 UTC 2016|Pluggable Connectors|Adding Connectors : Sprinkler isEnabled=true isDefault=true isFallBack=false
Thu Jun 16 05:23:01 UTC 2016|Pluggable Connectors|Default Connector Name : com.spartan.logger.core.LogMessenger
Thu Jun 16 05:23:01 UTC 2016|Log Config Parser|Connector Least Log Level =[4]  FallBack Log Level =[3]
Thu Jun 16 05:23:01 UTC 2016|Log Manager|Loading Default Connector for Logging ......
Thu Jun 16 05:23:01 UTC 2016|Log Manager|Loading class .. com.spartan.logger.core.LogMessenger
Thu Jun 16 05:23:01 UTC 2016|Plugggable Connector|Connector class com.spartan.logger.core.LogMessenger Initialized... @ Log Level = 3
Thu Jun 16 05:23:01 UTC 2016|Log Manager|Starting the Default Connector [com.spartan.logger.core.LogMessenger@5e8635b8] ....
Thu Jun 16 05:23:01 UTC 2016|Scheduler|Starting the Scheduler ......
Thu Jun 16 05:23:01 UTC 2016|Scheduler|Adding [LMID=[96027fc7-c163-4d43-935a-70aaabfd668d]] Delay=5 Time Unit=MINUTES
Thu Jun 16 05:23:01 UTC 2016|Scheduler|Adding [App Alarm Manager File=[ApplicationAlarms.xml]] Delay=30 Time Unit=MINUTES
Thu Jun 16 05:23:01 UTC 2016|Scheduler|Adding [FW Alarm Manager File=[ApplicationFrameworkAlarms.xml]] Delay=3 Time Unit=MINUTES
Thu Jun 16 05:23:01 UTC 2016|Scheduler|Startup Completed..
Thu Jun 16 05:23:01 UTC 2016|Log Manager|Initialization Process Complete ......
Thu Jun 16 05:23:01 UTC 2016|Log Manager Factory|Log Manager READY! ID = 96027fc7-c163-4d43-935a-70aaabfd668d
Setting logged in user info for ADD
[EL Finer]: connection: 2016-06-16 05:23:01.179--ServerSession(166674373)--Thread(Thread[Test worker,5,main])--client acquired: 652570502
[EL Finer]: transaction: 2016-06-16 05:23:01.179--ClientSession(652570502)--Thread(Thread[Test worker,5,main])--acquire unit of work: 553441885
[EL Finest]: connection: 2016-06-16 05:23:01.179--ServerSession(166674373)--Connection(946086038)--Thread(Thread[Test worker,5,main])--Connection acquired from connection pool [default].
[EL Finer]: transaction: 2016-06-16 05:23:01.18--ClientSession(652570502)--Connection(946086038)--Thread(Thread[Test worker,5,main])--begin transaction
[EL Finest]: connection: 2016-06-16 05:23:01.18--ClientSession(652570502)--Thread(Thread[Test worker,5,main])--reconnecting to external connection pool
[EL Finest]: transaction: 2016-06-16 05:23:01.18--UnitOfWork(553441885)--Thread(Thread[Test worker,5,main])--persist() operation called on: XL1ccJbfLTHsXdxeXK23DthVKzWiLQURGk6bKozBTYb65YhJ7p.
[EL Finest]: sequencing: 2016-06-16 05:23:01.18--UnitOfWork(553441885)--Thread(Thread[Test worker,5,main])--assign sequence to the object (CDB6F73F-68BE-4A70-96D8-7F84ED83B77E -> XL1ccJbfLTHsXdxeXK23DthVKzWiLQURGk6bKozBTYb65YhJ7p)
[EL Finer]: transaction: 2016-06-16 05:23:01.181--UnitOfWork(553441885)--Thread(Thread[Test worker,5,main])--begin unit of work commit
[EL Finest]: query: 2016-06-16 05:23:01.181--UnitOfWork(553441885)--Thread(Thread[Test worker,5,main])--Execute query InsertObjectQuery(XL1ccJbfLTHsXdxeXK23DthVKzWiLQURGk6bKozBTYb65YhJ7p)
[EL Fine]: sql: 2016-06-16 05:23:01.181--ClientSession(652570502)--Connection(1759829672)--Thread(Thread[Test worker,5,main])--INSERT INTO ast_Gender_M (genderId, gender, versionId, createdBy, createdDate, updatedBy, updatedDate, activeStatus, txnAccessCode) VALUES (?, ?, ?, ?, ?, ?, ?, ?, ?)
	bind => [CDB6F73F-68BE-4A70-96D8-7F84ED83B77E, XL1ccJbfLTHsXdxeXK23DthVKzWiLQURGk6bKozBTYb65YhJ7p, 1, AAAAA, 2016-06-16 05:23:01.178, AAAAA, 2016-06-16 05:23:01.178, 1, 51000]
[EL Finer]: transaction: 2016-06-16 05:23:01.182--ClientSession(652570502)--Connection(1759829672)--Thread(Thread[Test worker,5,main])--commit transaction
[EL Finest]: connection: 2016-06-16 05:23:01.516--ServerSession(166674373)--Connection(946086038)--Thread(Thread[Test worker,5,main])--Connection released to connection pool [default].
[EL Finer]: transaction: 2016-06-16 05:23:01.516--UnitOfWork(553441885)--Thread(Thread[Test worker,5,main])--end unit of work commit
[EL Finer]: transaction: 2016-06-16 05:23:01.516--UnitOfWork(553441885)--Thread(Thread[Test worker,5,main])--resume unit of work
[EL Finer]: transaction: 2016-06-16 05:23:01.516--UnitOfWork(553441885)--Thread(Thread[Test worker,5,main])--release unit of work
[EL Finer]: connection: 2016-06-16 05:23:01.516--ClientSession(652570502)--Thread(Thread[Test worker,5,main])--client released
[EL Finer]: connection: 2016-06-16 05:23:01.522--ServerSession(166674373)--Thread(Thread[Test worker,5,main])--client acquired: 1039976524
[EL Finer]: transaction: 2016-06-16 05:23:01.522--ClientSession(1039976524)--Thread(Thread[Test worker,5,main])--acquire unit of work: 516035935
[EL Finest]: connection: 2016-06-16 05:23:01.523--ServerSession(166674373)--Connection(1476992959)--Thread(Thread[Test worker,5,main])--Connection acquired from connection pool [default].
[EL Finer]: transaction: 2016-06-16 05:23:01.523--ClientSession(1039976524)--Connection(1476992959)--Thread(Thread[Test worker,5,main])--begin transaction
[EL Finest]: connection: 2016-06-16 05:23:01.523--ClientSession(1039976524)--Thread(Thread[Test worker,5,main])--reconnecting to external connection pool
[EL Finer]: transaction: 2016-06-16 05:23:01.524--UnitOfWork(516035935)--Thread(Thread[Test worker,5,main])--begin unit of work flush
[EL Finer]: transaction: 2016-06-16 05:23:01.524--UnitOfWork(516035935)--Thread(Thread[Test worker,5,main])--end unit of work flush
[EL Finest]: query: 2016-06-16 05:23:01.524--UnitOfWork(516035935)--Thread(Thread[Test worker,5,main])--Execute query ReadAllQuery(name="Gender.findById" referenceClass=Gender sql="SELECT genderId, gender, versionId, createdBy, createdDate, updatedBy, updatedDate, activeStatus, txnAccessCode FROM ast_Gender_M WHERE ((activeStatus = ?) AND (genderId = ?))")
[EL Fine]: sql: 2016-06-16 05:23:01.524--ClientSession(1039976524)--Connection(716600607)--Thread(Thread[Test worker,5,main])--SELECT genderId, gender, versionId, createdBy, createdDate, updatedBy, updatedDate, activeStatus, txnAccessCode FROM ast_Gender_M WHERE ((activeStatus = ?) AND (genderId = ?))
	bind => [1, CDB6F73F-68BE-4A70-96D8-7F84ED83B77E]
[EL Finer]: transaction: 2016-06-16 05:23:01.525--UnitOfWork(516035935)--Thread(Thread[Test worker,5,main])--begin unit of work commit
[EL Finer]: transaction: 2016-06-16 05:23:01.525--ClientSession(1039976524)--Connection(716600607)--Thread(Thread[Test worker,5,main])--commit transaction
[EL Finest]: connection: 2016-06-16 05:23:01.526--ServerSession(166674373)--Connection(1476992959)--Thread(Thread[Test worker,5,main])--Connection released to connection pool [default].
[EL Finer]: transaction: 2016-06-16 05:23:01.526--UnitOfWork(516035935)--Thread(Thread[Test worker,5,main])--end unit of work commit
[EL Finer]: transaction: 2016-06-16 05:23:01.526--UnitOfWork(516035935)--Thread(Thread[Test worker,5,main])--resume unit of work
[EL Finer]: transaction: 2016-06-16 05:23:01.526--UnitOfWork(516035935)--Thread(Thread[Test worker,5,main])--release unit of work
[EL Finer]: connection: 2016-06-16 05:23:01.526--ClientSession(1039976524)--Thread(Thread[Test worker,5,main])--client released
Setting logged in user info for UPDATE
[EL Finer]: connection: 2016-06-16 05:23:01.527--ServerSession(166674373)--Thread(Thread[Test worker,5,main])--client acquired: 1266553451
[EL Finer]: transaction: 2016-06-16 05:23:01.527--ClientSession(1266553451)--Thread(Thread[Test worker,5,main])--acquire unit of work: 1105941893
[EL Finest]: connection: 2016-06-16 05:23:01.527--ServerSession(166674373)--Connection(1094430866)--Thread(Thread[Test worker,5,main])--Connection acquired from connection pool [default].
[EL Finer]: transaction: 2016-06-16 05:23:01.527--ClientSession(1266553451)--Connection(1094430866)--Thread(Thread[Test worker,5,main])--begin transaction
[EL Finest]: connection: 2016-06-16 05:23:01.527--ClientSession(1266553451)--Thread(Thread[Test worker,5,main])--reconnecting to external connection pool
[EL Finest]: transaction: 2016-06-16 05:23:01.529--UnitOfWork(1105941893)--Thread(Thread[Test worker,5,main])--Merge clone with references DrrgHZ2NNkPbRBtwp719vaES3IK4n36DQ4pC1LmLcpOjhSDhAZ
[EL Finest]: query: 2016-06-16 05:23:01.529--UnitOfWork(1105941893)--Thread(Thread[Test worker,5,main])--Execute query ReadObjectQuery(referenceClass=Gender )
[EL Fine]: sql: 2016-06-16 05:23:01.529--ClientSession(1266553451)--Connection(37426257)--Thread(Thread[Test worker,5,main])--SELECT genderId, gender, versionId, createdBy, createdDate, updatedBy, updatedDate, activeStatus, txnAccessCode FROM ast_Gender_M WHERE (genderId = ?)
	bind => [CDB6F73F-68BE-4A70-96D8-7F84ED83B77E]
[EL Finer]: transaction: 2016-06-16 05:23:01.53--UnitOfWork(1105941893)--Thread(Thread[Test worker,5,main])--begin unit of work commit
[EL Finest]: query: 2016-06-16 05:23:01.53--UnitOfWork(1105941893)--Thread(Thread[Test worker,5,main])--Execute query UpdateObjectQuery(DrrgHZ2NNkPbRBtwp719vaES3IK4n36DQ4pC1LmLcpOjhSDhAZ)
[EL Fine]: sql: 2016-06-16 05:23:01.53--ClientSession(1266553451)--Connection(37426257)--Thread(Thread[Test worker,5,main])--UPDATE ast_Gender_M SET gender = ?, versionId = ? WHERE ((genderId = ?) AND (versionId = ?))
	bind => [DrrgHZ2NNkPbRBtwp719vaES3IK4n36DQ4pC1LmLcpOjhSDhAZ, 2, CDB6F73F-68BE-4A70-96D8-7F84ED83B77E, 1]
[EL Finer]: transaction: 2016-06-16 05:23:01.531--ClientSession(1266553451)--Connection(37426257)--Thread(Thread[Test worker,5,main])--commit transaction
[EL Finest]: connection: 2016-06-16 05:23:01.797--ServerSession(166674373)--Connection(1094430866)--Thread(Thread[Test worker,5,main])--Connection released to connection pool [default].
[EL Finer]: transaction: 2016-06-16 05:23:01.797--UnitOfWork(1105941893)--Thread(Thread[Test worker,5,main])--end unit of work commit
[EL Finer]: transaction: 2016-06-16 05:23:01.797--UnitOfWork(1105941893)--Thread(Thread[Test worker,5,main])--resume unit of work
[EL Finer]: transaction: 2016-06-16 05:23:01.798--UnitOfWork(1105941893)--Thread(Thread[Test worker,5,main])--release unit of work
[EL Finer]: connection: 2016-06-16 05:23:01.798--ClientSession(1266553451)--Thread(Thread[Test worker,5,main])--client released
[EL Finer]: connection: 2016-06-16 05:23:01.804--ServerSession(166674373)--Thread(Thread[Test worker,5,main])--client acquired: 1806762906
[EL Finer]: transaction: 2016-06-16 05:23:01.804--ClientSession(1806762906)--Thread(Thread[Test worker,5,main])--acquire unit of work: 845392562
[EL Finest]: connection: 2016-06-16 05:23:01.804--ServerSession(166674373)--Connection(760980982)--Thread(Thread[Test worker,5,main])--Connection acquired from connection pool [default].
[EL Finer]: transaction: 2016-06-16 05:23:01.804--ClientSession(1806762906)--Connection(760980982)--Thread(Thread[Test worker,5,main])--begin transaction
[EL Finest]: connection: 2016-06-16 05:23:01.804--ClientSession(1806762906)--Thread(Thread[Test worker,5,main])--reconnecting to external connection pool
[EL Finer]: transaction: 2016-06-16 05:23:01.805--UnitOfWork(845392562)--Thread(Thread[Test worker,5,main])--begin unit of work flush
[EL Finer]: transaction: 2016-06-16 05:23:01.805--UnitOfWork(845392562)--Thread(Thread[Test worker,5,main])--end unit of work flush
[EL Finest]: query: 2016-06-16 05:23:01.805--UnitOfWork(845392562)--Thread(Thread[Test worker,5,main])--Execute query ReadAllQuery(name="Gender.findById" referenceClass=Gender sql="SELECT genderId, gender, versionId, createdBy, createdDate, updatedBy, updatedDate, activeStatus, txnAccessCode FROM ast_Gender_M WHERE ((activeStatus = ?) AND (genderId = ?))")
[EL Fine]: sql: 2016-06-16 05:23:01.805--ClientSession(1806762906)--Connection(410802033)--Thread(Thread[Test worker,5,main])--SELECT genderId, gender, versionId, createdBy, createdDate, updatedBy, updatedDate, activeStatus, txnAccessCode FROM ast_Gender_M WHERE ((activeStatus = ?) AND (genderId = ?))
	bind => [1, CDB6F73F-68BE-4A70-96D8-7F84ED83B77E]
[EL Finer]: transaction: 2016-06-16 05:23:01.806--UnitOfWork(845392562)--Thread(Thread[Test worker,5,main])--begin unit of work commit
[EL Finer]: transaction: 2016-06-16 05:23:01.807--ClientSession(1806762906)--Connection(410802033)--Thread(Thread[Test worker,5,main])--commit transaction
[EL Finest]: connection: 2016-06-16 05:23:01.807--ServerSession(166674373)--Connection(760980982)--Thread(Thread[Test worker,5,main])--Connection released to connection pool [default].
[EL Finer]: transaction: 2016-06-16 05:23:01.807--UnitOfWork(845392562)--Thread(Thread[Test worker,5,main])--end unit of work commit
[EL Finer]: transaction: 2016-06-16 05:23:01.807--UnitOfWork(845392562)--Thread(Thread[Test worker,5,main])--resume unit of work
[EL Finer]: transaction: 2016-06-16 05:23:01.807--UnitOfWork(845392562)--Thread(Thread[Test worker,5,main])--release unit of work
[EL Finer]: connection: 2016-06-16 05:23:01.807--ClientSession(1806762906)--Thread(Thread[Test worker,5,main])--client released
[EL Finer]: connection: 2016-06-16 05:23:01.821--ServerSession(166674373)--Thread(Thread[Test worker,5,main])--client acquired: 168799578
[EL Finer]: transaction: 2016-06-16 05:23:01.822--ClientSession(168799578)--Thread(Thread[Test worker,5,main])--acquire unit of work: 188609759
[EL Finest]: connection: 2016-06-16 05:23:01.822--ServerSession(166674373)--Connection(278356541)--Thread(Thread[Test worker,5,main])--Connection acquired from connection pool [default].
[EL Finer]: transaction: 2016-06-16 05:23:01.822--ClientSession(168799578)--Connection(278356541)--Thread(Thread[Test worker,5,main])--begin transaction
[EL Finest]: connection: 2016-06-16 05:23:01.822--ClientSession(168799578)--Thread(Thread[Test worker,5,main])--reconnecting to external connection pool
[EL Finest]: query: 2016-06-16 05:23:01.823--UnitOfWork(188609759)--Thread(Thread[Test worker,5,main])--Execute query ReadObjectQuery(name="readGender" referenceClass=Gender sql="SELECT genderId, gender, versionId, createdBy, createdDate, updatedBy, updatedDate, activeStatus, txnAccessCode FROM ast_Gender_M WHERE (genderId = ?)")
[EL Fine]: sql: 2016-06-16 05:23:01.823--ClientSession(168799578)--Connection(1542585968)--Thread(Thread[Test worker,5,main])--SELECT genderId, gender, versionId, createdBy, createdDate, updatedBy, updatedDate, activeStatus, txnAccessCode FROM ast_Gender_M WHERE (genderId = ?)
	bind => [CDB6F73F-68BE-4A70-96D8-7F84ED83B77E]
[EL Finest]: transaction: 2016-06-16 05:23:01.824--UnitOfWork(188609759)--Thread(Thread[Test worker,5,main])--remove() operation called on: DrrgHZ2NNkPbRBtwp719vaES3IK4n36DQ4pC1LmLcpOjhSDhAZ
[EL Finer]: transaction: 2016-06-16 05:23:01.824--UnitOfWork(188609759)--Thread(Thread[Test worker,5,main])--begin unit of work commit
[EL Finest]: query: 2016-06-16 05:23:01.825--UnitOfWork(188609759)--Thread(Thread[Test worker,5,main])--Execute query DoesExistQuery(referenceClass=Gender )
[EL Finest]: query: 2016-06-16 05:23:01.825--UnitOfWork(188609759)--Thread(Thread[Test worker,5,main])--Execute query DeleteObjectQuery(DrrgHZ2NNkPbRBtwp719vaES3IK4n36DQ4pC1LmLcpOjhSDhAZ)
[EL Fine]: sql: 2016-06-16 05:23:01.825--ClientSession(168799578)--Connection(1542585968)--Thread(Thread[Test worker,5,main])--DELETE FROM ast_Gender_M WHERE ((genderId = ?) AND (versionId = ?))
	bind => [CDB6F73F-68BE-4A70-96D8-7F84ED83B77E, 2]
[EL Finer]: transaction: 2016-06-16 05:23:01.826--ClientSession(168799578)--Connection(1542585968)--Thread(Thread[Test worker,5,main])--commit transaction
[EL Finest]: connection: 2016-06-16 05:23:02.314--ServerSession(166674373)--Connection(278356541)--Thread(Thread[Test worker,5,main])--Connection released to connection pool [default].
[EL Finer]: transaction: 2016-06-16 05:23:02.314--UnitOfWork(188609759)--Thread(Thread[Test worker,5,main])--end unit of work commit
[EL Finer]: transaction: 2016-06-16 05:23:02.314--UnitOfWork(188609759)--Thread(Thread[Test worker,5,main])--resume unit of work
[EL Finer]: transaction: 2016-06-16 05:23:02.315--UnitOfWork(188609759)--Thread(Thread[Test worker,5,main])--release unit of work
[EL Finer]: connection: 2016-06-16 05:23:02.315--ClientSession(168799578)--Thread(Thread[Test worker,5,main])--client released
]]></system-out>
  <system-err><![CDATA[Gender.gender may not be null
java.lang.SecurityException: Gender.gender may not be null
	at com.athena.server.pluggable.utils.helper.EntityValidatorHelper.validateEntity(EntityValidatorHelper.java:37)
	at com.sales.app.shared.organization.contactmanagement.Gender.isValid(Gender.java:137)
	at com.sales.app.server.service.organization.contactmanagement.GenderTestCase.validateGender(GenderTestCase.java:177)
	at com.sales.app.server.service.organization.contactmanagement.GenderTestCase.test5NegativeTesting(GenderTestCase.java:208)
	at sun.reflect.NativeMethodAccessorImpl.invoke0(Native Method)
	at sun.reflect.NativeMethodAccessorImpl.invoke(NativeMethodAccessorImpl.java:57)
	at sun.reflect.DelegatingMethodAccessorImpl.invoke(DelegatingMethodAccessorImpl.java:43)
	at java.lang.reflect.Method.invoke(Method.java:606)
	at org.junit.runners.model.FrameworkMethod$1.runReflectiveCall(FrameworkMethod.java:47)
	at org.junit.internal.runners.model.ReflectiveCallable.run(ReflectiveCallable.java:12)
	at org.junit.runners.model.FrameworkMethod.invokeExplosively(FrameworkMethod.java:44)
	at org.junit.internal.runners.statements.InvokeMethod.evaluate(InvokeMethod.java:17)
	at org.junit.internal.runners.statements.RunBefores.evaluate(RunBefores.java:26)
	at org.springframework.test.context.junit4.statements.RunBeforeTestMethodCallbacks.evaluate(RunBeforeTestMethodCallbacks.java:74)
	at org.junit.internal.runners.statements.RunAfters.evaluate(RunAfters.java:27)
	at org.springframework.test.context.junit4.statements.RunAfterTestMethodCallbacks.evaluate(RunAfterTestMethodCallbacks.java:83)
	at org.springframework.test.context.junit4.statements.SpringRepeat.evaluate(SpringRepeat.java:72)
	at org.springframework.test.context.junit4.SpringJUnit4ClassRunner.runChild(SpringJUnit4ClassRunner.java:233)
	at org.springframework.test.context.junit4.SpringJUnit4ClassRunner.runChild(SpringJUnit4ClassRunner.java:87)
	at org.junit.runners.ParentRunner$3.run(ParentRunner.java:238)
	at org.junit.runners.ParentRunner$1.schedule(ParentRunner.java:63)
	at org.junit.runners.ParentRunner.runChildren(ParentRunner.java:236)
	at org.junit.runners.ParentRunner.access$000(ParentRunner.java:53)
	at org.junit.runners.ParentRunner$2.evaluate(ParentRunner.java:229)
	at org.junit.internal.runners.statements.RunBefores.evaluate(RunBefores.java:26)
	at org.springframework.test.context.junit4.statements.RunBeforeTestClassCallbacks.evaluate(RunBeforeTestClassCallbacks.java:61)
	at org.springframework.test.context.junit4.statements.RunAfterTestClassCallbacks.evaluate(RunAfterTestClassCallbacks.java:71)
	at org.junit.runners.ParentRunner.run(ParentRunner.java:309)
	at org.springframework.test.context.junit4.SpringJUnit4ClassRunner.run(SpringJUnit4ClassRunner.java:176)
	at org.gradle.api.internal.tasks.testing.junit.JUnitTestClassExecuter.runTestClass(JUnitTestClassExecuter.java:86)
	at org.gradle.api.internal.tasks.testing.junit.JUnitTestClassExecuter.execute(JUnitTestClassExecuter.java:49)
	at org.gradle.api.internal.tasks.testing.junit.JUnitTestClassProcessor.processTestClass(JUnitTestClassProcessor.java:64)
	at org.gradle.api.internal.tasks.testing.SuiteTestClassProcessor.processTestClass(SuiteTestClassProcessor.java:50)
	at sun.reflect.GeneratedMethodAccessor107.invoke(Unknown Source)
	at sun.reflect.DelegatingMethodAccessorImpl.invoke(DelegatingMethodAccessorImpl.java:43)
	at java.lang.reflect.Method.invoke(Method.java:606)
	at org.gradle.messaging.dispatch.ReflectionDispatch.dispatch(ReflectionDispatch.java:35)
	at org.gradle.messaging.dispatch.ReflectionDispatch.dispatch(ReflectionDispatch.java:24)
	at org.gradle.messaging.dispatch.ContextClassLoaderDispatch.dispatch(ContextClassLoaderDispatch.java:32)
	at org.gradle.messaging.dispatch.ProxyDispatchAdapter$DispatchingInvocationHandler.invoke(ProxyDispatchAdapter.java:93)
	at com.sun.proxy.$Proxy2.processTestClass(Unknown Source)
	at org.gradle.api.internal.tasks.testing.worker.TestWorker.processTestClass(TestWorker.java:106)
	at sun.reflect.GeneratedMethodAccessor106.invoke(Unknown Source)
	at sun.reflect.DelegatingMethodAccessorImpl.invoke(DelegatingMethodAccessorImpl.java:43)
	at java.lang.reflect.Method.invoke(Method.java:606)
	at org.gradle.messaging.dispatch.ReflectionDispatch.dispatch(ReflectionDispatch.java:35)
	at org.gradle.messaging.dispatch.ReflectionDispatch.dispatch(ReflectionDispatch.java:24)
	at org.gradle.messaging.remote.internal.hub.MessageHub$Handler.run(MessageHub.java:360)
	at org.gradle.internal.concurrent.DefaultExecutorFactory$StoppableExecutorImpl$1.run(DefaultExecutorFactory.java:64)
	at java.util.concurrent.ThreadPoolExecutor.runWorker(ThreadPoolExecutor.java:1145)
	at java.util.concurrent.ThreadPoolExecutor$Worker.run(ThreadPoolExecutor.java:615)
	at java.lang.Thread.run(Thread.java:745)
Gender.gender size must be between 0 and 256
java.lang.SecurityException: Gender.gender size must be between 0 and 256
	at com.athena.server.pluggable.utils.helper.EntityValidatorHelper.validateEntity(EntityValidatorHelper.java:37)
	at com.sales.app.shared.organization.contactmanagement.Gender.isValid(Gender.java:137)
	at com.sales.app.server.service.organization.contactmanagement.GenderTestCase.validateGender(GenderTestCase.java:175)
	at com.sales.app.server.service.organization.contactmanagement.GenderTestCase.test5NegativeTesting(GenderTestCase.java:213)
	at sun.reflect.NativeMethodAccessorImpl.invoke0(Native Method)
	at sun.reflect.NativeMethodAccessorImpl.invoke(NativeMethodAccessorImpl.java:57)
	at sun.reflect.DelegatingMethodAccessorImpl.invoke(DelegatingMethodAccessorImpl.java:43)
	at java.lang.reflect.Method.invoke(Method.java:606)
	at org.junit.runners.model.FrameworkMethod$1.runReflectiveCall(FrameworkMethod.java:47)
	at org.junit.internal.runners.model.ReflectiveCallable.run(ReflectiveCallable.java:12)
	at org.junit.runners.model.FrameworkMethod.invokeExplosively(FrameworkMethod.java:44)
	at org.junit.internal.runners.statements.InvokeMethod.evaluate(InvokeMethod.java:17)
	at org.junit.internal.runners.statements.RunBefores.evaluate(RunBefores.java:26)
	at org.springframework.test.context.junit4.statements.RunBeforeTestMethodCallbacks.evaluate(RunBeforeTestMethodCallbacks.java:74)
	at org.junit.internal.runners.statements.RunAfters.evaluate(RunAfters.java:27)
	at org.springframework.test.context.junit4.statements.RunAfterTestMethodCallbacks.evaluate(RunAfterTestMethodCallbacks.java:83)
	at org.springframework.test.context.junit4.statements.SpringRepeat.evaluate(SpringRepeat.java:72)
	at org.springframework.test.context.junit4.SpringJUnit4ClassRunner.runChild(SpringJUnit4ClassRunner.java:233)
	at org.springframework.test.context.junit4.SpringJUnit4ClassRunner.runChild(SpringJUnit4ClassRunner.java:87)
	at org.junit.runners.ParentRunner$3.run(ParentRunner.java:238)
	at org.junit.runners.ParentRunner$1.schedule(ParentRunner.java:63)
	at org.junit.runners.ParentRunner.runChildren(ParentRunner.java:236)
	at org.junit.runners.ParentRunner.access$000(ParentRunner.java:53)
	at org.junit.runners.ParentRunner$2.evaluate(ParentRunner.java:229)
	at org.junit.internal.runners.statements.RunBefores.evaluate(RunBefores.java:26)
	at org.springframework.test.context.junit4.statements.RunBeforeTestClassCallbacks.evaluate(RunBeforeTestClassCallbacks.java:61)
	at org.springframework.test.context.junit4.statements.RunAfterTestClassCallbacks.evaluate(RunAfterTestClassCallbacks.java:71)
	at org.junit.runners.ParentRunner.run(ParentRunner.java:309)
	at org.springframework.test.context.junit4.SpringJUnit4ClassRunner.run(SpringJUnit4ClassRunner.java:176)
	at org.gradle.api.internal.tasks.testing.junit.JUnitTestClassExecuter.runTestClass(JUnitTestClassExecuter.java:86)
	at org.gradle.api.internal.tasks.testing.junit.JUnitTestClassExecuter.execute(JUnitTestClassExecuter.java:49)
	at org.gradle.api.internal.tasks.testing.junit.JUnitTestClassProcessor.processTestClass(JUnitTestClassProcessor.java:64)
	at org.gradle.api.internal.tasks.testing.SuiteTestClassProcessor.processTestClass(SuiteTestClassProcessor.java:50)
	at sun.reflect.GeneratedMethodAccessor107.invoke(Unknown Source)
	at sun.reflect.DelegatingMethodAccessorImpl.invoke(DelegatingMethodAccessorImpl.java:43)
	at java.lang.reflect.Method.invoke(Method.java:606)
	at org.gradle.messaging.dispatch.ReflectionDispatch.dispatch(ReflectionDispatch.java:35)
	at org.gradle.messaging.dispatch.ReflectionDispatch.dispatch(ReflectionDispatch.java:24)
	at org.gradle.messaging.dispatch.ContextClassLoaderDispatch.dispatch(ContextClassLoaderDispatch.java:32)
	at org.gradle.messaging.dispatch.ProxyDispatchAdapter$DispatchingInvocationHandler.invoke(ProxyDispatchAdapter.java:93)
	at com.sun.proxy.$Proxy2.processTestClass(Unknown Source)
	at org.gradle.api.internal.tasks.testing.worker.TestWorker.processTestClass(TestWorker.java:106)
	at sun.reflect.GeneratedMethodAccessor106.invoke(Unknown Source)
	at sun.reflect.DelegatingMethodAccessorImpl.invoke(DelegatingMethodAccessorImpl.java:43)
	at java.lang.reflect.Method.invoke(Method.java:606)
	at org.gradle.messaging.dispatch.ReflectionDispatch.dispatch(ReflectionDispatch.java:35)
	at org.gradle.messaging.dispatch.ReflectionDispatch.dispatch(ReflectionDispatch.java:24)
	at org.gradle.messaging.remote.internal.hub.MessageHub$Handler.run(MessageHub.java:360)
	at org.gradle.internal.concurrent.DefaultExecutorFactory$StoppableExecutorImpl$1.run(DefaultExecutorFactory.java:64)
	at java.util.concurrent.ThreadPoolExecutor.runWorker(ThreadPoolExecutor.java:1145)
	at java.util.concurrent.ThreadPoolExecutor$Worker.run(ThreadPoolExecutor.java:615)
	at java.lang.Thread.run(Thread.java:745)
]]></system-err>
</testsuite>
