<?xml version="1.0" encoding="UTF-8"?>
<testsuite name="com.sales.app.server.service.salesboundedcontext.sales.SalesRegionTestCase" tests="5" skipped="0" failures="0" errors="0" timestamp="2016-06-16T05:22:25" hostname="05da525fbf42" time="2.451">
  <properties/>
  <testcase name="test1Save" classname="com.sales.app.server.service.salesboundedcontext.sales.SalesRegionTestCase" time="0.324"/>
  <testcase name="test2Update" classname="com.sales.app.server.service.salesboundedcontext.sales.SalesRegionTestCase" time="1.69"/>
  <testcase name="test3FindById" classname="com.sales.app.server.service.salesboundedcontext.sales.SalesRegionTestCase" time="0.016"/>
  <testcase name="test5NegativeTesting" classname="com.sales.app.server.service.salesboundedcontext.sales.SalesRegionTestCase" time="0.014"/>
  <testcase name="test6Delete" classname="com.sales.app.server.service.salesboundedcontext.sales.SalesRegionTestCase" time="0.407"/>
  <system-out><![CDATA[Thu Jun 16 05:22:25 UTC 2016|Log Manager Factory|Initialization Process started.....
Thu Jun 16 05:22:25 UTC 2016|Log Manager|Initialized with Path = [/home/applifire/workspace/salesdemo/src/main/webapp/WEB-INF/conf]
Thu Jun 16 05:22:25 UTC 2016|Alarm Manager|Initialized with Path = [/home/applifire/workspace/salesdemo/src/main/webapp/WEB-INF/conf]
Thu Jun 16 05:22:25 UTC 2016|Alarm Manager|Loading Alarms ......
Thu Jun 16 05:22:25 UTC 2016|Alarm XML Parser|FWA|XML Parsing Complete........ 
Thu Jun 16 05:22:25 UTC 2016|Alarm File Manager|FWA|Alarm File Status.. [ApplicationFrameworkAlarms.xml]|Version=15|Status=Done 
Thu Jun 16 05:22:25 UTC 2016|Alarm File Manager|FWA|Alarm Stats = ( BC/AL=4/676 SYS=4/10 [676/0]  TPL=0/0 [0/0]  APP= A.Map=[759]  E.Map EC/RC=[322/67] )
Thu Jun 16 05:22:25 UTC 2016|Alarm XML Parser|APP|XML Parsing Complete........ 
Thu Jun 16 05:22:25 UTC 2016|Alarm File Manager|APP|Alarm File Status.. [ApplicationAlarms.xml]|Version=1|Status=Done 
Thu Jun 16 05:22:25 UTC 2016|Alarm File Manager|APP|Alarm Stats = ( BC/AL=7/1174 SYS=4/10 [676/0]  TPL=0/0 [0/0]  APP=3/6 [498/0]  A.Map=[1021]  E.Map EC/RC=[412/89] )
Thu Jun 16 05:22:25 UTC 2016|ApplicationAlarmContext| <><><><><> Create App Alarms ....  <><><><><> 
Thu Jun 16 05:22:25 UTC 2016|ApplicationAlarmContext|Alarms are generated ONLY in Development Mode.. 
Thu Jun 16 05:22:25 UTC 2016|Alarm Manager|APP|Alarm Stats = ( BC/AL=7/1174 SYS=4/10 [676/0]  TPL=0/0 [0/0]  APP=3/6 [498/0]  A.Map=[1021]  E.Map EC/RC=[412/89] )
Thu Jun 16 05:22:25 UTC 2016|Alarm Manager|Initialized Exception Lookup...
Thu Jun 16 05:22:25 UTC 2016|Log Manager|Initialize Log Config File ......
Thu Jun 16 05:22:25 UTC 2016|Pluggable Connectors|Adding Connectors : StandardOutputConnector isEnabled=true isDefault=false isFallBack=true
Thu Jun 16 05:22:25 UTC 2016|Pluggable Connectors|Adding Connectors : StandardFileConnector isEnabled=true isDefault=false isFallBack=false
Thu Jun 16 05:22:25 UTC 2016|Pluggable Connectors|Adding Connectors : Sprinkler isEnabled=true isDefault=true isFallBack=false
Thu Jun 16 05:22:25 UTC 2016|Pluggable Connectors|Default Connector Name : com.spartan.logger.core.LogMessenger
Thu Jun 16 05:22:25 UTC 2016|Log Config Parser|Connector Least Log Level =[4]  FallBack Log Level =[3]
Thu Jun 16 05:22:25 UTC 2016|Log Manager|Loading Default Connector for Logging ......
Thu Jun 16 05:22:25 UTC 2016|Log Manager|Loading class .. com.spartan.logger.core.LogMessenger
Thu Jun 16 05:22:25 UTC 2016|Plugggable Connector|Connector class com.spartan.logger.core.LogMessenger Initialized... @ Log Level = 3
Thu Jun 16 05:22:25 UTC 2016|Log Manager|Starting the Default Connector [com.spartan.logger.core.LogMessenger@4c0a9658] ....
Thu Jun 16 05:22:25 UTC 2016|Scheduler|Starting the Scheduler ......
Thu Jun 16 05:22:25 UTC 2016|Scheduler|Adding [LMID=[96027fc7-c163-4d43-935a-70aaabfd668d]] Delay=5 Time Unit=MINUTES
Thu Jun 16 05:22:25 UTC 2016|Scheduler|Adding [App Alarm Manager File=[ApplicationAlarms.xml]] Delay=30 Time Unit=MINUTES
Thu Jun 16 05:22:25 UTC 2016|Scheduler|Adding [FW Alarm Manager File=[ApplicationFrameworkAlarms.xml]] Delay=3 Time Unit=MINUTES
Thu Jun 16 05:22:25 UTC 2016|Scheduler|Startup Completed..
Thu Jun 16 05:22:25 UTC 2016|Log Manager|Initialization Process Complete ......
Thu Jun 16 05:22:25 UTC 2016|Log Manager Factory|Log Manager READY! ID = 96027fc7-c163-4d43-935a-70aaabfd668d
Setting logged in user info for ADD
[EL Finer]: connection: 2016-06-16 05:22:25.279--ServerSession(166674373)--Thread(Thread[Test worker,5,main])--client acquired: 804119246
[EL Finer]: transaction: 2016-06-16 05:22:25.279--ClientSession(804119246)--Thread(Thread[Test worker,5,main])--acquire unit of work: 717576951
[EL Finest]: connection: 2016-06-16 05:22:25.28--ServerSession(166674373)--Connection(47653905)--Thread(Thread[Test worker,5,main])--Connection acquired from connection pool [default].
[EL Finer]: transaction: 2016-06-16 05:22:25.28--ClientSession(804119246)--Connection(47653905)--Thread(Thread[Test worker,5,main])--begin transaction
[EL Finest]: connection: 2016-06-16 05:22:25.28--ClientSession(804119246)--Thread(Thread[Test worker,5,main])--reconnecting to external connection pool
[EL Finest]: transaction: 2016-06-16 05:22:25.281--UnitOfWork(717576951)--Thread(Thread[Test worker,5,main])--persist() operation called on: D7g5fL9v18jr8G32P7Gb1HyS8HoCoYc0E2kXUqM3b2XiPmtBuH.
[EL Finest]: sequencing: 2016-06-16 05:22:25.281--UnitOfWork(717576951)--Thread(Thread[Test worker,5,main])--assign sequence to the object (18264223-9EE5-4EDE-9FA4-1F3AE91144A7 -> D7g5fL9v18jr8G32P7Gb1HyS8HoCoYc0E2kXUqM3b2XiPmtBuH)
[EL Finer]: transaction: 2016-06-16 05:22:25.282--UnitOfWork(717576951)--Thread(Thread[Test worker,5,main])--begin unit of work commit
[EL Finest]: query: 2016-06-16 05:22:25.282--UnitOfWork(717576951)--Thread(Thread[Test worker,5,main])--Execute query InsertObjectQuery(D7g5fL9v18jr8G32P7Gb1HyS8HoCoYc0E2kXUqM3b2XiPmtBuH)
[EL Fine]: sql: 2016-06-16 05:22:25.282--ClientSession(804119246)--Connection(684514617)--Thread(Thread[Test worker,5,main])--INSERT INTO ast_SalesRegion_M (regioncode, regionname, versionId, createdBy, createdDate, updatedBy, updatedDate, activeStatus, txnAccessCode) VALUES (?, ?, ?, ?, ?, ?, ?, ?, ?)
	bind => [18264223-9EE5-4EDE-9FA4-1F3AE91144A7, D7g5fL9v18jr8G32P7Gb1HyS8HoCoYc0E2kXUqM3b2XiPmtBuH, 1, AAAAA, 2016-06-16 05:22:25.277, AAAAA, 2016-06-16 05:22:25.277, 1, 51000]
[EL Finer]: transaction: 2016-06-16 05:22:25.284--ClientSession(804119246)--Connection(684514617)--Thread(Thread[Test worker,5,main])--commit transaction
[EL Finest]: connection: 2016-06-16 05:22:25.536--ServerSession(166674373)--Connection(47653905)--Thread(Thread[Test worker,5,main])--Connection released to connection pool [default].
[EL Finer]: transaction: 2016-06-16 05:22:25.536--UnitOfWork(717576951)--Thread(Thread[Test worker,5,main])--end unit of work commit
[EL Finer]: transaction: 2016-06-16 05:22:25.537--UnitOfWork(717576951)--Thread(Thread[Test worker,5,main])--resume unit of work
[EL Finer]: transaction: 2016-06-16 05:22:25.537--UnitOfWork(717576951)--Thread(Thread[Test worker,5,main])--release unit of work
[EL Finer]: connection: 2016-06-16 05:22:25.537--ClientSession(804119246)--Thread(Thread[Test worker,5,main])--client released
[EL Finer]: connection: 2016-06-16 05:22:25.544--ServerSession(166674373)--Thread(Thread[Test worker,5,main])--client acquired: 1455041450
[EL Finer]: transaction: 2016-06-16 05:22:25.544--ClientSession(1455041450)--Thread(Thread[Test worker,5,main])--acquire unit of work: 1485361761
[EL Finest]: connection: 2016-06-16 05:22:25.544--ServerSession(166674373)--Connection(2125204399)--Thread(Thread[Test worker,5,main])--Connection acquired from connection pool [default].
[EL Finer]: transaction: 2016-06-16 05:22:25.544--ClientSession(1455041450)--Connection(2125204399)--Thread(Thread[Test worker,5,main])--begin transaction
[EL Finest]: connection: 2016-06-16 05:22:25.544--ClientSession(1455041450)--Thread(Thread[Test worker,5,main])--reconnecting to external connection pool
[EL Finer]: transaction: 2016-06-16 05:22:25.545--UnitOfWork(1485361761)--Thread(Thread[Test worker,5,main])--begin unit of work flush
[EL Finer]: transaction: 2016-06-16 05:22:25.546--UnitOfWork(1485361761)--Thread(Thread[Test worker,5,main])--end unit of work flush
[EL Finest]: query: 2016-06-16 05:22:25.546--UnitOfWork(1485361761)--Thread(Thread[Test worker,5,main])--Execute query ReadAllQuery(name="SalesRegion.findById" referenceClass=SalesRegion sql="SELECT regioncode, regionname, versionId, createdBy, createdDate, updatedBy, updatedDate, activeStatus, txnAccessCode FROM ast_SalesRegion_M WHERE ((activeStatus = ?) AND (regioncode = ?))")
[EL Fine]: sql: 2016-06-16 05:22:25.546--ClientSession(1455041450)--Connection(1785499009)--Thread(Thread[Test worker,5,main])--SELECT regioncode, regionname, versionId, createdBy, createdDate, updatedBy, updatedDate, activeStatus, txnAccessCode FROM ast_SalesRegion_M WHERE ((activeStatus = ?) AND (regioncode = ?))
	bind => [1, 18264223-9EE5-4EDE-9FA4-1F3AE91144A7]
[EL Finer]: transaction: 2016-06-16 05:22:25.547--UnitOfWork(1485361761)--Thread(Thread[Test worker,5,main])--begin unit of work commit
[EL Finer]: transaction: 2016-06-16 05:22:25.548--ClientSession(1455041450)--Connection(1785499009)--Thread(Thread[Test worker,5,main])--commit transaction
[EL Finest]: connection: 2016-06-16 05:22:25.548--ServerSession(166674373)--Connection(2125204399)--Thread(Thread[Test worker,5,main])--Connection released to connection pool [default].
[EL Finer]: transaction: 2016-06-16 05:22:25.548--UnitOfWork(1485361761)--Thread(Thread[Test worker,5,main])--end unit of work commit
[EL Finer]: transaction: 2016-06-16 05:22:25.548--UnitOfWork(1485361761)--Thread(Thread[Test worker,5,main])--resume unit of work
[EL Finer]: transaction: 2016-06-16 05:22:25.549--UnitOfWork(1485361761)--Thread(Thread[Test worker,5,main])--release unit of work
[EL Finer]: connection: 2016-06-16 05:22:25.549--ClientSession(1455041450)--Thread(Thread[Test worker,5,main])--client released
Setting logged in user info for UPDATE
[EL Finer]: connection: 2016-06-16 05:22:25.55--ServerSession(166674373)--Thread(Thread[Test worker,5,main])--client acquired: 905567748
[EL Finer]: transaction: 2016-06-16 05:22:25.55--ClientSession(905567748)--Thread(Thread[Test worker,5,main])--acquire unit of work: 660534347
[EL Finest]: connection: 2016-06-16 05:22:25.55--ServerSession(166674373)--Connection(1257798686)--Thread(Thread[Test worker,5,main])--Connection acquired from connection pool [default].
[EL Finer]: transaction: 2016-06-16 05:22:25.55--ClientSession(905567748)--Connection(1257798686)--Thread(Thread[Test worker,5,main])--begin transaction
[EL Finest]: connection: 2016-06-16 05:22:25.55--ClientSession(905567748)--Thread(Thread[Test worker,5,main])--reconnecting to external connection pool
[EL Finest]: transaction: 2016-06-16 05:22:25.552--UnitOfWork(660534347)--Thread(Thread[Test worker,5,main])--Merge clone with references w0p3kpWuzXCXvh3Ye0enrvEkTRMlZpHkFNflQ62dqkasmXJZQe
[EL Finest]: query: 2016-06-16 05:22:25.553--UnitOfWork(660534347)--Thread(Thread[Test worker,5,main])--Execute query ReadObjectQuery(referenceClass=SalesRegion )
[EL Fine]: sql: 2016-06-16 05:22:25.553--ClientSession(905567748)--Connection(1429823656)--Thread(Thread[Test worker,5,main])--SELECT regioncode, regionname, versionId, createdBy, createdDate, updatedBy, updatedDate, activeStatus, txnAccessCode FROM ast_SalesRegion_M WHERE (regioncode = ?)
	bind => [18264223-9EE5-4EDE-9FA4-1F3AE91144A7]
[EL Finer]: transaction: 2016-06-16 05:22:25.555--UnitOfWork(660534347)--Thread(Thread[Test worker,5,main])--begin unit of work commit
[EL Finest]: query: 2016-06-16 05:22:25.555--UnitOfWork(660534347)--Thread(Thread[Test worker,5,main])--Execute query UpdateObjectQuery(w0p3kpWuzXCXvh3Ye0enrvEkTRMlZpHkFNflQ62dqkasmXJZQe)
[EL Fine]: sql: 2016-06-16 05:22:25.556--ClientSession(905567748)--Connection(1429823656)--Thread(Thread[Test worker,5,main])--UPDATE ast_SalesRegion_M SET regionname = ?, versionId = ? WHERE ((regioncode = ?) AND (versionId = ?))
	bind => [w0p3kpWuzXCXvh3Ye0enrvEkTRMlZpHkFNflQ62dqkasmXJZQe, 2, 18264223-9EE5-4EDE-9FA4-1F3AE91144A7, 1]
[EL Finer]: transaction: 2016-06-16 05:22:25.558--ClientSession(905567748)--Connection(1429823656)--Thread(Thread[Test worker,5,main])--commit transaction
[EL Finest]: connection: 2016-06-16 05:22:27.227--ServerSession(166674373)--Connection(1257798686)--Thread(Thread[Test worker,5,main])--Connection released to connection pool [default].
[EL Finer]: transaction: 2016-06-16 05:22:27.227--UnitOfWork(660534347)--Thread(Thread[Test worker,5,main])--end unit of work commit
[EL Finer]: transaction: 2016-06-16 05:22:27.227--UnitOfWork(660534347)--Thread(Thread[Test worker,5,main])--resume unit of work
[EL Finer]: transaction: 2016-06-16 05:22:27.227--UnitOfWork(660534347)--Thread(Thread[Test worker,5,main])--release unit of work
[EL Finer]: connection: 2016-06-16 05:22:27.227--ClientSession(905567748)--Thread(Thread[Test worker,5,main])--client released
[EL Finer]: connection: 2016-06-16 05:22:27.237--ServerSession(166674373)--Thread(Thread[Test worker,5,main])--client acquired: 704340434
[EL Finer]: transaction: 2016-06-16 05:22:27.237--ClientSession(704340434)--Thread(Thread[Test worker,5,main])--acquire unit of work: 919811974
[EL Finest]: connection: 2016-06-16 05:22:27.237--ServerSession(166674373)--Connection(1692555912)--Thread(Thread[Test worker,5,main])--Connection acquired from connection pool [default].
[EL Finer]: transaction: 2016-06-16 05:22:27.237--ClientSession(704340434)--Connection(1692555912)--Thread(Thread[Test worker,5,main])--begin transaction
[EL Finest]: connection: 2016-06-16 05:22:27.237--ClientSession(704340434)--Thread(Thread[Test worker,5,main])--reconnecting to external connection pool
[EL Finer]: transaction: 2016-06-16 05:22:27.239--UnitOfWork(919811974)--Thread(Thread[Test worker,5,main])--begin unit of work flush
[EL Finer]: transaction: 2016-06-16 05:22:27.239--UnitOfWork(919811974)--Thread(Thread[Test worker,5,main])--end unit of work flush
[EL Finest]: query: 2016-06-16 05:22:27.239--UnitOfWork(919811974)--Thread(Thread[Test worker,5,main])--Execute query ReadAllQuery(name="SalesRegion.findById" referenceClass=SalesRegion sql="SELECT regioncode, regionname, versionId, createdBy, createdDate, updatedBy, updatedDate, activeStatus, txnAccessCode FROM ast_SalesRegion_M WHERE ((activeStatus = ?) AND (regioncode = ?))")
[EL Fine]: sql: 2016-06-16 05:22:27.24--ClientSession(704340434)--Connection(2089758268)--Thread(Thread[Test worker,5,main])--SELECT regioncode, regionname, versionId, createdBy, createdDate, updatedBy, updatedDate, activeStatus, txnAccessCode FROM ast_SalesRegion_M WHERE ((activeStatus = ?) AND (regioncode = ?))
	bind => [1, 18264223-9EE5-4EDE-9FA4-1F3AE91144A7]
[EL Finer]: transaction: 2016-06-16 05:22:27.242--UnitOfWork(919811974)--Thread(Thread[Test worker,5,main])--begin unit of work commit
[EL Finer]: transaction: 2016-06-16 05:22:27.242--ClientSession(704340434)--Connection(2089758268)--Thread(Thread[Test worker,5,main])--commit transaction
[EL Finest]: connection: 2016-06-16 05:22:27.243--ServerSession(166674373)--Connection(1692555912)--Thread(Thread[Test worker,5,main])--Connection released to connection pool [default].
[EL Finer]: transaction: 2016-06-16 05:22:27.243--UnitOfWork(919811974)--Thread(Thread[Test worker,5,main])--end unit of work commit
[EL Finer]: transaction: 2016-06-16 05:22:27.243--UnitOfWork(919811974)--Thread(Thread[Test worker,5,main])--resume unit of work
[EL Finer]: transaction: 2016-06-16 05:22:27.243--UnitOfWork(919811974)--Thread(Thread[Test worker,5,main])--release unit of work
[EL Finer]: connection: 2016-06-16 05:22:27.243--ClientSession(704340434)--Thread(Thread[Test worker,5,main])--client released
[EL Finer]: connection: 2016-06-16 05:22:27.266--ServerSession(166674373)--Thread(Thread[Test worker,5,main])--client acquired: 1929888353
[EL Finer]: transaction: 2016-06-16 05:22:27.266--ClientSession(1929888353)--Thread(Thread[Test worker,5,main])--acquire unit of work: 40544583
[EL Finest]: connection: 2016-06-16 05:22:27.267--ServerSession(166674373)--Connection(680490382)--Thread(Thread[Test worker,5,main])--Connection acquired from connection pool [default].
[EL Finer]: transaction: 2016-06-16 05:22:27.267--ClientSession(1929888353)--Connection(680490382)--Thread(Thread[Test worker,5,main])--begin transaction
[EL Finest]: connection: 2016-06-16 05:22:27.267--ClientSession(1929888353)--Thread(Thread[Test worker,5,main])--reconnecting to external connection pool
[EL Finest]: query: 2016-06-16 05:22:27.27--UnitOfWork(40544583)--Thread(Thread[Test worker,5,main])--Execute query ReadObjectQuery(name="readSalesRegion" referenceClass=SalesRegion sql="SELECT regioncode, regionname, versionId, createdBy, createdDate, updatedBy, updatedDate, activeStatus, txnAccessCode FROM ast_SalesRegion_M WHERE (regioncode = ?)")
[EL Fine]: sql: 2016-06-16 05:22:27.27--ClientSession(1929888353)--Connection(1505339365)--Thread(Thread[Test worker,5,main])--SELECT regioncode, regionname, versionId, createdBy, createdDate, updatedBy, updatedDate, activeStatus, txnAccessCode FROM ast_SalesRegion_M WHERE (regioncode = ?)
	bind => [18264223-9EE5-4EDE-9FA4-1F3AE91144A7]
[EL Finest]: transaction: 2016-06-16 05:22:27.272--UnitOfWork(40544583)--Thread(Thread[Test worker,5,main])--remove() operation called on: w0p3kpWuzXCXvh3Ye0enrvEkTRMlZpHkFNflQ62dqkasmXJZQe
[EL Finer]: transaction: 2016-06-16 05:22:27.273--UnitOfWork(40544583)--Thread(Thread[Test worker,5,main])--begin unit of work commit
[EL Finest]: query: 2016-06-16 05:22:27.273--UnitOfWork(40544583)--Thread(Thread[Test worker,5,main])--Execute query DoesExistQuery(referenceClass=SalesRegion )
[EL Finest]: query: 2016-06-16 05:22:27.273--UnitOfWork(40544583)--Thread(Thread[Test worker,5,main])--Execute query DeleteObjectQuery(w0p3kpWuzXCXvh3Ye0enrvEkTRMlZpHkFNflQ62dqkasmXJZQe)
[EL Fine]: sql: 2016-06-16 05:22:27.274--ClientSession(1929888353)--Connection(1505339365)--Thread(Thread[Test worker,5,main])--DELETE FROM ast_SalesRegion_M WHERE ((regioncode = ?) AND (versionId = ?))
	bind => [18264223-9EE5-4EDE-9FA4-1F3AE91144A7, 2]
[EL Finer]: transaction: 2016-06-16 05:22:27.275--ClientSession(1929888353)--Connection(1505339365)--Thread(Thread[Test worker,5,main])--commit transaction
[EL Finest]: connection: 2016-06-16 05:22:27.664--ServerSession(166674373)--Connection(680490382)--Thread(Thread[Test worker,5,main])--Connection released to connection pool [default].
[EL Finer]: transaction: 2016-06-16 05:22:27.664--UnitOfWork(40544583)--Thread(Thread[Test worker,5,main])--end unit of work commit
[EL Finer]: transaction: 2016-06-16 05:22:27.664--UnitOfWork(40544583)--Thread(Thread[Test worker,5,main])--resume unit of work
[EL Finer]: transaction: 2016-06-16 05:22:27.665--UnitOfWork(40544583)--Thread(Thread[Test worker,5,main])--release unit of work
[EL Finer]: connection: 2016-06-16 05:22:27.665--ClientSession(1929888353)--Thread(Thread[Test worker,5,main])--client released
]]></system-out>
  <system-err><![CDATA[SalesRegion.regionname may not be null
java.lang.SecurityException: SalesRegion.regionname may not be null
	at com.athena.server.pluggable.utils.helper.EntityValidatorHelper.validateEntity(EntityValidatorHelper.java:37)
	at com.sales.app.shared.salesboundedcontext.sales.SalesRegion.isValid(SalesRegion.java:135)
	at com.sales.app.server.service.salesboundedcontext.sales.SalesRegionTestCase.validateSalesRegion(SalesRegionTestCase.java:177)
	at com.sales.app.server.service.salesboundedcontext.sales.SalesRegionTestCase.test5NegativeTesting(SalesRegionTestCase.java:208)
	at sun.reflect.NativeMethodAccessorImpl.invoke0(Native Method)
	at sun.reflect.NativeMethodAccessorImpl.invoke(NativeMethodAccessorImpl.java:57)
	at sun.reflect.DelegatingMethodAccessorImpl.invoke(DelegatingMethodAccessorImpl.java:43)
	at java.lang.reflect.Method.invoke(Method.java:606)
	at org.junit.runners.model.FrameworkMethod$1.runReflectiveCall(FrameworkMethod.java:47)
	at org.junit.internal.runners.model.ReflectiveCallable.run(ReflectiveCallable.java:12)
	at org.junit.runners.model.FrameworkMethod.invokeExplosively(FrameworkMethod.java:44)
	at org.junit.internal.runners.statements.InvokeMethod.evaluate(InvokeMethod.java:17)
	at org.junit.internal.runners.statements.RunBefores.evaluate(RunBefores.java:26)
	at org.springframework.test.context.junit4.statements.RunBeforeTestMethodCallbacks.evaluate(RunBeforeTestMethodCallbacks.java:74)
	at org.junit.internal.runners.statements.RunAfters.evaluate(RunAfters.java:27)
	at org.springframework.test.context.junit4.statements.RunAfterTestMethodCallbacks.evaluate(RunAfterTestMethodCallbacks.java:83)
	at org.springframework.test.context.junit4.statements.SpringRepeat.evaluate(SpringRepeat.java:72)
	at org.springframework.test.context.junit4.SpringJUnit4ClassRunner.runChild(SpringJUnit4ClassRunner.java:233)
	at org.springframework.test.context.junit4.SpringJUnit4ClassRunner.runChild(SpringJUnit4ClassRunner.java:87)
	at org.junit.runners.ParentRunner$3.run(ParentRunner.java:238)
	at org.junit.runners.ParentRunner$1.schedule(ParentRunner.java:63)
	at org.junit.runners.ParentRunner.runChildren(ParentRunner.java:236)
	at org.junit.runners.ParentRunner.access$000(ParentRunner.java:53)
	at org.junit.runners.ParentRunner$2.evaluate(ParentRunner.java:229)
	at org.junit.internal.runners.statements.RunBefores.evaluate(RunBefores.java:26)
	at org.springframework.test.context.junit4.statements.RunBeforeTestClassCallbacks.evaluate(RunBeforeTestClassCallbacks.java:61)
	at org.springframework.test.context.junit4.statements.RunAfterTestClassCallbacks.evaluate(RunAfterTestClassCallbacks.java:71)
	at org.junit.runners.ParentRunner.run(ParentRunner.java:309)
	at org.springframework.test.context.junit4.SpringJUnit4ClassRunner.run(SpringJUnit4ClassRunner.java:176)
	at org.gradle.api.internal.tasks.testing.junit.JUnitTestClassExecuter.runTestClass(JUnitTestClassExecuter.java:86)
	at org.gradle.api.internal.tasks.testing.junit.JUnitTestClassExecuter.execute(JUnitTestClassExecuter.java:49)
	at org.gradle.api.internal.tasks.testing.junit.JUnitTestClassProcessor.processTestClass(JUnitTestClassProcessor.java:64)
	at org.gradle.api.internal.tasks.testing.SuiteTestClassProcessor.processTestClass(SuiteTestClassProcessor.java:50)
	at sun.reflect.NativeMethodAccessorImpl.invoke0(Native Method)
	at sun.reflect.NativeMethodAccessorImpl.invoke(NativeMethodAccessorImpl.java:57)
	at sun.reflect.DelegatingMethodAccessorImpl.invoke(DelegatingMethodAccessorImpl.java:43)
	at java.lang.reflect.Method.invoke(Method.java:606)
	at org.gradle.messaging.dispatch.ReflectionDispatch.dispatch(ReflectionDispatch.java:35)
	at org.gradle.messaging.dispatch.ReflectionDispatch.dispatch(ReflectionDispatch.java:24)
	at org.gradle.messaging.dispatch.ContextClassLoaderDispatch.dispatch(ContextClassLoaderDispatch.java:32)
	at org.gradle.messaging.dispatch.ProxyDispatchAdapter$DispatchingInvocationHandler.invoke(ProxyDispatchAdapter.java:93)
	at com.sun.proxy.$Proxy2.processTestClass(Unknown Source)
	at org.gradle.api.internal.tasks.testing.worker.TestWorker.processTestClass(TestWorker.java:106)
	at sun.reflect.NativeMethodAccessorImpl.invoke0(Native Method)
	at sun.reflect.NativeMethodAccessorImpl.invoke(NativeMethodAccessorImpl.java:57)
	at sun.reflect.DelegatingMethodAccessorImpl.invoke(DelegatingMethodAccessorImpl.java:43)
	at java.lang.reflect.Method.invoke(Method.java:606)
	at org.gradle.messaging.dispatch.ReflectionDispatch.dispatch(ReflectionDispatch.java:35)
	at org.gradle.messaging.dispatch.ReflectionDispatch.dispatch(ReflectionDispatch.java:24)
	at org.gradle.messaging.remote.internal.hub.MessageHub$Handler.run(MessageHub.java:360)
	at org.gradle.internal.concurrent.DefaultExecutorFactory$StoppableExecutorImpl$1.run(DefaultExecutorFactory.java:64)
	at java.util.concurrent.ThreadPoolExecutor.runWorker(ThreadPoolExecutor.java:1145)
	at java.util.concurrent.ThreadPoolExecutor$Worker.run(ThreadPoolExecutor.java:615)
	at java.lang.Thread.run(Thread.java:745)
SalesRegion.regionname size must be between 0 and 64
java.lang.SecurityException: SalesRegion.regionname size must be between 0 and 64
	at com.athena.server.pluggable.utils.helper.EntityValidatorHelper.validateEntity(EntityValidatorHelper.java:37)
	at com.sales.app.shared.salesboundedcontext.sales.SalesRegion.isValid(SalesRegion.java:135)
	at com.sales.app.server.service.salesboundedcontext.sales.SalesRegionTestCase.validateSalesRegion(SalesRegionTestCase.java:175)
	at com.sales.app.server.service.salesboundedcontext.sales.SalesRegionTestCase.test5NegativeTesting(SalesRegionTestCase.java:213)
	at sun.reflect.NativeMethodAccessorImpl.invoke0(Native Method)
	at sun.reflect.NativeMethodAccessorImpl.invoke(NativeMethodAccessorImpl.java:57)
	at sun.reflect.DelegatingMethodAccessorImpl.invoke(DelegatingMethodAccessorImpl.java:43)
	at java.lang.reflect.Method.invoke(Method.java:606)
	at org.junit.runners.model.FrameworkMethod$1.runReflectiveCall(FrameworkMethod.java:47)
	at org.junit.internal.runners.model.ReflectiveCallable.run(ReflectiveCallable.java:12)
	at org.junit.runners.model.FrameworkMethod.invokeExplosively(FrameworkMethod.java:44)
	at org.junit.internal.runners.statements.InvokeMethod.evaluate(InvokeMethod.java:17)
	at org.junit.internal.runners.statements.RunBefores.evaluate(RunBefores.java:26)
	at org.springframework.test.context.junit4.statements.RunBeforeTestMethodCallbacks.evaluate(RunBeforeTestMethodCallbacks.java:74)
	at org.junit.internal.runners.statements.RunAfters.evaluate(RunAfters.java:27)
	at org.springframework.test.context.junit4.statements.RunAfterTestMethodCallbacks.evaluate(RunAfterTestMethodCallbacks.java:83)
	at org.springframework.test.context.junit4.statements.SpringRepeat.evaluate(SpringRepeat.java:72)
	at org.springframework.test.context.junit4.SpringJUnit4ClassRunner.runChild(SpringJUnit4ClassRunner.java:233)
	at org.springframework.test.context.junit4.SpringJUnit4ClassRunner.runChild(SpringJUnit4ClassRunner.java:87)
	at org.junit.runners.ParentRunner$3.run(ParentRunner.java:238)
	at org.junit.runners.ParentRunner$1.schedule(ParentRunner.java:63)
	at org.junit.runners.ParentRunner.runChildren(ParentRunner.java:236)
	at org.junit.runners.ParentRunner.access$000(ParentRunner.java:53)
	at org.junit.runners.ParentRunner$2.evaluate(ParentRunner.java:229)
	at org.junit.internal.runners.statements.RunBefores.evaluate(RunBefores.java:26)
	at org.springframework.test.context.junit4.statements.RunBeforeTestClassCallbacks.evaluate(RunBeforeTestClassCallbacks.java:61)
	at org.springframework.test.context.junit4.statements.RunAfterTestClassCallbacks.evaluate(RunAfterTestClassCallbacks.java:71)
	at org.junit.runners.ParentRunner.run(ParentRunner.java:309)
	at org.springframework.test.context.junit4.SpringJUnit4ClassRunner.run(SpringJUnit4ClassRunner.java:176)
	at org.gradle.api.internal.tasks.testing.junit.JUnitTestClassExecuter.runTestClass(JUnitTestClassExecuter.java:86)
	at org.gradle.api.internal.tasks.testing.junit.JUnitTestClassExecuter.execute(JUnitTestClassExecuter.java:49)
	at org.gradle.api.internal.tasks.testing.junit.JUnitTestClassProcessor.processTestClass(JUnitTestClassProcessor.java:64)
	at org.gradle.api.internal.tasks.testing.SuiteTestClassProcessor.processTestClass(SuiteTestClassProcessor.java:50)
	at sun.reflect.NativeMethodAccessorImpl.invoke0(Native Method)
	at sun.reflect.NativeMethodAccessorImpl.invoke(NativeMethodAccessorImpl.java:57)
	at sun.reflect.DelegatingMethodAccessorImpl.invoke(DelegatingMethodAccessorImpl.java:43)
	at java.lang.reflect.Method.invoke(Method.java:606)
	at org.gradle.messaging.dispatch.ReflectionDispatch.dispatch(ReflectionDispatch.java:35)
	at org.gradle.messaging.dispatch.ReflectionDispatch.dispatch(ReflectionDispatch.java:24)
	at org.gradle.messaging.dispatch.ContextClassLoaderDispatch.dispatch(ContextClassLoaderDispatch.java:32)
	at org.gradle.messaging.dispatch.ProxyDispatchAdapter$DispatchingInvocationHandler.invoke(ProxyDispatchAdapter.java:93)
	at com.sun.proxy.$Proxy2.processTestClass(Unknown Source)
	at org.gradle.api.internal.tasks.testing.worker.TestWorker.processTestClass(TestWorker.java:106)
	at sun.reflect.NativeMethodAccessorImpl.invoke0(Native Method)
	at sun.reflect.NativeMethodAccessorImpl.invoke(NativeMethodAccessorImpl.java:57)
	at sun.reflect.DelegatingMethodAccessorImpl.invoke(DelegatingMethodAccessorImpl.java:43)
	at java.lang.reflect.Method.invoke(Method.java:606)
	at org.gradle.messaging.dispatch.ReflectionDispatch.dispatch(ReflectionDispatch.java:35)
	at org.gradle.messaging.dispatch.ReflectionDispatch.dispatch(ReflectionDispatch.java:24)
	at org.gradle.messaging.remote.internal.hub.MessageHub$Handler.run(MessageHub.java:360)
	at org.gradle.internal.concurrent.DefaultExecutorFactory$StoppableExecutorImpl$1.run(DefaultExecutorFactory.java:64)
	at java.util.concurrent.ThreadPoolExecutor.runWorker(ThreadPoolExecutor.java:1145)
	at java.util.concurrent.ThreadPoolExecutor$Worker.run(ThreadPoolExecutor.java:615)
	at java.lang.Thread.run(Thread.java:745)
]]></system-err>
</testsuite>
