<?xml version="1.0" encoding="UTF-8"?>
<testsuite name="com.sales.app.server.service.appbasicsetup.userrolemanagement.RolesTestCase" tests="5" skipped="0" failures="0" errors="0" timestamp="2016-06-16T05:21:32" hostname="05da525fbf42" time="29.36">
  <properties/>
  <testcase name="test1Save" classname="com.sales.app.server.service.appbasicsetup.userrolemanagement.RolesTestCase" time="28.657"/>
  <testcase name="test2Update" classname="com.sales.app.server.service.appbasicsetup.userrolemanagement.RolesTestCase" time="0.122"/>
  <testcase name="test3FindById" classname="com.sales.app.server.service.appbasicsetup.userrolemanagement.RolesTestCase" time="0.022"/>
  <testcase name="test5NegativeTesting" classname="com.sales.app.server.service.appbasicsetup.userrolemanagement.RolesTestCase" time="0.079"/>
  <testcase name="test6Delete" classname="com.sales.app.server.service.appbasicsetup.userrolemanagement.RolesTestCase" time="0.474"/>
  <system-out><![CDATA[Thu Jun 16 05:21:32 UTC 2016|Log Manager Factory|Initialization Process started.....
Thu Jun 16 05:21:32 UTC 2016|Log Manager|Initialized with Path = [/home/applifire/workspace/salesdemo/src/main/webapp/WEB-INF/conf]
Thu Jun 16 05:21:32 UTC 2016|Alarm Manager|Initialized with Path = [/home/applifire/workspace/salesdemo/src/main/webapp/WEB-INF/conf]
Thu Jun 16 05:21:32 UTC 2016|Alarm Manager|Loading Alarms ......
Thu Jun 16 05:21:32 UTC 2016|Alarm XML Parser|FWA|XML Parsing Complete........ 
Thu Jun 16 05:21:32 UTC 2016|Alarm File Manager|FWA|Alarm File Status.. [ApplicationFrameworkAlarms.xml]|Version=15|Status=Done 
Thu Jun 16 05:21:32 UTC 2016|Alarm File Manager|FWA|Alarm Stats = ( BC/AL=4/676 SYS=4/10 [676/0]  TPL=0/0 [0/0]  APP= A.Map=[759]  E.Map EC/RC=[322/67] )
Thu Jun 16 05:21:32 UTC 2016|Alarm XML Parser|APP|XML Parsing Complete........ 
Thu Jun 16 05:21:32 UTC 2016|Alarm File Manager|APP|Alarm File Status.. [ApplicationAlarms.xml]|Version=1|Status=Done 
Thu Jun 16 05:21:32 UTC 2016|Alarm File Manager|APP|Alarm Stats = ( BC/AL=7/1174 SYS=4/10 [676/0]  TPL=0/0 [0/0]  APP=3/6 [498/0]  A.Map=[1021]  E.Map EC/RC=[412/89] )
Thu Jun 16 05:21:32 UTC 2016|ApplicationAlarmContext| <><><><><> Create App Alarms ....  <><><><><> 
Thu Jun 16 05:21:32 UTC 2016|ApplicationAlarmContext|Alarms are generated ONLY in Development Mode.. 
Thu Jun 16 05:21:32 UTC 2016|Alarm Manager|APP|Alarm Stats = ( BC/AL=7/1174 SYS=4/10 [676/0]  TPL=0/0 [0/0]  APP=3/6 [498/0]  A.Map=[1021]  E.Map EC/RC=[412/89] )
Thu Jun 16 05:21:32 UTC 2016|Alarm Manager|Initialized Exception Lookup...
Thu Jun 16 05:21:32 UTC 2016|Log Manager|Initialize Log Config File ......
Thu Jun 16 05:21:32 UTC 2016|Pluggable Connectors|Adding Connectors : StandardOutputConnector isEnabled=true isDefault=false isFallBack=true
Thu Jun 16 05:21:32 UTC 2016|Pluggable Connectors|Adding Connectors : StandardFileConnector isEnabled=true isDefault=false isFallBack=false
Thu Jun 16 05:21:32 UTC 2016|Pluggable Connectors|Adding Connectors : Sprinkler isEnabled=true isDefault=true isFallBack=false
Thu Jun 16 05:21:32 UTC 2016|Pluggable Connectors|Default Connector Name : com.spartan.logger.core.LogMessenger
Thu Jun 16 05:21:32 UTC 2016|Log Config Parser|Connector Least Log Level =[4]  FallBack Log Level =[3]
Thu Jun 16 05:21:32 UTC 2016|Log Manager|Loading Default Connector for Logging ......
Thu Jun 16 05:21:32 UTC 2016|Log Manager|Loading class .. com.spartan.logger.core.LogMessenger
Thu Jun 16 05:21:32 UTC 2016|Plugggable Connector|Connector class com.spartan.logger.core.LogMessenger Initialized... @ Log Level = 3
Thu Jun 16 05:21:32 UTC 2016|Log Manager|Starting the Default Connector [com.spartan.logger.core.LogMessenger@6dd79791] ....
Thu Jun 16 05:21:32 UTC 2016|Scheduler|Starting the Scheduler ......
Thu Jun 16 05:21:32 UTC 2016|Scheduler|Adding [LMID=[96027fc7-c163-4d43-935a-70aaabfd668d]] Delay=5 Time Unit=MINUTES
Thu Jun 16 05:21:32 UTC 2016|Scheduler|Adding [App Alarm Manager File=[ApplicationAlarms.xml]] Delay=30 Time Unit=MINUTES
Thu Jun 16 05:21:32 UTC 2016|Scheduler|Adding [FW Alarm Manager File=[ApplicationFrameworkAlarms.xml]] Delay=3 Time Unit=MINUTES
Thu Jun 16 05:21:32 UTC 2016|Scheduler|Startup Completed..
Thu Jun 16 05:21:32 UTC 2016|Log Manager|Initialization Process Complete ......
Thu Jun 16 05:21:32 UTC 2016|Log Manager Factory|Log Manager READY! ID = 96027fc7-c163-4d43-935a-70aaabfd668d
[EL Finest]: jpa: 2016-06-16 05:21:39.306--ServerSession(166674373)--Thread(Thread[Test worker,5,main])--Begin predeploying Persistence Unit com.sales; session file:/home/applifire/workspace/salesdemo/build/libs/app-shared-organization-locationmanagement-1.0.jar_com.sales; state Initial; factoryCount 0
[EL Finest]: properties: 2016-06-16 05:21:39.318--ServerSession(166674373)--Thread(Thread[Test worker,5,main])--property=eclipselink.orm.throw.exceptions; default value=true
[EL Finest]: properties: 2016-06-16 05:21:39.318--ServerSession(166674373)--Thread(Thread[Test worker,5,main])--property=eclipselink.multitenant.tenants-share-emf; default value=true
[EL Finest]: properties: 2016-06-16 05:21:39.318--ServerSession(166674373)--Thread(Thread[Test worker,5,main])--property=eclipselink.multitenant.tenants-share-cache; default value=false
[EL Finer]: metadata: 2016-06-16 05:21:39.329--ServerSession(166674373)--Thread(Thread[Test worker,5,main])--Searching for default mapping file in file:/home/applifire/workspace/salesdemo/build/libs/app-shared-organization-locationmanagement-1.0.jar (There is no English translation for this message.)
[EL Finer]: metadata: 2016-06-16 05:21:39.332--ServerSession(166674373)--Thread(Thread[Test worker,5,main])--Searching for default mapping file in file:/home/applifire/workspace/salesdemo/build/libs/app-shared-organization-locationmanagement-1.0.jar (There is no English translation for this message.)
[EL Config]: metadata: 2016-06-16 05:21:39.465--ServerSession(166674373)--Thread(Thread[Test worker,5,main])--The access type for the persistent class [class com.sales.app.shared.appbasicsetup.usermanagement.ArtPasswordAlgorithm] is set to [FIELD].
[EL Config]: metadata: 2016-06-16 05:21:39.48--ServerSession(166674373)--Thread(Thread[Test worker,5,main])--The access type for the persistent class [class com.sales.app.shared.appbasicsetup.userrolemanagement.AppMenus] is set to [FIELD].
[EL Config]: metadata: 2016-06-16 05:21:39.481--ServerSession(166674373)--Thread(Thread[Test worker,5,main])--The access type for the persistent class [class com.sales.app.shared.organization.contactmanagement.CommunicationType] is set to [FIELD].
[EL Config]: metadata: 2016-06-16 05:21:39.482--ServerSession(166674373)--Thread(Thread[Test worker,5,main])--The access type for the persistent class [class com.sales.app.shared.appbasicsetup.usermanagement.UserData] is set to [FIELD].
[EL Config]: metadata: 2016-06-16 05:21:39.487--ServerSession(166674373)--Thread(Thread[Test worker,5,main])--The target entity (reference) class for the one to one mapping element [field user] is being defaulted to: class com.sales.app.shared.appbasicsetup.usermanagement.User.
[EL Config]: metadata: 2016-06-16 05:21:39.487--ServerSession(166674373)--Thread(Thread[Test worker,5,main])--The access type for the persistent class [class com.sales.app.shared.appinsight.alarms.ArtLogConfig] is set to [FIELD].
[EL Config]: metadata: 2016-06-16 05:21:39.488--ServerSession(166674373)--Thread(Thread[Test worker,5,main])--The access type for the persistent class [class com.athena.shared.pluggable.entity.AuditPropertiesEntity] is set to [FIELD].
[EL Config]: metadata: 2016-06-16 05:21:39.49--ServerSession(166674373)--Thread(Thread[Test worker,5,main])--The access type for the persistent class [class com.athena.cloud.shared.entity.CloudDriveTags] is set to [FIELD].
[EL Config]: metadata: 2016-06-16 05:21:39.494--ServerSession(166674373)--Thread(Thread[Test worker,5,main])--The target entity (reference) class for the one to many mapping element [field awsCloudDriveTagFiles] is being defaulted to: class com.athena.cloud.shared.entity.CloudDriveTagFiles.
[EL Config]: metadata: 2016-06-16 05:21:39.495--ServerSession(166674373)--Thread(Thread[Test worker,5,main])--The access type for the persistent class [class com.sales.app.shared.organization.contactmanagement.Gender] is set to [FIELD].
[EL Config]: metadata: 2016-06-16 05:21:39.495--ServerSession(166674373)--Thread(Thread[Test worker,5,main])--The access type for the persistent class [class com.sales.app.shared.organization.locationmanagement.Language] is set to [FIELD].
[EL Config]: metadata: 2016-06-16 05:21:39.496--ServerSession(166674373)--Thread(Thread[Test worker,5,main])--The access type for the persistent class [class com.sales.app.shared.salesboundedcontext.sales.SalesRegion] is set to [FIELD].
[EL Config]: metadata: 2016-06-16 05:21:39.496--ServerSession(166674373)--Thread(Thread[Test worker,5,main])--The access type for the persistent class [class com.spartan.healthmeter.entity.ArtHealthStatusConfiguration] is set to [FIELD].
[EL Config]: metadata: 2016-06-16 05:21:39.497--ServerSession(166674373)--Thread(Thread[Test worker,5,main])--The access type for the persistent class [class com.athena.cloud.shared.entity.CloudDriveFiles] is set to [FIELD].
[EL Config]: metadata: 2016-06-16 05:21:39.498--ServerSession(166674373)--Thread(Thread[Test worker,5,main])--The target entity (reference) class for the many to many mapping element [field tags] is being defaulted to: class com.athena.cloud.shared.entity.CloudDriveTags.
[EL Config]: metadata: 2016-06-16 05:21:39.498--ServerSession(166674373)--Thread(Thread[Test worker,5,main])--The target entity (reference) class for the one to one mapping element [field contentType] is being defaulted to: class com.athena.cloud.shared.entity.CloudDriveContentType.
[EL Config]: metadata: 2016-06-16 05:21:39.499--ServerSession(166674373)--Thread(Thread[Test worker,5,main])--The access type for the persistent class [class com.sales.app.shared.organization.locationmanagement.Country] is set to [FIELD].
[EL Config]: metadata: 2016-06-16 05:21:39.5--ServerSession(166674373)--Thread(Thread[Test worker,5,main])--The access type for the persistent class [class com.sales.app.shared.organization.locationmanagement.State] is set to [FIELD].
[EL Config]: metadata: 2016-06-16 05:21:39.501--ServerSession(166674373)--Thread(Thread[Test worker,5,main])--The access type for the persistent class [class com.sales.app.shared.appinsight.alarms.ArtLogBoundedContext] is set to [FIELD].
[EL Config]: metadata: 2016-06-16 05:21:39.501--ServerSession(166674373)--Thread(Thread[Test worker,5,main])--The target entity (reference) class for the one to many mapping element [field artLogDomain] is being defaulted to: class com.sales.app.shared.appinsight.alarms.ArtLogDomain.
[EL Config]: metadata: 2016-06-16 05:21:39.501--ServerSession(166674373)--Thread(Thread[Test worker,5,main])--The access type for the persistent class [class com.sales.app.shared.salesboundedcontext.sales.Brand] is set to [FIELD].
[EL Config]: metadata: 2016-06-16 05:21:39.502--ServerSession(166674373)--Thread(Thread[Test worker,5,main])--The access type for the persistent class [class com.sales.app.shared.organization.contactmanagement.CoreContacts] is set to [FIELD].
[EL Config]: metadata: 2016-06-16 05:21:39.502--ServerSession(166674373)--Thread(Thread[Test worker,5,main])--The target entity (reference) class for the one to one mapping element [field timezone] is being defaulted to: class com.sales.app.shared.organization.locationmanagement.Timezone.
[EL Config]: metadata: 2016-06-16 05:21:39.503--ServerSession(166674373)--Thread(Thread[Test worker,5,main])--The target entity (reference) class for the one to many mapping element [field address] is being defaulted to: class com.sales.app.shared.organization.locationmanagement.Address.
[EL Config]: metadata: 2016-06-16 05:21:39.503--ServerSession(166674373)--Thread(Thread[Test worker,5,main])--The target entity (reference) class for the one to many mapping element [field communicationData] is being defaulted to: class com.sales.app.shared.organization.contactmanagement.CommunicationData.
[EL Config]: metadata: 2016-06-16 05:21:39.504--ServerSession(166674373)--Thread(Thread[Test worker,5,main])--The access type for the persistent class [class com.sales.app.shared.organization.locationmanagement.AddressType] is set to [FIELD].
[EL Config]: metadata: 2016-06-16 05:21:39.504--ServerSession(166674373)--Thread(Thread[Test worker,5,main])--The access type for the persistent class [class com.sales.app.shared.appbasicsetup.usermanagement.SessionData] is set to [FIELD].
[EL Config]: metadata: 2016-06-16 05:21:39.505--ServerSession(166674373)--Thread(Thread[Test worker,5,main])--The access type for the persistent class [class com.sales.app.shared.appbasicsetup.usermanagement.UserAccessDomain] is set to [FIELD].
[EL Config]: metadata: 2016-06-16 05:21:39.505--ServerSession(166674373)--Thread(Thread[Test worker,5,main])--The access type for the persistent class [class com.sales.app.shared.appbasicsetup.usermanagement.PassRecovery] is set to [FIELD].
[EL Config]: metadata: 2016-06-16 05:21:39.506--ServerSession(166674373)--Thread(Thread[Test worker,5,main])--The target entity (reference) class for the one to one mapping element [field user] is being defaulted to: class com.sales.app.shared.appbasicsetup.usermanagement.User.
[EL Config]: metadata: 2016-06-16 05:21:39.506--ServerSession(166674373)--Thread(Thread[Test worker,5,main])--The access type for the persistent class [class com.spartan.healthmeter.entity.ZenHealthGauge] is set to [FIELD].
[EL Config]: metadata: 2016-06-16 05:21:39.507--ServerSession(166674373)--Thread(Thread[Test worker,5,main])--The access type for the persistent class [class com.sales.app.shared.salesboundedcontext.sales.Channel] is set to [FIELD].
[EL Config]: metadata: 2016-06-16 05:21:39.507--ServerSession(166674373)--Thread(Thread[Test worker,5,main])--The access type for the persistent class [class com.athena.cloud.shared.entity.CloudDriveContentType] is set to [FIELD].
[EL Config]: metadata: 2016-06-16 05:21:39.508--ServerSession(166674373)--Thread(Thread[Test worker,5,main])--The access type for the persistent class [class com.sales.app.shared.salesboundedcontext.sales.Category] is set to [FIELD].
[EL Config]: metadata: 2016-06-16 05:21:39.508--ServerSession(166674373)--Thread(Thread[Test worker,5,main])--The access type for the persistent class [class com.athena.cloud.shared.entity.CloudDriveTagShared] is set to [FIELD].
[EL Config]: metadata: 2016-06-16 05:21:39.508--ServerSession(166674373)--Thread(Thread[Test worker,5,main])--The target entity (reference) class for the one to one mapping element [field tags] is being defaulted to: class com.athena.cloud.shared.entity.CloudDriveTags.
[EL Config]: metadata: 2016-06-16 05:21:39.509--ServerSession(166674373)--Thread(Thread[Test worker,5,main])--The access type for the persistent class [class com.sales.app.shared.salesboundedcontext.sales.UserAccess] is set to [FIELD].
[EL Config]: metadata: 2016-06-16 05:21:39.509--ServerSession(166674373)--Thread(Thread[Test worker,5,main])--The access type for the persistent class [class com.sales.app.shared.salesboundedcontext.sales.Material] is set to [FIELD].
[EL Config]: metadata: 2016-06-16 05:21:39.51--ServerSession(166674373)--Thread(Thread[Test worker,5,main])--The access type for the persistent class [class com.sales.app.shared.salesboundedcontext.sales.Retailer] is set to [FIELD].
[EL Config]: metadata: 2016-06-16 05:21:39.51--ServerSession(166674373)--Thread(Thread[Test worker,5,main])--The access type for the persistent class [class com.sales.app.shared.appinsight.alarms.ArtLogConnector] is set to [FIELD].
[EL Config]: metadata: 2016-06-16 05:21:39.511--ServerSession(166674373)--Thread(Thread[Test worker,5,main])--The target entity (reference) class for the one to many mapping element [field logConnectorAttributes] is being defaulted to: class com.sales.app.shared.appinsight.alarms.ArtLogConnectorAttributes.
[EL Config]: metadata: 2016-06-16 05:21:39.511--ServerSession(166674373)--Thread(Thread[Test worker,5,main])--The target entity (reference) class for the many to one mapping element [field artLogConfig] is being defaulted to: class com.sales.app.shared.appinsight.alarms.ArtLogConfig.
[EL Config]: metadata: 2016-06-16 05:21:39.511--ServerSession(166674373)--Thread(Thread[Test worker,5,main])--The access type for the persistent class [class com.athena.shared.pluggable.entity.ArtEntity] is set to [FIELD].
[EL Config]: metadata: 2016-06-16 05:21:39.512--ServerSession(166674373)--Thread(Thread[Test worker,5,main])--The access type for the persistent class [class com.sales.app.shared.appbasicsetup.aaa.ArtUserLastStatus] is set to [FIELD].
[EL Config]: metadata: 2016-06-16 05:21:39.513--ServerSession(166674373)--Thread(Thread[Test worker,5,main])--The access type for the persistent class [class com.sales.app.shared.appbasicsetup.userrolemanagement.Roles] is set to [FIELD].
[EL Config]: metadata: 2016-06-16 05:21:39.513--ServerSession(166674373)--Thread(Thread[Test worker,5,main])--The target entity (reference) class for the one to many mapping element [field roleMenuBridge] is being defaulted to: class com.sales.app.shared.appbasicsetup.userrolemanagement.RoleMenuBridge.
[EL Config]: metadata: 2016-06-16 05:21:39.513--ServerSession(166674373)--Thread(Thread[Test worker,5,main])--The access type for the persistent class [class com.spartan.healthmeter.entity.HealthSchedulerConfiguration] is set to [FIELD].
[EL Config]: metadata: 2016-06-16 05:21:39.514--ServerSession(166674373)--Thread(Thread[Test worker,5,main])--The access type for the persistent class [class com.athena.cloud.shared.entity.CloudDriveFileVersion] is set to [FIELD].
[EL Config]: metadata: 2016-06-16 05:21:39.514--ServerSession(166674373)--Thread(Thread[Test worker,5,main])--The target entity (reference) class for the one to one mapping element [field file] is being defaulted to: class com.athena.cloud.shared.entity.CloudDriveFiles.
[EL Config]: metadata: 2016-06-16 05:21:39.515--ServerSession(166674373)--Thread(Thread[Test worker,5,main])--The access type for the persistent class [class com.spartan.healthmeter.entity.ZenSchedulerHealth] is set to [FIELD].
[EL Config]: metadata: 2016-06-16 05:21:39.517--ServerSession(166674373)--Thread(Thread[Test worker,5,main])--The access type for the persistent class [class com.sales.app.shared.appinsight.alarms.ArtLogEventAction] is set to [FIELD].
[EL Config]: metadata: 2016-06-16 05:21:39.517--ServerSession(166674373)--Thread(Thread[Test worker,5,main])--The access type for the persistent class [class com.sales.app.shared.appbasicsetup.usermanagement.User] is set to [FIELD].
[EL Config]: metadata: 2016-06-16 05:21:39.517--ServerSession(166674373)--Thread(Thread[Test worker,5,main])--The target entity (reference) class for the one to one mapping element [field userData] is being defaulted to: class com.sales.app.shared.appbasicsetup.usermanagement.UserData.
[EL Config]: metadata: 2016-06-16 05:21:39.518--ServerSession(166674373)--Thread(Thread[Test worker,5,main])--The target entity (reference) class for the one to many mapping element [field passRecovery] is being defaulted to: class com.sales.app.shared.appbasicsetup.usermanagement.PassRecovery.
[EL Config]: metadata: 2016-06-16 05:21:39.518--ServerSession(166674373)--Thread(Thread[Test worker,5,main])--The access type for the persistent class [class com.sales.app.shared.organization.contactmanagement.Title] is set to [FIELD].
[EL Config]: metadata: 2016-06-16 05:21:39.519--ServerSession(166674373)--Thread(Thread[Test worker,5,main])--The access type for the persistent class [class com.sales.app.shared.appinsight.alarms.ArtLogConnectorAttributes] is set to [FIELD].
[EL Config]: metadata: 2016-06-16 05:21:39.519--ServerSession(166674373)--Thread(Thread[Test worker,5,main])--The target entity (reference) class for the many to one mapping element [field artLogConnector] is being defaulted to: class com.sales.app.shared.appinsight.alarms.ArtLogConnector.
[EL Config]: metadata: 2016-06-16 05:21:39.52--ServerSession(166674373)--Thread(Thread[Test worker,5,main])--The access type for the persistent class [class com.sales.app.shared.organization.contactmanagement.ContactType] is set to [FIELD].
[EL Config]: metadata: 2016-06-16 05:21:39.52--ServerSession(166674373)--Thread(Thread[Test worker,5,main])--The access type for the persistent class [class com.athena.cloud.shared.entity.CloudDriveFileShared] is set to [FIELD].
[EL Config]: metadata: 2016-06-16 05:21:39.52--ServerSession(166674373)--Thread(Thread[Test worker,5,main])--The target entity (reference) class for the one to one mapping element [field file] is being defaulted to: class com.athena.cloud.shared.entity.CloudDriveFiles.
[EL Config]: metadata: 2016-06-16 05:21:39.521--ServerSession(166674373)--Thread(Thread[Test worker,5,main])--The access type for the persistent class [class com.sales.app.shared.appbasicsetup.userrolemanagement.RoleMenuBridge] is set to [FIELD].
[EL Config]: metadata: 2016-06-16 05:21:39.522--ServerSession(166674373)--Thread(Thread[Test worker,5,main])--The target entity (reference) class for the one to one mapping element [field roles] is being defaulted to: class com.sales.app.shared.appbasicsetup.userrolemanagement.Roles.
[EL Config]: metadata: 2016-06-16 05:21:39.522--ServerSession(166674373)--Thread(Thread[Test worker,5,main])--The access type for the persistent class [class com.sales.app.shared.organization.locationmanagement.City] is set to [FIELD].
[EL Config]: metadata: 2016-06-16 05:21:39.523--ServerSession(166674373)--Thread(Thread[Test worker,5,main])--The access type for the persistent class [class com.sales.app.shared.organization.locationmanagement.Address] is set to [FIELD].
[EL Config]: metadata: 2016-06-16 05:21:39.524--ServerSession(166674373)--Thread(Thread[Test worker,5,main])--The access type for the persistent class [class com.spartan.healthmeter.entity.ZenHealthStatus] is set to [FIELD].
[EL Config]: metadata: 2016-06-16 05:21:39.525--ServerSession(166674373)--Thread(Thread[Test worker,5,main])--The access type for the persistent class [class com.sales.app.shared.organization.contactmanagement.CommunicationGroup] is set to [FIELD].
[EL Config]: metadata: 2016-06-16 05:21:39.525--ServerSession(166674373)--Thread(Thread[Test worker,5,main])--The access type for the persistent class [class com.sales.app.shared.salesboundedcontext.sales.CurrentMonth] is set to [FIELD].
[EL Config]: metadata: 2016-06-16 05:21:39.525--ServerSession(166674373)--Thread(Thread[Test worker,5,main])--The access type for the persistent class [class com.athena.cloud.shared.entity.CloudDriveDefaultTags] is set to [FIELD].
[EL Config]: metadata: 2016-06-16 05:21:39.526--ServerSession(166674373)--Thread(Thread[Test worker,5,main])--The access type for the persistent class [class com.sales.app.shared.appbasicsetup.usermanagement.ArtAppNotificationTemplate] is set to [FIELD].
[EL Config]: metadata: 2016-06-16 05:21:39.526--ServerSession(166674373)--Thread(Thread[Test worker,5,main])--The access type for the persistent class [class com.sales.app.shared.appinsight.alarms.ArtLogArchitectureLayer] is set to [FIELD].
[EL Config]: metadata: 2016-06-16 05:21:39.527--ServerSession(166674373)--Thread(Thread[Test worker,5,main])--The access type for the persistent class [class com.sales.app.shared.salesboundedcontext.sales.SalesData] is set to [FIELD].
[EL Config]: metadata: 2016-06-16 05:21:39.528--ServerSession(166674373)--Thread(Thread[Test worker,5,main])--The access type for the persistent class [class com.sales.app.shared.appbasicsetup.usermanagement.Login] is set to [FIELD].
[EL Config]: metadata: 2016-06-16 05:21:39.528--ServerSession(166674373)--Thread(Thread[Test worker,5,main])--The target entity (reference) class for the one to one mapping element [field coreContacts] is being defaulted to: class com.sales.app.shared.organization.contactmanagement.CoreContacts.
[EL Config]: metadata: 2016-06-16 05:21:39.529--ServerSession(166674373)--Thread(Thread[Test worker,5,main])--The target entity (reference) class for the one to one mapping element [field user] is being defaulted to: class com.sales.app.shared.appbasicsetup.usermanagement.User.
[EL Config]: metadata: 2016-06-16 05:21:39.529--ServerSession(166674373)--Thread(Thread[Test worker,5,main])--The access type for the persistent class [class com.sales.app.shared.appbasicsetup.usermanagement.Question] is set to [FIELD].
[EL Config]: metadata: 2016-06-16 05:21:39.529--ServerSession(166674373)--Thread(Thread[Test worker,5,main])--The access type for the persistent class [class com.spartan.healthmeter.entity.ZenRequestDetails] is set to [FIELD].
[EL Config]: metadata: 2016-06-16 05:21:39.53--ServerSession(166674373)--Thread(Thread[Test worker,5,main])--The access type for the persistent class [class com.spartan.healthmeter.entity.ArtHealthSchedulerConfiguration] is set to [FIELD].
[EL Config]: metadata: 2016-06-16 05:21:39.531--ServerSession(166674373)--Thread(Thread[Test worker,5,main])--The access type for the persistent class [class com.sales.app.shared.salesboundedcontext.sales.Distributor] is set to [FIELD].
[EL Config]: metadata: 2016-06-16 05:21:39.531--ServerSession(166674373)--Thread(Thread[Test worker,5,main])--The access type for the persistent class [class com.sales.app.shared.appbasicsetup.userrolemanagement.UserRoleBridge] is set to [FIELD].
[EL Config]: metadata: 2016-06-16 05:21:39.532--ServerSession(166674373)--Thread(Thread[Test worker,5,main])--The access type for the persistent class [class com.athena.shared.dataengine.report.ArtReportUI] is set to [FIELD].
[EL Config]: metadata: 2016-06-16 05:21:39.533--ServerSession(166674373)--Thread(Thread[Test worker,5,main])--The access type for the persistent class [class com.athena.cloud.shared.entity.CloudDriveTagFiles] is set to [FIELD].
[EL Config]: metadata: 2016-06-16 05:21:39.533--ServerSession(166674373)--Thread(Thread[Test worker,5,main])--The target entity (reference) class for the one to one mapping element [field tags] is being defaulted to: class com.athena.cloud.shared.entity.CloudDriveTags.
[EL Config]: metadata: 2016-06-16 05:21:39.533--ServerSession(166674373)--Thread(Thread[Test worker,5,main])--The target entity (reference) class for the one to one mapping element [field file] is being defaulted to: class com.athena.cloud.shared.entity.CloudDriveFiles.
[EL Config]: metadata: 2016-06-16 05:21:39.533--ServerSession(166674373)--Thread(Thread[Test worker,5,main])--The access type for the persistent class [class com.spartan.healthmeter.entity.ZenHealthCounter] is set to [FIELD].
[EL Config]: metadata: 2016-06-16 05:21:39.533--ServerSession(166674373)--Thread(Thread[Test worker,5,main])--The access type for the persistent class [class com.spartan.healthmeter.entity.ZenHealth] is set to [FIELD].
[EL Config]: metadata: 2016-06-16 05:21:39.535--ServerSession(166674373)--Thread(Thread[Test worker,5,main])--The access type for the persistent class [class com.sales.app.shared.appinsight.alarms.ArtLoggingProperties] is set to [FIELD].
[EL Config]: metadata: 2016-06-16 05:21:39.535--ServerSession(166674373)--Thread(Thread[Test worker,5,main])--The target entity (reference) class for the many to one mapping element [field artLogConfig] is being defaulted to: class com.sales.app.shared.appinsight.alarms.ArtLogConfig.
[EL Config]: metadata: 2016-06-16 05:21:39.535--ServerSession(166674373)--Thread(Thread[Test worker,5,main])--The access type for the persistent class [class com.spartan.server.session.entity.AppSessionConfig] is set to [FIELD].
[EL Config]: metadata: 2016-06-16 05:21:39.536--ServerSession(166674373)--Thread(Thread[Test worker,5,main])--The access type for the persistent class [class com.sales.app.shared.appinsight.alarms.ArtLogSeverity] is set to [FIELD].
[EL Config]: metadata: 2016-06-16 05:21:39.536--ServerSession(166674373)--Thread(Thread[Test worker,5,main])--The access type for the persistent class [class com.sales.app.shared.organization.locationmanagement.Timezone] is set to [FIELD].
[EL Config]: metadata: 2016-06-16 05:21:39.536--ServerSession(166674373)--Thread(Thread[Test worker,5,main])--The access type for the persistent class [class com.sales.app.shared.appinsight.alarms.ArtLogStatus] is set to [FIELD].
[EL Config]: metadata: 2016-06-16 05:21:39.536--ServerSession(166674373)--Thread(Thread[Test worker,5,main])--The access type for the persistent class [class com.sales.app.shared.appbasicsetup.usermanagement.PasswordPolicy] is set to [FIELD].
[EL Config]: metadata: 2016-06-16 05:21:39.537--ServerSession(166674373)--Thread(Thread[Test worker,5,main])--The access type for the persistent class [class com.sales.app.shared.appinsight.alarms.ArtLogException] is set to [FIELD].
[EL Config]: metadata: 2016-06-16 05:21:39.537--ServerSession(166674373)--Thread(Thread[Test worker,5,main])--The access type for the persistent class [class com.sales.app.shared.appbasicsetup.usermanagement.PasswordAlgo] is set to [FIELD].
[EL Config]: metadata: 2016-06-16 05:21:39.537--ServerSession(166674373)--Thread(Thread[Test worker,5,main])--The access type for the persistent class [class com.sales.app.shared.appbasicsetup.usermanagement.UserAccessLevel] is set to [FIELD].
[EL Config]: metadata: 2016-06-16 05:21:39.538--ServerSession(166674373)--Thread(Thread[Test worker,5,main])--The access type for the persistent class [class com.sales.app.shared.appinsight.alarms.ArtLogDomain] is set to [FIELD].
[EL Config]: metadata: 2016-06-16 05:21:39.538--ServerSession(166674373)--Thread(Thread[Test worker,5,main])--The target entity (reference) class for the many to one mapping element [field artLogBoundedContext] is being defaulted to: class com.sales.app.shared.appinsight.alarms.ArtLogBoundedContext.
[EL Config]: metadata: 2016-06-16 05:21:39.538--ServerSession(166674373)--Thread(Thread[Test worker,5,main])--The target entity (reference) class for the one to many mapping element [field artLogAlarm] is being defaulted to: class com.sales.app.shared.appinsight.alarms.ArtLogAlarm.
[EL Config]: metadata: 2016-06-16 05:21:39.538--ServerSession(166674373)--Thread(Thread[Test worker,5,main])--The access type for the persistent class [class com.sales.app.shared.appinsight.alarms.ArtLogEvents] is set to [FIELD].
[EL Config]: metadata: 2016-06-16 05:21:39.539--ServerSession(166674373)--Thread(Thread[Test worker,5,main])--The access type for the persistent class [class com.sales.app.shared.appinsight.alarms.ArtLogAlarm] is set to [FIELD].
[EL Config]: metadata: 2016-06-16 05:21:39.54--ServerSession(166674373)--Thread(Thread[Test worker,5,main])--The access type for the persistent class [class com.sales.app.shared.appbasicsetup.usermanagement.LoginSession] is set to [FIELD].
[EL Config]: metadata: 2016-06-16 05:21:39.54--ServerSession(166674373)--Thread(Thread[Test worker,5,main])--The access type for the persistent class [class com.sales.app.shared.appbasicsetup.usermanagement.ArtPasswordPolicy] is set to [FIELD].
[EL Config]: metadata: 2016-06-16 05:21:39.541--ServerSession(166674373)--Thread(Thread[Test worker,5,main])--The access type for the persistent class [class com.sales.app.shared.organization.contactmanagement.CommunicationData] is set to [FIELD].
[EL Config]: metadata: 2016-06-16 05:21:39.541--ServerSession(166674373)--Thread(Thread[Test worker,5,main])--The access type for the persistent class [class com.athena.shared.dataengine.query.ArtQuery] is set to [FIELD].
[EL Config]: metadata: 2016-06-16 05:21:39.542--ServerSession(166674373)--Thread(Thread[Test worker,5,main])--The access type for the persistent class [class com.spartan.healthmeter.shared.EntityAudit] is set to [FIELD].
[EL Config]: metadata: 2016-06-16 05:21:39.543--ServerSession(166674373)--Thread(Thread[Test worker,5,main])--The access type for the persistent class [class com.spartan.healthmeter.shared.SystemInfo] is set to [FIELD].
[EL Config]: metadata: 2016-06-16 05:21:39.543--ServerSession(166674373)--Thread(Thread[Test worker,5,main])--The access type for the persistent class [class com.sales.app.shared.SystemInfo] is set to [FIELD].
[EL Config]: metadata: 2016-06-16 05:21:39.543--ServerSession(166674373)--Thread(Thread[Test worker,5,main])--The access type for the persistent class [class com.sales.app.shared.EntityAudit] is set to [FIELD].
[EL Config]: metadata: 2016-06-16 05:21:39.549--ServerSession(166674373)--Thread(Thread[Test worker,5,main])--The alias name for the entity class [class com.sales.app.shared.appbasicsetup.usermanagement.ArtPasswordAlgorithm] is being defaulted to: ArtPasswordAlgorithm.
[EL Config]: metadata: 2016-06-16 05:21:39.558--ServerSession(166674373)--Thread(Thread[Test worker,5,main])--The alias name for the entity class [class com.sales.app.shared.appbasicsetup.userrolemanagement.AppMenus] is being defaulted to: AppMenus.
[EL Config]: metadata: 2016-06-16 05:21:39.561--ServerSession(166674373)--Thread(Thread[Test worker,5,main])--The alias name for the entity class [class com.sales.app.shared.organization.contactmanagement.CommunicationType] is being defaulted to: CommunicationType.
[EL Config]: metadata: 2016-06-16 05:21:39.561--ServerSession(166674373)--Thread(Thread[Test worker,5,main])--The alias name for the entity class [class com.sales.app.shared.appbasicsetup.usermanagement.UserData] is being defaulted to: UserData.
[EL Config]: metadata: 2016-06-16 05:21:39.562--ServerSession(166674373)--Thread(Thread[Test worker,5,main])--The alias name for the entity class [class com.sales.app.shared.appinsight.alarms.ArtLogConfig] is being defaulted to: ArtLogConfig.
[EL Config]: metadata: 2016-06-16 05:21:39.562--ServerSession(166674373)--Thread(Thread[Test worker,5,main])--The alias name for the entity class [class com.athena.cloud.shared.entity.CloudDriveTags] is being defaulted to: CloudDriveTags.
[EL Config]: metadata: 2016-06-16 05:21:39.562--ServerSession(166674373)--Thread(Thread[Test worker,5,main])--The alias name for the entity class [class com.sales.app.shared.organization.contactmanagement.Gender] is being defaulted to: Gender.
[EL Config]: metadata: 2016-06-16 05:21:39.563--ServerSession(166674373)--Thread(Thread[Test worker,5,main])--The alias name for the entity class [class com.sales.app.shared.organization.locationmanagement.Language] is being defaulted to: Language.
[EL Config]: metadata: 2016-06-16 05:21:39.563--ServerSession(166674373)--Thread(Thread[Test worker,5,main])--The alias name for the entity class [class com.sales.app.shared.salesboundedcontext.sales.SalesRegion] is being defaulted to: SalesRegion.
[EL Config]: metadata: 2016-06-16 05:21:39.564--ServerSession(166674373)--Thread(Thread[Test worker,5,main])--The alias name for the entity class [class com.spartan.healthmeter.entity.ArtHealthStatusConfiguration] is being defaulted to: ArtHealthStatusConfiguration.
[EL Config]: metadata: 2016-06-16 05:21:39.564--ServerSession(166674373)--Thread(Thread[Test worker,5,main])--The alias name for the entity class [class com.athena.cloud.shared.entity.CloudDriveFiles] is being defaulted to: CloudDriveFiles.
[EL Config]: metadata: 2016-06-16 05:21:39.565--ServerSession(166674373)--Thread(Thread[Test worker,5,main])--The alias name for the entity class [class com.sales.app.shared.organization.locationmanagement.Country] is being defaulted to: Country.
[EL Config]: metadata: 2016-06-16 05:21:39.565--ServerSession(166674373)--Thread(Thread[Test worker,5,main])--The alias name for the entity class [class com.sales.app.shared.organization.locationmanagement.State] is being defaulted to: State.
[EL Config]: metadata: 2016-06-16 05:21:39.566--ServerSession(166674373)--Thread(Thread[Test worker,5,main])--The alias name for the entity class [class com.sales.app.shared.appinsight.alarms.ArtLogBoundedContext] is being defaulted to: ArtLogBoundedContext.
[EL Config]: metadata: 2016-06-16 05:21:39.566--ServerSession(166674373)--Thread(Thread[Test worker,5,main])--The alias name for the entity class [class com.sales.app.shared.salesboundedcontext.sales.Brand] is being defaulted to: Brand.
[EL Config]: metadata: 2016-06-16 05:21:39.567--ServerSession(166674373)--Thread(Thread[Test worker,5,main])--The alias name for the entity class [class com.sales.app.shared.organization.contactmanagement.CoreContacts] is being defaulted to: CoreContacts.
[EL Config]: metadata: 2016-06-16 05:21:39.568--ServerSession(166674373)--Thread(Thread[Test worker,5,main])--The alias name for the entity class [class com.sales.app.shared.organization.locationmanagement.AddressType] is being defaulted to: AddressType.
[EL Config]: metadata: 2016-06-16 05:21:39.568--ServerSession(166674373)--Thread(Thread[Test worker,5,main])--The alias name for the entity class [class com.sales.app.shared.appbasicsetup.usermanagement.SessionData] is being defaulted to: SessionData.
[EL Config]: metadata: 2016-06-16 05:21:39.569--ServerSession(166674373)--Thread(Thread[Test worker,5,main])--The alias name for the entity class [class com.sales.app.shared.appbasicsetup.usermanagement.UserAccessDomain] is being defaulted to: UserAccessDomain.
[EL Config]: metadata: 2016-06-16 05:21:39.569--ServerSession(166674373)--Thread(Thread[Test worker,5,main])--The alias name for the entity class [class com.sales.app.shared.appbasicsetup.usermanagement.PassRecovery] is being defaulted to: PassRecovery.
[EL Config]: metadata: 2016-06-16 05:21:39.57--ServerSession(166674373)--Thread(Thread[Test worker,5,main])--The alias name for the entity class [class com.spartan.healthmeter.entity.ZenHealthGauge] is being defaulted to: ZenHealthGauge.
[EL Config]: metadata: 2016-06-16 05:21:39.571--ServerSession(166674373)--Thread(Thread[Test worker,5,main])--The alias name for the entity class [class com.sales.app.shared.salesboundedcontext.sales.Channel] is being defaulted to: Channel.
[EL Config]: metadata: 2016-06-16 05:21:39.571--ServerSession(166674373)--Thread(Thread[Test worker,5,main])--The alias name for the entity class [class com.athena.cloud.shared.entity.CloudDriveContentType] is being defaulted to: CloudDriveContentType.
[EL Config]: metadata: 2016-06-16 05:21:39.571--ServerSession(166674373)--Thread(Thread[Test worker,5,main])--The alias name for the entity class [class com.sales.app.shared.salesboundedcontext.sales.Category] is being defaulted to: Category.
[EL Config]: metadata: 2016-06-16 05:21:39.572--ServerSession(166674373)--Thread(Thread[Test worker,5,main])--The alias name for the entity class [class com.athena.cloud.shared.entity.CloudDriveTagShared] is being defaulted to: CloudDriveTagShared.
[EL Config]: metadata: 2016-06-16 05:21:39.572--ServerSession(166674373)--Thread(Thread[Test worker,5,main])--The column name for element [id] is being defaulted to: ID.
[EL Config]: metadata: 2016-06-16 05:21:39.572--ServerSession(166674373)--Thread(Thread[Test worker,5,main])--The alias name for the entity class [class com.sales.app.shared.salesboundedcontext.sales.UserAccess] is being defaulted to: UserAccess.
[EL Config]: metadata: 2016-06-16 05:21:39.573--ServerSession(166674373)--Thread(Thread[Test worker,5,main])--The alias name for the entity class [class com.sales.app.shared.salesboundedcontext.sales.Material] is being defaulted to: Material.
[EL Config]: metadata: 2016-06-16 05:21:39.573--ServerSession(166674373)--Thread(Thread[Test worker,5,main])--The alias name for the entity class [class com.sales.app.shared.salesboundedcontext.sales.Retailer] is being defaulted to: Retailer.
[EL Config]: metadata: 2016-06-16 05:21:39.573--ServerSession(166674373)--Thread(Thread[Test worker,5,main])--The alias name for the entity class [class com.sales.app.shared.appinsight.alarms.ArtLogConnector] is being defaulted to: ArtLogConnector.
[EL Config]: metadata: 2016-06-16 05:21:39.574--ServerSession(166674373)--Thread(Thread[Test worker,5,main])--The alias name for the entity class [class com.sales.app.shared.appbasicsetup.aaa.ArtUserLastStatus] is being defaulted to: ArtUserLastStatus.
[EL Config]: metadata: 2016-06-16 05:21:39.575--ServerSession(166674373)--Thread(Thread[Test worker,5,main])--The alias name for the entity class [class com.sales.app.shared.appbasicsetup.userrolemanagement.Roles] is being defaulted to: Roles.
[EL Config]: metadata: 2016-06-16 05:21:39.575--ServerSession(166674373)--Thread(Thread[Test worker,5,main])--The alias name for the entity class [class com.spartan.healthmeter.entity.HealthSchedulerConfiguration] is being defaulted to: HealthSchedulerConfiguration.
[EL Config]: metadata: 2016-06-16 05:21:39.576--ServerSession(166674373)--Thread(Thread[Test worker,5,main])--The alias name for the entity class [class com.athena.cloud.shared.entity.CloudDriveFileVersion] is being defaulted to: CloudDriveFileVersion.
[EL Config]: metadata: 2016-06-16 05:21:39.576--ServerSession(166674373)--Thread(Thread[Test worker,5,main])--The alias name for the entity class [class com.spartan.healthmeter.entity.ZenSchedulerHealth] is being defaulted to: ZenSchedulerHealth.
[EL Config]: metadata: 2016-06-16 05:21:39.578--ServerSession(166674373)--Thread(Thread[Test worker,5,main])--The alias name for the entity class [class com.sales.app.shared.appinsight.alarms.ArtLogEventAction] is being defaulted to: ArtLogEventAction.
[EL Config]: metadata: 2016-06-16 05:21:39.578--ServerSession(166674373)--Thread(Thread[Test worker,5,main])--The alias name for the entity class [class com.sales.app.shared.appbasicsetup.usermanagement.User] is being defaulted to: User.
[EL Config]: metadata: 2016-06-16 05:21:39.579--ServerSession(166674373)--Thread(Thread[Test worker,5,main])--The alias name for the entity class [class com.sales.app.shared.organization.contactmanagement.Title] is being defaulted to: Title.
[EL Config]: metadata: 2016-06-16 05:21:39.58--ServerSession(166674373)--Thread(Thread[Test worker,5,main])--The alias name for the entity class [class com.sales.app.shared.appinsight.alarms.ArtLogConnectorAttributes] is being defaulted to: ArtLogConnectorAttributes.
[EL Config]: metadata: 2016-06-16 05:21:39.58--ServerSession(166674373)--Thread(Thread[Test worker,5,main])--The alias name for the entity class [class com.sales.app.shared.organization.contactmanagement.ContactType] is being defaulted to: ContactType.
[EL Config]: metadata: 2016-06-16 05:21:39.581--ServerSession(166674373)--Thread(Thread[Test worker,5,main])--The alias name for the entity class [class com.athena.cloud.shared.entity.CloudDriveFileShared] is being defaulted to: CloudDriveFileShared.
[EL Config]: metadata: 2016-06-16 05:21:39.581--ServerSession(166674373)--Thread(Thread[Test worker,5,main])--The column name for element [id] is being defaulted to: ID.
[EL Config]: metadata: 2016-06-16 05:21:39.581--ServerSession(166674373)--Thread(Thread[Test worker,5,main])--The alias name for the entity class [class com.sales.app.shared.appbasicsetup.userrolemanagement.RoleMenuBridge] is being defaulted to: RoleMenuBridge.
[EL Config]: metadata: 2016-06-16 05:21:39.582--ServerSession(166674373)--Thread(Thread[Test worker,5,main])--The alias name for the entity class [class com.sales.app.shared.organization.locationmanagement.City] is being defaulted to: City.
[EL Config]: metadata: 2016-06-16 05:21:39.582--ServerSession(166674373)--Thread(Thread[Test worker,5,main])--The alias name for the entity class [class com.sales.app.shared.organization.locationmanagement.Address] is being defaulted to: Address.
[EL Config]: metadata: 2016-06-16 05:21:39.583--ServerSession(166674373)--Thread(Thread[Test worker,5,main])--The alias name for the entity class [class com.spartan.healthmeter.entity.ZenHealthStatus] is being defaulted to: ZenHealthStatus.
[EL Config]: metadata: 2016-06-16 05:21:39.583--ServerSession(166674373)--Thread(Thread[Test worker,5,main])--The alias name for the entity class [class com.sales.app.shared.organization.contactmanagement.CommunicationGroup] is being defaulted to: CommunicationGroup.
[EL Config]: metadata: 2016-06-16 05:21:39.584--ServerSession(166674373)--Thread(Thread[Test worker,5,main])--The alias name for the entity class [class com.sales.app.shared.salesboundedcontext.sales.CurrentMonth] is being defaulted to: CurrentMonth.
[EL Config]: metadata: 2016-06-16 05:21:39.584--ServerSession(166674373)--Thread(Thread[Test worker,5,main])--The alias name for the entity class [class com.athena.cloud.shared.entity.CloudDriveDefaultTags] is being defaulted to: CloudDriveDefaultTags.
[EL Config]: metadata: 2016-06-16 05:21:39.584--ServerSession(166674373)--Thread(Thread[Test worker,5,main])--The alias name for the entity class [class com.sales.app.shared.appbasicsetup.usermanagement.ArtAppNotificationTemplate] is being defaulted to: ArtAppNotificationTemplate.
[EL Config]: metadata: 2016-06-16 05:21:39.585--ServerSession(166674373)--Thread(Thread[Test worker,5,main])--The alias name for the entity class [class com.sales.app.shared.appinsight.alarms.ArtLogArchitectureLayer] is being defaulted to: ArtLogArchitectureLayer.
[EL Config]: metadata: 2016-06-16 05:21:39.585--ServerSession(166674373)--Thread(Thread[Test worker,5,main])--The alias name for the entity class [class com.sales.app.shared.salesboundedcontext.sales.SalesData] is being defaulted to: SalesData.
[EL Config]: metadata: 2016-06-16 05:21:39.586--ServerSession(166674373)--Thread(Thread[Test worker,5,main])--The alias name for the entity class [class com.sales.app.shared.appbasicsetup.usermanagement.Login] is being defaulted to: Login.
[EL Config]: metadata: 2016-06-16 05:21:39.587--ServerSession(166674373)--Thread(Thread[Test worker,5,main])--The alias name for the entity class [class com.sales.app.shared.appbasicsetup.usermanagement.Question] is being defaulted to: Question.
[EL Config]: metadata: 2016-06-16 05:21:39.588--ServerSession(166674373)--Thread(Thread[Test worker,5,main])--The alias name for the entity class [class com.spartan.healthmeter.entity.ZenRequestDetails] is being defaulted to: ZenRequestDetails.
[EL Config]: metadata: 2016-06-16 05:21:39.588--ServerSession(166674373)--Thread(Thread[Test worker,5,main])--The alias name for the entity class [class com.spartan.healthmeter.entity.ArtHealthSchedulerConfiguration] is being defaulted to: ArtHealthSchedulerConfiguration.
[EL Config]: metadata: 2016-06-16 05:21:39.589--ServerSession(166674373)--Thread(Thread[Test worker,5,main])--The alias name for the entity class [class com.sales.app.shared.salesboundedcontext.sales.Distributor] is being defaulted to: Distributor.
[EL Config]: metadata: 2016-06-16 05:21:39.589--ServerSession(166674373)--Thread(Thread[Test worker,5,main])--The alias name for the entity class [class com.sales.app.shared.appbasicsetup.userrolemanagement.UserRoleBridge] is being defaulted to: UserRoleBridge.
[EL Config]: metadata: 2016-06-16 05:21:39.59--ServerSession(166674373)--Thread(Thread[Test worker,5,main])--The alias name for the entity class [class com.athena.shared.dataengine.report.ArtReportUI] is being defaulted to: ArtReportUI.
[EL Config]: metadata: 2016-06-16 05:21:39.591--ServerSession(166674373)--Thread(Thread[Test worker,5,main])--The alias name for the entity class [class com.athena.cloud.shared.entity.CloudDriveTagFiles] is being defaulted to: CloudDriveTagFiles.
[EL Config]: metadata: 2016-06-16 05:21:39.591--ServerSession(166674373)--Thread(Thread[Test worker,5,main])--The column name for element [id] is being defaulted to: ID.
[EL Config]: metadata: 2016-06-16 05:21:39.591--ServerSession(166674373)--Thread(Thread[Test worker,5,main])--The alias name for the entity class [class com.spartan.healthmeter.entity.ZenHealthCounter] is being defaulted to: ZenHealthCounter.
[EL Config]: metadata: 2016-06-16 05:21:39.591--ServerSession(166674373)--Thread(Thread[Test worker,5,main])--The alias name for the entity class [class com.spartan.healthmeter.entity.ZenHealth] is being defaulted to: ZenHealth.
[EL Config]: metadata: 2016-06-16 05:21:39.593--ServerSession(166674373)--Thread(Thread[Test worker,5,main])--The alias name for the entity class [class com.sales.app.shared.appinsight.alarms.ArtLoggingProperties] is being defaulted to: ArtLoggingProperties.
[EL Config]: metadata: 2016-06-16 05:21:39.593--ServerSession(166674373)--Thread(Thread[Test worker,5,main])--The alias name for the entity class [class com.spartan.server.session.entity.AppSessionConfig] is being defaulted to: AppSessionConfig.
[EL Config]: metadata: 2016-06-16 05:21:39.593--ServerSession(166674373)--Thread(Thread[Test worker,5,main])--The alias name for the entity class [class com.sales.app.shared.appinsight.alarms.ArtLogSeverity] is being defaulted to: ArtLogSeverity.
[EL Config]: metadata: 2016-06-16 05:21:39.594--ServerSession(166674373)--Thread(Thread[Test worker,5,main])--The alias name for the entity class [class com.sales.app.shared.organization.locationmanagement.Timezone] is being defaulted to: Timezone.
[EL Config]: metadata: 2016-06-16 05:21:39.594--ServerSession(166674373)--Thread(Thread[Test worker,5,main])--The alias name for the entity class [class com.sales.app.shared.appinsight.alarms.ArtLogStatus] is being defaulted to: ArtLogStatus.
[EL Config]: metadata: 2016-06-16 05:21:39.595--ServerSession(166674373)--Thread(Thread[Test worker,5,main])--The alias name for the entity class [class com.sales.app.shared.appbasicsetup.usermanagement.PasswordPolicy] is being defaulted to: PasswordPolicy.
[EL Config]: metadata: 2016-06-16 05:21:39.595--ServerSession(166674373)--Thread(Thread[Test worker,5,main])--The alias name for the entity class [class com.sales.app.shared.appinsight.alarms.ArtLogException] is being defaulted to: ArtLogException.
[EL Config]: metadata: 2016-06-16 05:21:39.596--ServerSession(166674373)--Thread(Thread[Test worker,5,main])--The alias name for the entity class [class com.sales.app.shared.appbasicsetup.usermanagement.PasswordAlgo] is being defaulted to: PasswordAlgo.
[EL Config]: metadata: 2016-06-16 05:21:39.596--ServerSession(166674373)--Thread(Thread[Test worker,5,main])--The alias name for the entity class [class com.sales.app.shared.appbasicsetup.usermanagement.UserAccessLevel] is being defaulted to: UserAccessLevel.
[EL Config]: metadata: 2016-06-16 05:21:39.597--ServerSession(166674373)--Thread(Thread[Test worker,5,main])--The alias name for the entity class [class com.sales.app.shared.appinsight.alarms.ArtLogDomain] is being defaulted to: ArtLogDomain.
[EL Config]: metadata: 2016-06-16 05:21:39.597--ServerSession(166674373)--Thread(Thread[Test worker,5,main])--The alias name for the entity class [class com.sales.app.shared.appinsight.alarms.ArtLogEvents] is being defaulted to: ArtLogEvents.
[EL Config]: metadata: 2016-06-16 05:21:39.598--ServerSession(166674373)--Thread(Thread[Test worker,5,main])--The alias name for the entity class [class com.sales.app.shared.appinsight.alarms.ArtLogAlarm] is being defaulted to: ArtLogAlarm.
[EL Config]: metadata: 2016-06-16 05:21:39.599--ServerSession(166674373)--Thread(Thread[Test worker,5,main])--The alias name for the entity class [class com.sales.app.shared.appbasicsetup.usermanagement.LoginSession] is being defaulted to: LoginSession.
[EL Config]: metadata: 2016-06-16 05:21:39.599--ServerSession(166674373)--Thread(Thread[Test worker,5,main])--The alias name for the entity class [class com.sales.app.shared.appbasicsetup.usermanagement.ArtPasswordPolicy] is being defaulted to: ArtPasswordPolicy.
[EL Config]: metadata: 2016-06-16 05:21:39.6--ServerSession(166674373)--Thread(Thread[Test worker,5,main])--The alias name for the entity class [class com.sales.app.shared.organization.contactmanagement.CommunicationData] is being defaulted to: CommunicationData.
[EL Config]: metadata: 2016-06-16 05:21:39.6--ServerSession(166674373)--Thread(Thread[Test worker,5,main])--The alias name for the entity class [class com.athena.shared.dataengine.query.ArtQuery] is being defaulted to: ArtQuery.
[EL Config]: metadata: 2016-06-16 05:21:39.623--ServerSession(166674373)--Thread(Thread[Test worker,5,main])--The primary key column name for the mapping element [field contentType] is being defaulted to: file_mime_type.
[EL Config]: metadata: 2016-06-16 05:21:39.628--ServerSession(166674373)--Thread(Thread[Test worker,5,main])--The primary key column name for the mapping element [field file] is being defaulted to: file_id.
[EL Config]: metadata: 2016-06-16 05:21:39.628--ServerSession(166674373)--Thread(Thread[Test worker,5,main])--The primary key column name for the mapping element [field file] is being defaulted to: file_id.
[EL Config]: metadata: 2016-06-16 05:21:39.629--ServerSession(166674373)--Thread(Thread[Test worker,5,main])--The primary key column name for the mapping element [field file] is being defaulted to: file_id.
[EL Finest]: jpa: 2016-06-16 05:21:39.762--ServerSession(166674373)--Thread(Thread[Test worker,5,main])--End predeploying Persistence Unit com.sales; session file:/home/applifire/workspace/salesdemo/build/libs/app-shared-organization-locationmanagement-1.0.jar_com.sales; state Predeployed; factoryCount 1
[EL Finest]: properties: 2016-06-16 05:21:39.766--ServerSession(166674373)--Thread(Thread[Test worker,5,main])--property=eclipselink.deploy-on-startup; value=true
[EL Finest]: jpa: 2016-06-16 05:21:39.766--ServerSession(166674373)--Thread(Thread[Test worker,5,main])--Begin deploying Persistence Unit com.sales; session file:/home/applifire/workspace/salesdemo/build/libs/app-shared-organization-locationmanagement-1.0.jar_com.sales; state Predeployed; factoryCount 1
[EL Finest]: properties: 2016-06-16 05:21:40.164--ServerSession(166674373)--Thread(Thread[Test worker,5,main])--property=eclipselink.logging.level; value=FINEST; translated value=FINEST
[EL Finest]: properties: 2016-06-16 05:21:40.164--ServerSession(166674373)--Thread(Thread[Test worker,5,main])--property=eclipselink.logging.level; value=FINEST; translated value=FINEST
[EL Finest]: properties: 2016-06-16 05:21:40.166--ServerSession(166674373)--Thread(Thread[Test worker,5,main])--property=eclipselink.connection-pool.default.min; value=6
[EL Finest]: properties: 2016-06-16 05:21:40.166--ServerSession(166674373)--Thread(Thread[Test worker,5,main])--property=eclipselink.connection-pool.default.initial; value=15
[EL Finest]: properties: 2016-06-16 05:21:40.166--ServerSession(166674373)--Thread(Thread[Test worker,5,main])--property=eclipselink.connection-pool.default.max; value=10
[EL Finest]: properties: 2016-06-16 05:21:40.167--ServerSession(166674373)--Thread(Thread[Test worker,5,main])--property=eclipselink.cache.shared.default; value=false; translated value=false
[EL Finest]: properties: 2016-06-16 05:21:40.167--ServerSession(166674373)--Thread(Thread[Test worker,5,main])--property=eclipselink.allow-zero-id; value=true
[EL Finest]: properties: 2016-06-16 05:21:40.167--ServerSession(166674373)--Thread(Thread[Test worker,5,main])--property=eclipselink.session.customizer; value=com.sales.app.config.UUIDGenerator
[EL Info]: 2016-06-16 05:21:40.168--ServerSession(166674373)--Thread(Thread[Test worker,5,main])--EclipseLink, version: Eclipse Persistence Services - 2.5.1.v20130918-f2b9fc5
[EL Finest]: dbPlatformHelper_regExprDbPlatform: 2016-06-16 05:21:40.33--Thread(Thread[Test worker,5,main])--(?i)oracle.*12 (There is no English translation for this message.)
[EL Finest]: dbPlatformHelper_regExprDbPlatform: 2016-06-16 05:21:40.331--Thread(Thread[Test worker,5,main])--(?i)oracle.*11 (There is no English translation for this message.)
[EL Finest]: dbPlatformHelper_regExprDbPlatform: 2016-06-16 05:21:40.331--Thread(Thread[Test worker,5,main])--(?i)oracle.*10 (There is no English translation for this message.)
[EL Finest]: dbPlatformHelper_regExprDbPlatform: 2016-06-16 05:21:40.331--Thread(Thread[Test worker,5,main])--(?i)oracle.*9 (There is no English translation for this message.)
[EL Finest]: dbPlatformHelper_regExprDbPlatform: 2016-06-16 05:21:40.331--Thread(Thread[Test worker,5,main])--(?i)oracle.* (There is no English translation for this message.)
[EL Finest]: dbPlatformHelper_regExprDbPlatform: 2016-06-16 05:21:40.331--Thread(Thread[Test worker,5,main])--SQL\ Anywhere.* (There is no English translation for this message.)
[EL Finest]: dbPlatformHelper_regExprDbPlatform: 2016-06-16 05:21:40.332--Thread(Thread[Test worker,5,main])--(?i)(sybase.*)|(adaptive\ server\ enterprise.*)|(SQL\ Server.*) (There is no English translation for this message.)
[EL Finest]: dbPlatformHelper_regExprDbPlatform: 2016-06-16 05:21:40.332--Thread(Thread[Test worker,5,main])--(?i)microsoft.* (There is no English translation for this message.)
[EL Finest]: dbPlatformHelper_regExprDbPlatform: 2016-06-16 05:21:40.332--Thread(Thread[Test worker,5,main])--(?i).*derby.* (There is no English translation for this message.)
[EL Finest]: dbPlatformHelper_regExprDbPlatform: 2016-06-16 05:21:40.332--Thread(Thread[Test worker,5,main])--(?i).*db2.* (There is no English translation for this message.)
[EL Finest]: dbPlatformHelper_regExprDbPlatform: 2016-06-16 05:21:40.332--Thread(Thread[Test worker,5,main])--(?i)pointbase.* (There is no English translation for this message.)
[EL Finest]: dbPlatformHelper_regExprDbPlatform: 2016-06-16 05:21:40.332--Thread(Thread[Test worker,5,main])--(?i)mysql.* (There is no English translation for this message.)
[EL Fine]: connection: 2016-06-16 05:21:40.333--Thread(Thread[Test worker,5,main])--Detected database platform: org.eclipse.persistence.platform.database.MySQLPlatform
[EL Config]: connection: 2016-06-16 05:21:40.339--ServerSession(166674373)--Connection(251261738)--Thread(Thread[Test worker,5,main])--connecting(DatabaseLogin(
	platform=>MySQLPlatform
	user name=> ""
	connector=>JNDIConnector datasource name=>null
))
[EL Config]: connection: 2016-06-16 05:21:40.34--ServerSession(166674373)--Connection(561626551)--Thread(Thread[Test worker,5,main])--Connected: jdbc:mysql://localhost-MYSQL:3306/salesdb?useUnicode=true&characterEncoding=UTF-8&zeroDateTimeBehavior=convertToNull
	User: salesdb@172.17.0.8
	Database: MySQL  Version: 5.7.7-rc
	Driver: MySQL Connector Java  Version: mysql-connector-java-5.1.31 ( Revision: alexander.soklakov@oracle.com-20140520065950-groqzzbvxprqdmnz )
[EL Finest]: connection: 2016-06-16 05:21:40.341--ServerSession(166674373)--Connection(1066814092)--Thread(Thread[Test worker,5,main])--Connection acquired from connection pool [read].
[EL Finest]: connection: 2016-06-16 05:21:40.341--ServerSession(166674373)--Connection(1066814092)--Thread(Thread[Test worker,5,main])--Connection released to connection pool [read].
[EL Config]: connection: 2016-06-16 05:21:40.341--ServerSession(166674373)--Connection(603475441)--Thread(Thread[Test worker,5,main])--connecting(DatabaseLogin(
	platform=>MySQLPlatform
	user name=> ""
	connector=>JNDIConnector datasource name=>null
))
[EL Config]: connection: 2016-06-16 05:21:40.344--ServerSession(166674373)--Connection(1520121681)--Thread(Thread[Test worker,5,main])--Connected: jdbc:mysql://localhost-MYSQL:3306/salesdb?useUnicode=true&characterEncoding=UTF-8&zeroDateTimeBehavior=convertToNull
	User: salesdb@172.17.0.8
	Database: MySQL  Version: 5.7.7-rc
	Driver: MySQL Connector Java  Version: mysql-connector-java-5.1.31 ( Revision: alexander.soklakov@oracle.com-20140520065950-groqzzbvxprqdmnz )
[EL Finest]: sequencing: 2016-06-16 05:21:40.351--ServerSession(166674373)--Thread(Thread[Test worker,5,main])--sequencing connected, state is NoPreallocation_State
[EL Finest]: sequencing: 2016-06-16 05:21:40.352--ServerSession(166674373)--Thread(Thread[Test worker,5,main])--sequence UUIDGenerator: preallocation size 50
[EL Finest]: sequencing: 2016-06-16 05:21:40.352--ServerSession(166674373)--Thread(Thread[Test worker,5,main])--sequence SEQ_GEN_IDENTITY: preallocation size 1
[EL Warning]: metadata: 2016-06-16 05:21:40.357--ServerSession(166674373)--Thread(Thread[Test worker,5,main])--Reverting the lazy setting on the OneToOne or ManyToOne attribute [coreContacts] for the entity class [class com.sales.app.shared.appbasicsetup.usermanagement.Login] since weaving was not enabled or did not occur.
[EL Warning]: metadata: 2016-06-16 05:21:40.357--ServerSession(166674373)--Thread(Thread[Test worker,5,main])--Reverting the lazy setting on the OneToOne or ManyToOne attribute [user] for the entity class [class com.sales.app.shared.appbasicsetup.usermanagement.Login] since weaving was not enabled or did not occur.
[EL Warning]: metadata: 2016-06-16 05:21:40.358--ServerSession(166674373)--Thread(Thread[Test worker,5,main])--Reverting the lazy setting on the OneToOne or ManyToOne attribute [user] for the entity class [class com.sales.app.shared.appbasicsetup.usermanagement.PassRecovery] since weaving was not enabled or did not occur.
[EL Warning]: metadata: 2016-06-16 05:21:40.358--ServerSession(166674373)--Thread(Thread[Test worker,5,main])--Reverting the lazy setting on the OneToOne or ManyToOne attribute [timezone] for the entity class [class com.sales.app.shared.organization.contactmanagement.CoreContacts] since weaving was not enabled or did not occur.
[EL Warning]: metadata: 2016-06-16 05:21:40.361--ServerSession(166674373)--Thread(Thread[Test worker,5,main])--Reverting the lazy setting on the OneToOne or ManyToOne attribute [user] for the entity class [class com.sales.app.shared.appbasicsetup.usermanagement.UserData] since weaving was not enabled or did not occur.
[EL Info]: connection: 2016-06-16 05:21:40.552--ServerSession(166674373)--Thread(Thread[Test worker,5,main])--file:/home/applifire/workspace/salesdemo/build/libs/app-shared-organization-locationmanagement-1.0.jar_com.sales login successful
[EL Finer]: metamodel: 2016-06-16 05:21:40.567--ServerSession(166674373)--Thread(Thread[Test worker,5,main])--Canonical Metamodel class [com.sales.app.shared.appinsight.alarms.ArtLoggingProperties_] not found during initialization.
[EL Finer]: metamodel: 2016-06-16 05:21:40.568--ServerSession(166674373)--Thread(Thread[Test worker,5,main])--Canonical Metamodel class [com.sales.app.shared.appbasicsetup.userrolemanagement.AppMenus_] not found during initialization.
[EL Finer]: metamodel: 2016-06-16 05:21:40.568--ServerSession(166674373)--Thread(Thread[Test worker,5,main])--Canonical Metamodel class [com.sales.app.shared.salesboundedcontext.sales.Material_] not found during initialization.
[EL Finer]: metamodel: 2016-06-16 05:21:40.568--ServerSession(166674373)--Thread(Thread[Test worker,5,main])--Canonical Metamodel class [com.sales.app.shared.organization.locationmanagement.City_] not found during initialization.
[EL Finer]: metamodel: 2016-06-16 05:21:40.569--ServerSession(166674373)--Thread(Thread[Test worker,5,main])--Canonical Metamodel class [com.athena.shared.dataengine.query.ArtQuery_] not found during initialization.
[EL Finer]: metamodel: 2016-06-16 05:21:40.569--ServerSession(166674373)--Thread(Thread[Test worker,5,main])--Canonical Metamodel class [com.sales.app.shared.appbasicsetup.usermanagement.PasswordAlgo_] not found during initialization.
[EL Finer]: metamodel: 2016-06-16 05:21:40.569--ServerSession(166674373)--Thread(Thread[Test worker,5,main])--Canonical Metamodel class [com.sales.app.shared.organization.locationmanagement.Address_] not found during initialization.
[EL Finer]: metamodel: 2016-06-16 05:21:40.569--ServerSession(166674373)--Thread(Thread[Test worker,5,main])--Canonical Metamodel class [com.sales.app.shared.salesboundedcontext.sales.Channel_] not found during initialization.
[EL Finer]: metamodel: 2016-06-16 05:21:40.57--ServerSession(166674373)--Thread(Thread[Test worker,5,main])--Canonical Metamodel class [com.spartan.server.session.entity.AppSessionConfig_] not found during initialization.
[EL Finer]: metamodel: 2016-06-16 05:21:40.57--ServerSession(166674373)--Thread(Thread[Test worker,5,main])--Canonical Metamodel class [com.spartan.healthmeter.entity.ZenHealthCounter_] not found during initialization.
[EL Finer]: metamodel: 2016-06-16 05:21:40.57--ServerSession(166674373)--Thread(Thread[Test worker,5,main])--Canonical Metamodel class [com.athena.shared.dataengine.report.ArtReportUI_] not found during initialization.
[EL Finer]: metamodel: 2016-06-16 05:21:40.571--ServerSession(166674373)--Thread(Thread[Test worker,5,main])--Canonical Metamodel class [com.sales.app.shared.appbasicsetup.usermanagement.User_] not found during initialization.
[EL Finer]: metamodel: 2016-06-16 05:21:40.571--ServerSession(166674373)--Thread(Thread[Test worker,5,main])--Canonical Metamodel class [com.sales.app.shared.appbasicsetup.usermanagement.UserAccessLevel_] not found during initialization.
[EL Finer]: metamodel: 2016-06-16 05:21:40.571--ServerSession(166674373)--Thread(Thread[Test worker,5,main])--Canonical Metamodel class [com.sales.app.shared.organization.contactmanagement.CommunicationGroup_] not found during initialization.
[EL Finer]: metamodel: 2016-06-16 05:21:40.572--ServerSession(166674373)--Thread(Thread[Test worker,5,main])--Canonical Metamodel class [com.sales.app.shared.SystemInfo_] not found during initialization.
[EL Finer]: metamodel: 2016-06-16 05:21:40.572--ServerSession(166674373)--Thread(Thread[Test worker,5,main])--Canonical Metamodel class [com.spartan.healthmeter.entity.ZenHealthStatus_] not found during initialization.
[EL Finer]: metamodel: 2016-06-16 05:21:40.572--ServerSession(166674373)--Thread(Thread[Test worker,5,main])--Canonical Metamodel class [com.sales.app.shared.appbasicsetup.aaa.ArtUserLastStatus_] not found during initialization.
[EL Finer]: metamodel: 2016-06-16 05:21:40.573--ServerSession(166674373)--Thread(Thread[Test worker,5,main])--Canonical Metamodel class [com.sales.app.shared.salesboundedcontext.sales.UserAccess_] not found during initialization.
[EL Finer]: metamodel: 2016-06-16 05:21:40.573--ServerSession(166674373)--Thread(Thread[Test worker,5,main])--Canonical Metamodel class [com.sales.app.shared.organization.contactmanagement.Gender_] not found during initialization.
[EL Finer]: metamodel: 2016-06-16 05:21:40.573--ServerSession(166674373)--Thread(Thread[Test worker,5,main])--Canonical Metamodel class [com.sales.app.shared.organization.locationmanagement.Country_] not found during initialization.
[EL Finer]: metamodel: 2016-06-16 05:21:40.573--ServerSession(166674373)--Thread(Thread[Test worker,5,main])--Canonical Metamodel class [com.sales.app.shared.appinsight.alarms.ArtLogDomain_] not found during initialization.
[EL Finer]: metamodel: 2016-06-16 05:21:40.574--ServerSession(166674373)--Thread(Thread[Test worker,5,main])--Canonical Metamodel class [com.sales.app.shared.organization.contactmanagement.CommunicationType_] not found during initialization.
[EL Finer]: metamodel: 2016-06-16 05:21:40.574--ServerSession(166674373)--Thread(Thread[Test worker,5,main])--Canonical Metamodel class [com.sales.app.shared.salesboundedcontext.sales.SalesRegion_] not found during initialization.
[EL Finer]: metamodel: 2016-06-16 05:21:40.574--ServerSession(166674373)--Thread(Thread[Test worker,5,main])--Canonical Metamodel class [com.spartan.healthmeter.entity.ZenRequestDetails_] not found during initialization.
[EL Finer]: metamodel: 2016-06-16 05:21:40.575--ServerSession(166674373)--Thread(Thread[Test worker,5,main])--Canonical Metamodel class [com.sales.app.shared.organization.contactmanagement.Title_] not found during initialization.
[EL Finer]: metamodel: 2016-06-16 05:21:40.575--ServerSession(166674373)--Thread(Thread[Test worker,5,main])--Canonical Metamodel class [com.sales.app.shared.organization.locationmanagement.AddressType_] not found during initialization.
[EL Finer]: metamodel: 2016-06-16 05:21:40.575--ServerSession(166674373)--Thread(Thread[Test worker,5,main])--Canonical Metamodel class [com.spartan.healthmeter.entity.ZenSchedulerHealth_] not found during initialization.
[EL Finer]: metamodel: 2016-06-16 05:21:40.576--ServerSession(166674373)--Thread(Thread[Test worker,5,main])--Canonical Metamodel class [com.sales.app.shared.salesboundedcontext.sales.Distributor_] not found during initialization.
[EL Finer]: metamodel: 2016-06-16 05:21:40.576--ServerSession(166674373)--Thread(Thread[Test worker,5,main])--Canonical Metamodel class [com.sales.app.shared.appbasicsetup.usermanagement.Login_] not found during initialization.
[EL Finer]: metamodel: 2016-06-16 05:21:40.576--ServerSession(166674373)--Thread(Thread[Test worker,5,main])--Canonical Metamodel class [com.sales.app.shared.salesboundedcontext.sales.SalesData_] not found during initialization.
[EL Finer]: metamodel: 2016-06-16 05:21:40.577--ServerSession(166674373)--Thread(Thread[Test worker,5,main])--Canonical Metamodel class [com.sales.app.shared.appinsight.alarms.ArtLogBoundedContext_] not found during initialization.
[EL Finer]: metamodel: 2016-06-16 05:21:40.577--ServerSession(166674373)--Thread(Thread[Test worker,5,main])--Canonical Metamodel class [com.sales.app.shared.salesboundedcontext.sales.CurrentMonth_] not found during initialization.
[EL Finer]: metamodel: 2016-06-16 05:21:40.577--ServerSession(166674373)--Thread(Thread[Test worker,5,main])--Canonical Metamodel class [com.spartan.healthmeter.entity.HealthSchedulerConfiguration_] not found during initialization.
[EL Finer]: metamodel: 2016-06-16 05:21:40.577--ServerSession(166674373)--Thread(Thread[Test worker,5,main])--Canonical Metamodel class [com.sales.app.shared.appbasicsetup.usermanagement.PasswordPolicy_] not found during initialization.
[EL Finer]: metamodel: 2016-06-16 05:21:40.578--ServerSession(166674373)--Thread(Thread[Test worker,5,main])--Canonical Metamodel class [com.sales.app.shared.appbasicsetup.usermanagement.PassRecovery_] not found during initialization.
[EL Finer]: metamodel: 2016-06-16 05:21:40.578--ServerSession(166674373)--Thread(Thread[Test worker,5,main])--Canonical Metamodel class [com.sales.app.shared.appinsight.alarms.ArtLogConfig_] not found during initialization.
[EL Finer]: metamodel: 2016-06-16 05:21:40.578--ServerSession(166674373)--Thread(Thread[Test worker,5,main])--Canonical Metamodel class [com.athena.cloud.shared.entity.CloudDriveTagShared_] not found during initialization.
[EL Finer]: metamodel: 2016-06-16 05:21:40.579--ServerSession(166674373)--Thread(Thread[Test worker,5,main])--Canonical Metamodel class [com.sales.app.shared.organization.contactmanagement.CommunicationData_] not found during initialization.
[EL Finer]: metamodel: 2016-06-16 05:21:40.579--ServerSession(166674373)--Thread(Thread[Test worker,5,main])--Canonical Metamodel class [com.sales.app.shared.organization.contactmanagement.CoreContacts_] not found during initialization.
[EL Finer]: metamodel: 2016-06-16 05:21:40.579--ServerSession(166674373)--Thread(Thread[Test worker,5,main])--Canonical Metamodel class [com.sales.app.shared.EntityAudit_] not found during initialization.
[EL Finer]: metamodel: 2016-06-16 05:21:40.58--ServerSession(166674373)--Thread(Thread[Test worker,5,main])--Canonical Metamodel class [com.sales.app.shared.salesboundedcontext.sales.Brand_] not found during initialization.
[EL Finer]: metamodel: 2016-06-16 05:21:40.58--ServerSession(166674373)--Thread(Thread[Test worker,5,main])--Canonical Metamodel class [com.athena.cloud.shared.entity.CloudDriveFiles_] not found during initialization.
[EL Finer]: metamodel: 2016-06-16 05:21:40.58--ServerSession(166674373)--Thread(Thread[Test worker,5,main])--Canonical Metamodel class [com.sales.app.shared.organization.locationmanagement.Timezone_] not found during initialization.
[EL Finer]: metamodel: 2016-06-16 05:21:40.581--ServerSession(166674373)--Thread(Thread[Test worker,5,main])--Canonical Metamodel class [com.sales.app.shared.appinsight.alarms.ArtLogSeverity_] not found during initialization.
[EL Finer]: metamodel: 2016-06-16 05:21:40.581--ServerSession(166674373)--Thread(Thread[Test worker,5,main])--Canonical Metamodel class [com.spartan.healthmeter.entity.ZenHealthGauge_] not found during initialization.
[EL Finer]: metamodel: 2016-06-16 05:21:40.581--ServerSession(166674373)--Thread(Thread[Test worker,5,main])--Canonical Metamodel class [com.athena.cloud.shared.entity.CloudDriveTagFiles_] not found during initialization.
[EL Finer]: metamodel: 2016-06-16 05:21:40.581--ServerSession(166674373)--Thread(Thread[Test worker,5,main])--Canonical Metamodel class [com.athena.cloud.shared.entity.CloudDriveDefaultTags_] not found during initialization.
[EL Finer]: metamodel: 2016-06-16 05:21:40.582--ServerSession(166674373)--Thread(Thread[Test worker,5,main])--Canonical Metamodel class [com.sales.app.shared.appbasicsetup.usermanagement.UserAccessDomain_] not found during initialization.
[EL Finer]: metamodel: 2016-06-16 05:21:40.582--ServerSession(166674373)--Thread(Thread[Test worker,5,main])--Canonical Metamodel class [com.sales.app.shared.salesboundedcontext.sales.Retailer_] not found during initialization.
[EL Finer]: metamodel: 2016-06-16 05:21:40.582--ServerSession(166674373)--Thread(Thread[Test worker,5,main])--Canonical Metamodel class [com.sales.app.shared.appbasicsetup.usermanagement.SessionData_] not found during initialization.
[EL Finer]: metamodel: 2016-06-16 05:21:40.583--ServerSession(166674373)--Thread(Thread[Test worker,5,main])--Canonical Metamodel class [com.spartan.healthmeter.shared.SystemInfo_] not found during initialization.
[EL Finer]: metamodel: 2016-06-16 05:21:40.583--ServerSession(166674373)--Thread(Thread[Test worker,5,main])--Canonical Metamodel class [com.sales.app.shared.organization.locationmanagement.Language_] not found during initialization.
[EL Finer]: metamodel: 2016-06-16 05:21:40.583--ServerSession(166674373)--Thread(Thread[Test worker,5,main])--Canonical Metamodel class [com.sales.app.shared.appinsight.alarms.ArtLogException_] not found during initialization.
[EL Finer]: metamodel: 2016-06-16 05:21:40.584--ServerSession(166674373)--Thread(Thread[Test worker,5,main])--Canonical Metamodel class [com.sales.app.shared.appbasicsetup.usermanagement.ArtPasswordPolicy_] not found during initialization.
[EL Finer]: metamodel: 2016-06-16 05:21:40.584--ServerSession(166674373)--Thread(Thread[Test worker,5,main])--Canonical Metamodel class [com.sales.app.shared.appinsight.alarms.ArtLogConnectorAttributes_] not found during initialization.
[EL Finer]: metamodel: 2016-06-16 05:21:40.584--ServerSession(166674373)--Thread(Thread[Test worker,5,main])--Canonical Metamodel class [com.sales.app.shared.appinsight.alarms.ArtLogConnector_] not found during initialization.
[EL Finer]: metamodel: 2016-06-16 05:21:40.585--ServerSession(166674373)--Thread(Thread[Test worker,5,main])--Canonical Metamodel class [com.sales.app.shared.appbasicsetup.userrolemanagement.RoleMenuBridge_] not found during initialization.
[EL Finer]: metamodel: 2016-06-16 05:21:40.585--ServerSession(166674373)--Thread(Thread[Test worker,5,main])--Canonical Metamodel class [com.spartan.healthmeter.entity.ArtHealthStatusConfiguration_] not found during initialization.
[EL Finer]: metamodel: 2016-06-16 05:21:40.585--ServerSession(166674373)--Thread(Thread[Test worker,5,main])--Canonical Metamodel class [com.sales.app.shared.appinsight.alarms.ArtLogAlarm_] not found during initialization.
[EL Finer]: metamodel: 2016-06-16 05:21:40.586--ServerSession(166674373)--Thread(Thread[Test worker,5,main])--Canonical Metamodel class [com.sales.app.shared.appbasicsetup.usermanagement.UserData_] not found during initialization.
[EL Finer]: metamodel: 2016-06-16 05:21:40.586--ServerSession(166674373)--Thread(Thread[Test worker,5,main])--Canonical Metamodel class [com.sales.app.shared.appbasicsetup.usermanagement.Question_] not found during initialization.
[EL Finer]: metamodel: 2016-06-16 05:21:40.586--ServerSession(166674373)--Thread(Thread[Test worker,5,main])--Canonical Metamodel class [com.sales.app.shared.salesboundedcontext.sales.Category_] not found during initialization.
[EL Finer]: metamodel: 2016-06-16 05:21:40.586--ServerSession(166674373)--Thread(Thread[Test worker,5,main])--Canonical Metamodel class [com.sales.app.shared.appbasicsetup.userrolemanagement.Roles_] not found during initialization.
[EL Finer]: metamodel: 2016-06-16 05:21:40.587--ServerSession(166674373)--Thread(Thread[Test worker,5,main])--Canonical Metamodel class [com.sales.app.shared.appbasicsetup.usermanagement.ArtPasswordAlgorithm_] not found during initialization.
[EL Finer]: metamodel: 2016-06-16 05:21:40.587--ServerSession(166674373)--Thread(Thread[Test worker,5,main])--Canonical Metamodel class [com.sales.app.shared.appbasicsetup.userrolemanagement.UserRoleBridge_] not found during initialization.
[EL Finer]: metamodel: 2016-06-16 05:21:40.587--ServerSession(166674373)--Thread(Thread[Test worker,5,main])--Canonical Metamodel class [com.athena.cloud.shared.entity.CloudDriveFileVersion_] not found during initialization.
[EL Finer]: metamodel: 2016-06-16 05:21:40.588--ServerSession(166674373)--Thread(Thread[Test worker,5,main])--Canonical Metamodel class [com.spartan.healthmeter.entity.ArtHealthSchedulerConfiguration_] not found during initialization.
[EL Finer]: metamodel: 2016-06-16 05:21:40.588--ServerSession(166674373)--Thread(Thread[Test worker,5,main])--Canonical Metamodel class [com.sales.app.shared.appinsight.alarms.ArtLogEventAction_] not found during initialization.
[EL Finer]: metamodel: 2016-06-16 05:21:40.588--ServerSession(166674373)--Thread(Thread[Test worker,5,main])--Canonical Metamodel class [com.sales.app.shared.appinsight.alarms.ArtLogEvents_] not found during initialization.
[EL Finer]: metamodel: 2016-06-16 05:21:40.589--ServerSession(166674373)--Thread(Thread[Test worker,5,main])--Canonical Metamodel class [com.sales.app.shared.appbasicsetup.usermanagement.ArtAppNotificationTemplate_] not found during initialization.
[EL Finer]: metamodel: 2016-06-16 05:21:40.589--ServerSession(166674373)--Thread(Thread[Test worker,5,main])--Canonical Metamodel class [com.spartan.healthmeter.shared.EntityAudit_] not found during initialization.
[EL Finer]: metamodel: 2016-06-16 05:21:40.589--ServerSession(166674373)--Thread(Thread[Test worker,5,main])--Canonical Metamodel class [com.sales.app.shared.organization.contactmanagement.ContactType_] not found during initialization.
[EL Finer]: metamodel: 2016-06-16 05:21:40.589--ServerSession(166674373)--Thread(Thread[Test worker,5,main])--Canonical Metamodel class [com.sales.app.shared.organization.locationmanagement.State_] not found during initialization.
[EL Finer]: metamodel: 2016-06-16 05:21:40.59--ServerSession(166674373)--Thread(Thread[Test worker,5,main])--Canonical Metamodel class [com.athena.cloud.shared.entity.CloudDriveFileShared_] not found during initialization.
[EL Finer]: metamodel: 2016-06-16 05:21:40.59--ServerSession(166674373)--Thread(Thread[Test worker,5,main])--Canonical Metamodel class [com.sales.app.shared.appinsight.alarms.ArtLogArchitectureLayer_] not found during initialization.
[EL Finer]: metamodel: 2016-06-16 05:21:40.59--ServerSession(166674373)--Thread(Thread[Test worker,5,main])--Canonical Metamodel class [com.athena.cloud.shared.entity.CloudDriveContentType_] not found during initialization.
[EL Finer]: metamodel: 2016-06-16 05:21:40.591--ServerSession(166674373)--Thread(Thread[Test worker,5,main])--Canonical Metamodel class [com.athena.cloud.shared.entity.CloudDriveTags_] not found during initialization.
[EL Finer]: metamodel: 2016-06-16 05:21:40.591--ServerSession(166674373)--Thread(Thread[Test worker,5,main])--Canonical Metamodel class [com.spartan.healthmeter.entity.ZenHealth_] not found during initialization.
[EL Finer]: metamodel: 2016-06-16 05:21:40.591--ServerSession(166674373)--Thread(Thread[Test worker,5,main])--Canonical Metamodel class [com.sales.app.shared.appbasicsetup.usermanagement.LoginSession_] not found during initialization.
[EL Finer]: metamodel: 2016-06-16 05:21:40.592--ServerSession(166674373)--Thread(Thread[Test worker,5,main])--Canonical Metamodel class [com.sales.app.shared.appinsight.alarms.ArtLogStatus_] not found during initialization.
[EL Finer]: metamodel: 2016-06-16 05:21:40.592--ServerSession(166674373)--Thread(Thread[Test worker,5,main])--Canonical Metamodel class [com.athena.shared.pluggable.entity.ArtEntity_] not found during initialization.
[EL Finer]: metamodel: 2016-06-16 05:21:40.592--ServerSession(166674373)--Thread(Thread[Test worker,5,main])--Canonical Metamodel class [com.athena.shared.pluggable.entity.AuditPropertiesEntity_] not found during initialization.
[EL Finest]: jpa: 2016-06-16 05:21:40.592--ServerSession(166674373)--Thread(Thread[Test worker,5,main])--End deploying Persistence Unit com.sales; session file:/home/applifire/workspace/salesdemo/build/libs/app-shared-organization-locationmanagement-1.0.jar_com.sales; state Deployed; factoryCount 1
FROM TRANSACTION MANAGER ENTITY MANAGER FACTORY BEAN  is org.springframework.orm.jpa.LocalContainerEntityManagerFactoryBean@3abe0d36
[EL Finer]: connection: 2016-06-16 05:21:47.713--ServerSession(166674373)--Thread(Thread[Test worker,5,main])--client acquired: 422025187
[EL Finer]: transaction: 2016-06-16 05:21:47.72--ClientSession(422025187)--Thread(Thread[Test worker,5,main])--acquire unit of work: 1079894499
[EL Finest]: connection: 2016-06-16 05:21:47.721--ServerSession(166674373)--Connection(1402543896)--Thread(Thread[Test worker,5,main])--Connection acquired from connection pool [default].
[EL Finer]: transaction: 2016-06-16 05:21:47.721--ClientSession(422025187)--Connection(1402543896)--Thread(Thread[Test worker,5,main])--begin transaction
[EL Finest]: connection: 2016-06-16 05:21:47.721--ClientSession(422025187)--Thread(Thread[Test worker,5,main])--reconnecting to external connection pool
[EL Finer]: transaction: 2016-06-16 05:21:47.735--UnitOfWork(1079894499)--Thread(Thread[Test worker,5,main])--begin unit of work flush
[EL Finer]: transaction: 2016-06-16 05:21:47.735--UnitOfWork(1079894499)--Thread(Thread[Test worker,5,main])--end unit of work flush
[EL Finest]: query: 2016-06-16 05:21:47.735--UnitOfWork(1079894499)--Thread(Thread[Test worker,5,main])--Execute query ReadAllQuery(referenceClass=ArtQuery sql="SELECT query_id, active_status, app_creator_id, created_by, created_date, hidden_name, jpql_query, name, project_id, project_version_id, query_json, query_type, sql_query, updated_by, updated_date, user_access, version_id FROM art_query WHERE (active_status = ?)")
[EL Fine]: sql: 2016-06-16 05:21:47.737--ClientSession(422025187)--Connection(760850602)--Thread(Thread[Test worker,5,main])--SELECT query_id, active_status, app_creator_id, created_by, created_date, hidden_name, jpql_query, name, project_id, project_version_id, query_json, query_type, sql_query, updated_by, updated_date, user_access, version_id FROM art_query WHERE (active_status = ?)
	bind => [true]
Repository handle
[EL Finer]: transaction: 2016-06-16 05:21:47.753--UnitOfWork(1079894499)--Thread(Thread[Test worker,5,main])--begin unit of work commit
[EL Finer]: transaction: 2016-06-16 05:21:47.756--ClientSession(422025187)--Connection(760850602)--Thread(Thread[Test worker,5,main])--commit transaction
[EL Finest]: connection: 2016-06-16 05:21:47.757--ServerSession(166674373)--Connection(1402543896)--Thread(Thread[Test worker,5,main])--Connection released to connection pool [default].
[EL Finer]: transaction: 2016-06-16 05:21:47.757--UnitOfWork(1079894499)--Thread(Thread[Test worker,5,main])--end unit of work commit
[EL Finer]: transaction: 2016-06-16 05:21:47.757--UnitOfWork(1079894499)--Thread(Thread[Test worker,5,main])--resume unit of work
[EL Finer]: transaction: 2016-06-16 05:21:47.758--UnitOfWork(1079894499)--Thread(Thread[Test worker,5,main])--release unit of work
[EL Finer]: connection: 2016-06-16 05:21:47.758--ClientSession(422025187)--Thread(Thread[Test worker,5,main])--client released
[EL Finer]: connection: 2016-06-16 05:21:47.759--ServerSession(166674373)--Thread(Thread[Test worker,5,main])--client acquired: 2020231176
[EL Finer]: transaction: 2016-06-16 05:21:47.759--ClientSession(2020231176)--Thread(Thread[Test worker,5,main])--acquire unit of work: 161432315
[EL Finest]: connection: 2016-06-16 05:21:47.759--ServerSession(166674373)--Connection(921072044)--Thread(Thread[Test worker,5,main])--Connection acquired from connection pool [default].
[EL Finer]: transaction: 2016-06-16 05:21:47.759--ClientSession(2020231176)--Connection(921072044)--Thread(Thread[Test worker,5,main])--begin transaction
[EL Finest]: connection: 2016-06-16 05:21:47.759--ClientSession(2020231176)--Thread(Thread[Test worker,5,main])--reconnecting to external connection pool
[EL Finest]: transaction: 2016-06-16 05:21:47.764--UnitOfWork(161432315)--Thread(Thread[Test worker,5,main])--Merge clone with references AwsQuery [queryId=1B927795-B7A1-4554-ABB7-DE02D62BF947, jpqlQuery=SELECT u FROM Login u WHERE u.systemInfo.activeStatus=1 AND u.user.userId IN (SELECT ub.userId FROM UserRoleBridge ub), queryType=1, name=findMappedUser, hiddenName=FINDMAPPEDUSER]
[EL Finest]: query: 2016-06-16 05:21:47.765--UnitOfWork(161432315)--Thread(Thread[Test worker,5,main])--Execute query ReadObjectQuery(referenceClass=ArtQuery )
[EL Fine]: sql: 2016-06-16 05:21:47.765--ClientSession(2020231176)--Connection(1062570827)--Thread(Thread[Test worker,5,main])--SELECT query_id, active_status, app_creator_id, created_by, created_date, hidden_name, jpql_query, name, project_id, project_version_id, query_json, query_type, sql_query, updated_by, updated_date, user_access, version_id FROM art_query WHERE (query_id = ?)
	bind => [1B927795-B7A1-4554-ABB7-DE02D62BF947]
SELECT t0.loginPk, t0.failedLoginAttempts, t0.loginId, t0.serverAuthImage, t0.serverAuthText, t0.versionId, t0.createdBy, t0.createdDate, t0.updatedBy, t0.updatedDate, t0.activeStatus, t0.txnAccessCode, t0.contactId, t0.userId FROM ast_Login_T t0, ast_User_T t1 WHERE (((t0.activeStatus = ?) AND t1.userId IN (SELECT t2.userId FROM ast_UserRoleBridge_T t2)) AND (t1.userId = t0.userId))
[EL Finer]: transaction: 2016-06-16 05:21:47.767--UnitOfWork(161432315)--Thread(Thread[Test worker,5,main])--begin unit of work commit
[EL Finest]: query: 2016-06-16 05:21:47.768--UnitOfWork(161432315)--Thread(Thread[Test worker,5,main])--Execute query UpdateObjectQuery(AwsQuery [queryId=1B927795-B7A1-4554-ABB7-DE02D62BF947, jpqlQuery=SELECT u FROM Login u WHERE u.systemInfo.activeStatus=1 AND u.user.userId IN (SELECT ub.userId FROM UserRoleBridge ub), queryType=1, name=findMappedUser, hiddenName=FINDMAPPEDUSER])
[EL Fine]: sql: 2016-06-16 05:21:47.769--ClientSession(2020231176)--Connection(1062570827)--Thread(Thread[Test worker,5,main])--UPDATE art_query SET sql_query = ? WHERE (query_id = ?)
	bind => [SELECT t0.loginPk, t0.failedLoginAttempts, t0.loginId, t0.serverAuthImage, t0.serverAuthText, t0.versionId, t0.createdBy, t0.createdDate, t0.updatedBy, t0.updatedDate, t0.activeStatus, t0.txnAccessCode, t0.contactId, t0.userId FROM ast_Login_T t0, ast_User_T t1 WHERE (((t0.activeStatus = ?) AND t1.userId IN (SELECT t2.userId FROM ast_UserRoleBridge_T t2)) AND (t1.userId = t0.userId)), 1B927795-B7A1-4554-ABB7-DE02D62BF947]
[EL Finer]: transaction: 2016-06-16 05:21:48.07--ClientSession(2020231176)--Connection(1062570827)--Thread(Thread[Test worker,5,main])--commit transaction
[EL Finest]: connection: 2016-06-16 05:21:48.418--ServerSession(166674373)--Connection(921072044)--Thread(Thread[Test worker,5,main])--Connection released to connection pool [default].
[EL Finer]: transaction: 2016-06-16 05:21:48.418--UnitOfWork(161432315)--Thread(Thread[Test worker,5,main])--end unit of work commit
[EL Finer]: transaction: 2016-06-16 05:21:48.418--UnitOfWork(161432315)--Thread(Thread[Test worker,5,main])--resume unit of work
[EL Finer]: transaction: 2016-06-16 05:21:48.419--UnitOfWork(161432315)--Thread(Thread[Test worker,5,main])--release unit of work
[EL Finer]: connection: 2016-06-16 05:21:48.419--ClientSession(2020231176)--Thread(Thread[Test worker,5,main])--client released
[EL Finer]: connection: 2016-06-16 05:21:48.42--ServerSession(166674373)--Thread(Thread[Test worker,5,main])--client acquired: 1362831887
[EL Finer]: transaction: 2016-06-16 05:21:48.42--ClientSession(1362831887)--Thread(Thread[Test worker,5,main])--acquire unit of work: 54945907
[EL Finest]: connection: 2016-06-16 05:21:48.421--ServerSession(166674373)--Connection(57890739)--Thread(Thread[Test worker,5,main])--Connection acquired from connection pool [default].
[EL Finer]: transaction: 2016-06-16 05:21:48.421--ClientSession(1362831887)--Connection(57890739)--Thread(Thread[Test worker,5,main])--begin transaction
[EL Finest]: connection: 2016-06-16 05:21:48.421--ClientSession(1362831887)--Thread(Thread[Test worker,5,main])--reconnecting to external connection pool
[EL Finest]: transaction: 2016-06-16 05:21:48.424--UnitOfWork(54945907)--Thread(Thread[Test worker,5,main])--Merge clone with references AwsQuery [queryId=33BDF06A-EB20-4E5E-BD04-9009BE41EF60, jpqlQuery=select e from SessionData e where e.systemInfo.activeStatus=1 and e.appSessionId=:appSessionId and e.sessionKey =:sessionKey, queryType=1, name=findBySessionKey, hiddenName=FINDBYSESSIONKEY]
[EL Finest]: query: 2016-06-16 05:21:48.425--UnitOfWork(54945907)--Thread(Thread[Test worker,5,main])--Execute query ReadObjectQuery(referenceClass=ArtQuery )
[EL Fine]: sql: 2016-06-16 05:21:48.425--ClientSession(1362831887)--Connection(1130356006)--Thread(Thread[Test worker,5,main])--SELECT query_id, active_status, app_creator_id, created_by, created_date, hidden_name, jpql_query, name, project_id, project_version_id, query_json, query_type, sql_query, updated_by, updated_date, user_access, version_id FROM art_query WHERE (query_id = ?)
	bind => [33BDF06A-EB20-4E5E-BD04-9009BE41EF60]
SELECT dataId, appSessionId, booleanValue, customerId, dataType, dateTimeValue, jsonValue, numberValue, sessionKey, stringValue, userId, versionId, createdBy, createdDate, updatedBy, updatedDate, activeStatus, txnAccessCode FROM ast_SessionData_T WHERE (((activeStatus = ?) AND (appSessionId = ?)) AND (sessionKey = ?))
[EL Finer]: transaction: 2016-06-16 05:21:48.429--UnitOfWork(54945907)--Thread(Thread[Test worker,5,main])--begin unit of work commit
[EL Finest]: query: 2016-06-16 05:21:48.429--UnitOfWork(54945907)--Thread(Thread[Test worker,5,main])--Execute query UpdateObjectQuery(AwsQuery [queryId=33BDF06A-EB20-4E5E-BD04-9009BE41EF60, jpqlQuery=select e from SessionData e where e.systemInfo.activeStatus=1 and e.appSessionId=:appSessionId and e.sessionKey =:sessionKey, queryType=1, name=findBySessionKey, hiddenName=FINDBYSESSIONKEY])
[EL Fine]: sql: 2016-06-16 05:21:48.429--ClientSession(1362831887)--Connection(1130356006)--Thread(Thread[Test worker,5,main])--UPDATE art_query SET sql_query = ? WHERE (query_id = ?)
	bind => [SELECT dataId, appSessionId, booleanValue, customerId, dataType, dateTimeValue, jsonValue, numberValue, sessionKey, stringValue, userId, versionId, createdBy, createdDate, updatedBy, updatedDate, activeStatus, txnAccessCode FROM ast_SessionData_T WHERE (((activeStatus = ?) AND (appSessionId = ?)) AND (sessionKey = ?)), 33BDF06A-EB20-4E5E-BD04-9009BE41EF60]
[EL Finer]: transaction: 2016-06-16 05:21:48.431--ClientSession(1362831887)--Connection(1130356006)--Thread(Thread[Test worker,5,main])--commit transaction
[EL Finest]: connection: 2016-06-16 05:21:48.925--ServerSession(166674373)--Connection(57890739)--Thread(Thread[Test worker,5,main])--Connection released to connection pool [default].
[EL Finer]: transaction: 2016-06-16 05:21:48.926--UnitOfWork(54945907)--Thread(Thread[Test worker,5,main])--end unit of work commit
[EL Finer]: transaction: 2016-06-16 05:21:48.926--UnitOfWork(54945907)--Thread(Thread[Test worker,5,main])--resume unit of work
[EL Finer]: transaction: 2016-06-16 05:21:48.926--UnitOfWork(54945907)--Thread(Thread[Test worker,5,main])--release unit of work
[EL Finer]: connection: 2016-06-16 05:21:48.926--ClientSession(1362831887)--Thread(Thread[Test worker,5,main])--client released
[EL Finer]: connection: 2016-06-16 05:21:48.927--ServerSession(166674373)--Thread(Thread[Test worker,5,main])--client acquired: 411518054
[EL Finer]: transaction: 2016-06-16 05:21:48.927--ClientSession(411518054)--Thread(Thread[Test worker,5,main])--acquire unit of work: 1486590238
[EL Finest]: connection: 2016-06-16 05:21:48.927--ServerSession(166674373)--Connection(1297380868)--Thread(Thread[Test worker,5,main])--Connection acquired from connection pool [default].
[EL Finer]: transaction: 2016-06-16 05:21:48.927--ClientSession(411518054)--Connection(1297380868)--Thread(Thread[Test worker,5,main])--begin transaction
[EL Finest]: connection: 2016-06-16 05:21:48.927--ClientSession(411518054)--Thread(Thread[Test worker,5,main])--reconnecting to external connection pool
[EL Finest]: transaction: 2016-06-16 05:21:48.947--UnitOfWork(1486590238)--Thread(Thread[Test worker,5,main])--Merge clone with references AwsQuery [queryId=4EC60CF1-23DA-47CE-B73F-1B3D880CEC47, jpqlQuery=SELECT material.materialdesc,category.categoryInformation,salesRegion.regionname,brand.branddesc,distributor.distributorname,distributor.longitude,distributor.lattitude,channel.channelInformation,salesData.salesdate,salesData.salesyear,salesData.salesinvoicenbr,salesData.salesqty,salesData.netsalesamt,salesData.grosssalesamt,salesData.entityAudit.updatedDate,currentMonth.monthid,currentMonth.monthname,retailer.retailername FROM Material AS material,Category AS category,SalesRegion AS salesRegion,Brand AS brand,Distributor AS distributor,Channel AS channel,SalesData AS salesData,CurrentMonth AS currentMonth,Retailer AS retailer 
 WHERE 
  salesRegion.regioncode = distributor.regioncode 
 AND distributor.distributorcode = retailer.distributorcode 
 AND category.categoryId = brand.categoryId 
 AND retailer.retailercode = salesData.reatilercode 
 AND brand.brandcode = material.brandcode 
 AND channel.channelId = salesData.channelId 
 AND currentMonth.monthid = salesData.salesmonth 
 AND material.materialcode = salesData.materialcode 
 AND category.categoryId = salesData.categoryId 
 
 
 ORDER BY  currentMonth.monthid, queryType=2, name=Sales Detail, hiddenName=SALES DETAIL]
[EL Finest]: query: 2016-06-16 05:21:48.947--UnitOfWork(1486590238)--Thread(Thread[Test worker,5,main])--Execute query ReadObjectQuery(referenceClass=ArtQuery )
[EL Fine]: sql: 2016-06-16 05:21:48.948--ClientSession(411518054)--Connection(1978717849)--Thread(Thread[Test worker,5,main])--SELECT query_id, active_status, app_creator_id, created_by, created_date, hidden_name, jpql_query, name, project_id, project_version_id, query_json, query_type, sql_query, updated_by, updated_date, user_access, version_id FROM art_query WHERE (query_id = ?)
	bind => [4EC60CF1-23DA-47CE-B73F-1B3D880CEC47]
SELECT t0.materialdesc, t1.categoryInformation, t2.regionname, t3.branddesc, t4.distributorname, t4.longitude, t4.lattitude, t5.channelInformation, t6.salesdate, t6.salesyear, t6.salesinvoicenbr, t6.salesqty, t6.netsalesamt, t6.grosssalesamt, t6.updatedDate, t7.monthid, t7.monthname, t8.retailername FROM ast_Retailer_M t8, ast_CurrentMonth_M t7, ast_SalesData_T t6, ast_Channel_M t5, ast_Distributor_M t4, ast_Brand_M t3, ast_SalesRegion_M t2, ast_Category_M t1, ast_Material_M t0 WHERE (((((((((t2.regioncode = t4.regioncode) AND (t4.distributorcode = t8.distributorcode)) AND (t1.categoryId = t3.categoryId)) AND (t8.retailercode = t6.reatilercode)) AND (t3.brandcode = t0.brandcode)) AND (t5.channelId = t6.channelId)) AND (t7.monthid = t6.salesmonth)) AND (t0.materialcode = t6.materialcode)) AND (t1.categoryId = t6.categoryId)) ORDER BY t7.monthid
[EL Finer]: transaction: 2016-06-16 05:21:48.951--UnitOfWork(1486590238)--Thread(Thread[Test worker,5,main])--begin unit of work commit
[EL Finest]: query: 2016-06-16 05:21:48.952--UnitOfWork(1486590238)--Thread(Thread[Test worker,5,main])--Execute query UpdateObjectQuery(AwsQuery [queryId=4EC60CF1-23DA-47CE-B73F-1B3D880CEC47, jpqlQuery=SELECT material.materialdesc,category.categoryInformation,salesRegion.regionname,brand.branddesc,distributor.distributorname,distributor.longitude,distributor.lattitude,channel.channelInformation,salesData.salesdate,salesData.salesyear,salesData.salesinvoicenbr,salesData.salesqty,salesData.netsalesamt,salesData.grosssalesamt,salesData.entityAudit.updatedDate,currentMonth.monthid,currentMonth.monthname,retailer.retailername FROM Material AS material,Category AS category,SalesRegion AS salesRegion,Brand AS brand,Distributor AS distributor,Channel AS channel,SalesData AS salesData,CurrentMonth AS currentMonth,Retailer AS retailer 
 WHERE 
  salesRegion.regioncode = distributor.regioncode 
 AND distributor.distributorcode = retailer.distributorcode 
 AND category.categoryId = brand.categoryId 
 AND retailer.retailercode = salesData.reatilercode 
 AND brand.brandcode = material.brandcode 
 AND channel.channelId = salesData.channelId 
 AND currentMonth.monthid = salesData.salesmonth 
 AND material.materialcode = salesData.materialcode 
 AND category.categoryId = salesData.categoryId 
 
 
 ORDER BY  currentMonth.monthid, queryType=2, name=Sales Detail, hiddenName=SALES DETAIL])
[EL Fine]: sql: 2016-06-16 05:21:48.952--ClientSession(411518054)--Connection(1978717849)--Thread(Thread[Test worker,5,main])--UPDATE art_query SET sql_query = ? WHERE (query_id = ?)
	bind => [SELECT t0.materialdesc, t1.categoryInformation, t2.regionname, t3.branddesc, t4.distributorname, t4.longitude, t4.lattitude, t5.channelInformation, t6.salesdate, t6.salesyear, t6.salesinvoicenbr, t6.salesqty, t6.netsalesamt, t6.grosssalesamt, t6.updatedDate, t7.monthid, t7.monthname, t8.retailername FROM ast_Retailer_M t8, ast_CurrentMonth_M t7, ast_SalesData_T t6, ast_Channel_M t5, ast_Distributor_M t4, ast_Brand_M t3, ast_SalesRegion_M t2, ast_Category_M t1, ast_Material_M t0 WHERE (((((((((t2.regioncode = t4.regioncode) AND (t4.distributorcode = t8.distributorcode)) AND (t1.categoryId = t3.categoryId)) AND (t8.retailercode = t6.reatilercode)) AND (t3.brandcode = t0.brandcode)) AND (t5.channelId = t6.channelId)) AND (t7.monthid = t6.salesmonth)) AND (t0.materialcode = t6.materialcode)) AND (t1.categoryId = t6.categoryId)) ORDER BY t7.monthid, 4EC60CF1-23DA-47CE-B73F-1B3D880CEC47]
[EL Finer]: transaction: 2016-06-16 05:21:49.1--ClientSession(411518054)--Connection(1978717849)--Thread(Thread[Test worker,5,main])--commit transaction
[EL Finest]: connection: 2016-06-16 05:21:49.373--ServerSession(166674373)--Connection(1297380868)--Thread(Thread[Test worker,5,main])--Connection released to connection pool [default].
[EL Finer]: transaction: 2016-06-16 05:21:49.374--UnitOfWork(1486590238)--Thread(Thread[Test worker,5,main])--end unit of work commit
[EL Finer]: transaction: 2016-06-16 05:21:49.374--UnitOfWork(1486590238)--Thread(Thread[Test worker,5,main])--resume unit of work
[EL Finer]: transaction: 2016-06-16 05:21:49.374--UnitOfWork(1486590238)--Thread(Thread[Test worker,5,main])--release unit of work
[EL Finer]: connection: 2016-06-16 05:21:49.374--ClientSession(411518054)--Thread(Thread[Test worker,5,main])--client released
[EL Finer]: connection: 2016-06-16 05:21:49.375--ServerSession(166674373)--Thread(Thread[Test worker,5,main])--client acquired: 2126980093
[EL Finer]: transaction: 2016-06-16 05:21:49.375--ClientSession(2126980093)--Thread(Thread[Test worker,5,main])--acquire unit of work: 1141635089
[EL Finest]: connection: 2016-06-16 05:21:49.375--ServerSession(166674373)--Connection(1842038525)--Thread(Thread[Test worker,5,main])--Connection acquired from connection pool [default].
[EL Finer]: transaction: 2016-06-16 05:21:49.375--ClientSession(2126980093)--Connection(1842038525)--Thread(Thread[Test worker,5,main])--begin transaction
[EL Finest]: connection: 2016-06-16 05:21:49.376--ClientSession(2126980093)--Thread(Thread[Test worker,5,main])--reconnecting to external connection pool
[EL Finest]: transaction: 2016-06-16 05:21:49.389--UnitOfWork(1141635089)--Thread(Thread[Test worker,5,main])--Merge clone with references AwsQuery [queryId=56EABBBA-5128-4C97-8B81-E5255121D50D, jpqlQuery=SELECT CONCAT(login.coreContacts.firstName, ' : ', abcRequestDetails.ipAddress,  ' : ' , abcRequestDetails.requestId, ' : ',abcRequestDetails.appSessionId ) AS login_corecontacts_firstname,abcRequestDetails.requestId,abcRequestDetails.className,abcRequestDetails.requestTime,abcRequestDetails.requestMethod,abcRequestDetails.httpStatus,abcRequestDetails.returnStatus,abcRequestDetails.executionTime,abcRequestDetails.methodName,abcRequestDetails.startTime,abcRequestDetails.endTime,abcRequestDetails.typeofClass,abcRequestDetails.callSeqId,abcRequestDetails.exceptionId,abcRequestDetails.userId,abcRequestDetails.appSessionId FROM ZenRequestDetails AS abcRequestDetails LEFT OUTER JOIN Login AS login  WHERE    login.user.userId = abcRequestDetails.userId   AND abcRequestDetails.requestTime >= :requestTime   AND abcRequestDetails.requestTime <= :updatedDate  ORDER BY  abcRequestDetails.requestTime DESC ,abcRequestDetails.requestId, abcRequestDetails.callSeqId ASC, queryType=2, name=Request Details, hiddenName=REQUEST DETAILS]
[EL Finest]: query: 2016-06-16 05:21:49.39--UnitOfWork(1141635089)--Thread(Thread[Test worker,5,main])--Execute query ReadObjectQuery(referenceClass=ArtQuery )
[EL Fine]: sql: 2016-06-16 05:21:49.39--ClientSession(2126980093)--Connection(783214304)--Thread(Thread[Test worker,5,main])--SELECT query_id, active_status, app_creator_id, created_by, created_date, hidden_name, jpql_query, name, project_id, project_version_id, query_json, query_type, sql_query, updated_by, updated_date, user_access, version_id FROM art_query WHERE (query_id = ?)
	bind => [56EABBBA-5128-4C97-8B81-E5255121D50D]
SELECT CONCAT(CONCAT(CONCAT(CONCAT(CONCAT(CONCAT(t0.firstName, ?), t2.ipAddress), ?), t2.requestId), ?), t2.appSessionId), t2.requestId, t2.className, t2.requestTime, t2.requestMethod, t2.httpStatus, t2.returnStatus, t2.executionTime, t2.methodName, t2.startTime, t2.endTime, t2.typeofClass, t2.callSeqId, t2.exceptionId, t2.userId, t2.appSessionId FROM ast_User_T t3, zen_request_details t2, ast_Login_T t1, ast_CoreContacts_T t0 WHERE ((((t3.userId = t2.userId) AND (t2.requestTime >= ?)) AND (t2.requestTime <= ?)) AND ((t3.userId = t1.userId) AND (t0.contactId = t1.contactId))) ORDER BY t2.requestTime DESC, t2.requestId, t2.callSeqId ASC
[EL Finer]: transaction: 2016-06-16 05:21:49.393--UnitOfWork(1141635089)--Thread(Thread[Test worker,5,main])--begin unit of work commit
[EL Finest]: query: 2016-06-16 05:21:49.393--UnitOfWork(1141635089)--Thread(Thread[Test worker,5,main])--Execute query UpdateObjectQuery(AwsQuery [queryId=56EABBBA-5128-4C97-8B81-E5255121D50D, jpqlQuery=SELECT CONCAT(login.coreContacts.firstName, ' : ', abcRequestDetails.ipAddress,  ' : ' , abcRequestDetails.requestId, ' : ',abcRequestDetails.appSessionId ) AS login_corecontacts_firstname,abcRequestDetails.requestId,abcRequestDetails.className,abcRequestDetails.requestTime,abcRequestDetails.requestMethod,abcRequestDetails.httpStatus,abcRequestDetails.returnStatus,abcRequestDetails.executionTime,abcRequestDetails.methodName,abcRequestDetails.startTime,abcRequestDetails.endTime,abcRequestDetails.typeofClass,abcRequestDetails.callSeqId,abcRequestDetails.exceptionId,abcRequestDetails.userId,abcRequestDetails.appSessionId FROM ZenRequestDetails AS abcRequestDetails LEFT OUTER JOIN Login AS login  WHERE    login.user.userId = abcRequestDetails.userId   AND abcRequestDetails.requestTime >= :requestTime   AND abcRequestDetails.requestTime <= :updatedDate  ORDER BY  abcRequestDetails.requestTime DESC ,abcRequestDetails.requestId, abcRequestDetails.callSeqId ASC, queryType=2, name=Request Details, hiddenName=REQUEST DETAILS])
[EL Fine]: sql: 2016-06-16 05:21:49.394--ClientSession(2126980093)--Connection(783214304)--Thread(Thread[Test worker,5,main])--UPDATE art_query SET sql_query = ? WHERE (query_id = ?)
	bind => [SELECT CONCAT(CONCAT(CONCAT(CONCAT(CONCAT(CONCAT(t0.firstName, ?), t2.ipAddress), ?), t2.requestId), ?), t2.appSessionId), t2.requestId, t2.className, t2.requestTime, t2.requestMethod, t2.httpStatus, t2.returnStatus, t2.executionTime, t2.methodName, t2.startTime, t2.endTime, t2.typeofClass, t2.callSeqId, t2.exceptionId, t2.userId, t2.appSessionId FROM ast_User_T t3, zen_request_details t2, ast_Login_T t1, ast_CoreContacts_T t0 WHERE ((((t3.userId = t2.userId) AND (t2.requestTime >= ?)) AND (t2.requestTime <= ?)) AND ((t3.userId = t1.userId) AND (t0.contactId = t1.contactId))) ORDER BY t2.requestTime DESC, t2.requestId, t2.callSeqId ASC, 56EABBBA-5128-4C97-8B81-E5255121D50D]
[EL Finer]: transaction: 2016-06-16 05:21:49.396--ClientSession(2126980093)--Connection(783214304)--Thread(Thread[Test worker,5,main])--commit transaction
[EL Finest]: connection: 2016-06-16 05:21:49.656--ServerSession(166674373)--Connection(1842038525)--Thread(Thread[Test worker,5,main])--Connection released to connection pool [default].
[EL Finer]: transaction: 2016-06-16 05:21:49.657--UnitOfWork(1141635089)--Thread(Thread[Test worker,5,main])--end unit of work commit
[EL Finer]: transaction: 2016-06-16 05:21:49.657--UnitOfWork(1141635089)--Thread(Thread[Test worker,5,main])--resume unit of work
[EL Finer]: transaction: 2016-06-16 05:21:49.657--UnitOfWork(1141635089)--Thread(Thread[Test worker,5,main])--release unit of work
[EL Finer]: connection: 2016-06-16 05:21:49.657--ClientSession(2126980093)--Thread(Thread[Test worker,5,main])--client released
[EL Finer]: connection: 2016-06-16 05:21:49.658--ServerSession(166674373)--Thread(Thread[Test worker,5,main])--client acquired: 1511343896
[EL Finer]: transaction: 2016-06-16 05:21:49.658--ClientSession(1511343896)--Thread(Thread[Test worker,5,main])--acquire unit of work: 720283356
[EL Finest]: connection: 2016-06-16 05:21:49.658--ServerSession(166674373)--Connection(437046153)--Thread(Thread[Test worker,5,main])--Connection acquired from connection pool [default].
[EL Finer]: transaction: 2016-06-16 05:21:49.658--ClientSession(1511343896)--Connection(437046153)--Thread(Thread[Test worker,5,main])--begin transaction
[EL Finest]: connection: 2016-06-16 05:21:49.659--ClientSession(1511343896)--Thread(Thread[Test worker,5,main])--reconnecting to external connection pool
[EL Finest]: transaction: 2016-06-16 05:21:49.668--UnitOfWork(720283356)--Thread(Thread[Test worker,5,main])--Merge clone with references AwsQuery [queryId=7524B8F9-0A70-498F-8850-F5A92112A80F, jpqlQuery=SELECT zenHealthStatus.healthId,zenHealthStatus.scheduledDateTime,zenHealthStatus.serverInstanceId,zenHealthStatus.serverIpAddress, FUNCTION('ROUND',100 - (zenHealthStatus.usedSpace/zenHealthStatus.totalSpace )* 100) AS freeSpace, FUNCTION('ROUND',(zenHealthStatus.usedSpace/zenHealthStatus.totalSpace )* 100 ) AS usedSpace, FUNCTION('ROUND',(zenHealthStatus.totalSpace/1024)/1024) AS totalSpace, zenHealthStatus.status FROM ZenHealthStatus AS zenHealthStatus ORDER BY zenHealthStatus.scheduledDateTime DESC, queryType=2, name=System Memory Usage, hiddenName=SYSTEM MEMORY USAGE]
[EL Finest]: query: 2016-06-16 05:21:49.668--UnitOfWork(720283356)--Thread(Thread[Test worker,5,main])--Execute query ReadObjectQuery(referenceClass=ArtQuery )
[EL Fine]: sql: 2016-06-16 05:21:49.668--ClientSession(1511343896)--Connection(1512006363)--Thread(Thread[Test worker,5,main])--SELECT query_id, active_status, app_creator_id, created_by, created_date, hidden_name, jpql_query, name, project_id, project_version_id, query_json, query_type, sql_query, updated_by, updated_date, user_access, version_id FROM art_query WHERE (query_id = ?)
	bind => [7524B8F9-0A70-498F-8850-F5A92112A80F]
SELECT healthId, scheduledDateTime, serverInstanceId, serverIpAddress, ROUND((? - ((usedSpace / totalSpace) * ?))), ROUND(((usedSpace / totalSpace) * ?)), ROUND(((totalSpace / ?) / ?)), status FROM zen_health_status ORDER BY scheduledDateTime DESC
[EL Finer]: transaction: 2016-06-16 05:21:49.671--UnitOfWork(720283356)--Thread(Thread[Test worker,5,main])--begin unit of work commit
[EL Finest]: query: 2016-06-16 05:21:49.672--UnitOfWork(720283356)--Thread(Thread[Test worker,5,main])--Execute query UpdateObjectQuery(AwsQuery [queryId=7524B8F9-0A70-498F-8850-F5A92112A80F, jpqlQuery=SELECT zenHealthStatus.healthId,zenHealthStatus.scheduledDateTime,zenHealthStatus.serverInstanceId,zenHealthStatus.serverIpAddress, FUNCTION('ROUND',100 - (zenHealthStatus.usedSpace/zenHealthStatus.totalSpace )* 100) AS freeSpace, FUNCTION('ROUND',(zenHealthStatus.usedSpace/zenHealthStatus.totalSpace )* 100 ) AS usedSpace, FUNCTION('ROUND',(zenHealthStatus.totalSpace/1024)/1024) AS totalSpace, zenHealthStatus.status FROM ZenHealthStatus AS zenHealthStatus ORDER BY zenHealthStatus.scheduledDateTime DESC, queryType=2, name=System Memory Usage, hiddenName=SYSTEM MEMORY USAGE])
[EL Fine]: sql: 2016-06-16 05:21:49.672--ClientSession(1511343896)--Connection(1512006363)--Thread(Thread[Test worker,5,main])--UPDATE art_query SET sql_query = ? WHERE (query_id = ?)
	bind => [SELECT healthId, scheduledDateTime, serverInstanceId, serverIpAddress, ROUND((? - ((usedSpace / totalSpace) * ?))), ROUND(((usedSpace / totalSpace) * ?)), ROUND(((totalSpace / ?) / ?)), status FROM zen_health_status ORDER BY scheduledDateTime DESC, 7524B8F9-0A70-498F-8850-F5A92112A80F]
[EL Finer]: transaction: 2016-06-16 05:21:49.731--ClientSession(1511343896)--Connection(1512006363)--Thread(Thread[Test worker,5,main])--commit transaction
[EL Finest]: connection: 2016-06-16 05:21:50.098--ServerSession(166674373)--Connection(437046153)--Thread(Thread[Test worker,5,main])--Connection released to connection pool [default].
[EL Finer]: transaction: 2016-06-16 05:21:50.098--UnitOfWork(720283356)--Thread(Thread[Test worker,5,main])--end unit of work commit
[EL Finer]: transaction: 2016-06-16 05:21:50.098--UnitOfWork(720283356)--Thread(Thread[Test worker,5,main])--resume unit of work
[EL Finer]: transaction: 2016-06-16 05:21:50.098--UnitOfWork(720283356)--Thread(Thread[Test worker,5,main])--release unit of work
[EL Finer]: connection: 2016-06-16 05:21:50.099--ClientSession(1511343896)--Thread(Thread[Test worker,5,main])--client released
[EL Finer]: connection: 2016-06-16 05:21:50.099--ServerSession(166674373)--Thread(Thread[Test worker,5,main])--client acquired: 2121687960
[EL Finer]: transaction: 2016-06-16 05:21:50.099--ClientSession(2121687960)--Thread(Thread[Test worker,5,main])--acquire unit of work: 243585285
[EL Finest]: connection: 2016-06-16 05:21:50.099--ServerSession(166674373)--Connection(834053813)--Thread(Thread[Test worker,5,main])--Connection acquired from connection pool [default].
[EL Finer]: transaction: 2016-06-16 05:21:50.1--ClientSession(2121687960)--Connection(834053813)--Thread(Thread[Test worker,5,main])--begin transaction
[EL Finest]: connection: 2016-06-16 05:21:50.1--ClientSession(2121687960)--Thread(Thread[Test worker,5,main])--reconnecting to external connection pool
[EL Finest]: transaction: 2016-06-16 05:21:50.103--UnitOfWork(243585285)--Thread(Thread[Test worker,5,main])--Merge clone with references AwsQuery [queryId=80D1A445-B227-459C-A8E3-6C3250A0C50A, jpqlQuery=select e from SessionData e where e.systemInfo.activeStatus=1 and e.appSessionId=:appSessionId, queryType=1, name=findByAppSessionId, hiddenName=FINDBYAPPSESSIONID]
[EL Finest]: query: 2016-06-16 05:21:50.103--UnitOfWork(243585285)--Thread(Thread[Test worker,5,main])--Execute query ReadObjectQuery(referenceClass=ArtQuery )
[EL Fine]: sql: 2016-06-16 05:21:50.104--ClientSession(2121687960)--Connection(1307574146)--Thread(Thread[Test worker,5,main])--SELECT query_id, active_status, app_creator_id, created_by, created_date, hidden_name, jpql_query, name, project_id, project_version_id, query_json, query_type, sql_query, updated_by, updated_date, user_access, version_id FROM art_query WHERE (query_id = ?)
	bind => [80D1A445-B227-459C-A8E3-6C3250A0C50A]
SELECT dataId, appSessionId, booleanValue, customerId, dataType, dateTimeValue, jsonValue, numberValue, sessionKey, stringValue, userId, versionId, createdBy, createdDate, updatedBy, updatedDate, activeStatus, txnAccessCode FROM ast_SessionData_T WHERE ((activeStatus = ?) AND (appSessionId = ?))
[EL Finer]: transaction: 2016-06-16 05:21:50.106--UnitOfWork(243585285)--Thread(Thread[Test worker,5,main])--begin unit of work commit
[EL Finest]: query: 2016-06-16 05:21:50.107--UnitOfWork(243585285)--Thread(Thread[Test worker,5,main])--Execute query UpdateObjectQuery(AwsQuery [queryId=80D1A445-B227-459C-A8E3-6C3250A0C50A, jpqlQuery=select e from SessionData e where e.systemInfo.activeStatus=1 and e.appSessionId=:appSessionId, queryType=1, name=findByAppSessionId, hiddenName=FINDBYAPPSESSIONID])
[EL Fine]: sql: 2016-06-16 05:21:50.107--ClientSession(2121687960)--Connection(1307574146)--Thread(Thread[Test worker,5,main])--UPDATE art_query SET sql_query = ? WHERE (query_id = ?)
	bind => [SELECT dataId, appSessionId, booleanValue, customerId, dataType, dateTimeValue, jsonValue, numberValue, sessionKey, stringValue, userId, versionId, createdBy, createdDate, updatedBy, updatedDate, activeStatus, txnAccessCode FROM ast_SessionData_T WHERE ((activeStatus = ?) AND (appSessionId = ?)), 80D1A445-B227-459C-A8E3-6C3250A0C50A]
[EL Finer]: transaction: 2016-06-16 05:21:50.109--ClientSession(2121687960)--Connection(1307574146)--Thread(Thread[Test worker,5,main])--commit transaction
[EL Finest]: connection: 2016-06-16 05:21:50.367--ServerSession(166674373)--Connection(834053813)--Thread(Thread[Test worker,5,main])--Connection released to connection pool [default].
[EL Finer]: transaction: 2016-06-16 05:21:50.368--UnitOfWork(243585285)--Thread(Thread[Test worker,5,main])--end unit of work commit
[EL Finer]: transaction: 2016-06-16 05:21:50.368--UnitOfWork(243585285)--Thread(Thread[Test worker,5,main])--resume unit of work
[EL Finer]: transaction: 2016-06-16 05:21:50.368--UnitOfWork(243585285)--Thread(Thread[Test worker,5,main])--release unit of work
[EL Finer]: connection: 2016-06-16 05:21:50.369--ClientSession(2121687960)--Thread(Thread[Test worker,5,main])--client released
[EL Finer]: connection: 2016-06-16 05:21:50.369--ServerSession(166674373)--Thread(Thread[Test worker,5,main])--client acquired: 1594887959
[EL Finer]: transaction: 2016-06-16 05:21:50.369--ClientSession(1594887959)--Thread(Thread[Test worker,5,main])--acquire unit of work: 391045059
[EL Finest]: connection: 2016-06-16 05:21:50.369--ServerSession(166674373)--Connection(994346793)--Thread(Thread[Test worker,5,main])--Connection acquired from connection pool [default].
[EL Finer]: transaction: 2016-06-16 05:21:50.369--ClientSession(1594887959)--Connection(994346793)--Thread(Thread[Test worker,5,main])--begin transaction
[EL Finest]: connection: 2016-06-16 05:21:50.37--ClientSession(1594887959)--Thread(Thread[Test worker,5,main])--reconnecting to external connection pool
[EL Finest]: transaction: 2016-06-16 05:21:50.373--UnitOfWork(391045059)--Thread(Thread[Test worker,5,main])--Merge clone with references AwsQuery [queryId=84F6DFC9-7DB5-42CE-A91F-D4C5879C98CF, jpqlQuery=delete from SessionData e where e.systemInfo.activeStatus=1 and e.appSessionId=:appSessionId, queryType=1, name=deleteAllSessionData, hiddenName=DELETEALLSESSIONDATA]
[EL Finest]: query: 2016-06-16 05:21:50.373--UnitOfWork(391045059)--Thread(Thread[Test worker,5,main])--Execute query ReadObjectQuery(referenceClass=ArtQuery )
[EL Fine]: sql: 2016-06-16 05:21:50.374--ClientSession(1594887959)--Connection(1337391533)--Thread(Thread[Test worker,5,main])--SELECT query_id, active_status, app_creator_id, created_by, created_date, hidden_name, jpql_query, name, project_id, project_version_id, query_json, query_type, sql_query, updated_by, updated_date, user_access, version_id FROM art_query WHERE (query_id = ?)
	bind => [84F6DFC9-7DB5-42CE-A91F-D4C5879C98CF]
DELETE FROM ast_SessionData_T WHERE ((activeStatus = ?) AND (appSessionId = ?))
[EL Finer]: transaction: 2016-06-16 05:21:50.376--UnitOfWork(391045059)--Thread(Thread[Test worker,5,main])--begin unit of work commit
[EL Finest]: query: 2016-06-16 05:21:50.377--UnitOfWork(391045059)--Thread(Thread[Test worker,5,main])--Execute query UpdateObjectQuery(AwsQuery [queryId=84F6DFC9-7DB5-42CE-A91F-D4C5879C98CF, jpqlQuery=delete from SessionData e where e.systemInfo.activeStatus=1 and e.appSessionId=:appSessionId, queryType=1, name=deleteAllSessionData, hiddenName=DELETEALLSESSIONDATA])
[EL Fine]: sql: 2016-06-16 05:21:50.377--ClientSession(1594887959)--Connection(1337391533)--Thread(Thread[Test worker,5,main])--UPDATE art_query SET sql_query = ? WHERE (query_id = ?)
	bind => [DELETE FROM ast_SessionData_T WHERE ((activeStatus = ?) AND (appSessionId = ?)), 84F6DFC9-7DB5-42CE-A91F-D4C5879C98CF]
[EL Finer]: transaction: 2016-06-16 05:21:50.459--ClientSession(1594887959)--Connection(1337391533)--Thread(Thread[Test worker,5,main])--commit transaction
[EL Finest]: connection: 2016-06-16 05:21:50.759--ServerSession(166674373)--Connection(994346793)--Thread(Thread[Test worker,5,main])--Connection released to connection pool [default].
[EL Finer]: transaction: 2016-06-16 05:21:50.759--UnitOfWork(391045059)--Thread(Thread[Test worker,5,main])--end unit of work commit
[EL Finer]: transaction: 2016-06-16 05:21:50.759--UnitOfWork(391045059)--Thread(Thread[Test worker,5,main])--resume unit of work
[EL Finer]: transaction: 2016-06-16 05:21:50.759--UnitOfWork(391045059)--Thread(Thread[Test worker,5,main])--release unit of work
[EL Finer]: connection: 2016-06-16 05:21:50.76--ClientSession(1594887959)--Thread(Thread[Test worker,5,main])--client released
[EL Finer]: connection: 2016-06-16 05:21:50.76--ServerSession(166674373)--Thread(Thread[Test worker,5,main])--client acquired: 1209499092
[EL Finer]: transaction: 2016-06-16 05:21:50.76--ClientSession(1209499092)--Thread(Thread[Test worker,5,main])--acquire unit of work: 2118520389
[EL Finest]: connection: 2016-06-16 05:21:50.76--ServerSession(166674373)--Connection(693310663)--Thread(Thread[Test worker,5,main])--Connection acquired from connection pool [default].
[EL Finer]: transaction: 2016-06-16 05:21:50.761--ClientSession(1209499092)--Connection(693310663)--Thread(Thread[Test worker,5,main])--begin transaction
[EL Finest]: connection: 2016-06-16 05:21:50.761--ClientSession(1209499092)--Thread(Thread[Test worker,5,main])--reconnecting to external connection pool
[EL Finest]: transaction: 2016-06-16 05:21:50.764--UnitOfWork(2118520389)--Thread(Thread[Test worker,5,main])--Merge clone with references AwsQuery [queryId=860C9C17-A9CD-48DD-B55A-4F4D83E4FB69, jpqlQuery=SELECT salesRegion.regionname FROM SalesRegion AS salesRegion,UserAccess AS userAccess 
 WHERE 
  userAccess.region = salesRegion.regioncode 
 AND userAccess.userId = :userId 
 
 
 , queryType=2, name=UserQuery, hiddenName=USERQUERY]
[EL Finest]: query: 2016-06-16 05:21:50.764--UnitOfWork(2118520389)--Thread(Thread[Test worker,5,main])--Execute query ReadObjectQuery(referenceClass=ArtQuery )
[EL Fine]: sql: 2016-06-16 05:21:50.765--ClientSession(1209499092)--Connection(499139065)--Thread(Thread[Test worker,5,main])--SELECT query_id, active_status, app_creator_id, created_by, created_date, hidden_name, jpql_query, name, project_id, project_version_id, query_json, query_type, sql_query, updated_by, updated_date, user_access, version_id FROM art_query WHERE (query_id = ?)
	bind => [860C9C17-A9CD-48DD-B55A-4F4D83E4FB69]
SELECT t0.regionname FROM ast_SalesRegion_M t0, ast_UserAccess_M t1 WHERE ((t1.region = t0.regioncode) AND (t1.userId = ?))
[EL Finer]: transaction: 2016-06-16 05:21:50.768--UnitOfWork(2118520389)--Thread(Thread[Test worker,5,main])--begin unit of work commit
[EL Finest]: query: 2016-06-16 05:21:50.768--UnitOfWork(2118520389)--Thread(Thread[Test worker,5,main])--Execute query UpdateObjectQuery(AwsQuery [queryId=860C9C17-A9CD-48DD-B55A-4F4D83E4FB69, jpqlQuery=SELECT salesRegion.regionname FROM SalesRegion AS salesRegion,UserAccess AS userAccess 
 WHERE 
  userAccess.region = salesRegion.regioncode 
 AND userAccess.userId = :userId 
 
 
 , queryType=2, name=UserQuery, hiddenName=USERQUERY])
[EL Fine]: sql: 2016-06-16 05:21:50.769--ClientSession(1209499092)--Connection(499139065)--Thread(Thread[Test worker,5,main])--UPDATE art_query SET sql_query = ? WHERE (query_id = ?)
	bind => [SELECT t0.regionname FROM ast_SalesRegion_M t0, ast_UserAccess_M t1 WHERE ((t1.region = t0.regioncode) AND (t1.userId = ?)), 860C9C17-A9CD-48DD-B55A-4F4D83E4FB69]
[EL Finer]: transaction: 2016-06-16 05:21:50.771--ClientSession(1209499092)--Connection(499139065)--Thread(Thread[Test worker,5,main])--commit transaction
[EL Finest]: connection: 2016-06-16 05:21:50.983--ServerSession(166674373)--Connection(693310663)--Thread(Thread[Test worker,5,main])--Connection released to connection pool [default].
[EL Finer]: transaction: 2016-06-16 05:21:50.984--UnitOfWork(2118520389)--Thread(Thread[Test worker,5,main])--end unit of work commit
[EL Finer]: transaction: 2016-06-16 05:21:50.984--UnitOfWork(2118520389)--Thread(Thread[Test worker,5,main])--resume unit of work
[EL Finer]: transaction: 2016-06-16 05:21:50.984--UnitOfWork(2118520389)--Thread(Thread[Test worker,5,main])--release unit of work
[EL Finer]: connection: 2016-06-16 05:21:50.984--ClientSession(1209499092)--Thread(Thread[Test worker,5,main])--client released
[EL Finer]: connection: 2016-06-16 05:21:50.985--ServerSession(166674373)--Thread(Thread[Test worker,5,main])--client acquired: 305043599
[EL Finer]: transaction: 2016-06-16 05:21:50.985--ClientSession(305043599)--Thread(Thread[Test worker,5,main])--acquire unit of work: 824303004
[EL Finest]: connection: 2016-06-16 05:21:50.985--ServerSession(166674373)--Connection(643581431)--Thread(Thread[Test worker,5,main])--Connection acquired from connection pool [default].
[EL Finer]: transaction: 2016-06-16 05:21:50.985--ClientSession(305043599)--Connection(643581431)--Thread(Thread[Test worker,5,main])--begin transaction
[EL Finest]: connection: 2016-06-16 05:21:50.985--ClientSession(305043599)--Thread(Thread[Test worker,5,main])--reconnecting to external connection pool
[EL Finest]: transaction: 2016-06-16 05:21:50.994--UnitOfWork(824303004)--Thread(Thread[Test worker,5,main])--Merge clone with references AwsQuery [queryId=90504D14-F2A5-443C-9EDB-18C3F807C062, jpqlQuery=SELECT salesRegion.regionname,retailer.retailername,distributor.distributorname,distributor.longitude,distributor.lattitude,currentMonth.monthid,currentMonth.monthname,salesData.autoid,salesData.channelId,salesData.salesdate,salesData.salesmonth,salesData.salesyear,salesData.salesinvoicenbr,salesData.branddescription,salesData.salesqty,salesData.netsalesamt,salesData.grosssalesamt,salesData.materialcode,salesData.brandcode,salesData.entityAudit.updatedDate,salesData.categoryId FROM SalesRegion AS salesRegion,Retailer AS retailer,Distributor AS distributor,CurrentMonth AS currentMonth,SalesData AS salesData 
 WHERE 
  salesData.salesmonth = currentMonth.monthid 
 AND retailer.distributorcode = distributor.distributorcode 
 AND distributor.regioncode = salesRegion.regioncode 
 AND salesData.reatilercode = retailer.retailercode 
 AND salesData.salesdate >= :salesdate 
 AND salesData.salesdate <= :createdDate 
 
 
 ORDER BY  currentMonth.monthid, queryType=2, name=Cal Query, hiddenName=CAL QUERY]
[EL Finest]: query: 2016-06-16 05:21:50.995--UnitOfWork(824303004)--Thread(Thread[Test worker,5,main])--Execute query ReadObjectQuery(referenceClass=ArtQuery )
[EL Fine]: sql: 2016-06-16 05:21:50.996--ClientSession(305043599)--Connection(1214157653)--Thread(Thread[Test worker,5,main])--SELECT query_id, active_status, app_creator_id, created_by, created_date, hidden_name, jpql_query, name, project_id, project_version_id, query_json, query_type, sql_query, updated_by, updated_date, user_access, version_id FROM art_query WHERE (query_id = ?)
	bind => [90504D14-F2A5-443C-9EDB-18C3F807C062]
SELECT t0.regionname, t1.retailername, t2.distributorname, t2.longitude, t2.lattitude, t3.monthid, t3.monthname, t4.autoid, t4.channelId, t4.salesdate, t4.salesmonth, t4.salesyear, t4.salesinvoicenbr, t4.branddescription, t4.salesqty, t4.netsalesamt, t4.grosssalesamt, t4.materialcode, t4.brandcode, t4.updatedDate, t4.categoryId FROM ast_SalesData_T t4, ast_CurrentMonth_M t3, ast_Distributor_M t2, ast_Retailer_M t1, ast_SalesRegion_M t0 WHERE ((((((t4.salesmonth = t3.monthid) AND (t1.distributorcode = t2.distributorcode)) AND (t2.regioncode = t0.regioncode)) AND (t4.reatilercode = t1.retailercode)) AND (t4.salesdate >= ?)) AND (t4.salesdate <= ?)) ORDER BY t3.monthid
[EL Finer]: transaction: 2016-06-16 05:21:50.999--UnitOfWork(824303004)--Thread(Thread[Test worker,5,main])--begin unit of work commit
[EL Finest]: query: 2016-06-16 05:21:50.999--UnitOfWork(824303004)--Thread(Thread[Test worker,5,main])--Execute query UpdateObjectQuery(AwsQuery [queryId=90504D14-F2A5-443C-9EDB-18C3F807C062, jpqlQuery=SELECT salesRegion.regionname,retailer.retailername,distributor.distributorname,distributor.longitude,distributor.lattitude,currentMonth.monthid,currentMonth.monthname,salesData.autoid,salesData.channelId,salesData.salesdate,salesData.salesmonth,salesData.salesyear,salesData.salesinvoicenbr,salesData.branddescription,salesData.salesqty,salesData.netsalesamt,salesData.grosssalesamt,salesData.materialcode,salesData.brandcode,salesData.entityAudit.updatedDate,salesData.categoryId FROM SalesRegion AS salesRegion,Retailer AS retailer,Distributor AS distributor,CurrentMonth AS currentMonth,SalesData AS salesData 
 WHERE 
  salesData.salesmonth = currentMonth.monthid 
 AND retailer.distributorcode = distributor.distributorcode 
 AND distributor.regioncode = salesRegion.regioncode 
 AND salesData.reatilercode = retailer.retailercode 
 AND salesData.salesdate >= :salesdate 
 AND salesData.salesdate <= :createdDate 
 
 
 ORDER BY  currentMonth.monthid, queryType=2, name=Cal Query, hiddenName=CAL QUERY])
[EL Fine]: sql: 2016-06-16 05:21:51.0--ClientSession(305043599)--Connection(1214157653)--Thread(Thread[Test worker,5,main])--UPDATE art_query SET sql_query = ? WHERE (query_id = ?)
	bind => [SELECT t0.regionname, t1.retailername, t2.distributorname, t2.longitude, t2.lattitude, t3.monthid, t3.monthname, t4.autoid, t4.channelId, t4.salesdate, t4.salesmonth, t4.salesyear, t4.salesinvoicenbr, t4.branddescription, t4.salesqty, t4.netsalesamt, t4.grosssalesamt, t4.materialcode, t4.brandcode, t4.updatedDate, t4.categoryId FROM ast_SalesData_T t4, ast_CurrentMonth_M t3, ast_Distributor_M t2, ast_Retailer_M t1, ast_SalesRegion_M t0 WHERE ((((((t4.salesmonth = t3.monthid) AND (t1.distributorcode = t2.distributorcode)) AND (t2.regioncode = t0.regioncode)) AND (t4.reatilercode = t1.retailercode)) AND (t4.salesdate >= ?)) AND (t4.salesdate <= ?)) ORDER BY t3.monthid, 90504D14-F2A5-443C-9EDB-18C3F807C062]
[EL Finer]: transaction: 2016-06-16 05:21:51.315--ClientSession(305043599)--Connection(1214157653)--Thread(Thread[Test worker,5,main])--commit transaction
[EL Finest]: connection: 2016-06-16 05:21:51.872--ServerSession(166674373)--Connection(643581431)--Thread(Thread[Test worker,5,main])--Connection released to connection pool [default].
[EL Finer]: transaction: 2016-06-16 05:21:51.873--UnitOfWork(824303004)--Thread(Thread[Test worker,5,main])--end unit of work commit
[EL Finer]: transaction: 2016-06-16 05:21:51.873--UnitOfWork(824303004)--Thread(Thread[Test worker,5,main])--resume unit of work
[EL Finer]: transaction: 2016-06-16 05:21:51.873--UnitOfWork(824303004)--Thread(Thread[Test worker,5,main])--release unit of work
[EL Finer]: connection: 2016-06-16 05:21:51.874--ClientSession(305043599)--Thread(Thread[Test worker,5,main])--client released
[EL Finer]: connection: 2016-06-16 05:21:51.874--ServerSession(166674373)--Thread(Thread[Test worker,5,main])--client acquired: 1722102656
[EL Finer]: transaction: 2016-06-16 05:21:51.874--ClientSession(1722102656)--Thread(Thread[Test worker,5,main])--acquire unit of work: 1742228773
[EL Finest]: connection: 2016-06-16 05:21:51.874--ServerSession(166674373)--Connection(699460966)--Thread(Thread[Test worker,5,main])--Connection acquired from connection pool [default].
[EL Finer]: transaction: 2016-06-16 05:21:51.874--ClientSession(1722102656)--Connection(699460966)--Thread(Thread[Test worker,5,main])--begin transaction
[EL Finest]: connection: 2016-06-16 05:21:51.875--ClientSession(1722102656)--Thread(Thread[Test worker,5,main])--reconnecting to external connection pool
[EL Finest]: transaction: 2016-06-16 05:21:51.878--UnitOfWork(1742228773)--Thread(Thread[Test worker,5,main])--Merge clone with references AwsQuery [queryId=A987EBA8-6618-420D-9979-A8A978A83455, jpqlQuery=SELECT u FROM Login u WHERE u.systemInfo.activeStatus=1 AND u.user.userId NOT IN (SELECT ub.userId FROM UserRoleBridge ub), queryType=1, name=findUnMappedUser, hiddenName=FINDUNMAPPEDUSER]
[EL Finest]: query: 2016-06-16 05:21:51.879--UnitOfWork(1742228773)--Thread(Thread[Test worker,5,main])--Execute query ReadObjectQuery(referenceClass=ArtQuery )
[EL Fine]: sql: 2016-06-16 05:21:51.879--ClientSession(1722102656)--Connection(1976972522)--Thread(Thread[Test worker,5,main])--SELECT query_id, active_status, app_creator_id, created_by, created_date, hidden_name, jpql_query, name, project_id, project_version_id, query_json, query_type, sql_query, updated_by, updated_date, user_access, version_id FROM art_query WHERE (query_id = ?)
	bind => [A987EBA8-6618-420D-9979-A8A978A83455]
SELECT t0.loginPk, t0.failedLoginAttempts, t0.loginId, t0.serverAuthImage, t0.serverAuthText, t0.versionId, t0.createdBy, t0.createdDate, t0.updatedBy, t0.updatedDate, t0.activeStatus, t0.txnAccessCode, t0.contactId, t0.userId FROM ast_Login_T t0, ast_User_T t1 WHERE (((t0.activeStatus = ?) AND t1.userId NOT IN (SELECT t2.userId FROM ast_UserRoleBridge_T t2)) AND (t1.userId = t0.userId))
[EL Finer]: transaction: 2016-06-16 05:21:51.881--UnitOfWork(1742228773)--Thread(Thread[Test worker,5,main])--begin unit of work commit
[EL Finest]: query: 2016-06-16 05:21:51.882--UnitOfWork(1742228773)--Thread(Thread[Test worker,5,main])--Execute query UpdateObjectQuery(AwsQuery [queryId=A987EBA8-6618-420D-9979-A8A978A83455, jpqlQuery=SELECT u FROM Login u WHERE u.systemInfo.activeStatus=1 AND u.user.userId NOT IN (SELECT ub.userId FROM UserRoleBridge ub), queryType=1, name=findUnMappedUser, hiddenName=FINDUNMAPPEDUSER])
[EL Fine]: sql: 2016-06-16 05:21:51.882--ClientSession(1722102656)--Connection(1976972522)--Thread(Thread[Test worker,5,main])--UPDATE art_query SET sql_query = ? WHERE (query_id = ?)
	bind => [SELECT t0.loginPk, t0.failedLoginAttempts, t0.loginId, t0.serverAuthImage, t0.serverAuthText, t0.versionId, t0.createdBy, t0.createdDate, t0.updatedBy, t0.updatedDate, t0.activeStatus, t0.txnAccessCode, t0.contactId, t0.userId FROM ast_Login_T t0, ast_User_T t1 WHERE (((t0.activeStatus = ?) AND t1.userId NOT IN (SELECT t2.userId FROM ast_UserRoleBridge_T t2)) AND (t1.userId = t0.userId)), A987EBA8-6618-420D-9979-A8A978A83455]
[EL Finer]: transaction: 2016-06-16 05:21:51.884--ClientSession(1722102656)--Connection(1976972522)--Thread(Thread[Test worker,5,main])--commit transaction
[EL Finest]: connection: 2016-06-16 05:21:52.047--ServerSession(166674373)--Connection(699460966)--Thread(Thread[Test worker,5,main])--Connection released to connection pool [default].
[EL Finer]: transaction: 2016-06-16 05:21:52.048--UnitOfWork(1742228773)--Thread(Thread[Test worker,5,main])--end unit of work commit
[EL Finer]: transaction: 2016-06-16 05:21:52.048--UnitOfWork(1742228773)--Thread(Thread[Test worker,5,main])--resume unit of work
[EL Finer]: transaction: 2016-06-16 05:21:52.048--UnitOfWork(1742228773)--Thread(Thread[Test worker,5,main])--release unit of work
[EL Finer]: connection: 2016-06-16 05:21:52.048--ClientSession(1722102656)--Thread(Thread[Test worker,5,main])--client released
[EL Finer]: connection: 2016-06-16 05:21:52.048--ServerSession(166674373)--Thread(Thread[Test worker,5,main])--client acquired: 1357945590
[EL Finer]: transaction: 2016-06-16 05:21:52.048--ClientSession(1357945590)--Thread(Thread[Test worker,5,main])--acquire unit of work: 1682814461
[EL Finest]: connection: 2016-06-16 05:21:52.048--ServerSession(166674373)--Connection(703015037)--Thread(Thread[Test worker,5,main])--Connection acquired from connection pool [default].
[EL Finer]: transaction: 2016-06-16 05:21:52.049--ClientSession(1357945590)--Connection(703015037)--Thread(Thread[Test worker,5,main])--begin transaction
[EL Finest]: connection: 2016-06-16 05:21:52.049--ClientSession(1357945590)--Thread(Thread[Test worker,5,main])--reconnecting to external connection pool
[EL Finest]: transaction: 2016-06-16 05:21:52.056--UnitOfWork(1682814461)--Thread(Thread[Test worker,5,main])--Merge clone with references AwsQuery [queryId=D019DB1F-328E-4A9A-B74E-209B3FBD8D8B, jpqlQuery=SELECT zenHealth.monitorId,zenHealth.scheduledDateTime,zenHealth.serverInstanceId,zenHealth.serverIpAddress,zenHealth.totalClass,zenHealth.classLoaded, zenHealth.classUnloaded,zenHealth.gcCollectionTime,zenHealth.gcMemoryName, ((zenHealth.nonHeapCommitted/1024)/1024) AS nonHeapCommitted, (zenHealth.nonHeapUsed/1024)/1024 AS nonHeapUsed, (zenHealth.heapCommitted/1024)/1024 AS heapCommitted, (zenHealth.maxMemory/1024)/1024 AS maxMemory , 100 - ((zenHealth.usedMemory/zenHealth.totalMemory) * 100) AS freeMemory, (zenHealth.heapUsed/1024)/1024 AS heapUsed, (zenHealth.totalMemory/1024)/1024 AS totalMemory, zenHealth.startTime, zenHealth.upTime,zenHealth.cpuTime, (zenHealth.freePhysicalSize/1024)/1024 AS freePhysicalSize, (zenHealth.totalPhysicalMemorySize/1024)/1024 AS totalPhysicalMemorySize, zenHealth.cpuLoadTime, FUNCTION('ROUND',(zenHealth.freeSwapSize/1024)/1024) AS freeSwapSize, zenHealth.systemLoadAverage, FUNCTION('ROUND',(zenHealth.totalSwapSize/1024)/1024) AS totalSwapSize, zenHealth.availableProcessor,zenHealth.totalThread, zenHealth.threadPeakCount,zenHealth.threadStartedCount,zenHealth.threadDaemonCount,zenHealth.threadCpuTime, zenHealth.threadUserTime,zenHealth.cpuLoad, (zenHealth.usedMemory/zenHealth.totalMemory) * 100 AS usedMemory, (zenHealth.usedSwapSize/1024)/1024 AS usedSwapSize, (zenHealth.usedPhysicalMemory /1024)/1024 AS usedPhysicalMemory FROM ZenHealth AS zenHealth ORDER BY zenHealth.scheduledDateTime DESC, queryType=2, name=App Server Memory Usage, hiddenName=APP SERVER MEMORY USAGE]
[EL Finest]: query: 2016-06-16 05:21:52.056--UnitOfWork(1682814461)--Thread(Thread[Test worker,5,main])--Execute query ReadObjectQuery(referenceClass=ArtQuery )
[EL Fine]: sql: 2016-06-16 05:21:52.057--ClientSession(1357945590)--Connection(1431263252)--Thread(Thread[Test worker,5,main])--SELECT query_id, active_status, app_creator_id, created_by, created_date, hidden_name, jpql_query, name, project_id, project_version_id, query_json, query_type, sql_query, updated_by, updated_date, user_access, version_id FROM art_query WHERE (query_id = ?)
	bind => [D019DB1F-328E-4A9A-B74E-209B3FBD8D8B]
SELECT monitorId, scheduledDateTime, serverInstanceId, serverIpAddress, totalClass, classLoaded, classUnloaded, gcCollectionTime, gcMemoryName, ((nonHeapCommitted / ?) / ?), ((nonHeapUsed / ?) / ?), ((heapCommitted / ?) / ?), ((maxMemory / ?) / ?), (? - ((usedMemory / totalMemory) * ?)), ((heapUsed / ?) / ?), ((totalMemory / ?) / ?), startTime, upTime, cpuTime, ((freePhysicalSize / ?) / ?), ((totalPhysicalMemorySize / ?) / ?), cpuLoadTime, ROUND(((freeSwapSize / ?) / ?)), systemLoadAverage, ROUND(((totalSwapSize / ?) / ?)), availableProcessor, totalThread, threadPeakCount, threadStartedCount, threadDaemonCount, threadCpuTime, threadUserTime, cpuLoad, ((usedMemory / totalMemory) * ?), ((usedSwapSize / ?) / ?), ((usedPhysicalMemory / ?) / ?) FROM zen_health ORDER BY scheduledDateTime DESC
[EL Finer]: transaction: 2016-06-16 05:21:52.059--UnitOfWork(1682814461)--Thread(Thread[Test worker,5,main])--begin unit of work commit
[EL Finest]: query: 2016-06-16 05:21:52.059--UnitOfWork(1682814461)--Thread(Thread[Test worker,5,main])--Execute query UpdateObjectQuery(AwsQuery [queryId=D019DB1F-328E-4A9A-B74E-209B3FBD8D8B, jpqlQuery=SELECT zenHealth.monitorId,zenHealth.scheduledDateTime,zenHealth.serverInstanceId,zenHealth.serverIpAddress,zenHealth.totalClass,zenHealth.classLoaded, zenHealth.classUnloaded,zenHealth.gcCollectionTime,zenHealth.gcMemoryName, ((zenHealth.nonHeapCommitted/1024)/1024) AS nonHeapCommitted, (zenHealth.nonHeapUsed/1024)/1024 AS nonHeapUsed, (zenHealth.heapCommitted/1024)/1024 AS heapCommitted, (zenHealth.maxMemory/1024)/1024 AS maxMemory , 100 - ((zenHealth.usedMemory/zenHealth.totalMemory) * 100) AS freeMemory, (zenHealth.heapUsed/1024)/1024 AS heapUsed, (zenHealth.totalMemory/1024)/1024 AS totalMemory, zenHealth.startTime, zenHealth.upTime,zenHealth.cpuTime, (zenHealth.freePhysicalSize/1024)/1024 AS freePhysicalSize, (zenHealth.totalPhysicalMemorySize/1024)/1024 AS totalPhysicalMemorySize, zenHealth.cpuLoadTime, FUNCTION('ROUND',(zenHealth.freeSwapSize/1024)/1024) AS freeSwapSize, zenHealth.systemLoadAverage, FUNCTION('ROUND',(zenHealth.totalSwapSize/1024)/1024) AS totalSwapSize, zenHealth.availableProcessor,zenHealth.totalThread, zenHealth.threadPeakCount,zenHealth.threadStartedCount,zenHealth.threadDaemonCount,zenHealth.threadCpuTime, zenHealth.threadUserTime,zenHealth.cpuLoad, (zenHealth.usedMemory/zenHealth.totalMemory) * 100 AS usedMemory, (zenHealth.usedSwapSize/1024)/1024 AS usedSwapSize, (zenHealth.usedPhysicalMemory /1024)/1024 AS usedPhysicalMemory FROM ZenHealth AS zenHealth ORDER BY zenHealth.scheduledDateTime DESC, queryType=2, name=App Server Memory Usage, hiddenName=APP SERVER MEMORY USAGE])
[EL Fine]: sql: 2016-06-16 05:21:52.059--ClientSession(1357945590)--Connection(1431263252)--Thread(Thread[Test worker,5,main])--UPDATE art_query SET sql_query = ? WHERE (query_id = ?)
	bind => [SELECT monitorId, scheduledDateTime, serverInstanceId, serverIpAddress, totalClass, classLoaded, classUnloaded, gcCollectionTime, gcMemoryName, ((nonHeapCommitted / ?) / ?), ((nonHeapUsed / ?) / ?), ((heapCommitted / ?) / ?), ((maxMemory / ?) / ?), (? - ((usedMemory / totalMemory) * ?)), ((heapUsed / ?) / ?), ((totalMemory / ?) / ?), startTime, upTime, cpuTime, ((freePhysicalSize / ?) / ?), ((totalPhysicalMemorySize / ?) / ?), cpuLoadTime, ROUND(((freeSwapSize / ?) / ?)), systemLoadAverage, ROUND(((totalSwapSize / ?) / ?)), availableProcessor, totalThread, threadPeakCount, threadStartedCount, threadDaemonCount, threadCpuTime, threadUserTime, cpuLoad, ((usedMemory / totalMemory) * ?), ((usedSwapSize / ?) / ?), ((usedPhysicalMemory / ?) / ?) FROM zen_health ORDER BY scheduledDateTime DESC, D019DB1F-328E-4A9A-B74E-209B3FBD8D8B]
[EL Finer]: transaction: 2016-06-16 05:21:52.06--ClientSession(1357945590)--Connection(1431263252)--Thread(Thread[Test worker,5,main])--commit transaction
[EL Finest]: connection: 2016-06-16 05:21:52.363--ServerSession(166674373)--Connection(703015037)--Thread(Thread[Test worker,5,main])--Connection released to connection pool [default].
[EL Finer]: transaction: 2016-06-16 05:21:52.364--UnitOfWork(1682814461)--Thread(Thread[Test worker,5,main])--end unit of work commit
[EL Finer]: transaction: 2016-06-16 05:21:52.364--UnitOfWork(1682814461)--Thread(Thread[Test worker,5,main])--resume unit of work
[EL Finer]: transaction: 2016-06-16 05:21:52.364--UnitOfWork(1682814461)--Thread(Thread[Test worker,5,main])--release unit of work
[EL Finer]: connection: 2016-06-16 05:21:52.364--ClientSession(1357945590)--Thread(Thread[Test worker,5,main])--client released
[EL Finer]: connection: 2016-06-16 05:21:52.365--ServerSession(166674373)--Thread(Thread[Test worker,5,main])--client acquired: 1910447242
[EL Finer]: transaction: 2016-06-16 05:21:52.365--ClientSession(1910447242)--Thread(Thread[Test worker,5,main])--acquire unit of work: 1858789997
[EL Finest]: connection: 2016-06-16 05:21:52.365--ServerSession(166674373)--Connection(1238866670)--Thread(Thread[Test worker,5,main])--Connection acquired from connection pool [default].
[EL Finer]: transaction: 2016-06-16 05:21:52.365--ClientSession(1910447242)--Connection(1238866670)--Thread(Thread[Test worker,5,main])--begin transaction
[EL Finest]: connection: 2016-06-16 05:21:52.365--ClientSession(1910447242)--Thread(Thread[Test worker,5,main])--reconnecting to external connection pool
[EL Finest]: transaction: 2016-06-16 05:21:52.371--UnitOfWork(1858789997)--Thread(Thread[Test worker,5,main])--Merge clone with references AwsQuery [queryId=E79834B4-37C0-4D3F-B10E-6389D5CD6375, jpqlQuery=SELECT retailer.retailername,salesRegion.regionname,currentMonth.monthid,currentMonth.monthname,distributor.distributorname,distributor.longitude,distributor.lattitude,salesData.autoid,salesData.channelId,salesData.salesdate,salesData.salesyear,salesData.salesinvoicenbr,salesData.materialdescription,salesData.branddescription,salesData.salesqty,salesData.netsalesamt,salesData.grosssalesamt,salesData.materialcode,salesData.brandcode,salesData.entityAudit.updatedDate,salesData.categoryId FROM Retailer AS retailer,SalesRegion AS salesRegion,CurrentMonth AS currentMonth,Distributor AS distributor,SalesData AS salesData 
 WHERE 
  salesData.reatilercode = retailer.retailercode 
 AND retailer.distributorcode = distributor.distributorcode 
 AND distributor.regioncode = salesRegion.regioncode 
 AND salesData.salesmonth = currentMonth.monthid 
 AND salesRegion.regionname like :regionname 
 AND retailer.retailername like :retailername 
 AND distributor.distributorname like :distributorname 
 AND salesData.salesyear = :salesyear 
 AND currentMonth.monthname like :monthname 
 
 
 ORDER BY  currentMonth.monthid, queryType=2, name=Dill Query, hiddenName=DILL QUERY]
[EL Finest]: query: 2016-06-16 05:21:52.372--UnitOfWork(1858789997)--Thread(Thread[Test worker,5,main])--Execute query ReadObjectQuery(referenceClass=ArtQuery )
[EL Fine]: sql: 2016-06-16 05:21:52.372--ClientSession(1910447242)--Connection(628800380)--Thread(Thread[Test worker,5,main])--SELECT query_id, active_status, app_creator_id, created_by, created_date, hidden_name, jpql_query, name, project_id, project_version_id, query_json, query_type, sql_query, updated_by, updated_date, user_access, version_id FROM art_query WHERE (query_id = ?)
	bind => [E79834B4-37C0-4D3F-B10E-6389D5CD6375]
SELECT t0.retailername, t1.regionname, t2.monthid, t2.monthname, t3.distributorname, t3.longitude, t3.lattitude, t4.autoid, t4.channelId, t4.salesdate, t4.salesyear, t4.salesinvoicenbr, t4.materialdescription, t4.branddescription, t4.salesqty, t4.netsalesamt, t4.grosssalesamt, t4.materialcode, t4.brandcode, t4.updatedDate, t4.categoryId FROM ast_SalesData_T t4, ast_Distributor_M t3, ast_CurrentMonth_M t2, ast_SalesRegion_M t1, ast_Retailer_M t0 WHERE (((((((((t4.reatilercode = t0.retailercode) AND (t0.distributorcode = t3.distributorcode)) AND (t3.regioncode = t1.regioncode)) AND (t4.salesmonth = t2.monthid)) AND t1.regionname LIKE ?) AND t0.retailername LIKE ?) AND t3.distributorname LIKE ?) AND (t4.salesyear = ?)) AND t2.monthname LIKE ?) ORDER BY t2.monthid
[EL Finer]: transaction: 2016-06-16 05:21:52.374--UnitOfWork(1858789997)--Thread(Thread[Test worker,5,main])--begin unit of work commit
[EL Finest]: query: 2016-06-16 05:21:52.375--UnitOfWork(1858789997)--Thread(Thread[Test worker,5,main])--Execute query UpdateObjectQuery(AwsQuery [queryId=E79834B4-37C0-4D3F-B10E-6389D5CD6375, jpqlQuery=SELECT retailer.retailername,salesRegion.regionname,currentMonth.monthid,currentMonth.monthname,distributor.distributorname,distributor.longitude,distributor.lattitude,salesData.autoid,salesData.channelId,salesData.salesdate,salesData.salesyear,salesData.salesinvoicenbr,salesData.materialdescription,salesData.branddescription,salesData.salesqty,salesData.netsalesamt,salesData.grosssalesamt,salesData.materialcode,salesData.brandcode,salesData.entityAudit.updatedDate,salesData.categoryId FROM Retailer AS retailer,SalesRegion AS salesRegion,CurrentMonth AS currentMonth,Distributor AS distributor,SalesData AS salesData 
 WHERE 
  salesData.reatilercode = retailer.retailercode 
 AND retailer.distributorcode = distributor.distributorcode 
 AND distributor.regioncode = salesRegion.regioncode 
 AND salesData.salesmonth = currentMonth.monthid 
 AND salesRegion.regionname like :regionname 
 AND retailer.retailername like :retailername 
 AND distributor.distributorname like :distributorname 
 AND salesData.salesyear = :salesyear 
 AND currentMonth.monthname like :monthname 
 
 
 ORDER BY  currentMonth.monthid, queryType=2, name=Dill Query, hiddenName=DILL QUERY])
[EL Fine]: sql: 2016-06-16 05:21:52.375--ClientSession(1910447242)--Connection(628800380)--Thread(Thread[Test worker,5,main])--UPDATE art_query SET sql_query = ? WHERE (query_id = ?)
	bind => [SELECT t0.retailername, t1.regionname, t2.monthid, t2.monthname, t3.distributorname, t3.longitude, t3.lattitude, t4.autoid, t4.channelId, t4.salesdate, t4.salesyear, t4.salesinvoicenbr, t4.materialdescription, t4.branddescription, t4.salesqty, t4.netsalesamt, t4.grosssalesamt, t4.materialcode, t4.brandcode, t4.updatedDate, t4.categoryId FROM ast_SalesData_T t4, ast_Distributor_M t3, ast_CurrentMonth_M t2, ast_SalesRegion_M t1, ast_Retailer_M t0 WHERE (((((((((t4.reatilercode = t0.retailercode) AND (t0.distributorcode = t3.distributorcode)) AND (t3.regioncode = t1.regioncode)) AND (t4.salesmonth = t2.monthid)) AND t1.regionname LIKE ?) AND t0.retailername LIKE ?) AND t3.distributorname LIKE ?) AND (t4.salesyear = ?)) AND t2.monthname LIKE ?) ORDER BY t2.monthid, E79834B4-37C0-4D3F-B10E-6389D5CD6375]
[EL Finer]: transaction: 2016-06-16 05:21:52.376--ClientSession(1910447242)--Connection(628800380)--Thread(Thread[Test worker,5,main])--commit transaction
[EL Finest]: connection: 2016-06-16 05:21:52.87--ServerSession(166674373)--Connection(1238866670)--Thread(Thread[Test worker,5,main])--Connection released to connection pool [default].
[EL Finer]: transaction: 2016-06-16 05:21:52.87--UnitOfWork(1858789997)--Thread(Thread[Test worker,5,main])--end unit of work commit
[EL Finer]: transaction: 2016-06-16 05:21:52.871--UnitOfWork(1858789997)--Thread(Thread[Test worker,5,main])--resume unit of work
[EL Finer]: transaction: 2016-06-16 05:21:52.871--UnitOfWork(1858789997)--Thread(Thread[Test worker,5,main])--release unit of work
[EL Finer]: connection: 2016-06-16 05:21:52.871--ClientSession(1910447242)--Thread(Thread[Test worker,5,main])--client released
[EL Finer]: connection: 2016-06-16 05:22:00.644--ServerSession(166674373)--Thread(Thread[Test worker,5,main])--client acquired: 1579665861
[EL Finer]: transaction: 2016-06-16 05:22:00.659--ClientSession(1579665861)--Thread(Thread[Test worker,5,main])--acquire unit of work: 103797966
[EL Finest]: connection: 2016-06-16 05:22:00.66--ServerSession(166674373)--Connection(775693198)--Thread(Thread[Test worker,5,main])--Connection acquired from connection pool [default].
[EL Finer]: transaction: 2016-06-16 05:22:00.66--ClientSession(1579665861)--Connection(775693198)--Thread(Thread[Test worker,5,main])--begin transaction
[EL Finest]: connection: 2016-06-16 05:22:00.66--ClientSession(1579665861)--Thread(Thread[Test worker,5,main])--reconnecting to external connection pool
[EL Finest]: transaction: 2016-06-16 05:22:00.703--UnitOfWork(103797966)--Thread(Thread[Test worker,5,main])--persist() operation called on: EopolvJO8i2aJUXHx7jNGi5JyVmvQuIlhNXJqLddM5tb3mwxaT.
[EL Finest]: sequencing: 2016-06-16 05:22:00.705--UnitOfWork(103797966)--Thread(Thread[Test worker,5,main])--assign sequence to the object (6162C47C-9D5E-4664-BCE9-36FD940E623B -> EopolvJO8i2aJUXHx7jNGi5JyVmvQuIlhNXJqLddM5tb3mwxaT)
[EL Finer]: transaction: 2016-06-16 05:22:00.706--UnitOfWork(103797966)--Thread(Thread[Test worker,5,main])--begin unit of work commit
[EL Finest]: query: 2016-06-16 05:22:00.707--UnitOfWork(103797966)--Thread(Thread[Test worker,5,main])--Execute query InsertObjectQuery(EopolvJO8i2aJUXHx7jNGi5JyVmvQuIlhNXJqLddM5tb3mwxaT)
[EL Fine]: sql: 2016-06-16 05:22:00.708--ClientSession(1579665861)--Connection(995856801)--Thread(Thread[Test worker,5,main])--INSERT INTO ast_AppMenus_M (menuId, appId, appType, autoSave, menuAccessRights, menuAction, menuCommands, menuDisplay, menuHead, menuIcon, menuLabel, menuTreeId, RefObjectId, uiType, versionId, createdBy, createdDate, updatedBy, updatedDate, activeStatus, txnAccessCode) VALUES (?, ?, ?, ?, ?, ?, ?, ?, ?, ?, ?, ?, ?, ?, ?, ?, ?, ?, ?, ?, ?)
	bind => [6162C47C-9D5E-4664-BCE9-36FD940E623B, gv9c3YMzNffqmCnNxZCNePutWkS0Ibu8tEUUY4MOiMUiTKWpSG, 1, true, 4, Bq84qJO7upAFmd0yOO2hu2xpK3uxUQugXo3ZQjX7weNCLjdx5p, qmD01IN1lsRi1tu5078y7eIwRRfAUZICb0VNpyt6BrALuGIoPS, true, true, FCVioSK0gdjOAWqKDYqXYUHP0yf6XmSm2vPnYLdVmhieKUXbH6, EopolvJO8i2aJUXHx7jNGi5JyVmvQuIlhNXJqLddM5tb3mwxaT, LFrqBya4cVmaytXblw1r34FG4ImTL53Osj1Dcm0IxZw76kuLNT, SimIe8ViQ19c1DjLZEKqCRQJigwEtOR3ImTTqs4xvytcsxo3fE, NCy, 1, AAAAA, 2016-06-16 05:22:00.643, AAAAA, 2016-06-16 05:22:00.643, 1, 51000]
[EL Finer]: transaction: 2016-06-16 05:22:00.711--ClientSession(1579665861)--Connection(995856801)--Thread(Thread[Test worker,5,main])--commit transaction
[EL Finest]: connection: 2016-06-16 05:22:01.275--ServerSession(166674373)--Connection(775693198)--Thread(Thread[Test worker,5,main])--Connection released to connection pool [default].
[EL Finer]: transaction: 2016-06-16 05:22:01.275--UnitOfWork(103797966)--Thread(Thread[Test worker,5,main])--end unit of work commit
[EL Finer]: transaction: 2016-06-16 05:22:01.275--UnitOfWork(103797966)--Thread(Thread[Test worker,5,main])--resume unit of work
[EL Finer]: transaction: 2016-06-16 05:22:01.278--UnitOfWork(103797966)--Thread(Thread[Test worker,5,main])--release unit of work
[EL Finer]: connection: 2016-06-16 05:22:01.278--ClientSession(1579665861)--Thread(Thread[Test worker,5,main])--client released
Setting logged in user info for ADD
Setting logged in user info for ADD
[EL Finer]: connection: 2016-06-16 05:22:01.286--ServerSession(166674373)--Thread(Thread[Test worker,5,main])--client acquired: 871959322
[EL Finer]: transaction: 2016-06-16 05:22:01.287--ClientSession(871959322)--Thread(Thread[Test worker,5,main])--acquire unit of work: 591917726
[EL Finest]: connection: 2016-06-16 05:22:01.287--ServerSession(166674373)--Connection(1216967978)--Thread(Thread[Test worker,5,main])--Connection acquired from connection pool [default].
[EL Finer]: transaction: 2016-06-16 05:22:01.288--ClientSession(871959322)--Connection(1216967978)--Thread(Thread[Test worker,5,main])--begin transaction
[EL Finest]: connection: 2016-06-16 05:22:01.288--ClientSession(871959322)--Thread(Thread[Test worker,5,main])--reconnecting to external connection pool
[EL Finest]: transaction: 2016-06-16 05:22:01.293--UnitOfWork(591917726)--Thread(Thread[Test worker,5,main])--persist() operation called on: GhF0xWpk4ReQ7CdIfPIWukQxtcnUmtMU5AtV3v1p6PNxfmozU1.
[EL Finest]: sequencing: 2016-06-16 05:22:01.293--UnitOfWork(591917726)--Thread(Thread[Test worker,5,main])--assign sequence to the object (9DCA3931-7AE2-4B64-B09D-1B9A5856DC20 -> GhF0xWpk4ReQ7CdIfPIWukQxtcnUmtMU5AtV3v1p6PNxfmozU1)
[EL Finest]: transaction: 2016-06-16 05:22:01.293--UnitOfWork(591917726)--Thread(Thread[Test worker,5,main])--persist() operation called on: GhF0xWpk4ReQ7CdIfPIWukQxtcnUmtMU5AtV3v1p6PNxfmozU1,6162C47C-9D5E-4664-BCE9-36FD940E623B,true,true,true.
[EL Finest]: sequencing: 2016-06-16 05:22:01.293--UnitOfWork(591917726)--Thread(Thread[Test worker,5,main])--assign sequence to the object (1A4A08A1-9A6D-4D1E-AB17-0F833A1C5934 -> GhF0xWpk4ReQ7CdIfPIWukQxtcnUmtMU5AtV3v1p6PNxfmozU1,6162C47C-9D5E-4664-BCE9-36FD940E623B,true,true,true)
[EL Finer]: transaction: 2016-06-16 05:22:01.296--UnitOfWork(591917726)--Thread(Thread[Test worker,5,main])--begin unit of work commit
[EL Finest]: query: 2016-06-16 05:22:01.297--UnitOfWork(591917726)--Thread(Thread[Test worker,5,main])--Execute query InsertObjectQuery(GhF0xWpk4ReQ7CdIfPIWukQxtcnUmtMU5AtV3v1p6PNxfmozU1)
[EL Fine]: sql: 2016-06-16 05:22:01.297--ClientSession(871959322)--Connection(1017154163)--Thread(Thread[Test worker,5,main])--INSERT INTO ast_Roles_T (roleId, RoleDescription, roleHelp, RoleIcon, RoleName, versionId, createdBy, createdDate, updatedBy, updatedDate, activeStatus, txnAccessCode) VALUES (?, ?, ?, ?, ?, ?, ?, ?, ?, ?, ?, ?)
	bind => [9DCA3931-7AE2-4B64-B09D-1B9A5856DC20, Hm6MdgIshyBelUKVObspGuBQaXnekILYBJtFAbE3E7qdCP74sg, RBVynNgnTp1D0srm30GRcR7K6PP1tCeTOvhGeObxlIW4DEgNhB, FBYscMTLLFI0stABbhWqd7MBHypVWZe9ksuTa4o4YNYAhagZnZ, GhF0xWpk4ReQ7CdIfPIWukQxtcnUmtMU5AtV3v1p6PNxfmozU1, 1, AAAAA, 2016-06-16 05:22:00.643, AAAAA, 2016-06-16 05:22:00.643, 1, 51000]
[EL Finest]: query: 2016-06-16 05:22:01.299--UnitOfWork(591917726)--Thread(Thread[Test worker,5,main])--Execute query InsertObjectQuery(GhF0xWpk4ReQ7CdIfPIWukQxtcnUmtMU5AtV3v1p6PNxfmozU1,6162C47C-9D5E-4664-BCE9-36FD940E623B,true,true,true)
[EL Fine]: sql: 2016-06-16 05:22:01.3--ClientSession(871959322)--Connection(1017154163)--Thread(Thread[Test worker,5,main])--INSERT INTO ast_RoleMenuBridge_TP (roleMenuMapId, isExecute, isRead, isWrite, menuId, versionId, createdBy, createdDate, updatedBy, updatedDate, activeStatus, txnAccessCode, roleId) VALUES (?, ?, ?, ?, ?, ?, ?, ?, ?, ?, ?, ?, ?)
	bind => [1A4A08A1-9A6D-4D1E-AB17-0F833A1C5934, true, true, true, 6162C47C-9D5E-4664-BCE9-36FD940E623B, 1, AAAAA, 2016-06-16 05:22:00.643, AAAAA, 2016-06-16 05:22:00.643, 1, 51000, 9DCA3931-7AE2-4B64-B09D-1B9A5856DC20]
[EL Finer]: transaction: 2016-06-16 05:22:01.6--ClientSession(871959322)--Connection(1017154163)--Thread(Thread[Test worker,5,main])--commit transaction
[EL Finest]: connection: 2016-06-16 05:22:01.633--ServerSession(166674373)--Connection(1216967978)--Thread(Thread[Test worker,5,main])--Connection released to connection pool [default].
[EL Finer]: transaction: 2016-06-16 05:22:01.633--UnitOfWork(591917726)--Thread(Thread[Test worker,5,main])--end unit of work commit
[EL Finer]: transaction: 2016-06-16 05:22:01.634--UnitOfWork(591917726)--Thread(Thread[Test worker,5,main])--resume unit of work
[EL Finer]: transaction: 2016-06-16 05:22:01.634--UnitOfWork(591917726)--Thread(Thread[Test worker,5,main])--release unit of work
[EL Finer]: connection: 2016-06-16 05:22:01.634--ClientSession(871959322)--Thread(Thread[Test worker,5,main])--client released
[EL Finer]: connection: 2016-06-16 05:22:01.657--ServerSession(166674373)--Thread(Thread[Test worker,5,main])--client acquired: 1646948396
[EL Finer]: transaction: 2016-06-16 05:22:01.658--ClientSession(1646948396)--Thread(Thread[Test worker,5,main])--acquire unit of work: 1344965389
[EL Finest]: connection: 2016-06-16 05:22:01.659--ServerSession(166674373)--Connection(420424601)--Thread(Thread[Test worker,5,main])--Connection acquired from connection pool [default].
[EL Finer]: transaction: 2016-06-16 05:22:01.659--ClientSession(1646948396)--Connection(420424601)--Thread(Thread[Test worker,5,main])--begin transaction
[EL Finest]: connection: 2016-06-16 05:22:01.659--ClientSession(1646948396)--Thread(Thread[Test worker,5,main])--reconnecting to external connection pool
[EL Finer]: transaction: 2016-06-16 05:22:01.661--UnitOfWork(1344965389)--Thread(Thread[Test worker,5,main])--begin unit of work flush
[EL Finer]: transaction: 2016-06-16 05:22:01.662--UnitOfWork(1344965389)--Thread(Thread[Test worker,5,main])--end unit of work flush
[EL Finest]: query: 2016-06-16 05:22:01.662--UnitOfWork(1344965389)--Thread(Thread[Test worker,5,main])--Execute query ReadAllQuery(name="Roles.findById" referenceClass=Roles sql="SELECT roleId, RoleDescription, roleHelp, RoleIcon, RoleName, versionId, createdBy, createdDate, updatedBy, updatedDate, activeStatus, txnAccessCode FROM ast_Roles_T WHERE ((activeStatus = ?) AND (roleId = ?))")
[EL Fine]: sql: 2016-06-16 05:22:01.663--ClientSession(1646948396)--Connection(2103540425)--Thread(Thread[Test worker,5,main])--SELECT roleId, RoleDescription, roleHelp, RoleIcon, RoleName, versionId, createdBy, createdDate, updatedBy, updatedDate, activeStatus, txnAccessCode FROM ast_Roles_T WHERE ((activeStatus = ?) AND (roleId = ?))
	bind => [1, 9DCA3931-7AE2-4B64-B09D-1B9A5856DC20]
[EL Finest]: query: 2016-06-16 05:22:01.665--UnitOfWork(1344965389)--Thread(Thread[Test worker,5,main])--Execute query ReadAllQuery(name="roleMenuBridge" referenceClass=RoleMenuBridge sql="SELECT roleMenuMapId, isExecute, isRead, isWrite, menuId, versionId, createdBy, createdDate, updatedBy, updatedDate, activeStatus, txnAccessCode, roleId FROM ast_RoleMenuBridge_TP WHERE (roleId = ?)")
[EL Fine]: sql: 2016-06-16 05:22:01.665--ClientSession(1646948396)--Connection(2103540425)--Thread(Thread[Test worker,5,main])--SELECT roleMenuMapId, isExecute, isRead, isWrite, menuId, versionId, createdBy, createdDate, updatedBy, updatedDate, activeStatus, txnAccessCode, roleId FROM ast_RoleMenuBridge_TP WHERE (roleId = ?)
	bind => [9DCA3931-7AE2-4B64-B09D-1B9A5856DC20]
[EL Finest]: query: 2016-06-16 05:22:01.667--UnitOfWork(1344965389)--Thread(Thread[Test worker,5,main])--Execute query ReadObjectQuery(name="roles" referenceClass=Roles )
[EL Finer]: transaction: 2016-06-16 05:22:01.669--UnitOfWork(1344965389)--Thread(Thread[Test worker,5,main])--begin unit of work commit
[EL Finer]: transaction: 2016-06-16 05:22:01.671--ClientSession(1646948396)--Connection(2103540425)--Thread(Thread[Test worker,5,main])--commit transaction
[EL Finest]: connection: 2016-06-16 05:22:01.671--ServerSession(166674373)--Connection(420424601)--Thread(Thread[Test worker,5,main])--Connection released to connection pool [default].
[EL Finer]: transaction: 2016-06-16 05:22:01.672--UnitOfWork(1344965389)--Thread(Thread[Test worker,5,main])--end unit of work commit
[EL Finer]: transaction: 2016-06-16 05:22:01.672--UnitOfWork(1344965389)--Thread(Thread[Test worker,5,main])--resume unit of work
[EL Finer]: transaction: 2016-06-16 05:22:01.672--UnitOfWork(1344965389)--Thread(Thread[Test worker,5,main])--release unit of work
[EL Finer]: connection: 2016-06-16 05:22:01.673--ClientSession(1646948396)--Thread(Thread[Test worker,5,main])--client released
Setting logged in user info for UPDATE
Setting logged in user info for UPDATE
[EL Finer]: connection: 2016-06-16 05:22:01.674--ServerSession(166674373)--Thread(Thread[Test worker,5,main])--client acquired: 1405675323
[EL Finer]: transaction: 2016-06-16 05:22:01.674--ClientSession(1405675323)--Thread(Thread[Test worker,5,main])--acquire unit of work: 717553014
[EL Finest]: connection: 2016-06-16 05:22:01.675--ServerSession(166674373)--Connection(1792828393)--Thread(Thread[Test worker,5,main])--Connection acquired from connection pool [default].
[EL Finer]: transaction: 2016-06-16 05:22:01.675--ClientSession(1405675323)--Connection(1792828393)--Thread(Thread[Test worker,5,main])--begin transaction
[EL Finest]: connection: 2016-06-16 05:22:01.675--ClientSession(1405675323)--Thread(Thread[Test worker,5,main])--reconnecting to external connection pool
[EL Finest]: transaction: 2016-06-16 05:22:01.681--UnitOfWork(717553014)--Thread(Thread[Test worker,5,main])--Merge clone with references Ce9SxyWVryjW1HbuBna32Gdc5GKCkZAII22rxbxXCOfyeStvNQ
[EL Finest]: query: 2016-06-16 05:22:01.682--UnitOfWork(717553014)--Thread(Thread[Test worker,5,main])--Execute query ReadObjectQuery(referenceClass=Roles )
[EL Fine]: sql: 2016-06-16 05:22:01.682--ClientSession(1405675323)--Connection(928096362)--Thread(Thread[Test worker,5,main])--SELECT roleId, RoleDescription, roleHelp, RoleIcon, RoleName, versionId, createdBy, createdDate, updatedBy, updatedDate, activeStatus, txnAccessCode FROM ast_Roles_T WHERE (roleId = ?)
	bind => [9DCA3931-7AE2-4B64-B09D-1B9A5856DC20]
[EL Finest]: query: 2016-06-16 05:22:01.684--UnitOfWork(717553014)--Thread(Thread[Test worker,5,main])--Execute query ReadAllQuery(name="roleMenuBridge" referenceClass=RoleMenuBridge sql="SELECT roleMenuMapId, isExecute, isRead, isWrite, menuId, versionId, createdBy, createdDate, updatedBy, updatedDate, activeStatus, txnAccessCode, roleId FROM ast_RoleMenuBridge_TP WHERE (roleId = ?)")
[EL Fine]: sql: 2016-06-16 05:22:01.685--ClientSession(1405675323)--Connection(928096362)--Thread(Thread[Test worker,5,main])--SELECT roleMenuMapId, isExecute, isRead, isWrite, menuId, versionId, createdBy, createdDate, updatedBy, updatedDate, activeStatus, txnAccessCode, roleId FROM ast_RoleMenuBridge_TP WHERE (roleId = ?)
	bind => [9DCA3931-7AE2-4B64-B09D-1B9A5856DC20]
[EL Finest]: query: 2016-06-16 05:22:01.686--UnitOfWork(717553014)--Thread(Thread[Test worker,5,main])--Execute query ReadObjectQuery(name="roles" referenceClass=Roles )
[EL Finer]: transaction: 2016-06-16 05:22:01.688--UnitOfWork(717553014)--Thread(Thread[Test worker,5,main])--begin unit of work commit
[EL Finest]: query: 2016-06-16 05:22:01.688--UnitOfWork(717553014)--Thread(Thread[Test worker,5,main])--Execute query UpdateObjectQuery(Ce9SxyWVryjW1HbuBna32Gdc5GKCkZAII22rxbxXCOfyeStvNQ)
[EL Fine]: sql: 2016-06-16 05:22:01.689--ClientSession(1405675323)--Connection(928096362)--Thread(Thread[Test worker,5,main])--UPDATE ast_Roles_T SET RoleDescription = ?, roleHelp = ?, RoleIcon = ?, RoleName = ?, versionId = ? WHERE ((roleId = ?) AND (versionId = ?))
	bind => [Qe4Jgtr1XosnZ7P3mZ3YbmlHx1EqTFsNlzvg8r9nnLsyObDpQP, ip7J1rJ8actLRC9GLsmKbqzZm4wbVNAZ5AC00IISFMOn75gYP1, RWusScE9kGCS4SZmoJq9so4Pr6geYP8JACMpEDFctWzVoKGAlp, Ce9SxyWVryjW1HbuBna32Gdc5GKCkZAII22rxbxXCOfyeStvNQ, 2, 9DCA3931-7AE2-4B64-B09D-1B9A5856DC20, 1]
[EL Finer]: transaction: 2016-06-16 05:22:01.691--ClientSession(1405675323)--Connection(928096362)--Thread(Thread[Test worker,5,main])--commit transaction
[EL Finest]: connection: 2016-06-16 05:22:01.762--ServerSession(166674373)--Connection(1792828393)--Thread(Thread[Test worker,5,main])--Connection released to connection pool [default].
[EL Finer]: transaction: 2016-06-16 05:22:01.762--UnitOfWork(717553014)--Thread(Thread[Test worker,5,main])--end unit of work commit
[EL Finer]: transaction: 2016-06-16 05:22:01.762--UnitOfWork(717553014)--Thread(Thread[Test worker,5,main])--resume unit of work
[EL Finer]: transaction: 2016-06-16 05:22:01.763--UnitOfWork(717553014)--Thread(Thread[Test worker,5,main])--release unit of work
[EL Finer]: connection: 2016-06-16 05:22:01.763--ClientSession(1405675323)--Thread(Thread[Test worker,5,main])--client released
[EL Finer]: connection: 2016-06-16 05:22:01.771--ServerSession(166674373)--Thread(Thread[Test worker,5,main])--client acquired: 2045225213
[EL Finer]: transaction: 2016-06-16 05:22:01.772--ClientSession(2045225213)--Thread(Thread[Test worker,5,main])--acquire unit of work: 1476901009
[EL Finest]: connection: 2016-06-16 05:22:01.772--ServerSession(166674373)--Connection(1659266237)--Thread(Thread[Test worker,5,main])--Connection acquired from connection pool [default].
[EL Finer]: transaction: 2016-06-16 05:22:01.773--ClientSession(2045225213)--Connection(1659266237)--Thread(Thread[Test worker,5,main])--begin transaction
[EL Finest]: connection: 2016-06-16 05:22:01.773--ClientSession(2045225213)--Thread(Thread[Test worker,5,main])--reconnecting to external connection pool
[EL Finer]: transaction: 2016-06-16 05:22:01.775--UnitOfWork(1476901009)--Thread(Thread[Test worker,5,main])--begin unit of work flush
[EL Finer]: transaction: 2016-06-16 05:22:01.775--UnitOfWork(1476901009)--Thread(Thread[Test worker,5,main])--end unit of work flush
[EL Finest]: query: 2016-06-16 05:22:01.776--UnitOfWork(1476901009)--Thread(Thread[Test worker,5,main])--Execute query ReadAllQuery(name="Roles.findById" referenceClass=Roles sql="SELECT roleId, RoleDescription, roleHelp, RoleIcon, RoleName, versionId, createdBy, createdDate, updatedBy, updatedDate, activeStatus, txnAccessCode FROM ast_Roles_T WHERE ((activeStatus = ?) AND (roleId = ?))")
[EL Fine]: sql: 2016-06-16 05:22:01.776--ClientSession(2045225213)--Connection(1622670143)--Thread(Thread[Test worker,5,main])--SELECT roleId, RoleDescription, roleHelp, RoleIcon, RoleName, versionId, createdBy, createdDate, updatedBy, updatedDate, activeStatus, txnAccessCode FROM ast_Roles_T WHERE ((activeStatus = ?) AND (roleId = ?))
	bind => [1, 9DCA3931-7AE2-4B64-B09D-1B9A5856DC20]
[EL Finest]: query: 2016-06-16 05:22:01.778--UnitOfWork(1476901009)--Thread(Thread[Test worker,5,main])--Execute query ReadAllQuery(name="roleMenuBridge" referenceClass=RoleMenuBridge sql="SELECT roleMenuMapId, isExecute, isRead, isWrite, menuId, versionId, createdBy, createdDate, updatedBy, updatedDate, activeStatus, txnAccessCode, roleId FROM ast_RoleMenuBridge_TP WHERE (roleId = ?)")
[EL Fine]: sql: 2016-06-16 05:22:01.779--ClientSession(2045225213)--Connection(1622670143)--Thread(Thread[Test worker,5,main])--SELECT roleMenuMapId, isExecute, isRead, isWrite, menuId, versionId, createdBy, createdDate, updatedBy, updatedDate, activeStatus, txnAccessCode, roleId FROM ast_RoleMenuBridge_TP WHERE (roleId = ?)
	bind => [9DCA3931-7AE2-4B64-B09D-1B9A5856DC20]
[EL Finest]: query: 2016-06-16 05:22:01.781--UnitOfWork(1476901009)--Thread(Thread[Test worker,5,main])--Execute query ReadObjectQuery(name="roles" referenceClass=Roles )
[EL Finer]: transaction: 2016-06-16 05:22:01.782--UnitOfWork(1476901009)--Thread(Thread[Test worker,5,main])--begin unit of work commit
[EL Finer]: transaction: 2016-06-16 05:22:01.782--ClientSession(2045225213)--Connection(1622670143)--Thread(Thread[Test worker,5,main])--commit transaction
[EL Finest]: connection: 2016-06-16 05:22:01.783--ServerSession(166674373)--Connection(1659266237)--Thread(Thread[Test worker,5,main])--Connection released to connection pool [default].
[EL Finer]: transaction: 2016-06-16 05:22:01.783--UnitOfWork(1476901009)--Thread(Thread[Test worker,5,main])--end unit of work commit
[EL Finer]: transaction: 2016-06-16 05:22:01.784--UnitOfWork(1476901009)--Thread(Thread[Test worker,5,main])--resume unit of work
[EL Finer]: transaction: 2016-06-16 05:22:01.784--UnitOfWork(1476901009)--Thread(Thread[Test worker,5,main])--release unit of work
[EL Finer]: connection: 2016-06-16 05:22:01.784--ClientSession(2045225213)--Thread(Thread[Test worker,5,main])--client released
[EL Finer]: connection: 2016-06-16 05:22:01.872--ServerSession(166674373)--Thread(Thread[Test worker,5,main])--client acquired: 1882182574
[EL Finer]: transaction: 2016-06-16 05:22:01.873--ClientSession(1882182574)--Thread(Thread[Test worker,5,main])--acquire unit of work: 1408400908
[EL Finest]: connection: 2016-06-16 05:22:01.873--ServerSession(166674373)--Connection(1429303522)--Thread(Thread[Test worker,5,main])--Connection acquired from connection pool [default].
[EL Finer]: transaction: 2016-06-16 05:22:01.873--ClientSession(1882182574)--Connection(1429303522)--Thread(Thread[Test worker,5,main])--begin transaction
[EL Finest]: connection: 2016-06-16 05:22:01.873--ClientSession(1882182574)--Thread(Thread[Test worker,5,main])--reconnecting to external connection pool
[EL Finest]: query: 2016-06-16 05:22:01.876--UnitOfWork(1408400908)--Thread(Thread[Test worker,5,main])--Execute query ReadObjectQuery(name="readRoles" referenceClass=Roles sql="SELECT roleId, RoleDescription, roleHelp, RoleIcon, RoleName, versionId, createdBy, createdDate, updatedBy, updatedDate, activeStatus, txnAccessCode FROM ast_Roles_T WHERE (roleId = ?)")
[EL Fine]: sql: 2016-06-16 05:22:01.876--ClientSession(1882182574)--Connection(1678089006)--Thread(Thread[Test worker,5,main])--SELECT roleId, RoleDescription, roleHelp, RoleIcon, RoleName, versionId, createdBy, createdDate, updatedBy, updatedDate, activeStatus, txnAccessCode FROM ast_Roles_T WHERE (roleId = ?)
	bind => [9DCA3931-7AE2-4B64-B09D-1B9A5856DC20]
[EL Finest]: query: 2016-06-16 05:22:01.878--UnitOfWork(1408400908)--Thread(Thread[Test worker,5,main])--Execute query ReadAllQuery(name="roleMenuBridge" referenceClass=RoleMenuBridge sql="SELECT roleMenuMapId, isExecute, isRead, isWrite, menuId, versionId, createdBy, createdDate, updatedBy, updatedDate, activeStatus, txnAccessCode, roleId FROM ast_RoleMenuBridge_TP WHERE (roleId = ?)")
[EL Fine]: sql: 2016-06-16 05:22:01.878--ClientSession(1882182574)--Connection(1678089006)--Thread(Thread[Test worker,5,main])--SELECT roleMenuMapId, isExecute, isRead, isWrite, menuId, versionId, createdBy, createdDate, updatedBy, updatedDate, activeStatus, txnAccessCode, roleId FROM ast_RoleMenuBridge_TP WHERE (roleId = ?)
	bind => [9DCA3931-7AE2-4B64-B09D-1B9A5856DC20]
[EL Finest]: query: 2016-06-16 05:22:01.879--UnitOfWork(1408400908)--Thread(Thread[Test worker,5,main])--Execute query ReadObjectQuery(name="roles" referenceClass=Roles )
[EL Finest]: transaction: 2016-06-16 05:22:01.88--UnitOfWork(1408400908)--Thread(Thread[Test worker,5,main])--remove() operation called on: Ce9SxyWVryjW1HbuBna32Gdc5GKCkZAII22rxbxXCOfyeStvNQ
[EL Finest]: transaction: 2016-06-16 05:22:01.88--UnitOfWork(1408400908)--Thread(Thread[Test worker,5,main])--remove() operation called on: Ce9SxyWVryjW1HbuBna32Gdc5GKCkZAII22rxbxXCOfyeStvNQ,6162C47C-9D5E-4664-BCE9-36FD940E623B,true,true,true
[EL Finer]: transaction: 2016-06-16 05:22:01.882--UnitOfWork(1408400908)--Thread(Thread[Test worker,5,main])--begin unit of work commit
[EL Finest]: query: 2016-06-16 05:22:01.882--UnitOfWork(1408400908)--Thread(Thread[Test worker,5,main])--Execute query DoesExistQuery(referenceClass=Roles )
[EL Finest]: query: 2016-06-16 05:22:01.882--UnitOfWork(1408400908)--Thread(Thread[Test worker,5,main])--Execute query DoesExistQuery(referenceClass=RoleMenuBridge )
[EL Finest]: query: 2016-06-16 05:22:01.883--UnitOfWork(1408400908)--Thread(Thread[Test worker,5,main])--Execute query DeleteObjectQuery(Ce9SxyWVryjW1HbuBna32Gdc5GKCkZAII22rxbxXCOfyeStvNQ,6162C47C-9D5E-4664-BCE9-36FD940E623B,true,true,true)
[EL Fine]: sql: 2016-06-16 05:22:01.883--ClientSession(1882182574)--Connection(1678089006)--Thread(Thread[Test worker,5,main])--DELETE FROM ast_RoleMenuBridge_TP WHERE ((roleMenuMapId = ?) AND (versionId = ?))
	bind => [1A4A08A1-9A6D-4D1E-AB17-0F833A1C5934, 1]
[EL Finest]: query: 2016-06-16 05:22:01.885--UnitOfWork(1408400908)--Thread(Thread[Test worker,5,main])--Execute query DeleteObjectQuery(Ce9SxyWVryjW1HbuBna32Gdc5GKCkZAII22rxbxXCOfyeStvNQ)
[EL Fine]: sql: 2016-06-16 05:22:01.885--ClientSession(1882182574)--Connection(1678089006)--Thread(Thread[Test worker,5,main])--DELETE FROM ast_Roles_T WHERE ((roleId = ?) AND (versionId = ?))
	bind => [9DCA3931-7AE2-4B64-B09D-1B9A5856DC20, 2]
[EL Finer]: transaction: 2016-06-16 05:22:01.887--ClientSession(1882182574)--Connection(1678089006)--Thread(Thread[Test worker,5,main])--commit transaction
[EL Finest]: connection: 2016-06-16 05:22:02.104--ServerSession(166674373)--Connection(1429303522)--Thread(Thread[Test worker,5,main])--Connection released to connection pool [default].
[EL Finer]: transaction: 2016-06-16 05:22:02.104--UnitOfWork(1408400908)--Thread(Thread[Test worker,5,main])--end unit of work commit
[EL Finer]: transaction: 2016-06-16 05:22:02.104--UnitOfWork(1408400908)--Thread(Thread[Test worker,5,main])--resume unit of work
[EL Finer]: transaction: 2016-06-16 05:22:02.105--UnitOfWork(1408400908)--Thread(Thread[Test worker,5,main])--release unit of work
[EL Finer]: connection: 2016-06-16 05:22:02.105--ClientSession(1882182574)--Thread(Thread[Test worker,5,main])--client released
[EL Finer]: connection: 2016-06-16 05:22:02.105--ServerSession(166674373)--Thread(Thread[Test worker,5,main])--client acquired: 1391779141
[EL Finer]: transaction: 2016-06-16 05:22:02.106--ClientSession(1391779141)--Thread(Thread[Test worker,5,main])--acquire unit of work: 1240139663
[EL Finest]: connection: 2016-06-16 05:22:02.106--ServerSession(166674373)--Connection(1698521906)--Thread(Thread[Test worker,5,main])--Connection acquired from connection pool [default].
[EL Finer]: transaction: 2016-06-16 05:22:02.106--ClientSession(1391779141)--Connection(1698521906)--Thread(Thread[Test worker,5,main])--begin transaction
[EL Finest]: connection: 2016-06-16 05:22:02.106--ClientSession(1391779141)--Thread(Thread[Test worker,5,main])--reconnecting to external connection pool
[EL Finest]: query: 2016-06-16 05:22:02.107--UnitOfWork(1240139663)--Thread(Thread[Test worker,5,main])--Execute query ReadObjectQuery(name="readAppMenus" referenceClass=AppMenus sql="SELECT menuId, appId, appType, autoSave, menuAccessRights, menuAction, menuCommands, menuDisplay, menuHead, menuIcon, menuLabel, menuTreeId, RefObjectId, uiType, versionId, createdBy, createdDate, updatedBy, updatedDate, activeStatus, txnAccessCode FROM ast_AppMenus_M WHERE (menuId = ?)")
[EL Fine]: sql: 2016-06-16 05:22:02.108--ClientSession(1391779141)--Connection(428782647)--Thread(Thread[Test worker,5,main])--SELECT menuId, appId, appType, autoSave, menuAccessRights, menuAction, menuCommands, menuDisplay, menuHead, menuIcon, menuLabel, menuTreeId, RefObjectId, uiType, versionId, createdBy, createdDate, updatedBy, updatedDate, activeStatus, txnAccessCode FROM ast_AppMenus_M WHERE (menuId = ?)
	bind => [6162C47C-9D5E-4664-BCE9-36FD940E623B]
[EL Finest]: transaction: 2016-06-16 05:22:02.11--UnitOfWork(1240139663)--Thread(Thread[Test worker,5,main])--remove() operation called on: EopolvJO8i2aJUXHx7jNGi5JyVmvQuIlhNXJqLddM5tb3mwxaT
[EL Finer]: transaction: 2016-06-16 05:22:02.11--UnitOfWork(1240139663)--Thread(Thread[Test worker,5,main])--begin unit of work commit
[EL Finest]: query: 2016-06-16 05:22:02.111--UnitOfWork(1240139663)--Thread(Thread[Test worker,5,main])--Execute query DoesExistQuery(referenceClass=AppMenus )
[EL Finest]: query: 2016-06-16 05:22:02.111--UnitOfWork(1240139663)--Thread(Thread[Test worker,5,main])--Execute query DeleteObjectQuery(EopolvJO8i2aJUXHx7jNGi5JyVmvQuIlhNXJqLddM5tb3mwxaT)
[EL Fine]: sql: 2016-06-16 05:22:02.111--ClientSession(1391779141)--Connection(428782647)--Thread(Thread[Test worker,5,main])--DELETE FROM ast_AppMenus_M WHERE ((menuId = ?) AND (versionId = ?))
	bind => [6162C47C-9D5E-4664-BCE9-36FD940E623B, 1]
[EL Finer]: transaction: 2016-06-16 05:22:02.113--ClientSession(1391779141)--Connection(428782647)--Thread(Thread[Test worker,5,main])--commit transaction
[EL Finest]: connection: 2016-06-16 05:22:02.337--ServerSession(166674373)--Connection(1698521906)--Thread(Thread[Test worker,5,main])--Connection released to connection pool [default].
[EL Finer]: transaction: 2016-06-16 05:22:02.338--UnitOfWork(1240139663)--Thread(Thread[Test worker,5,main])--end unit of work commit
[EL Finer]: transaction: 2016-06-16 05:22:02.338--UnitOfWork(1240139663)--Thread(Thread[Test worker,5,main])--resume unit of work
[EL Finer]: transaction: 2016-06-16 05:22:02.338--UnitOfWork(1240139663)--Thread(Thread[Test worker,5,main])--release unit of work
[EL Finer]: connection: 2016-06-16 05:22:02.339--ClientSession(1391779141)--Thread(Thread[Test worker,5,main])--client released
]]></system-out>
  <system-err><![CDATA[log4j:WARN No appenders could be found for logger (org.springframework.test.context.junit4.SpringJUnit4ClassRunner).
log4j:WARN Please initialize the log4j system properly.
log4j:WARN See http://logging.apache.org/log4j/1.2/faq.html#noconfig for more info.
SLF4J: Failed to load class "org.slf4j.impl.StaticLoggerBinder".
SLF4J: Defaulting to no-operation (NOP) logger implementation
SLF4J: See http://www.slf4j.org/codes.html#StaticLoggerBinder for further details.
java.lang.NoSuchFieldException: RoleName
	at java.lang.Class.getDeclaredField(Class.java:1961)
	at com.sales.app.server.service.appbasicsetup.userrolemanagement.RolesTestCase.test5NegativeTesting(RolesTestCase.java:245)
	at sun.reflect.NativeMethodAccessorImpl.invoke0(Native Method)
	at sun.reflect.NativeMethodAccessorImpl.invoke(NativeMethodAccessorImpl.java:57)
	at sun.reflect.DelegatingMethodAccessorImpl.invoke(DelegatingMethodAccessorImpl.java:43)
	at java.lang.reflect.Method.invoke(Method.java:606)
	at org.junit.runners.model.FrameworkMethod$1.runReflectiveCall(FrameworkMethod.java:47)
	at org.junit.internal.runners.model.ReflectiveCallable.run(ReflectiveCallable.java:12)
	at org.junit.runners.model.FrameworkMethod.invokeExplosively(FrameworkMethod.java:44)
	at org.junit.internal.runners.statements.InvokeMethod.evaluate(InvokeMethod.java:17)
	at org.junit.internal.runners.statements.RunBefores.evaluate(RunBefores.java:26)
	at org.springframework.test.context.junit4.statements.RunBeforeTestMethodCallbacks.evaluate(RunBeforeTestMethodCallbacks.java:74)
	at org.junit.internal.runners.statements.RunAfters.evaluate(RunAfters.java:27)
	at org.springframework.test.context.junit4.statements.RunAfterTestMethodCallbacks.evaluate(RunAfterTestMethodCallbacks.java:83)
	at org.springframework.test.context.junit4.statements.SpringRepeat.evaluate(SpringRepeat.java:72)
	at org.springframework.test.context.junit4.SpringJUnit4ClassRunner.runChild(SpringJUnit4ClassRunner.java:233)
	at org.springframework.test.context.junit4.SpringJUnit4ClassRunner.runChild(SpringJUnit4ClassRunner.java:87)
	at org.junit.runners.ParentRunner$3.run(ParentRunner.java:238)
	at org.junit.runners.ParentRunner$1.schedule(ParentRunner.java:63)
	at org.junit.runners.ParentRunner.runChildren(ParentRunner.java:236)
	at org.junit.runners.ParentRunner.access$000(ParentRunner.java:53)
	at org.junit.runners.ParentRunner$2.evaluate(ParentRunner.java:229)
	at org.junit.internal.runners.statements.RunBefores.evaluate(RunBefores.java:26)
	at org.springframework.test.context.junit4.statements.RunBeforeTestClassCallbacks.evaluate(RunBeforeTestClassCallbacks.java:61)
	at org.springframework.test.context.junit4.statements.RunAfterTestClassCallbacks.evaluate(RunAfterTestClassCallbacks.java:71)
	at org.junit.runners.ParentRunner.run(ParentRunner.java:309)
	at org.springframework.test.context.junit4.SpringJUnit4ClassRunner.run(SpringJUnit4ClassRunner.java:176)
	at org.gradle.api.internal.tasks.testing.junit.JUnitTestClassExecuter.runTestClass(JUnitTestClassExecuter.java:86)
	at org.gradle.api.internal.tasks.testing.junit.JUnitTestClassExecuter.execute(JUnitTestClassExecuter.java:49)
	at org.gradle.api.internal.tasks.testing.junit.JUnitTestClassProcessor.processTestClass(JUnitTestClassProcessor.java:64)
	at org.gradle.api.internal.tasks.testing.SuiteTestClassProcessor.processTestClass(SuiteTestClassProcessor.java:50)
	at sun.reflect.NativeMethodAccessorImpl.invoke0(Native Method)
	at sun.reflect.NativeMethodAccessorImpl.invoke(NativeMethodAccessorImpl.java:57)
	at sun.reflect.DelegatingMethodAccessorImpl.invoke(DelegatingMethodAccessorImpl.java:43)
	at java.lang.reflect.Method.invoke(Method.java:606)
	at org.gradle.messaging.dispatch.ReflectionDispatch.dispatch(ReflectionDispatch.java:35)
	at org.gradle.messaging.dispatch.ReflectionDispatch.dispatch(ReflectionDispatch.java:24)
	at org.gradle.messaging.dispatch.ContextClassLoaderDispatch.dispatch(ContextClassLoaderDispatch.java:32)
	at org.gradle.messaging.dispatch.ProxyDispatchAdapter$DispatchingInvocationHandler.invoke(ProxyDispatchAdapter.java:93)
	at com.sun.proxy.$Proxy2.processTestClass(Unknown Source)
	at org.gradle.api.internal.tasks.testing.worker.TestWorker.processTestClass(TestWorker.java:106)
	at sun.reflect.NativeMethodAccessorImpl.invoke0(Native Method)
	at sun.reflect.NativeMethodAccessorImpl.invoke(NativeMethodAccessorImpl.java:57)
	at sun.reflect.DelegatingMethodAccessorImpl.invoke(DelegatingMethodAccessorImpl.java:43)
	at java.lang.reflect.Method.invoke(Method.java:606)
	at org.gradle.messaging.dispatch.ReflectionDispatch.dispatch(ReflectionDispatch.java:35)
	at org.gradle.messaging.dispatch.ReflectionDispatch.dispatch(ReflectionDispatch.java:24)
	at org.gradle.messaging.remote.internal.hub.MessageHub$Handler.run(MessageHub.java:360)
	at org.gradle.internal.concurrent.DefaultExecutorFactory$StoppableExecutorImpl$1.run(DefaultExecutorFactory.java:64)
	at java.util.concurrent.ThreadPoolExecutor.runWorker(ThreadPoolExecutor.java:1145)
	at java.util.concurrent.ThreadPoolExecutor$Worker.run(ThreadPoolExecutor.java:615)
	at java.lang.Thread.run(Thread.java:745)
Roles.roleName size must be between 0 and 256
java.lang.SecurityException: Roles.roleName size must be between 0 and 256
	at com.athena.server.pluggable.utils.helper.EntityValidatorHelper.validateEntity(EntityValidatorHelper.java:37)
	at com.sales.app.shared.appbasicsetup.userrolemanagement.Roles.isValid(Roles.java:253)
	at com.sales.app.server.service.appbasicsetup.userrolemanagement.RolesTestCase.validateRoles(RolesTestCase.java:216)
	at com.sales.app.server.service.appbasicsetup.userrolemanagement.RolesTestCase.test5NegativeTesting(RolesTestCase.java:258)
	at sun.reflect.NativeMethodAccessorImpl.invoke0(Native Method)
	at sun.reflect.NativeMethodAccessorImpl.invoke(NativeMethodAccessorImpl.java:57)
	at sun.reflect.DelegatingMethodAccessorImpl.invoke(DelegatingMethodAccessorImpl.java:43)
	at java.lang.reflect.Method.invoke(Method.java:606)
	at org.junit.runners.model.FrameworkMethod$1.runReflectiveCall(FrameworkMethod.java:47)
	at org.junit.internal.runners.model.ReflectiveCallable.run(ReflectiveCallable.java:12)
	at org.junit.runners.model.FrameworkMethod.invokeExplosively(FrameworkMethod.java:44)
	at org.junit.internal.runners.statements.InvokeMethod.evaluate(InvokeMethod.java:17)
	at org.junit.internal.runners.statements.RunBefores.evaluate(RunBefores.java:26)
	at org.springframework.test.context.junit4.statements.RunBeforeTestMethodCallbacks.evaluate(RunBeforeTestMethodCallbacks.java:74)
	at org.junit.internal.runners.statements.RunAfters.evaluate(RunAfters.java:27)
	at org.springframework.test.context.junit4.statements.RunAfterTestMethodCallbacks.evaluate(RunAfterTestMethodCallbacks.java:83)
	at org.springframework.test.context.junit4.statements.SpringRepeat.evaluate(SpringRepeat.java:72)
	at org.springframework.test.context.junit4.SpringJUnit4ClassRunner.runChild(SpringJUnit4ClassRunner.java:233)
	at org.springframework.test.context.junit4.SpringJUnit4ClassRunner.runChild(SpringJUnit4ClassRunner.java:87)
	at org.junit.runners.ParentRunner$3.run(ParentRunner.java:238)
	at org.junit.runners.ParentRunner$1.schedule(ParentRunner.java:63)
	at org.junit.runners.ParentRunner.runChildren(ParentRunner.java:236)
	at org.junit.runners.ParentRunner.access$000(ParentRunner.java:53)
	at org.junit.runners.ParentRunner$2.evaluate(ParentRunner.java:229)
	at org.junit.internal.runners.statements.RunBefores.evaluate(RunBefores.java:26)
	at org.springframework.test.context.junit4.statements.RunBeforeTestClassCallbacks.evaluate(RunBeforeTestClassCallbacks.java:61)
	at org.springframework.test.context.junit4.statements.RunAfterTestClassCallbacks.evaluate(RunAfterTestClassCallbacks.java:71)
	at org.junit.runners.ParentRunner.run(ParentRunner.java:309)
	at org.springframework.test.context.junit4.SpringJUnit4ClassRunner.run(SpringJUnit4ClassRunner.java:176)
	at org.gradle.api.internal.tasks.testing.junit.JUnitTestClassExecuter.runTestClass(JUnitTestClassExecuter.java:86)
	at org.gradle.api.internal.tasks.testing.junit.JUnitTestClassExecuter.execute(JUnitTestClassExecuter.java:49)
	at org.gradle.api.internal.tasks.testing.junit.JUnitTestClassProcessor.processTestClass(JUnitTestClassProcessor.java:64)
	at org.gradle.api.internal.tasks.testing.SuiteTestClassProcessor.processTestClass(SuiteTestClassProcessor.java:50)
	at sun.reflect.NativeMethodAccessorImpl.invoke0(Native Method)
	at sun.reflect.NativeMethodAccessorImpl.invoke(NativeMethodAccessorImpl.java:57)
	at sun.reflect.DelegatingMethodAccessorImpl.invoke(DelegatingMethodAccessorImpl.java:43)
	at java.lang.reflect.Method.invoke(Method.java:606)
	at org.gradle.messaging.dispatch.ReflectionDispatch.dispatch(ReflectionDispatch.java:35)
	at org.gradle.messaging.dispatch.ReflectionDispatch.dispatch(ReflectionDispatch.java:24)
	at org.gradle.messaging.dispatch.ContextClassLoaderDispatch.dispatch(ContextClassLoaderDispatch.java:32)
	at org.gradle.messaging.dispatch.ProxyDispatchAdapter$DispatchingInvocationHandler.invoke(ProxyDispatchAdapter.java:93)
	at com.sun.proxy.$Proxy2.processTestClass(Unknown Source)
	at org.gradle.api.internal.tasks.testing.worker.TestWorker.processTestClass(TestWorker.java:106)
	at sun.reflect.NativeMethodAccessorImpl.invoke0(Native Method)
	at sun.reflect.NativeMethodAccessorImpl.invoke(NativeMethodAccessorImpl.java:57)
	at sun.reflect.DelegatingMethodAccessorImpl.invoke(DelegatingMethodAccessorImpl.java:43)
	at java.lang.reflect.Method.invoke(Method.java:606)
	at org.gradle.messaging.dispatch.ReflectionDispatch.dispatch(ReflectionDispatch.java:35)
	at org.gradle.messaging.dispatch.ReflectionDispatch.dispatch(ReflectionDispatch.java:24)
	at org.gradle.messaging.remote.internal.hub.MessageHub$Handler.run(MessageHub.java:360)
	at org.gradle.internal.concurrent.DefaultExecutorFactory$StoppableExecutorImpl$1.run(DefaultExecutorFactory.java:64)
	at java.util.concurrent.ThreadPoolExecutor.runWorker(ThreadPoolExecutor.java:1145)
	at java.util.concurrent.ThreadPoolExecutor$Worker.run(ThreadPoolExecutor.java:615)
	at java.lang.Thread.run(Thread.java:745)
java.lang.NoSuchFieldException: RoleDescription
	at java.lang.Class.getDeclaredField(Class.java:1961)
	at com.sales.app.server.service.appbasicsetup.userrolemanagement.RolesTestCase.test5NegativeTesting(RolesTestCase.java:245)
	at sun.reflect.NativeMethodAccessorImpl.invoke0(Native Method)
	at sun.reflect.NativeMethodAccessorImpl.invoke(NativeMethodAccessorImpl.java:57)
	at sun.reflect.DelegatingMethodAccessorImpl.invoke(DelegatingMethodAccessorImpl.java:43)
	at java.lang.reflect.Method.invoke(Method.java:606)
	at org.junit.runners.model.FrameworkMethod$1.runReflectiveCall(FrameworkMethod.java:47)
	at org.junit.internal.runners.model.ReflectiveCallable.run(ReflectiveCallable.java:12)
	at org.junit.runners.model.FrameworkMethod.invokeExplosively(FrameworkMethod.java:44)
	at org.junit.internal.runners.statements.InvokeMethod.evaluate(InvokeMethod.java:17)
	at org.junit.internal.runners.statements.RunBefores.evaluate(RunBefores.java:26)
	at org.springframework.test.context.junit4.statements.RunBeforeTestMethodCallbacks.evaluate(RunBeforeTestMethodCallbacks.java:74)
	at org.junit.internal.runners.statements.RunAfters.evaluate(RunAfters.java:27)
	at org.springframework.test.context.junit4.statements.RunAfterTestMethodCallbacks.evaluate(RunAfterTestMethodCallbacks.java:83)
	at org.springframework.test.context.junit4.statements.SpringRepeat.evaluate(SpringRepeat.java:72)
	at org.springframework.test.context.junit4.SpringJUnit4ClassRunner.runChild(SpringJUnit4ClassRunner.java:233)
	at org.springframework.test.context.junit4.SpringJUnit4ClassRunner.runChild(SpringJUnit4ClassRunner.java:87)
	at org.junit.runners.ParentRunner$3.run(ParentRunner.java:238)
	at org.junit.runners.ParentRunner$1.schedule(ParentRunner.java:63)
	at org.junit.runners.ParentRunner.runChildren(ParentRunner.java:236)
	at org.junit.runners.ParentRunner.access$000(ParentRunner.java:53)
	at org.junit.runners.ParentRunner$2.evaluate(ParentRunner.java:229)
	at org.junit.internal.runners.statements.RunBefores.evaluate(RunBefores.java:26)
	at org.springframework.test.context.junit4.statements.RunBeforeTestClassCallbacks.evaluate(RunBeforeTestClassCallbacks.java:61)
	at org.springframework.test.context.junit4.statements.RunAfterTestClassCallbacks.evaluate(RunAfterTestClassCallbacks.java:71)
	at org.junit.runners.ParentRunner.run(ParentRunner.java:309)
	at org.springframework.test.context.junit4.SpringJUnit4ClassRunner.run(SpringJUnit4ClassRunner.java:176)
	at org.gradle.api.internal.tasks.testing.junit.JUnitTestClassExecuter.runTestClass(JUnitTestClassExecuter.java:86)
	at org.gradle.api.internal.tasks.testing.junit.JUnitTestClassExecuter.execute(JUnitTestClassExecuter.java:49)
	at org.gradle.api.internal.tasks.testing.junit.JUnitTestClassProcessor.processTestClass(JUnitTestClassProcessor.java:64)
	at org.gradle.api.internal.tasks.testing.SuiteTestClassProcessor.processTestClass(SuiteTestClassProcessor.java:50)
	at sun.reflect.NativeMethodAccessorImpl.invoke0(Native Method)
	at sun.reflect.NativeMethodAccessorImpl.invoke(NativeMethodAccessorImpl.java:57)
	at sun.reflect.DelegatingMethodAccessorImpl.invoke(DelegatingMethodAccessorImpl.java:43)
	at java.lang.reflect.Method.invoke(Method.java:606)
	at org.gradle.messaging.dispatch.ReflectionDispatch.dispatch(ReflectionDispatch.java:35)
	at org.gradle.messaging.dispatch.ReflectionDispatch.dispatch(ReflectionDispatch.java:24)
	at org.gradle.messaging.dispatch.ContextClassLoaderDispatch.dispatch(ContextClassLoaderDispatch.java:32)
	at org.gradle.messaging.dispatch.ProxyDispatchAdapter$DispatchingInvocationHandler.invoke(ProxyDispatchAdapter.java:93)
	at com.sun.proxy.$Proxy2.processTestClass(Unknown Source)
	at org.gradle.api.internal.tasks.testing.worker.TestWorker.processTestClass(TestWorker.java:106)
	at sun.reflect.NativeMethodAccessorImpl.invoke0(Native Method)
	at sun.reflect.NativeMethodAccessorImpl.invoke(NativeMethodAccessorImpl.java:57)
	at sun.reflect.DelegatingMethodAccessorImpl.invoke(DelegatingMethodAccessorImpl.java:43)
	at java.lang.reflect.Method.invoke(Method.java:606)
	at org.gradle.messaging.dispatch.ReflectionDispatch.dispatch(ReflectionDispatch.java:35)
	at org.gradle.messaging.dispatch.ReflectionDispatch.dispatch(ReflectionDispatch.java:24)
	at org.gradle.messaging.remote.internal.hub.MessageHub$Handler.run(MessageHub.java:360)
	at org.gradle.internal.concurrent.DefaultExecutorFactory$StoppableExecutorImpl$1.run(DefaultExecutorFactory.java:64)
	at java.util.concurrent.ThreadPoolExecutor.runWorker(ThreadPoolExecutor.java:1145)
	at java.util.concurrent.ThreadPoolExecutor$Worker.run(ThreadPoolExecutor.java:615)
	at java.lang.Thread.run(Thread.java:745)
Roles.roleDescription size must be between 0 and 256
java.lang.SecurityException: Roles.roleDescription size must be between 0 and 256
	at com.athena.server.pluggable.utils.helper.EntityValidatorHelper.validateEntity(EntityValidatorHelper.java:37)
	at com.sales.app.shared.appbasicsetup.userrolemanagement.Roles.isValid(Roles.java:253)
	at com.sales.app.server.service.appbasicsetup.userrolemanagement.RolesTestCase.validateRoles(RolesTestCase.java:216)
	at com.sales.app.server.service.appbasicsetup.userrolemanagement.RolesTestCase.test5NegativeTesting(RolesTestCase.java:269)
	at sun.reflect.NativeMethodAccessorImpl.invoke0(Native Method)
	at sun.reflect.NativeMethodAccessorImpl.invoke(NativeMethodAccessorImpl.java:57)
	at sun.reflect.DelegatingMethodAccessorImpl.invoke(DelegatingMethodAccessorImpl.java:43)
	at java.lang.reflect.Method.invoke(Method.java:606)
	at org.junit.runners.model.FrameworkMethod$1.runReflectiveCall(FrameworkMethod.java:47)
	at org.junit.internal.runners.model.ReflectiveCallable.run(ReflectiveCallable.java:12)
	at org.junit.runners.model.FrameworkMethod.invokeExplosively(FrameworkMethod.java:44)
	at org.junit.internal.runners.statements.InvokeMethod.evaluate(InvokeMethod.java:17)
	at org.junit.internal.runners.statements.RunBefores.evaluate(RunBefores.java:26)
	at org.springframework.test.context.junit4.statements.RunBeforeTestMethodCallbacks.evaluate(RunBeforeTestMethodCallbacks.java:74)
	at org.junit.internal.runners.statements.RunAfters.evaluate(RunAfters.java:27)
	at org.springframework.test.context.junit4.statements.RunAfterTestMethodCallbacks.evaluate(RunAfterTestMethodCallbacks.java:83)
	at org.springframework.test.context.junit4.statements.SpringRepeat.evaluate(SpringRepeat.java:72)
	at org.springframework.test.context.junit4.SpringJUnit4ClassRunner.runChild(SpringJUnit4ClassRunner.java:233)
	at org.springframework.test.context.junit4.SpringJUnit4ClassRunner.runChild(SpringJUnit4ClassRunner.java:87)
	at org.junit.runners.ParentRunner$3.run(ParentRunner.java:238)
	at org.junit.runners.ParentRunner$1.schedule(ParentRunner.java:63)
	at org.junit.runners.ParentRunner.runChildren(ParentRunner.java:236)
	at org.junit.runners.ParentRunner.access$000(ParentRunner.java:53)
	at org.junit.runners.ParentRunner$2.evaluate(ParentRunner.java:229)
	at org.junit.internal.runners.statements.RunBefores.evaluate(RunBefores.java:26)
	at org.springframework.test.context.junit4.statements.RunBeforeTestClassCallbacks.evaluate(RunBeforeTestClassCallbacks.java:61)
	at org.springframework.test.context.junit4.statements.RunAfterTestClassCallbacks.evaluate(RunAfterTestClassCallbacks.java:71)
	at org.junit.runners.ParentRunner.run(ParentRunner.java:309)
	at org.springframework.test.context.junit4.SpringJUnit4ClassRunner.run(SpringJUnit4ClassRunner.java:176)
	at org.gradle.api.internal.tasks.testing.junit.JUnitTestClassExecuter.runTestClass(JUnitTestClassExecuter.java:86)
	at org.gradle.api.internal.tasks.testing.junit.JUnitTestClassExecuter.execute(JUnitTestClassExecuter.java:49)
	at org.gradle.api.internal.tasks.testing.junit.JUnitTestClassProcessor.processTestClass(JUnitTestClassProcessor.java:64)
	at org.gradle.api.internal.tasks.testing.SuiteTestClassProcessor.processTestClass(SuiteTestClassProcessor.java:50)
	at sun.reflect.NativeMethodAccessorImpl.invoke0(Native Method)
	at sun.reflect.NativeMethodAccessorImpl.invoke(NativeMethodAccessorImpl.java:57)
	at sun.reflect.DelegatingMethodAccessorImpl.invoke(DelegatingMethodAccessorImpl.java:43)
	at java.lang.reflect.Method.invoke(Method.java:606)
	at org.gradle.messaging.dispatch.ReflectionDispatch.dispatch(ReflectionDispatch.java:35)
	at org.gradle.messaging.dispatch.ReflectionDispatch.dispatch(ReflectionDispatch.java:24)
	at org.gradle.messaging.dispatch.ContextClassLoaderDispatch.dispatch(ContextClassLoaderDispatch.java:32)
	at org.gradle.messaging.dispatch.ProxyDispatchAdapter$DispatchingInvocationHandler.invoke(ProxyDispatchAdapter.java:93)
	at com.sun.proxy.$Proxy2.processTestClass(Unknown Source)
	at org.gradle.api.internal.tasks.testing.worker.TestWorker.processTestClass(TestWorker.java:106)
	at sun.reflect.NativeMethodAccessorImpl.invoke0(Native Method)
	at sun.reflect.NativeMethodAccessorImpl.invoke(NativeMethodAccessorImpl.java:57)
	at sun.reflect.DelegatingMethodAccessorImpl.invoke(DelegatingMethodAccessorImpl.java:43)
	at java.lang.reflect.Method.invoke(Method.java:606)
	at org.gradle.messaging.dispatch.ReflectionDispatch.dispatch(ReflectionDispatch.java:35)
	at org.gradle.messaging.dispatch.ReflectionDispatch.dispatch(ReflectionDispatch.java:24)
	at org.gradle.messaging.remote.internal.hub.MessageHub$Handler.run(MessageHub.java:360)
	at org.gradle.internal.concurrent.DefaultExecutorFactory$StoppableExecutorImpl$1.run(DefaultExecutorFactory.java:64)
	at java.util.concurrent.ThreadPoolExecutor.runWorker(ThreadPoolExecutor.java:1145)
	at java.util.concurrent.ThreadPoolExecutor$Worker.run(ThreadPoolExecutor.java:615)
	at java.lang.Thread.run(Thread.java:745)
Roles.roleIcon size must be between 0 and 64
java.lang.SecurityException: Roles.roleIcon size must be between 0 and 64
	at com.athena.server.pluggable.utils.helper.EntityValidatorHelper.validateEntity(EntityValidatorHelper.java:37)
	at com.sales.app.shared.appbasicsetup.userrolemanagement.Roles.isValid(Roles.java:253)
	at com.sales.app.server.service.appbasicsetup.userrolemanagement.RolesTestCase.validateRoles(RolesTestCase.java:216)
	at com.sales.app.server.service.appbasicsetup.userrolemanagement.RolesTestCase.test5NegativeTesting(RolesTestCase.java:274)
	at sun.reflect.NativeMethodAccessorImpl.invoke0(Native Method)
	at sun.reflect.NativeMethodAccessorImpl.invoke(NativeMethodAccessorImpl.java:57)
	at sun.reflect.DelegatingMethodAccessorImpl.invoke(DelegatingMethodAccessorImpl.java:43)
	at java.lang.reflect.Method.invoke(Method.java:606)
	at org.junit.runners.model.FrameworkMethod$1.runReflectiveCall(FrameworkMethod.java:47)
	at org.junit.internal.runners.model.ReflectiveCallable.run(ReflectiveCallable.java:12)
	at org.junit.runners.model.FrameworkMethod.invokeExplosively(FrameworkMethod.java:44)
	at org.junit.internal.runners.statements.InvokeMethod.evaluate(InvokeMethod.java:17)
	at org.junit.internal.runners.statements.RunBefores.evaluate(RunBefores.java:26)
	at org.springframework.test.context.junit4.statements.RunBeforeTestMethodCallbacks.evaluate(RunBeforeTestMethodCallbacks.java:74)
	at org.junit.internal.runners.statements.RunAfters.evaluate(RunAfters.java:27)
	at org.springframework.test.context.junit4.statements.RunAfterTestMethodCallbacks.evaluate(RunAfterTestMethodCallbacks.java:83)
	at org.springframework.test.context.junit4.statements.SpringRepeat.evaluate(SpringRepeat.java:72)
	at org.springframework.test.context.junit4.SpringJUnit4ClassRunner.runChild(SpringJUnit4ClassRunner.java:233)
	at org.springframework.test.context.junit4.SpringJUnit4ClassRunner.runChild(SpringJUnit4ClassRunner.java:87)
	at org.junit.runners.ParentRunner$3.run(ParentRunner.java:238)
	at org.junit.runners.ParentRunner$1.schedule(ParentRunner.java:63)
	at org.junit.runners.ParentRunner.runChildren(ParentRunner.java:236)
	at org.junit.runners.ParentRunner.access$000(ParentRunner.java:53)
	at org.junit.runners.ParentRunner$2.evaluate(ParentRunner.java:229)
	at org.junit.internal.runners.statements.RunBefores.evaluate(RunBefores.java:26)
	at org.springframework.test.context.junit4.statements.RunBeforeTestClassCallbacks.evaluate(RunBeforeTestClassCallbacks.java:61)
	at org.springframework.test.context.junit4.statements.RunAfterTestClassCallbacks.evaluate(RunAfterTestClassCallbacks.java:71)
	at org.junit.runners.ParentRunner.run(ParentRunner.java:309)
	at org.springframework.test.context.junit4.SpringJUnit4ClassRunner.run(SpringJUnit4ClassRunner.java:176)
	at org.gradle.api.internal.tasks.testing.junit.JUnitTestClassExecuter.runTestClass(JUnitTestClassExecuter.java:86)
	at org.gradle.api.internal.tasks.testing.junit.JUnitTestClassExecuter.execute(JUnitTestClassExecuter.java:49)
	at org.gradle.api.internal.tasks.testing.junit.JUnitTestClassProcessor.processTestClass(JUnitTestClassProcessor.java:64)
	at org.gradle.api.internal.tasks.testing.SuiteTestClassProcessor.processTestClass(SuiteTestClassProcessor.java:50)
	at sun.reflect.NativeMethodAccessorImpl.invoke0(Native Method)
	at sun.reflect.NativeMethodAccessorImpl.invoke(NativeMethodAccessorImpl.java:57)
	at sun.reflect.DelegatingMethodAccessorImpl.invoke(DelegatingMethodAccessorImpl.java:43)
	at java.lang.reflect.Method.invoke(Method.java:606)
	at org.gradle.messaging.dispatch.ReflectionDispatch.dispatch(ReflectionDispatch.java:35)
	at org.gradle.messaging.dispatch.ReflectionDispatch.dispatch(ReflectionDispatch.java:24)
	at org.gradle.messaging.dispatch.ContextClassLoaderDispatch.dispatch(ContextClassLoaderDispatch.java:32)
	at org.gradle.messaging.dispatch.ProxyDispatchAdapter$DispatchingInvocationHandler.invoke(ProxyDispatchAdapter.java:93)
	at com.sun.proxy.$Proxy2.processTestClass(Unknown Source)
	at org.gradle.api.internal.tasks.testing.worker.TestWorker.processTestClass(TestWorker.java:106)
	at sun.reflect.NativeMethodAccessorImpl.invoke0(Native Method)
	at sun.reflect.NativeMethodAccessorImpl.invoke(NativeMethodAccessorImpl.java:57)
	at sun.reflect.DelegatingMethodAccessorImpl.invoke(DelegatingMethodAccessorImpl.java:43)
	at java.lang.reflect.Method.invoke(Method.java:606)
	at org.gradle.messaging.dispatch.ReflectionDispatch.dispatch(ReflectionDispatch.java:35)
	at org.gradle.messaging.dispatch.ReflectionDispatch.dispatch(ReflectionDispatch.java:24)
	at org.gradle.messaging.remote.internal.hub.MessageHub$Handler.run(MessageHub.java:360)
	at org.gradle.internal.concurrent.DefaultExecutorFactory$StoppableExecutorImpl$1.run(DefaultExecutorFactory.java:64)
	at java.util.concurrent.ThreadPoolExecutor.runWorker(ThreadPoolExecutor.java:1145)
	at java.util.concurrent.ThreadPoolExecutor$Worker.run(ThreadPoolExecutor.java:615)
	at java.lang.Thread.run(Thread.java:745)
Roles.roleHelp size must be between 0 and 256
java.lang.SecurityException: Roles.roleHelp size must be between 0 and 256
	at com.athena.server.pluggable.utils.helper.EntityValidatorHelper.validateEntity(EntityValidatorHelper.java:37)
	at com.sales.app.shared.appbasicsetup.userrolemanagement.Roles.isValid(Roles.java:253)
	at com.sales.app.server.service.appbasicsetup.userrolemanagement.RolesTestCase.validateRoles(RolesTestCase.java:216)
	at com.sales.app.server.service.appbasicsetup.userrolemanagement.RolesTestCase.test5NegativeTesting(RolesTestCase.java:279)
	at sun.reflect.NativeMethodAccessorImpl.invoke0(Native Method)
	at sun.reflect.NativeMethodAccessorImpl.invoke(NativeMethodAccessorImpl.java:57)
	at sun.reflect.DelegatingMethodAccessorImpl.invoke(DelegatingMethodAccessorImpl.java:43)
	at java.lang.reflect.Method.invoke(Method.java:606)
	at org.junit.runners.model.FrameworkMethod$1.runReflectiveCall(FrameworkMethod.java:47)
	at org.junit.internal.runners.model.ReflectiveCallable.run(ReflectiveCallable.java:12)
	at org.junit.runners.model.FrameworkMethod.invokeExplosively(FrameworkMethod.java:44)
	at org.junit.internal.runners.statements.InvokeMethod.evaluate(InvokeMethod.java:17)
	at org.junit.internal.runners.statements.RunBefores.evaluate(RunBefores.java:26)
	at org.springframework.test.context.junit4.statements.RunBeforeTestMethodCallbacks.evaluate(RunBeforeTestMethodCallbacks.java:74)
	at org.junit.internal.runners.statements.RunAfters.evaluate(RunAfters.java:27)
	at org.springframework.test.context.junit4.statements.RunAfterTestMethodCallbacks.evaluate(RunAfterTestMethodCallbacks.java:83)
	at org.springframework.test.context.junit4.statements.SpringRepeat.evaluate(SpringRepeat.java:72)
	at org.springframework.test.context.junit4.SpringJUnit4ClassRunner.runChild(SpringJUnit4ClassRunner.java:233)
	at org.springframework.test.context.junit4.SpringJUnit4ClassRunner.runChild(SpringJUnit4ClassRunner.java:87)
	at org.junit.runners.ParentRunner$3.run(ParentRunner.java:238)
	at org.junit.runners.ParentRunner$1.schedule(ParentRunner.java:63)
	at org.junit.runners.ParentRunner.runChildren(ParentRunner.java:236)
	at org.junit.runners.ParentRunner.access$000(ParentRunner.java:53)
	at org.junit.runners.ParentRunner$2.evaluate(ParentRunner.java:229)
	at org.junit.internal.runners.statements.RunBefores.evaluate(RunBefores.java:26)
	at org.springframework.test.context.junit4.statements.RunBeforeTestClassCallbacks.evaluate(RunBeforeTestClassCallbacks.java:61)
	at org.springframework.test.context.junit4.statements.RunAfterTestClassCallbacks.evaluate(RunAfterTestClassCallbacks.java:71)
	at org.junit.runners.ParentRunner.run(ParentRunner.java:309)
	at org.springframework.test.context.junit4.SpringJUnit4ClassRunner.run(SpringJUnit4ClassRunner.java:176)
	at org.gradle.api.internal.tasks.testing.junit.JUnitTestClassExecuter.runTestClass(JUnitTestClassExecuter.java:86)
	at org.gradle.api.internal.tasks.testing.junit.JUnitTestClassExecuter.execute(JUnitTestClassExecuter.java:49)
	at org.gradle.api.internal.tasks.testing.junit.JUnitTestClassProcessor.processTestClass(JUnitTestClassProcessor.java:64)
	at org.gradle.api.internal.tasks.testing.SuiteTestClassProcessor.processTestClass(SuiteTestClassProcessor.java:50)
	at sun.reflect.NativeMethodAccessorImpl.invoke0(Native Method)
	at sun.reflect.NativeMethodAccessorImpl.invoke(NativeMethodAccessorImpl.java:57)
	at sun.reflect.DelegatingMethodAccessorImpl.invoke(DelegatingMethodAccessorImpl.java:43)
	at java.lang.reflect.Method.invoke(Method.java:606)
	at org.gradle.messaging.dispatch.ReflectionDispatch.dispatch(ReflectionDispatch.java:35)
	at org.gradle.messaging.dispatch.ReflectionDispatch.dispatch(ReflectionDispatch.java:24)
	at org.gradle.messaging.dispatch.ContextClassLoaderDispatch.dispatch(ContextClassLoaderDispatch.java:32)
	at org.gradle.messaging.dispatch.ProxyDispatchAdapter$DispatchingInvocationHandler.invoke(ProxyDispatchAdapter.java:93)
	at com.sun.proxy.$Proxy2.processTestClass(Unknown Source)
	at org.gradle.api.internal.tasks.testing.worker.TestWorker.processTestClass(TestWorker.java:106)
	at sun.reflect.NativeMethodAccessorImpl.invoke0(Native Method)
	at sun.reflect.NativeMethodAccessorImpl.invoke(NativeMethodAccessorImpl.java:57)
	at sun.reflect.DelegatingMethodAccessorImpl.invoke(DelegatingMethodAccessorImpl.java:43)
	at java.lang.reflect.Method.invoke(Method.java:606)
	at org.gradle.messaging.dispatch.ReflectionDispatch.dispatch(ReflectionDispatch.java:35)
	at org.gradle.messaging.dispatch.ReflectionDispatch.dispatch(ReflectionDispatch.java:24)
	at org.gradle.messaging.remote.internal.hub.MessageHub$Handler.run(MessageHub.java:360)
	at org.gradle.internal.concurrent.DefaultExecutorFactory$StoppableExecutorImpl$1.run(DefaultExecutorFactory.java:64)
	at java.util.concurrent.ThreadPoolExecutor.runWorker(ThreadPoolExecutor.java:1145)
	at java.util.concurrent.ThreadPoolExecutor$Worker.run(ThreadPoolExecutor.java:615)
	at java.lang.Thread.run(Thread.java:745)
]]></system-err>
</testsuite>
