<?xml version="1.0" encoding="UTF-8"?>
<testsuite name="com.sales.app.server.service.appbasicsetup.usermanagement.QuestionTestCase" tests="5" skipped="0" failures="0" errors="0" timestamp="2016-06-16T05:22:23" hostname="05da525fbf42" time="0.519">
  <properties/>
  <testcase name="test1Save" classname="com.sales.app.server.service.appbasicsetup.usermanagement.QuestionTestCase" time="0.239"/>
  <testcase name="test2Update" classname="com.sales.app.server.service.appbasicsetup.usermanagement.QuestionTestCase" time="0.179"/>
  <testcase name="test3FindById" classname="com.sales.app.server.service.appbasicsetup.usermanagement.QuestionTestCase" time="0.01"/>
  <testcase name="test5NegativeTesting" classname="com.sales.app.server.service.appbasicsetup.usermanagement.QuestionTestCase" time="0.033"/>
  <testcase name="test6Delete" classname="com.sales.app.server.service.appbasicsetup.usermanagement.QuestionTestCase" time="0.054"/>
  <system-out><![CDATA[Thu Jun 16 05:22:23 UTC 2016|Log Manager Factory|Initialization Process started.....
Thu Jun 16 05:22:23 UTC 2016|Log Manager|Initialized with Path = [/home/applifire/workspace/salesdemo/src/main/webapp/WEB-INF/conf]
Thu Jun 16 05:22:23 UTC 2016|Alarm Manager|Initialized with Path = [/home/applifire/workspace/salesdemo/src/main/webapp/WEB-INF/conf]
Thu Jun 16 05:22:23 UTC 2016|Alarm Manager|Loading Alarms ......
Thu Jun 16 05:22:23 UTC 2016|Alarm XML Parser|FWA|XML Parsing Complete........ 
Thu Jun 16 05:22:23 UTC 2016|Alarm File Manager|FWA|Alarm File Status.. [ApplicationFrameworkAlarms.xml]|Version=15|Status=Done 
Thu Jun 16 05:22:23 UTC 2016|Alarm File Manager|FWA|Alarm Stats = ( BC/AL=4/676 SYS=4/10 [676/0]  TPL=0/0 [0/0]  APP= A.Map=[759]  E.Map EC/RC=[322/67] )
Thu Jun 16 05:22:23 UTC 2016|Alarm XML Parser|APP|XML Parsing Complete........ 
Thu Jun 16 05:22:23 UTC 2016|Alarm File Manager|APP|Alarm File Status.. [ApplicationAlarms.xml]|Version=1|Status=Done 
Thu Jun 16 05:22:23 UTC 2016|Alarm File Manager|APP|Alarm Stats = ( BC/AL=7/1174 SYS=4/10 [676/0]  TPL=0/0 [0/0]  APP=3/6 [498/0]  A.Map=[1021]  E.Map EC/RC=[412/89] )
Thu Jun 16 05:22:23 UTC 2016|ApplicationAlarmContext| <><><><><> Create App Alarms ....  <><><><><> 
Thu Jun 16 05:22:23 UTC 2016|ApplicationAlarmContext|Alarms are generated ONLY in Development Mode.. 
Thu Jun 16 05:22:23 UTC 2016|Alarm Manager|APP|Alarm Stats = ( BC/AL=7/1174 SYS=4/10 [676/0]  TPL=0/0 [0/0]  APP=3/6 [498/0]  A.Map=[1021]  E.Map EC/RC=[412/89] )
Thu Jun 16 05:22:23 UTC 2016|Alarm Manager|Initialized Exception Lookup...
Thu Jun 16 05:22:23 UTC 2016|Log Manager|Initialize Log Config File ......
Thu Jun 16 05:22:23 UTC 2016|Pluggable Connectors|Adding Connectors : StandardOutputConnector isEnabled=true isDefault=false isFallBack=true
Thu Jun 16 05:22:23 UTC 2016|Pluggable Connectors|Adding Connectors : StandardFileConnector isEnabled=true isDefault=false isFallBack=false
Thu Jun 16 05:22:23 UTC 2016|Pluggable Connectors|Adding Connectors : Sprinkler isEnabled=true isDefault=true isFallBack=false
Thu Jun 16 05:22:23 UTC 2016|Pluggable Connectors|Default Connector Name : com.spartan.logger.core.LogMessenger
Thu Jun 16 05:22:23 UTC 2016|Log Config Parser|Connector Least Log Level =[4]  FallBack Log Level =[3]
Thu Jun 16 05:22:23 UTC 2016|Log Manager|Loading Default Connector for Logging ......
Thu Jun 16 05:22:23 UTC 2016|Log Manager|Loading class .. com.spartan.logger.core.LogMessenger
Thu Jun 16 05:22:23 UTC 2016|Plugggable Connector|Connector class com.spartan.logger.core.LogMessenger Initialized... @ Log Level = 3
Thu Jun 16 05:22:23 UTC 2016|Log Manager|Starting the Default Connector [com.spartan.logger.core.LogMessenger@3885db9b] ....
Thu Jun 16 05:22:23 UTC 2016|Scheduler|Starting the Scheduler ......
Thu Jun 16 05:22:23 UTC 2016|Scheduler|Adding [LMID=[96027fc7-c163-4d43-935a-70aaabfd668d]] Delay=5 Time Unit=MINUTES
Thu Jun 16 05:22:23 UTC 2016|Scheduler|Adding [App Alarm Manager File=[ApplicationAlarms.xml]] Delay=30 Time Unit=MINUTES
Thu Jun 16 05:22:23 UTC 2016|Scheduler|Adding [FW Alarm Manager File=[ApplicationFrameworkAlarms.xml]] Delay=3 Time Unit=MINUTES
Thu Jun 16 05:22:23 UTC 2016|Scheduler|Startup Completed..
Thu Jun 16 05:22:23 UTC 2016|Log Manager|Initialization Process Complete ......
Thu Jun 16 05:22:23 UTC 2016|Log Manager Factory|Log Manager READY! ID = 96027fc7-c163-4d43-935a-70aaabfd668d
Setting logged in user info for ADD
[EL Finer]: connection: 2016-06-16 05:22:23.589--ServerSession(166674373)--Thread(Thread[Test worker,5,main])--client acquired: 1256898524
[EL Finer]: transaction: 2016-06-16 05:22:23.589--ClientSession(1256898524)--Thread(Thread[Test worker,5,main])--acquire unit of work: 2044340976
[EL Finest]: connection: 2016-06-16 05:22:23.589--ServerSession(166674373)--Connection(1647915279)--Thread(Thread[Test worker,5,main])--Connection acquired from connection pool [default].
[EL Finer]: transaction: 2016-06-16 05:22:23.589--ClientSession(1256898524)--Connection(1647915279)--Thread(Thread[Test worker,5,main])--begin transaction
[EL Finest]: connection: 2016-06-16 05:22:23.589--ClientSession(1256898524)--Thread(Thread[Test worker,5,main])--reconnecting to external connection pool
[EL Finest]: transaction: 2016-06-16 05:22:23.59--UnitOfWork(2044340976)--Thread(Thread[Test worker,5,main])--persist() operation called on: 6,uembIbhpFb5BOrinAfThuZcZzQDE0OB7PVhmF5FhbP91Rrbhpr.
[EL Finest]: sequencing: 2016-06-16 05:22:23.59--UnitOfWork(2044340976)--Thread(Thread[Test worker,5,main])--assign sequence to the object (7C8A4F9C-3D49-409E-A734-545C11575F98 -> 6,uembIbhpFb5BOrinAfThuZcZzQDE0OB7PVhmF5FhbP91Rrbhpr)
[EL Finer]: transaction: 2016-06-16 05:22:23.591--UnitOfWork(2044340976)--Thread(Thread[Test worker,5,main])--begin unit of work commit
[EL Finest]: query: 2016-06-16 05:22:23.591--UnitOfWork(2044340976)--Thread(Thread[Test worker,5,main])--Execute query InsertObjectQuery(6,uembIbhpFb5BOrinAfThuZcZzQDE0OB7PVhmF5FhbP91Rrbhpr)
[EL Fine]: sql: 2016-06-16 05:22:23.592--ClientSession(1256898524)--Connection(1464871780)--Thread(Thread[Test worker,5,main])--INSERT INTO ast_Question_M (questionId, levelid, question, questionDetails, questionIcon, versionId, createdBy, createdDate, updatedBy, updatedDate, activeStatus, txnAccessCode) VALUES (?, ?, ?, ?, ?, ?, ?, ?, ?, ?, ?, ?)
	bind => [7C8A4F9C-3D49-409E-A734-545C11575F98, 6, uembIbhpFb5BOrinAfThuZcZzQDE0OB7PVhmF5FhbP91Rrbhpr, fBtPvNoolL, RXVWhfO6O4yLkbpuMDQiWDJSE042ZX403w2HdqbhWnS87GBL0N, 1, AAAAA, 2016-06-16 05:22:23.586, AAAAA, 2016-06-16 05:22:23.586, 1, 51000]
[EL Finer]: transaction: 2016-06-16 05:22:23.593--ClientSession(1256898524)--Connection(1464871780)--Thread(Thread[Test worker,5,main])--commit transaction
[EL Finest]: connection: 2016-06-16 05:22:23.79--ServerSession(166674373)--Connection(1647915279)--Thread(Thread[Test worker,5,main])--Connection released to connection pool [default].
[EL Finer]: transaction: 2016-06-16 05:22:23.79--UnitOfWork(2044340976)--Thread(Thread[Test worker,5,main])--end unit of work commit
[EL Finer]: transaction: 2016-06-16 05:22:23.791--UnitOfWork(2044340976)--Thread(Thread[Test worker,5,main])--resume unit of work
[EL Finer]: transaction: 2016-06-16 05:22:23.791--UnitOfWork(2044340976)--Thread(Thread[Test worker,5,main])--release unit of work
[EL Finer]: connection: 2016-06-16 05:22:23.791--ClientSession(1256898524)--Thread(Thread[Test worker,5,main])--client released
[EL Finer]: connection: 2016-06-16 05:22:23.8--ServerSession(166674373)--Thread(Thread[Test worker,5,main])--client acquired: 382446238
[EL Finer]: transaction: 2016-06-16 05:22:23.8--ClientSession(382446238)--Thread(Thread[Test worker,5,main])--acquire unit of work: 355366595
[EL Finest]: connection: 2016-06-16 05:22:23.801--ServerSession(166674373)--Connection(494339858)--Thread(Thread[Test worker,5,main])--Connection acquired from connection pool [default].
[EL Finer]: transaction: 2016-06-16 05:22:23.801--ClientSession(382446238)--Connection(494339858)--Thread(Thread[Test worker,5,main])--begin transaction
[EL Finest]: connection: 2016-06-16 05:22:23.801--ClientSession(382446238)--Thread(Thread[Test worker,5,main])--reconnecting to external connection pool
[EL Finer]: transaction: 2016-06-16 05:22:23.803--UnitOfWork(355366595)--Thread(Thread[Test worker,5,main])--begin unit of work flush
[EL Finer]: transaction: 2016-06-16 05:22:23.803--UnitOfWork(355366595)--Thread(Thread[Test worker,5,main])--end unit of work flush
[EL Finest]: query: 2016-06-16 05:22:23.803--UnitOfWork(355366595)--Thread(Thread[Test worker,5,main])--Execute query ReadAllQuery(name="Question.findById" referenceClass=Question sql="SELECT questionId, levelid, question, questionDetails, questionIcon, versionId, createdBy, createdDate, updatedBy, updatedDate, activeStatus, txnAccessCode FROM ast_Question_M WHERE ((activeStatus = ?) AND (questionId = ?))")
[EL Fine]: sql: 2016-06-16 05:22:23.804--ClientSession(382446238)--Connection(1312000465)--Thread(Thread[Test worker,5,main])--SELECT questionId, levelid, question, questionDetails, questionIcon, versionId, createdBy, createdDate, updatedBy, updatedDate, activeStatus, txnAccessCode FROM ast_Question_M WHERE ((activeStatus = ?) AND (questionId = ?))
	bind => [1, 7C8A4F9C-3D49-409E-A734-545C11575F98]
[EL Finer]: transaction: 2016-06-16 05:22:23.806--UnitOfWork(355366595)--Thread(Thread[Test worker,5,main])--begin unit of work commit
[EL Finer]: transaction: 2016-06-16 05:22:23.807--ClientSession(382446238)--Connection(1312000465)--Thread(Thread[Test worker,5,main])--commit transaction
[EL Finest]: connection: 2016-06-16 05:22:23.807--ServerSession(166674373)--Connection(494339858)--Thread(Thread[Test worker,5,main])--Connection released to connection pool [default].
[EL Finer]: transaction: 2016-06-16 05:22:23.808--UnitOfWork(355366595)--Thread(Thread[Test worker,5,main])--end unit of work commit
[EL Finer]: transaction: 2016-06-16 05:22:23.808--UnitOfWork(355366595)--Thread(Thread[Test worker,5,main])--resume unit of work
[EL Finer]: transaction: 2016-06-16 05:22:23.808--UnitOfWork(355366595)--Thread(Thread[Test worker,5,main])--release unit of work
[EL Finer]: connection: 2016-06-16 05:22:23.808--ClientSession(382446238)--Thread(Thread[Test worker,5,main])--client released
Setting logged in user info for UPDATE
[EL Finer]: connection: 2016-06-16 05:22:23.809--ServerSession(166674373)--Thread(Thread[Test worker,5,main])--client acquired: 1464088638
[EL Finer]: transaction: 2016-06-16 05:22:23.81--ClientSession(1464088638)--Thread(Thread[Test worker,5,main])--acquire unit of work: 1070111540
[EL Finest]: connection: 2016-06-16 05:22:23.81--ServerSession(166674373)--Connection(189109155)--Thread(Thread[Test worker,5,main])--Connection acquired from connection pool [default].
[EL Finer]: transaction: 2016-06-16 05:22:23.81--ClientSession(1464088638)--Connection(189109155)--Thread(Thread[Test worker,5,main])--begin transaction
[EL Finest]: connection: 2016-06-16 05:22:23.81--ClientSession(1464088638)--Thread(Thread[Test worker,5,main])--reconnecting to external connection pool
[EL Finest]: transaction: 2016-06-16 05:22:23.814--UnitOfWork(1070111540)--Thread(Thread[Test worker,5,main])--Merge clone with references 6,ylomHMAMhEckVdYLU5UL0MM7tdj62vKSuvPhkkrQ1BykeR4V7L
[EL Finest]: query: 2016-06-16 05:22:23.814--UnitOfWork(1070111540)--Thread(Thread[Test worker,5,main])--Execute query ReadObjectQuery(referenceClass=Question )
[EL Fine]: sql: 2016-06-16 05:22:23.814--ClientSession(1464088638)--Connection(1580274894)--Thread(Thread[Test worker,5,main])--SELECT questionId, levelid, question, questionDetails, questionIcon, versionId, createdBy, createdDate, updatedBy, updatedDate, activeStatus, txnAccessCode FROM ast_Question_M WHERE (questionId = ?)
	bind => [7C8A4F9C-3D49-409E-A734-545C11575F98]
[EL Finer]: transaction: 2016-06-16 05:22:23.819--UnitOfWork(1070111540)--Thread(Thread[Test worker,5,main])--begin unit of work commit
[EL Finest]: query: 2016-06-16 05:22:23.819--UnitOfWork(1070111540)--Thread(Thread[Test worker,5,main])--Execute query UpdateObjectQuery(6,ylomHMAMhEckVdYLU5UL0MM7tdj62vKSuvPhkkrQ1BykeR4V7L)
[EL Fine]: sql: 2016-06-16 05:22:23.82--ClientSession(1464088638)--Connection(1580274894)--Thread(Thread[Test worker,5,main])--UPDATE ast_Question_M SET question = ?, questionDetails = ?, questionIcon = ?, versionId = ? WHERE ((questionId = ?) AND (versionId = ?))
	bind => [ylomHMAMhEckVdYLU5UL0MM7tdj62vKSuvPhkkrQ1BykeR4V7L, uHYyQC9iHC, vhzIGOT0mn6y2Kf39KgUBfU7URwvKBCK6amDPaOKi7vtC6LJHB, 2, 7C8A4F9C-3D49-409E-A734-545C11575F98, 1]
[EL Finer]: transaction: 2016-06-16 05:22:23.88--ClientSession(1464088638)--Connection(1580274894)--Thread(Thread[Test worker,5,main])--commit transaction
[EL Finest]: connection: 2016-06-16 05:22:23.972--ServerSession(166674373)--Connection(189109155)--Thread(Thread[Test worker,5,main])--Connection released to connection pool [default].
[EL Finer]: transaction: 2016-06-16 05:22:23.972--UnitOfWork(1070111540)--Thread(Thread[Test worker,5,main])--end unit of work commit
[EL Finer]: transaction: 2016-06-16 05:22:23.972--UnitOfWork(1070111540)--Thread(Thread[Test worker,5,main])--resume unit of work
[EL Finer]: transaction: 2016-06-16 05:22:23.972--UnitOfWork(1070111540)--Thread(Thread[Test worker,5,main])--release unit of work
[EL Finer]: connection: 2016-06-16 05:22:23.972--ClientSession(1464088638)--Thread(Thread[Test worker,5,main])--client released
[EL Finer]: connection: 2016-06-16 05:22:23.978--ServerSession(166674373)--Thread(Thread[Test worker,5,main])--client acquired: 1676818251
[EL Finer]: transaction: 2016-06-16 05:22:23.978--ClientSession(1676818251)--Thread(Thread[Test worker,5,main])--acquire unit of work: 856444976
[EL Finest]: connection: 2016-06-16 05:22:23.979--ServerSession(166674373)--Connection(1835309438)--Thread(Thread[Test worker,5,main])--Connection acquired from connection pool [default].
[EL Finer]: transaction: 2016-06-16 05:22:23.979--ClientSession(1676818251)--Connection(1835309438)--Thread(Thread[Test worker,5,main])--begin transaction
[EL Finest]: connection: 2016-06-16 05:22:23.979--ClientSession(1676818251)--Thread(Thread[Test worker,5,main])--reconnecting to external connection pool
[EL Finer]: transaction: 2016-06-16 05:22:23.98--UnitOfWork(856444976)--Thread(Thread[Test worker,5,main])--begin unit of work flush
[EL Finer]: transaction: 2016-06-16 05:22:23.98--UnitOfWork(856444976)--Thread(Thread[Test worker,5,main])--end unit of work flush
[EL Finest]: query: 2016-06-16 05:22:23.98--UnitOfWork(856444976)--Thread(Thread[Test worker,5,main])--Execute query ReadAllQuery(name="Question.findById" referenceClass=Question sql="SELECT questionId, levelid, question, questionDetails, questionIcon, versionId, createdBy, createdDate, updatedBy, updatedDate, activeStatus, txnAccessCode FROM ast_Question_M WHERE ((activeStatus = ?) AND (questionId = ?))")
[EL Fine]: sql: 2016-06-16 05:22:23.98--ClientSession(1676818251)--Connection(70432094)--Thread(Thread[Test worker,5,main])--SELECT questionId, levelid, question, questionDetails, questionIcon, versionId, createdBy, createdDate, updatedBy, updatedDate, activeStatus, txnAccessCode FROM ast_Question_M WHERE ((activeStatus = ?) AND (questionId = ?))
	bind => [1, 7C8A4F9C-3D49-409E-A734-545C11575F98]
[EL Finer]: transaction: 2016-06-16 05:22:23.982--UnitOfWork(856444976)--Thread(Thread[Test worker,5,main])--begin unit of work commit
[EL Finer]: transaction: 2016-06-16 05:22:23.982--ClientSession(1676818251)--Connection(70432094)--Thread(Thread[Test worker,5,main])--commit transaction
[EL Finest]: connection: 2016-06-16 05:22:23.983--ServerSession(166674373)--Connection(1835309438)--Thread(Thread[Test worker,5,main])--Connection released to connection pool [default].
[EL Finer]: transaction: 2016-06-16 05:22:23.983--UnitOfWork(856444976)--Thread(Thread[Test worker,5,main])--end unit of work commit
[EL Finer]: transaction: 2016-06-16 05:22:23.983--UnitOfWork(856444976)--Thread(Thread[Test worker,5,main])--resume unit of work
[EL Finer]: transaction: 2016-06-16 05:22:23.983--UnitOfWork(856444976)--Thread(Thread[Test worker,5,main])--release unit of work
[EL Finer]: connection: 2016-06-16 05:22:23.983--ClientSession(1676818251)--Thread(Thread[Test worker,5,main])--client released
[EL Finer]: connection: 2016-06-16 05:22:24.025--ServerSession(166674373)--Thread(Thread[Test worker,5,main])--client acquired: 1202837286
[EL Finer]: transaction: 2016-06-16 05:22:24.026--ClientSession(1202837286)--Thread(Thread[Test worker,5,main])--acquire unit of work: 1822696591
[EL Finest]: connection: 2016-06-16 05:22:24.026--ServerSession(166674373)--Connection(207380482)--Thread(Thread[Test worker,5,main])--Connection acquired from connection pool [default].
[EL Finer]: transaction: 2016-06-16 05:22:24.027--ClientSession(1202837286)--Connection(207380482)--Thread(Thread[Test worker,5,main])--begin transaction
[EL Finest]: connection: 2016-06-16 05:22:24.027--ClientSession(1202837286)--Thread(Thread[Test worker,5,main])--reconnecting to external connection pool
[EL Finest]: query: 2016-06-16 05:22:24.028--UnitOfWork(1822696591)--Thread(Thread[Test worker,5,main])--Execute query ReadObjectQuery(name="readQuestion" referenceClass=Question sql="SELECT questionId, levelid, question, questionDetails, questionIcon, versionId, createdBy, createdDate, updatedBy, updatedDate, activeStatus, txnAccessCode FROM ast_Question_M WHERE (questionId = ?)")
[EL Fine]: sql: 2016-06-16 05:22:24.028--ClientSession(1202837286)--Connection(1946358275)--Thread(Thread[Test worker,5,main])--SELECT questionId, levelid, question, questionDetails, questionIcon, versionId, createdBy, createdDate, updatedBy, updatedDate, activeStatus, txnAccessCode FROM ast_Question_M WHERE (questionId = ?)
	bind => [7C8A4F9C-3D49-409E-A734-545C11575F98]
[EL Finest]: transaction: 2016-06-16 05:22:24.03--UnitOfWork(1822696591)--Thread(Thread[Test worker,5,main])--remove() operation called on: 6,ylomHMAMhEckVdYLU5UL0MM7tdj62vKSuvPhkkrQ1BykeR4V7L
[EL Finer]: transaction: 2016-06-16 05:22:24.031--UnitOfWork(1822696591)--Thread(Thread[Test worker,5,main])--begin unit of work commit
[EL Finest]: query: 2016-06-16 05:22:24.031--UnitOfWork(1822696591)--Thread(Thread[Test worker,5,main])--Execute query DoesExistQuery(referenceClass=Question )
[EL Finest]: query: 2016-06-16 05:22:24.031--UnitOfWork(1822696591)--Thread(Thread[Test worker,5,main])--Execute query DeleteObjectQuery(6,ylomHMAMhEckVdYLU5UL0MM7tdj62vKSuvPhkkrQ1BykeR4V7L)
[EL Fine]: sql: 2016-06-16 05:22:24.032--ClientSession(1202837286)--Connection(1946358275)--Thread(Thread[Test worker,5,main])--DELETE FROM ast_Question_M WHERE ((questionId = ?) AND (versionId = ?))
	bind => [7C8A4F9C-3D49-409E-A734-545C11575F98, 2]
[EL Finer]: transaction: 2016-06-16 05:22:24.033--ClientSession(1202837286)--Connection(1946358275)--Thread(Thread[Test worker,5,main])--commit transaction
[EL Finest]: connection: 2016-06-16 05:22:24.071--ServerSession(166674373)--Connection(207380482)--Thread(Thread[Test worker,5,main])--Connection released to connection pool [default].
[EL Finer]: transaction: 2016-06-16 05:22:24.071--UnitOfWork(1822696591)--Thread(Thread[Test worker,5,main])--end unit of work commit
[EL Finer]: transaction: 2016-06-16 05:22:24.071--UnitOfWork(1822696591)--Thread(Thread[Test worker,5,main])--resume unit of work
[EL Finer]: transaction: 2016-06-16 05:22:24.071--UnitOfWork(1822696591)--Thread(Thread[Test worker,5,main])--release unit of work
[EL Finer]: connection: 2016-06-16 05:22:24.071--ClientSession(1202837286)--Thread(Thread[Test worker,5,main])--client released
]]></system-out>
  <system-err><![CDATA[Question.levelid may not be null
java.lang.SecurityException: Question.levelid may not be null
	at com.athena.server.pluggable.utils.helper.EntityValidatorHelper.validateEntity(EntityValidatorHelper.java:37)
	at com.sales.app.shared.appbasicsetup.usermanagement.Question.isValid(Question.java:182)
	at com.sales.app.server.service.appbasicsetup.usermanagement.QuestionTestCase.validateQuestion(QuestionTestCase.java:183)
	at com.sales.app.server.service.appbasicsetup.usermanagement.QuestionTestCase.test5NegativeTesting(QuestionTestCase.java:218)
	at sun.reflect.NativeMethodAccessorImpl.invoke0(Native Method)
	at sun.reflect.NativeMethodAccessorImpl.invoke(NativeMethodAccessorImpl.java:57)
	at sun.reflect.DelegatingMethodAccessorImpl.invoke(DelegatingMethodAccessorImpl.java:43)
	at java.lang.reflect.Method.invoke(Method.java:606)
	at org.junit.runners.model.FrameworkMethod$1.runReflectiveCall(FrameworkMethod.java:47)
	at org.junit.internal.runners.model.ReflectiveCallable.run(ReflectiveCallable.java:12)
	at org.junit.runners.model.FrameworkMethod.invokeExplosively(FrameworkMethod.java:44)
	at org.junit.internal.runners.statements.InvokeMethod.evaluate(InvokeMethod.java:17)
	at org.junit.internal.runners.statements.RunBefores.evaluate(RunBefores.java:26)
	at org.springframework.test.context.junit4.statements.RunBeforeTestMethodCallbacks.evaluate(RunBeforeTestMethodCallbacks.java:74)
	at org.junit.internal.runners.statements.RunAfters.evaluate(RunAfters.java:27)
	at org.springframework.test.context.junit4.statements.RunAfterTestMethodCallbacks.evaluate(RunAfterTestMethodCallbacks.java:83)
	at org.springframework.test.context.junit4.statements.SpringRepeat.evaluate(SpringRepeat.java:72)
	at org.springframework.test.context.junit4.SpringJUnit4ClassRunner.runChild(SpringJUnit4ClassRunner.java:233)
	at org.springframework.test.context.junit4.SpringJUnit4ClassRunner.runChild(SpringJUnit4ClassRunner.java:87)
	at org.junit.runners.ParentRunner$3.run(ParentRunner.java:238)
	at org.junit.runners.ParentRunner$1.schedule(ParentRunner.java:63)
	at org.junit.runners.ParentRunner.runChildren(ParentRunner.java:236)
	at org.junit.runners.ParentRunner.access$000(ParentRunner.java:53)
	at org.junit.runners.ParentRunner$2.evaluate(ParentRunner.java:229)
	at org.junit.internal.runners.statements.RunBefores.evaluate(RunBefores.java:26)
	at org.springframework.test.context.junit4.statements.RunBeforeTestClassCallbacks.evaluate(RunBeforeTestClassCallbacks.java:61)
	at org.springframework.test.context.junit4.statements.RunAfterTestClassCallbacks.evaluate(RunAfterTestClassCallbacks.java:71)
	at org.junit.runners.ParentRunner.run(ParentRunner.java:309)
	at org.springframework.test.context.junit4.SpringJUnit4ClassRunner.run(SpringJUnit4ClassRunner.java:176)
	at org.gradle.api.internal.tasks.testing.junit.JUnitTestClassExecuter.runTestClass(JUnitTestClassExecuter.java:86)
	at org.gradle.api.internal.tasks.testing.junit.JUnitTestClassExecuter.execute(JUnitTestClassExecuter.java:49)
	at org.gradle.api.internal.tasks.testing.junit.JUnitTestClassProcessor.processTestClass(JUnitTestClassProcessor.java:64)
	at org.gradle.api.internal.tasks.testing.SuiteTestClassProcessor.processTestClass(SuiteTestClassProcessor.java:50)
	at sun.reflect.NativeMethodAccessorImpl.invoke0(Native Method)
	at sun.reflect.NativeMethodAccessorImpl.invoke(NativeMethodAccessorImpl.java:57)
	at sun.reflect.DelegatingMethodAccessorImpl.invoke(DelegatingMethodAccessorImpl.java:43)
	at java.lang.reflect.Method.invoke(Method.java:606)
	at org.gradle.messaging.dispatch.ReflectionDispatch.dispatch(ReflectionDispatch.java:35)
	at org.gradle.messaging.dispatch.ReflectionDispatch.dispatch(ReflectionDispatch.java:24)
	at org.gradle.messaging.dispatch.ContextClassLoaderDispatch.dispatch(ContextClassLoaderDispatch.java:32)
	at org.gradle.messaging.dispatch.ProxyDispatchAdapter$DispatchingInvocationHandler.invoke(ProxyDispatchAdapter.java:93)
	at com.sun.proxy.$Proxy2.processTestClass(Unknown Source)
	at org.gradle.api.internal.tasks.testing.worker.TestWorker.processTestClass(TestWorker.java:106)
	at sun.reflect.NativeMethodAccessorImpl.invoke0(Native Method)
	at sun.reflect.NativeMethodAccessorImpl.invoke(NativeMethodAccessorImpl.java:57)
	at sun.reflect.DelegatingMethodAccessorImpl.invoke(DelegatingMethodAccessorImpl.java:43)
	at java.lang.reflect.Method.invoke(Method.java:606)
	at org.gradle.messaging.dispatch.ReflectionDispatch.dispatch(ReflectionDispatch.java:35)
	at org.gradle.messaging.dispatch.ReflectionDispatch.dispatch(ReflectionDispatch.java:24)
	at org.gradle.messaging.remote.internal.hub.MessageHub$Handler.run(MessageHub.java:360)
	at org.gradle.internal.concurrent.DefaultExecutorFactory$StoppableExecutorImpl$1.run(DefaultExecutorFactory.java:64)
	at java.util.concurrent.ThreadPoolExecutor.runWorker(ThreadPoolExecutor.java:1145)
	at java.util.concurrent.ThreadPoolExecutor$Worker.run(ThreadPoolExecutor.java:615)
	at java.lang.Thread.run(Thread.java:745)
Question.levelid must be less than or equal to 11
java.lang.SecurityException: Question.levelid must be less than or equal to 11
	at com.athena.server.pluggable.utils.helper.EntityValidatorHelper.validateEntity(EntityValidatorHelper.java:37)
	at com.sales.app.shared.appbasicsetup.usermanagement.Question.isValid(Question.java:182)
	at com.sales.app.server.service.appbasicsetup.usermanagement.QuestionTestCase.validateQuestion(QuestionTestCase.java:181)
	at com.sales.app.server.service.appbasicsetup.usermanagement.QuestionTestCase.test5NegativeTesting(QuestionTestCase.java:223)
	at sun.reflect.NativeMethodAccessorImpl.invoke0(Native Method)
	at sun.reflect.NativeMethodAccessorImpl.invoke(NativeMethodAccessorImpl.java:57)
	at sun.reflect.DelegatingMethodAccessorImpl.invoke(DelegatingMethodAccessorImpl.java:43)
	at java.lang.reflect.Method.invoke(Method.java:606)
	at org.junit.runners.model.FrameworkMethod$1.runReflectiveCall(FrameworkMethod.java:47)
	at org.junit.internal.runners.model.ReflectiveCallable.run(ReflectiveCallable.java:12)
	at org.junit.runners.model.FrameworkMethod.invokeExplosively(FrameworkMethod.java:44)
	at org.junit.internal.runners.statements.InvokeMethod.evaluate(InvokeMethod.java:17)
	at org.junit.internal.runners.statements.RunBefores.evaluate(RunBefores.java:26)
	at org.springframework.test.context.junit4.statements.RunBeforeTestMethodCallbacks.evaluate(RunBeforeTestMethodCallbacks.java:74)
	at org.junit.internal.runners.statements.RunAfters.evaluate(RunAfters.java:27)
	at org.springframework.test.context.junit4.statements.RunAfterTestMethodCallbacks.evaluate(RunAfterTestMethodCallbacks.java:83)
	at org.springframework.test.context.junit4.statements.SpringRepeat.evaluate(SpringRepeat.java:72)
	at org.springframework.test.context.junit4.SpringJUnit4ClassRunner.runChild(SpringJUnit4ClassRunner.java:233)
	at org.springframework.test.context.junit4.SpringJUnit4ClassRunner.runChild(SpringJUnit4ClassRunner.java:87)
	at org.junit.runners.ParentRunner$3.run(ParentRunner.java:238)
	at org.junit.runners.ParentRunner$1.schedule(ParentRunner.java:63)
	at org.junit.runners.ParentRunner.runChildren(ParentRunner.java:236)
	at org.junit.runners.ParentRunner.access$000(ParentRunner.java:53)
	at org.junit.runners.ParentRunner$2.evaluate(ParentRunner.java:229)
	at org.junit.internal.runners.statements.RunBefores.evaluate(RunBefores.java:26)
	at org.springframework.test.context.junit4.statements.RunBeforeTestClassCallbacks.evaluate(RunBeforeTestClassCallbacks.java:61)
	at org.springframework.test.context.junit4.statements.RunAfterTestClassCallbacks.evaluate(RunAfterTestClassCallbacks.java:71)
	at org.junit.runners.ParentRunner.run(ParentRunner.java:309)
	at org.springframework.test.context.junit4.SpringJUnit4ClassRunner.run(SpringJUnit4ClassRunner.java:176)
	at org.gradle.api.internal.tasks.testing.junit.JUnitTestClassExecuter.runTestClass(JUnitTestClassExecuter.java:86)
	at org.gradle.api.internal.tasks.testing.junit.JUnitTestClassExecuter.execute(JUnitTestClassExecuter.java:49)
	at org.gradle.api.internal.tasks.testing.junit.JUnitTestClassProcessor.processTestClass(JUnitTestClassProcessor.java:64)
	at org.gradle.api.internal.tasks.testing.SuiteTestClassProcessor.processTestClass(SuiteTestClassProcessor.java:50)
	at sun.reflect.NativeMethodAccessorImpl.invoke0(Native Method)
	at sun.reflect.NativeMethodAccessorImpl.invoke(NativeMethodAccessorImpl.java:57)
	at sun.reflect.DelegatingMethodAccessorImpl.invoke(DelegatingMethodAccessorImpl.java:43)
	at java.lang.reflect.Method.invoke(Method.java:606)
	at org.gradle.messaging.dispatch.ReflectionDispatch.dispatch(ReflectionDispatch.java:35)
	at org.gradle.messaging.dispatch.ReflectionDispatch.dispatch(ReflectionDispatch.java:24)
	at org.gradle.messaging.dispatch.ContextClassLoaderDispatch.dispatch(ContextClassLoaderDispatch.java:32)
	at org.gradle.messaging.dispatch.ProxyDispatchAdapter$DispatchingInvocationHandler.invoke(ProxyDispatchAdapter.java:93)
	at com.sun.proxy.$Proxy2.processTestClass(Unknown Source)
	at org.gradle.api.internal.tasks.testing.worker.TestWorker.processTestClass(TestWorker.java:106)
	at sun.reflect.NativeMethodAccessorImpl.invoke0(Native Method)
	at sun.reflect.NativeMethodAccessorImpl.invoke(NativeMethodAccessorImpl.java:57)
	at sun.reflect.DelegatingMethodAccessorImpl.invoke(DelegatingMethodAccessorImpl.java:43)
	at java.lang.reflect.Method.invoke(Method.java:606)
	at org.gradle.messaging.dispatch.ReflectionDispatch.dispatch(ReflectionDispatch.java:35)
	at org.gradle.messaging.dispatch.ReflectionDispatch.dispatch(ReflectionDispatch.java:24)
	at org.gradle.messaging.remote.internal.hub.MessageHub$Handler.run(MessageHub.java:360)
	at org.gradle.internal.concurrent.DefaultExecutorFactory$StoppableExecutorImpl$1.run(DefaultExecutorFactory.java:64)
	at java.util.concurrent.ThreadPoolExecutor.runWorker(ThreadPoolExecutor.java:1145)
	at java.util.concurrent.ThreadPoolExecutor$Worker.run(ThreadPoolExecutor.java:615)
	at java.lang.Thread.run(Thread.java:745)
Question.question may not be null
java.lang.SecurityException: Question.question may not be null
	at com.athena.server.pluggable.utils.helper.EntityValidatorHelper.validateEntity(EntityValidatorHelper.java:37)
	at com.sales.app.shared.appbasicsetup.usermanagement.Question.isValid(Question.java:182)
	at com.sales.app.server.service.appbasicsetup.usermanagement.QuestionTestCase.validateQuestion(QuestionTestCase.java:183)
	at com.sales.app.server.service.appbasicsetup.usermanagement.QuestionTestCase.test5NegativeTesting(QuestionTestCase.java:229)
	at sun.reflect.NativeMethodAccessorImpl.invoke0(Native Method)
	at sun.reflect.NativeMethodAccessorImpl.invoke(NativeMethodAccessorImpl.java:57)
	at sun.reflect.DelegatingMethodAccessorImpl.invoke(DelegatingMethodAccessorImpl.java:43)
	at java.lang.reflect.Method.invoke(Method.java:606)
	at org.junit.runners.model.FrameworkMethod$1.runReflectiveCall(FrameworkMethod.java:47)
	at org.junit.internal.runners.model.ReflectiveCallable.run(ReflectiveCallable.java:12)
	at org.junit.runners.model.FrameworkMethod.invokeExplosively(FrameworkMethod.java:44)
	at org.junit.internal.runners.statements.InvokeMethod.evaluate(InvokeMethod.java:17)
	at org.junit.internal.runners.statements.RunBefores.evaluate(RunBefores.java:26)
	at org.springframework.test.context.junit4.statements.RunBeforeTestMethodCallbacks.evaluate(RunBeforeTestMethodCallbacks.java:74)
	at org.junit.internal.runners.statements.RunAfters.evaluate(RunAfters.java:27)
	at org.springframework.test.context.junit4.statements.RunAfterTestMethodCallbacks.evaluate(RunAfterTestMethodCallbacks.java:83)
	at org.springframework.test.context.junit4.statements.SpringRepeat.evaluate(SpringRepeat.java:72)
	at org.springframework.test.context.junit4.SpringJUnit4ClassRunner.runChild(SpringJUnit4ClassRunner.java:233)
	at org.springframework.test.context.junit4.SpringJUnit4ClassRunner.runChild(SpringJUnit4ClassRunner.java:87)
	at org.junit.runners.ParentRunner$3.run(ParentRunner.java:238)
	at org.junit.runners.ParentRunner$1.schedule(ParentRunner.java:63)
	at org.junit.runners.ParentRunner.runChildren(ParentRunner.java:236)
	at org.junit.runners.ParentRunner.access$000(ParentRunner.java:53)
	at org.junit.runners.ParentRunner$2.evaluate(ParentRunner.java:229)
	at org.junit.internal.runners.statements.RunBefores.evaluate(RunBefores.java:26)
	at org.springframework.test.context.junit4.statements.RunBeforeTestClassCallbacks.evaluate(RunBeforeTestClassCallbacks.java:61)
	at org.springframework.test.context.junit4.statements.RunAfterTestClassCallbacks.evaluate(RunAfterTestClassCallbacks.java:71)
	at org.junit.runners.ParentRunner.run(ParentRunner.java:309)
	at org.springframework.test.context.junit4.SpringJUnit4ClassRunner.run(SpringJUnit4ClassRunner.java:176)
	at org.gradle.api.internal.tasks.testing.junit.JUnitTestClassExecuter.runTestClass(JUnitTestClassExecuter.java:86)
	at org.gradle.api.internal.tasks.testing.junit.JUnitTestClassExecuter.execute(JUnitTestClassExecuter.java:49)
	at org.gradle.api.internal.tasks.testing.junit.JUnitTestClassProcessor.processTestClass(JUnitTestClassProcessor.java:64)
	at org.gradle.api.internal.tasks.testing.SuiteTestClassProcessor.processTestClass(SuiteTestClassProcessor.java:50)
	at sun.reflect.NativeMethodAccessorImpl.invoke0(Native Method)
	at sun.reflect.NativeMethodAccessorImpl.invoke(NativeMethodAccessorImpl.java:57)
	at sun.reflect.DelegatingMethodAccessorImpl.invoke(DelegatingMethodAccessorImpl.java:43)
	at java.lang.reflect.Method.invoke(Method.java:606)
	at org.gradle.messaging.dispatch.ReflectionDispatch.dispatch(ReflectionDispatch.java:35)
	at org.gradle.messaging.dispatch.ReflectionDispatch.dispatch(ReflectionDispatch.java:24)
	at org.gradle.messaging.dispatch.ContextClassLoaderDispatch.dispatch(ContextClassLoaderDispatch.java:32)
	at org.gradle.messaging.dispatch.ProxyDispatchAdapter$DispatchingInvocationHandler.invoke(ProxyDispatchAdapter.java:93)
	at com.sun.proxy.$Proxy2.processTestClass(Unknown Source)
	at org.gradle.api.internal.tasks.testing.worker.TestWorker.processTestClass(TestWorker.java:106)
	at sun.reflect.NativeMethodAccessorImpl.invoke0(Native Method)
	at sun.reflect.NativeMethodAccessorImpl.invoke(NativeMethodAccessorImpl.java:57)
	at sun.reflect.DelegatingMethodAccessorImpl.invoke(DelegatingMethodAccessorImpl.java:43)
	at java.lang.reflect.Method.invoke(Method.java:606)
	at org.gradle.messaging.dispatch.ReflectionDispatch.dispatch(ReflectionDispatch.java:35)
	at org.gradle.messaging.dispatch.ReflectionDispatch.dispatch(ReflectionDispatch.java:24)
	at org.gradle.messaging.remote.internal.hub.MessageHub$Handler.run(MessageHub.java:360)
	at org.gradle.internal.concurrent.DefaultExecutorFactory$StoppableExecutorImpl$1.run(DefaultExecutorFactory.java:64)
	at java.util.concurrent.ThreadPoolExecutor.runWorker(ThreadPoolExecutor.java:1145)
	at java.util.concurrent.ThreadPoolExecutor$Worker.run(ThreadPoolExecutor.java:615)
	at java.lang.Thread.run(Thread.java:745)
Question.question size must be between 0 and 256
java.lang.SecurityException: Question.question size must be between 0 and 256
	at com.athena.server.pluggable.utils.helper.EntityValidatorHelper.validateEntity(EntityValidatorHelper.java:37)
	at com.sales.app.shared.appbasicsetup.usermanagement.Question.isValid(Question.java:182)
	at com.sales.app.server.service.appbasicsetup.usermanagement.QuestionTestCase.validateQuestion(QuestionTestCase.java:181)
	at com.sales.app.server.service.appbasicsetup.usermanagement.QuestionTestCase.test5NegativeTesting(QuestionTestCase.java:234)
	at sun.reflect.NativeMethodAccessorImpl.invoke0(Native Method)
	at sun.reflect.NativeMethodAccessorImpl.invoke(NativeMethodAccessorImpl.java:57)
	at sun.reflect.DelegatingMethodAccessorImpl.invoke(DelegatingMethodAccessorImpl.java:43)
	at java.lang.reflect.Method.invoke(Method.java:606)
	at org.junit.runners.model.FrameworkMethod$1.runReflectiveCall(FrameworkMethod.java:47)
	at org.junit.internal.runners.model.ReflectiveCallable.run(ReflectiveCallable.java:12)
	at org.junit.runners.model.FrameworkMethod.invokeExplosively(FrameworkMethod.java:44)
	at org.junit.internal.runners.statements.InvokeMethod.evaluate(InvokeMethod.java:17)
	at org.junit.internal.runners.statements.RunBefores.evaluate(RunBefores.java:26)
	at org.springframework.test.context.junit4.statements.RunBeforeTestMethodCallbacks.evaluate(RunBeforeTestMethodCallbacks.java:74)
	at org.junit.internal.runners.statements.RunAfters.evaluate(RunAfters.java:27)
	at org.springframework.test.context.junit4.statements.RunAfterTestMethodCallbacks.evaluate(RunAfterTestMethodCallbacks.java:83)
	at org.springframework.test.context.junit4.statements.SpringRepeat.evaluate(SpringRepeat.java:72)
	at org.springframework.test.context.junit4.SpringJUnit4ClassRunner.runChild(SpringJUnit4ClassRunner.java:233)
	at org.springframework.test.context.junit4.SpringJUnit4ClassRunner.runChild(SpringJUnit4ClassRunner.java:87)
	at org.junit.runners.ParentRunner$3.run(ParentRunner.java:238)
	at org.junit.runners.ParentRunner$1.schedule(ParentRunner.java:63)
	at org.junit.runners.ParentRunner.runChildren(ParentRunner.java:236)
	at org.junit.runners.ParentRunner.access$000(ParentRunner.java:53)
	at org.junit.runners.ParentRunner$2.evaluate(ParentRunner.java:229)
	at org.junit.internal.runners.statements.RunBefores.evaluate(RunBefores.java:26)
	at org.springframework.test.context.junit4.statements.RunBeforeTestClassCallbacks.evaluate(RunBeforeTestClassCallbacks.java:61)
	at org.springframework.test.context.junit4.statements.RunAfterTestClassCallbacks.evaluate(RunAfterTestClassCallbacks.java:71)
	at org.junit.runners.ParentRunner.run(ParentRunner.java:309)
	at org.springframework.test.context.junit4.SpringJUnit4ClassRunner.run(SpringJUnit4ClassRunner.java:176)
	at org.gradle.api.internal.tasks.testing.junit.JUnitTestClassExecuter.runTestClass(JUnitTestClassExecuter.java:86)
	at org.gradle.api.internal.tasks.testing.junit.JUnitTestClassExecuter.execute(JUnitTestClassExecuter.java:49)
	at org.gradle.api.internal.tasks.testing.junit.JUnitTestClassProcessor.processTestClass(JUnitTestClassProcessor.java:64)
	at org.gradle.api.internal.tasks.testing.SuiteTestClassProcessor.processTestClass(SuiteTestClassProcessor.java:50)
	at sun.reflect.NativeMethodAccessorImpl.invoke0(Native Method)
	at sun.reflect.NativeMethodAccessorImpl.invoke(NativeMethodAccessorImpl.java:57)
	at sun.reflect.DelegatingMethodAccessorImpl.invoke(DelegatingMethodAccessorImpl.java:43)
	at java.lang.reflect.Method.invoke(Method.java:606)
	at org.gradle.messaging.dispatch.ReflectionDispatch.dispatch(ReflectionDispatch.java:35)
	at org.gradle.messaging.dispatch.ReflectionDispatch.dispatch(ReflectionDispatch.java:24)
	at org.gradle.messaging.dispatch.ContextClassLoaderDispatch.dispatch(ContextClassLoaderDispatch.java:32)
	at org.gradle.messaging.dispatch.ProxyDispatchAdapter$DispatchingInvocationHandler.invoke(ProxyDispatchAdapter.java:93)
	at com.sun.proxy.$Proxy2.processTestClass(Unknown Source)
	at org.gradle.api.internal.tasks.testing.worker.TestWorker.processTestClass(TestWorker.java:106)
	at sun.reflect.NativeMethodAccessorImpl.invoke0(Native Method)
	at sun.reflect.NativeMethodAccessorImpl.invoke(NativeMethodAccessorImpl.java:57)
	at sun.reflect.DelegatingMethodAccessorImpl.invoke(DelegatingMethodAccessorImpl.java:43)
	at java.lang.reflect.Method.invoke(Method.java:606)
	at org.gradle.messaging.dispatch.ReflectionDispatch.dispatch(ReflectionDispatch.java:35)
	at org.gradle.messaging.dispatch.ReflectionDispatch.dispatch(ReflectionDispatch.java:24)
	at org.gradle.messaging.remote.internal.hub.MessageHub$Handler.run(MessageHub.java:360)
	at org.gradle.internal.concurrent.DefaultExecutorFactory$StoppableExecutorImpl$1.run(DefaultExecutorFactory.java:64)
	at java.util.concurrent.ThreadPoolExecutor.runWorker(ThreadPoolExecutor.java:1145)
	at java.util.concurrent.ThreadPoolExecutor$Worker.run(ThreadPoolExecutor.java:615)
	at java.lang.Thread.run(Thread.java:745)
Question.questionDetails size must be between 10 and 2147483647
java.lang.SecurityException: Question.questionDetails size must be between 10 and 2147483647
	at com.athena.server.pluggable.utils.helper.EntityValidatorHelper.validateEntity(EntityValidatorHelper.java:37)
	at com.sales.app.shared.appbasicsetup.usermanagement.Question.isValid(Question.java:182)
	at com.sales.app.server.service.appbasicsetup.usermanagement.QuestionTestCase.validateQuestion(QuestionTestCase.java:181)
	at com.sales.app.server.service.appbasicsetup.usermanagement.QuestionTestCase.test5NegativeTesting(QuestionTestCase.java:239)
	at sun.reflect.NativeMethodAccessorImpl.invoke0(Native Method)
	at sun.reflect.NativeMethodAccessorImpl.invoke(NativeMethodAccessorImpl.java:57)
	at sun.reflect.DelegatingMethodAccessorImpl.invoke(DelegatingMethodAccessorImpl.java:43)
	at java.lang.reflect.Method.invoke(Method.java:606)
	at org.junit.runners.model.FrameworkMethod$1.runReflectiveCall(FrameworkMethod.java:47)
	at org.junit.internal.runners.model.ReflectiveCallable.run(ReflectiveCallable.java:12)
	at org.junit.runners.model.FrameworkMethod.invokeExplosively(FrameworkMethod.java:44)
	at org.junit.internal.runners.statements.InvokeMethod.evaluate(InvokeMethod.java:17)
	at org.junit.internal.runners.statements.RunBefores.evaluate(RunBefores.java:26)
	at org.springframework.test.context.junit4.statements.RunBeforeTestMethodCallbacks.evaluate(RunBeforeTestMethodCallbacks.java:74)
	at org.junit.internal.runners.statements.RunAfters.evaluate(RunAfters.java:27)
	at org.springframework.test.context.junit4.statements.RunAfterTestMethodCallbacks.evaluate(RunAfterTestMethodCallbacks.java:83)
	at org.springframework.test.context.junit4.statements.SpringRepeat.evaluate(SpringRepeat.java:72)
	at org.springframework.test.context.junit4.SpringJUnit4ClassRunner.runChild(SpringJUnit4ClassRunner.java:233)
	at org.springframework.test.context.junit4.SpringJUnit4ClassRunner.runChild(SpringJUnit4ClassRunner.java:87)
	at org.junit.runners.ParentRunner$3.run(ParentRunner.java:238)
	at org.junit.runners.ParentRunner$1.schedule(ParentRunner.java:63)
	at org.junit.runners.ParentRunner.runChildren(ParentRunner.java:236)
	at org.junit.runners.ParentRunner.access$000(ParentRunner.java:53)
	at org.junit.runners.ParentRunner$2.evaluate(ParentRunner.java:229)
	at org.junit.internal.runners.statements.RunBefores.evaluate(RunBefores.java:26)
	at org.springframework.test.context.junit4.statements.RunBeforeTestClassCallbacks.evaluate(RunBeforeTestClassCallbacks.java:61)
	at org.springframework.test.context.junit4.statements.RunAfterTestClassCallbacks.evaluate(RunAfterTestClassCallbacks.java:71)
	at org.junit.runners.ParentRunner.run(ParentRunner.java:309)
	at org.springframework.test.context.junit4.SpringJUnit4ClassRunner.run(SpringJUnit4ClassRunner.java:176)
	at org.gradle.api.internal.tasks.testing.junit.JUnitTestClassExecuter.runTestClass(JUnitTestClassExecuter.java:86)
	at org.gradle.api.internal.tasks.testing.junit.JUnitTestClassExecuter.execute(JUnitTestClassExecuter.java:49)
	at org.gradle.api.internal.tasks.testing.junit.JUnitTestClassProcessor.processTestClass(JUnitTestClassProcessor.java:64)
	at org.gradle.api.internal.tasks.testing.SuiteTestClassProcessor.processTestClass(SuiteTestClassProcessor.java:50)
	at sun.reflect.NativeMethodAccessorImpl.invoke0(Native Method)
	at sun.reflect.NativeMethodAccessorImpl.invoke(NativeMethodAccessorImpl.java:57)
	at sun.reflect.DelegatingMethodAccessorImpl.invoke(DelegatingMethodAccessorImpl.java:43)
	at java.lang.reflect.Method.invoke(Method.java:606)
	at org.gradle.messaging.dispatch.ReflectionDispatch.dispatch(ReflectionDispatch.java:35)
	at org.gradle.messaging.dispatch.ReflectionDispatch.dispatch(ReflectionDispatch.java:24)
	at org.gradle.messaging.dispatch.ContextClassLoaderDispatch.dispatch(ContextClassLoaderDispatch.java:32)
	at org.gradle.messaging.dispatch.ProxyDispatchAdapter$DispatchingInvocationHandler.invoke(ProxyDispatchAdapter.java:93)
	at com.sun.proxy.$Proxy2.processTestClass(Unknown Source)
	at org.gradle.api.internal.tasks.testing.worker.TestWorker.processTestClass(TestWorker.java:106)
	at sun.reflect.NativeMethodAccessorImpl.invoke0(Native Method)
	at sun.reflect.NativeMethodAccessorImpl.invoke(NativeMethodAccessorImpl.java:57)
	at sun.reflect.DelegatingMethodAccessorImpl.invoke(DelegatingMethodAccessorImpl.java:43)
	at java.lang.reflect.Method.invoke(Method.java:606)
	at org.gradle.messaging.dispatch.ReflectionDispatch.dispatch(ReflectionDispatch.java:35)
	at org.gradle.messaging.dispatch.ReflectionDispatch.dispatch(ReflectionDispatch.java:24)
	at org.gradle.messaging.remote.internal.hub.MessageHub$Handler.run(MessageHub.java:360)
	at org.gradle.internal.concurrent.DefaultExecutorFactory$StoppableExecutorImpl$1.run(DefaultExecutorFactory.java:64)
	at java.util.concurrent.ThreadPoolExecutor.runWorker(ThreadPoolExecutor.java:1145)
	at java.util.concurrent.ThreadPoolExecutor$Worker.run(ThreadPoolExecutor.java:615)
	at java.lang.Thread.run(Thread.java:745)
Question.questionIcon size must be between 0 and 64
java.lang.SecurityException: Question.questionIcon size must be between 0 and 64
	at com.athena.server.pluggable.utils.helper.EntityValidatorHelper.validateEntity(EntityValidatorHelper.java:37)
	at com.sales.app.shared.appbasicsetup.usermanagement.Question.isValid(Question.java:182)
	at com.sales.app.server.service.appbasicsetup.usermanagement.QuestionTestCase.validateQuestion(QuestionTestCase.java:181)
	at com.sales.app.server.service.appbasicsetup.usermanagement.QuestionTestCase.test5NegativeTesting(QuestionTestCase.java:244)
	at sun.reflect.NativeMethodAccessorImpl.invoke0(Native Method)
	at sun.reflect.NativeMethodAccessorImpl.invoke(NativeMethodAccessorImpl.java:57)
	at sun.reflect.DelegatingMethodAccessorImpl.invoke(DelegatingMethodAccessorImpl.java:43)
	at java.lang.reflect.Method.invoke(Method.java:606)
	at org.junit.runners.model.FrameworkMethod$1.runReflectiveCall(FrameworkMethod.java:47)
	at org.junit.internal.runners.model.ReflectiveCallable.run(ReflectiveCallable.java:12)
	at org.junit.runners.model.FrameworkMethod.invokeExplosively(FrameworkMethod.java:44)
	at org.junit.internal.runners.statements.InvokeMethod.evaluate(InvokeMethod.java:17)
	at org.junit.internal.runners.statements.RunBefores.evaluate(RunBefores.java:26)
	at org.springframework.test.context.junit4.statements.RunBeforeTestMethodCallbacks.evaluate(RunBeforeTestMethodCallbacks.java:74)
	at org.junit.internal.runners.statements.RunAfters.evaluate(RunAfters.java:27)
	at org.springframework.test.context.junit4.statements.RunAfterTestMethodCallbacks.evaluate(RunAfterTestMethodCallbacks.java:83)
	at org.springframework.test.context.junit4.statements.SpringRepeat.evaluate(SpringRepeat.java:72)
	at org.springframework.test.context.junit4.SpringJUnit4ClassRunner.runChild(SpringJUnit4ClassRunner.java:233)
	at org.springframework.test.context.junit4.SpringJUnit4ClassRunner.runChild(SpringJUnit4ClassRunner.java:87)
	at org.junit.runners.ParentRunner$3.run(ParentRunner.java:238)
	at org.junit.runners.ParentRunner$1.schedule(ParentRunner.java:63)
	at org.junit.runners.ParentRunner.runChildren(ParentRunner.java:236)
	at org.junit.runners.ParentRunner.access$000(ParentRunner.java:53)
	at org.junit.runners.ParentRunner$2.evaluate(ParentRunner.java:229)
	at org.junit.internal.runners.statements.RunBefores.evaluate(RunBefores.java:26)
	at org.springframework.test.context.junit4.statements.RunBeforeTestClassCallbacks.evaluate(RunBeforeTestClassCallbacks.java:61)
	at org.springframework.test.context.junit4.statements.RunAfterTestClassCallbacks.evaluate(RunAfterTestClassCallbacks.java:71)
	at org.junit.runners.ParentRunner.run(ParentRunner.java:309)
	at org.springframework.test.context.junit4.SpringJUnit4ClassRunner.run(SpringJUnit4ClassRunner.java:176)
	at org.gradle.api.internal.tasks.testing.junit.JUnitTestClassExecuter.runTestClass(JUnitTestClassExecuter.java:86)
	at org.gradle.api.internal.tasks.testing.junit.JUnitTestClassExecuter.execute(JUnitTestClassExecuter.java:49)
	at org.gradle.api.internal.tasks.testing.junit.JUnitTestClassProcessor.processTestClass(JUnitTestClassProcessor.java:64)
	at org.gradle.api.internal.tasks.testing.SuiteTestClassProcessor.processTestClass(SuiteTestClassProcessor.java:50)
	at sun.reflect.NativeMethodAccessorImpl.invoke0(Native Method)
	at sun.reflect.NativeMethodAccessorImpl.invoke(NativeMethodAccessorImpl.java:57)
	at sun.reflect.DelegatingMethodAccessorImpl.invoke(DelegatingMethodAccessorImpl.java:43)
	at java.lang.reflect.Method.invoke(Method.java:606)
	at org.gradle.messaging.dispatch.ReflectionDispatch.dispatch(ReflectionDispatch.java:35)
	at org.gradle.messaging.dispatch.ReflectionDispatch.dispatch(ReflectionDispatch.java:24)
	at org.gradle.messaging.dispatch.ContextClassLoaderDispatch.dispatch(ContextClassLoaderDispatch.java:32)
	at org.gradle.messaging.dispatch.ProxyDispatchAdapter$DispatchingInvocationHandler.invoke(ProxyDispatchAdapter.java:93)
	at com.sun.proxy.$Proxy2.processTestClass(Unknown Source)
	at org.gradle.api.internal.tasks.testing.worker.TestWorker.processTestClass(TestWorker.java:106)
	at sun.reflect.NativeMethodAccessorImpl.invoke0(Native Method)
	at sun.reflect.NativeMethodAccessorImpl.invoke(NativeMethodAccessorImpl.java:57)
	at sun.reflect.DelegatingMethodAccessorImpl.invoke(DelegatingMethodAccessorImpl.java:43)
	at java.lang.reflect.Method.invoke(Method.java:606)
	at org.gradle.messaging.dispatch.ReflectionDispatch.dispatch(ReflectionDispatch.java:35)
	at org.gradle.messaging.dispatch.ReflectionDispatch.dispatch(ReflectionDispatch.java:24)
	at org.gradle.messaging.remote.internal.hub.MessageHub$Handler.run(MessageHub.java:360)
	at org.gradle.internal.concurrent.DefaultExecutorFactory$StoppableExecutorImpl$1.run(DefaultExecutorFactory.java:64)
	at java.util.concurrent.ThreadPoolExecutor.runWorker(ThreadPoolExecutor.java:1145)
	at java.util.concurrent.ThreadPoolExecutor$Worker.run(ThreadPoolExecutor.java:615)
	at java.lang.Thread.run(Thread.java:745)
]]></system-err>
</testsuite>
