<?xml version="1.0" encoding="UTF-8"?>
<testsuite name="com.sales.app.server.service.salesboundedcontext.sales.CategoryTestCase" tests="5" skipped="0" failures="0" errors="0" timestamp="2016-06-16T05:22:38" hostname="05da525fbf42" time="1.511">
  <properties/>
  <testcase name="test1Save" classname="com.sales.app.server.service.salesboundedcontext.sales.CategoryTestCase" time="0.333"/>
  <testcase name="test2Update" classname="com.sales.app.server.service.salesboundedcontext.sales.CategoryTestCase" time="0.633"/>
  <testcase name="test3FindById" classname="com.sales.app.server.service.salesboundedcontext.sales.CategoryTestCase" time="0.015"/>
  <testcase name="test5NegativeTesting" classname="com.sales.app.server.service.salesboundedcontext.sales.CategoryTestCase" time="0.014"/>
  <testcase name="test6Delete" classname="com.sales.app.server.service.salesboundedcontext.sales.CategoryTestCase" time="0.515"/>
  <system-out><![CDATA[Thu Jun 16 05:22:38 UTC 2016|Log Manager Factory|Initialization Process started.....
Thu Jun 16 05:22:38 UTC 2016|Log Manager|Initialized with Path = [/home/applifire/workspace/salesdemo/src/main/webapp/WEB-INF/conf]
Thu Jun 16 05:22:38 UTC 2016|Alarm Manager|Initialized with Path = [/home/applifire/workspace/salesdemo/src/main/webapp/WEB-INF/conf]
Thu Jun 16 05:22:38 UTC 2016|Alarm Manager|Loading Alarms ......
Thu Jun 16 05:22:38 UTC 2016|Alarm XML Parser|FWA|XML Parsing Complete........ 
Thu Jun 16 05:22:38 UTC 2016|Alarm File Manager|FWA|Alarm File Status.. [ApplicationFrameworkAlarms.xml]|Version=15|Status=Done 
Thu Jun 16 05:22:38 UTC 2016|Alarm File Manager|FWA|Alarm Stats = ( BC/AL=4/676 SYS=4/10 [676/0]  TPL=0/0 [0/0]  APP= A.Map=[759]  E.Map EC/RC=[322/67] )
Thu Jun 16 05:22:38 UTC 2016|Alarm XML Parser|APP|XML Parsing Complete........ 
Thu Jun 16 05:22:38 UTC 2016|Alarm File Manager|APP|Alarm File Status.. [ApplicationAlarms.xml]|Version=1|Status=Done 
Thu Jun 16 05:22:38 UTC 2016|Alarm File Manager|APP|Alarm Stats = ( BC/AL=7/1174 SYS=4/10 [676/0]  TPL=0/0 [0/0]  APP=3/6 [498/0]  A.Map=[1021]  E.Map EC/RC=[412/89] )
Thu Jun 16 05:22:38 UTC 2016|ApplicationAlarmContext| <><><><><> Create App Alarms ....  <><><><><> 
Thu Jun 16 05:22:38 UTC 2016|ApplicationAlarmContext|Alarms are generated ONLY in Development Mode.. 
Thu Jun 16 05:22:38 UTC 2016|Alarm Manager|APP|Alarm Stats = ( BC/AL=7/1174 SYS=4/10 [676/0]  TPL=0/0 [0/0]  APP=3/6 [498/0]  A.Map=[1021]  E.Map EC/RC=[412/89] )
Thu Jun 16 05:22:38 UTC 2016|Alarm Manager|Initialized Exception Lookup...
Thu Jun 16 05:22:38 UTC 2016|Log Manager|Initialize Log Config File ......
Thu Jun 16 05:22:38 UTC 2016|Pluggable Connectors|Adding Connectors : StandardOutputConnector isEnabled=true isDefault=false isFallBack=true
Thu Jun 16 05:22:38 UTC 2016|Pluggable Connectors|Adding Connectors : StandardFileConnector isEnabled=true isDefault=false isFallBack=false
Thu Jun 16 05:22:38 UTC 2016|Pluggable Connectors|Adding Connectors : Sprinkler isEnabled=true isDefault=true isFallBack=false
Thu Jun 16 05:22:38 UTC 2016|Pluggable Connectors|Default Connector Name : com.spartan.logger.core.LogMessenger
Thu Jun 16 05:22:38 UTC 2016|Log Config Parser|Connector Least Log Level =[4]  FallBack Log Level =[3]
Thu Jun 16 05:22:38 UTC 2016|Log Manager|Loading Default Connector for Logging ......
Thu Jun 16 05:22:38 UTC 2016|Log Manager|Loading class .. com.spartan.logger.core.LogMessenger
Thu Jun 16 05:22:38 UTC 2016|Plugggable Connector|Connector class com.spartan.logger.core.LogMessenger Initialized... @ Log Level = 3
Thu Jun 16 05:22:38 UTC 2016|Log Manager|Starting the Default Connector [com.spartan.logger.core.LogMessenger@11db04b6] ....
Thu Jun 16 05:22:38 UTC 2016|Scheduler|Starting the Scheduler ......
Thu Jun 16 05:22:38 UTC 2016|Scheduler|Adding [LMID=[96027fc7-c163-4d43-935a-70aaabfd668d]] Delay=5 Time Unit=MINUTES
Thu Jun 16 05:22:38 UTC 2016|Scheduler|Adding [App Alarm Manager File=[ApplicationAlarms.xml]] Delay=30 Time Unit=MINUTES
Thu Jun 16 05:22:38 UTC 2016|Scheduler|Adding [FW Alarm Manager File=[ApplicationFrameworkAlarms.xml]] Delay=3 Time Unit=MINUTES
Thu Jun 16 05:22:38 UTC 2016|Scheduler|Startup Completed..
Thu Jun 16 05:22:38 UTC 2016|Log Manager|Initialization Process Complete ......
Thu Jun 16 05:22:38 UTC 2016|Log Manager Factory|Log Manager READY! ID = 96027fc7-c163-4d43-935a-70aaabfd668d
Setting logged in user info for ADD
[EL Finer]: connection: 2016-06-16 05:22:38.361--ServerSession(166674373)--Thread(Thread[Test worker,5,main])--client acquired: 656978201
[EL Finer]: transaction: 2016-06-16 05:22:38.361--ClientSession(656978201)--Thread(Thread[Test worker,5,main])--acquire unit of work: 1619194980
[EL Finest]: connection: 2016-06-16 05:22:38.361--ServerSession(166674373)--Connection(897254076)--Thread(Thread[Test worker,5,main])--Connection acquired from connection pool [default].
[EL Finer]: transaction: 2016-06-16 05:22:38.361--ClientSession(656978201)--Connection(897254076)--Thread(Thread[Test worker,5,main])--begin transaction
[EL Finest]: connection: 2016-06-16 05:22:38.361--ClientSession(656978201)--Thread(Thread[Test worker,5,main])--reconnecting to external connection pool
[EL Finest]: transaction: 2016-06-16 05:22:38.362--UnitOfWork(1619194980)--Thread(Thread[Test worker,5,main])--persist() operation called on: qWRZauhZhXLaopyDGs38itdytckWxN82tZZFGge7ngyYSpIL58.
[EL Finest]: sequencing: 2016-06-16 05:22:38.362--UnitOfWork(1619194980)--Thread(Thread[Test worker,5,main])--assign sequence to the object (C595F1FF-80E9-4302-80E4-CC3EEA4A9BA9 -> qWRZauhZhXLaopyDGs38itdytckWxN82tZZFGge7ngyYSpIL58)
[EL Finer]: transaction: 2016-06-16 05:22:38.363--UnitOfWork(1619194980)--Thread(Thread[Test worker,5,main])--begin unit of work commit
[EL Finest]: query: 2016-06-16 05:22:38.363--UnitOfWork(1619194980)--Thread(Thread[Test worker,5,main])--Execute query InsertObjectQuery(qWRZauhZhXLaopyDGs38itdytckWxN82tZZFGge7ngyYSpIL58)
[EL Fine]: sql: 2016-06-16 05:22:38.363--ClientSession(656978201)--Connection(702932655)--Thread(Thread[Test worker,5,main])--INSERT INTO ast_Category_M (categoryId, categoryInformation, versionId, createdBy, createdDate, updatedBy, updatedDate, activeStatus, txnAccessCode) VALUES (?, ?, ?, ?, ?, ?, ?, ?, ?)
	bind => [C595F1FF-80E9-4302-80E4-CC3EEA4A9BA9, qWRZauhZhXLaopyDGs38itdytckWxN82tZZFGge7ngyYSpIL58, 1, AAAAA, 2016-06-16 05:22:38.359, AAAAA, 2016-06-16 05:22:38.359, 1, 51000]
[EL Finer]: transaction: 2016-06-16 05:22:38.365--ClientSession(656978201)--Connection(702932655)--Thread(Thread[Test worker,5,main])--commit transaction
[EL Finest]: connection: 2016-06-16 05:22:38.668--ServerSession(166674373)--Connection(897254076)--Thread(Thread[Test worker,5,main])--Connection released to connection pool [default].
[EL Finer]: transaction: 2016-06-16 05:22:38.668--UnitOfWork(1619194980)--Thread(Thread[Test worker,5,main])--end unit of work commit
[EL Finer]: transaction: 2016-06-16 05:22:38.668--UnitOfWork(1619194980)--Thread(Thread[Test worker,5,main])--resume unit of work
[EL Finer]: transaction: 2016-06-16 05:22:38.669--UnitOfWork(1619194980)--Thread(Thread[Test worker,5,main])--release unit of work
[EL Finer]: connection: 2016-06-16 05:22:38.669--ClientSession(656978201)--Thread(Thread[Test worker,5,main])--client released
[EL Finer]: connection: 2016-06-16 05:22:38.675--ServerSession(166674373)--Thread(Thread[Test worker,5,main])--client acquired: 694880266
[EL Finer]: transaction: 2016-06-16 05:22:38.675--ClientSession(694880266)--Thread(Thread[Test worker,5,main])--acquire unit of work: 836558276
[EL Finest]: connection: 2016-06-16 05:22:38.675--ServerSession(166674373)--Connection(459507823)--Thread(Thread[Test worker,5,main])--Connection acquired from connection pool [default].
[EL Finer]: transaction: 2016-06-16 05:22:38.675--ClientSession(694880266)--Connection(459507823)--Thread(Thread[Test worker,5,main])--begin transaction
[EL Finest]: connection: 2016-06-16 05:22:38.675--ClientSession(694880266)--Thread(Thread[Test worker,5,main])--reconnecting to external connection pool
[EL Finer]: transaction: 2016-06-16 05:22:38.677--UnitOfWork(836558276)--Thread(Thread[Test worker,5,main])--begin unit of work flush
[EL Finer]: transaction: 2016-06-16 05:22:38.677--UnitOfWork(836558276)--Thread(Thread[Test worker,5,main])--end unit of work flush
[EL Finest]: query: 2016-06-16 05:22:38.677--UnitOfWork(836558276)--Thread(Thread[Test worker,5,main])--Execute query ReadAllQuery(name="Category.findById" referenceClass=Category sql="SELECT categoryId, categoryInformation, versionId, createdBy, createdDate, updatedBy, updatedDate, activeStatus, txnAccessCode FROM ast_Category_M WHERE ((activeStatus = ?) AND (categoryId = ?))")
[EL Fine]: sql: 2016-06-16 05:22:38.677--ClientSession(694880266)--Connection(772028553)--Thread(Thread[Test worker,5,main])--SELECT categoryId, categoryInformation, versionId, createdBy, createdDate, updatedBy, updatedDate, activeStatus, txnAccessCode FROM ast_Category_M WHERE ((activeStatus = ?) AND (categoryId = ?))
	bind => [1, C595F1FF-80E9-4302-80E4-CC3EEA4A9BA9]
[EL Finer]: transaction: 2016-06-16 05:22:38.679--UnitOfWork(836558276)--Thread(Thread[Test worker,5,main])--begin unit of work commit
[EL Finer]: transaction: 2016-06-16 05:22:38.679--ClientSession(694880266)--Connection(772028553)--Thread(Thread[Test worker,5,main])--commit transaction
[EL Finest]: connection: 2016-06-16 05:22:38.679--ServerSession(166674373)--Connection(459507823)--Thread(Thread[Test worker,5,main])--Connection released to connection pool [default].
[EL Finer]: transaction: 2016-06-16 05:22:38.679--UnitOfWork(836558276)--Thread(Thread[Test worker,5,main])--end unit of work commit
[EL Finer]: transaction: 2016-06-16 05:22:38.679--UnitOfWork(836558276)--Thread(Thread[Test worker,5,main])--resume unit of work
[EL Finer]: transaction: 2016-06-16 05:22:38.679--UnitOfWork(836558276)--Thread(Thread[Test worker,5,main])--release unit of work
[EL Finer]: connection: 2016-06-16 05:22:38.679--ClientSession(694880266)--Thread(Thread[Test worker,5,main])--client released
Setting logged in user info for UPDATE
[EL Finer]: connection: 2016-06-16 05:22:38.68--ServerSession(166674373)--Thread(Thread[Test worker,5,main])--client acquired: 283752555
[EL Finer]: transaction: 2016-06-16 05:22:38.68--ClientSession(283752555)--Thread(Thread[Test worker,5,main])--acquire unit of work: 1615495545
[EL Finest]: connection: 2016-06-16 05:22:38.68--ServerSession(166674373)--Connection(997875794)--Thread(Thread[Test worker,5,main])--Connection acquired from connection pool [default].
[EL Finer]: transaction: 2016-06-16 05:22:38.68--ClientSession(283752555)--Connection(997875794)--Thread(Thread[Test worker,5,main])--begin transaction
[EL Finest]: connection: 2016-06-16 05:22:38.68--ClientSession(283752555)--Thread(Thread[Test worker,5,main])--reconnecting to external connection pool
[EL Finest]: transaction: 2016-06-16 05:22:38.682--UnitOfWork(1615495545)--Thread(Thread[Test worker,5,main])--Merge clone with references 8kvvehg0mbUYDX2oJbKmIhJE4DPEQrMd9I2guAkpwhTrEz4mEm
[EL Finest]: query: 2016-06-16 05:22:38.682--UnitOfWork(1615495545)--Thread(Thread[Test worker,5,main])--Execute query ReadObjectQuery(referenceClass=Category )
[EL Fine]: sql: 2016-06-16 05:22:38.682--ClientSession(283752555)--Connection(107062510)--Thread(Thread[Test worker,5,main])--SELECT categoryId, categoryInformation, versionId, createdBy, createdDate, updatedBy, updatedDate, activeStatus, txnAccessCode FROM ast_Category_M WHERE (categoryId = ?)
	bind => [C595F1FF-80E9-4302-80E4-CC3EEA4A9BA9]
[EL Finer]: transaction: 2016-06-16 05:22:38.684--UnitOfWork(1615495545)--Thread(Thread[Test worker,5,main])--begin unit of work commit
[EL Finest]: query: 2016-06-16 05:22:38.684--UnitOfWork(1615495545)--Thread(Thread[Test worker,5,main])--Execute query UpdateObjectQuery(8kvvehg0mbUYDX2oJbKmIhJE4DPEQrMd9I2guAkpwhTrEz4mEm)
[EL Fine]: sql: 2016-06-16 05:22:38.684--ClientSession(283752555)--Connection(107062510)--Thread(Thread[Test worker,5,main])--UPDATE ast_Category_M SET categoryInformation = ?, versionId = ? WHERE ((categoryId = ?) AND (versionId = ?))
	bind => [8kvvehg0mbUYDX2oJbKmIhJE4DPEQrMd9I2guAkpwhTrEz4mEm, 2, C595F1FF-80E9-4302-80E4-CC3EEA4A9BA9, 1]
[EL Finer]: transaction: 2016-06-16 05:22:38.685--ClientSession(283752555)--Connection(107062510)--Thread(Thread[Test worker,5,main])--commit transaction
[EL Finest]: connection: 2016-06-16 05:22:39.301--ServerSession(166674373)--Connection(997875794)--Thread(Thread[Test worker,5,main])--Connection released to connection pool [default].
[EL Finer]: transaction: 2016-06-16 05:22:39.301--UnitOfWork(1615495545)--Thread(Thread[Test worker,5,main])--end unit of work commit
[EL Finer]: transaction: 2016-06-16 05:22:39.302--UnitOfWork(1615495545)--Thread(Thread[Test worker,5,main])--resume unit of work
[EL Finer]: transaction: 2016-06-16 05:22:39.302--UnitOfWork(1615495545)--Thread(Thread[Test worker,5,main])--release unit of work
[EL Finer]: connection: 2016-06-16 05:22:39.302--ClientSession(283752555)--Thread(Thread[Test worker,5,main])--client released
[EL Finer]: connection: 2016-06-16 05:22:39.312--ServerSession(166674373)--Thread(Thread[Test worker,5,main])--client acquired: 2025297073
[EL Finer]: transaction: 2016-06-16 05:22:39.312--ClientSession(2025297073)--Thread(Thread[Test worker,5,main])--acquire unit of work: 1552100961
[EL Finest]: connection: 2016-06-16 05:22:39.312--ServerSession(166674373)--Connection(676991418)--Thread(Thread[Test worker,5,main])--Connection acquired from connection pool [default].
[EL Finer]: transaction: 2016-06-16 05:22:39.312--ClientSession(2025297073)--Connection(676991418)--Thread(Thread[Test worker,5,main])--begin transaction
[EL Finest]: connection: 2016-06-16 05:22:39.312--ClientSession(2025297073)--Thread(Thread[Test worker,5,main])--reconnecting to external connection pool
[EL Finer]: transaction: 2016-06-16 05:22:39.314--UnitOfWork(1552100961)--Thread(Thread[Test worker,5,main])--begin unit of work flush
[EL Finer]: transaction: 2016-06-16 05:22:39.314--UnitOfWork(1552100961)--Thread(Thread[Test worker,5,main])--end unit of work flush
[EL Finest]: query: 2016-06-16 05:22:39.314--UnitOfWork(1552100961)--Thread(Thread[Test worker,5,main])--Execute query ReadAllQuery(name="Category.findById" referenceClass=Category sql="SELECT categoryId, categoryInformation, versionId, createdBy, createdDate, updatedBy, updatedDate, activeStatus, txnAccessCode FROM ast_Category_M WHERE ((activeStatus = ?) AND (categoryId = ?))")
[EL Fine]: sql: 2016-06-16 05:22:39.314--ClientSession(2025297073)--Connection(1536794491)--Thread(Thread[Test worker,5,main])--SELECT categoryId, categoryInformation, versionId, createdBy, createdDate, updatedBy, updatedDate, activeStatus, txnAccessCode FROM ast_Category_M WHERE ((activeStatus = ?) AND (categoryId = ?))
	bind => [1, C595F1FF-80E9-4302-80E4-CC3EEA4A9BA9]
[EL Finer]: transaction: 2016-06-16 05:22:39.316--UnitOfWork(1552100961)--Thread(Thread[Test worker,5,main])--begin unit of work commit
[EL Finer]: transaction: 2016-06-16 05:22:39.317--ClientSession(2025297073)--Connection(1536794491)--Thread(Thread[Test worker,5,main])--commit transaction
[EL Finest]: connection: 2016-06-16 05:22:39.317--ServerSession(166674373)--Connection(676991418)--Thread(Thread[Test worker,5,main])--Connection released to connection pool [default].
[EL Finer]: transaction: 2016-06-16 05:22:39.317--UnitOfWork(1552100961)--Thread(Thread[Test worker,5,main])--end unit of work commit
[EL Finer]: transaction: 2016-06-16 05:22:39.317--UnitOfWork(1552100961)--Thread(Thread[Test worker,5,main])--resume unit of work
[EL Finer]: transaction: 2016-06-16 05:22:39.318--UnitOfWork(1552100961)--Thread(Thread[Test worker,5,main])--release unit of work
[EL Finer]: connection: 2016-06-16 05:22:39.318--ClientSession(2025297073)--Thread(Thread[Test worker,5,main])--client released
[EL Finer]: connection: 2016-06-16 05:22:39.34--ServerSession(166674373)--Thread(Thread[Test worker,5,main])--client acquired: 1167780529
[EL Finer]: transaction: 2016-06-16 05:22:39.34--ClientSession(1167780529)--Thread(Thread[Test worker,5,main])--acquire unit of work: 1034300970
[EL Finest]: connection: 2016-06-16 05:22:39.34--ServerSession(166674373)--Connection(1763763972)--Thread(Thread[Test worker,5,main])--Connection acquired from connection pool [default].
[EL Finer]: transaction: 2016-06-16 05:22:39.341--ClientSession(1167780529)--Connection(1763763972)--Thread(Thread[Test worker,5,main])--begin transaction
[EL Finest]: connection: 2016-06-16 05:22:39.341--ClientSession(1167780529)--Thread(Thread[Test worker,5,main])--reconnecting to external connection pool
[EL Finest]: query: 2016-06-16 05:22:39.342--UnitOfWork(1034300970)--Thread(Thread[Test worker,5,main])--Execute query ReadObjectQuery(name="readCategory" referenceClass=Category sql="SELECT categoryId, categoryInformation, versionId, createdBy, createdDate, updatedBy, updatedDate, activeStatus, txnAccessCode FROM ast_Category_M WHERE (categoryId = ?)")
[EL Fine]: sql: 2016-06-16 05:22:39.342--ClientSession(1167780529)--Connection(1467773711)--Thread(Thread[Test worker,5,main])--SELECT categoryId, categoryInformation, versionId, createdBy, createdDate, updatedBy, updatedDate, activeStatus, txnAccessCode FROM ast_Category_M WHERE (categoryId = ?)
	bind => [C595F1FF-80E9-4302-80E4-CC3EEA4A9BA9]
[EL Finest]: transaction: 2016-06-16 05:22:39.343--UnitOfWork(1034300970)--Thread(Thread[Test worker,5,main])--remove() operation called on: 8kvvehg0mbUYDX2oJbKmIhJE4DPEQrMd9I2guAkpwhTrEz4mEm
[EL Finer]: transaction: 2016-06-16 05:22:39.344--UnitOfWork(1034300970)--Thread(Thread[Test worker,5,main])--begin unit of work commit
[EL Finest]: query: 2016-06-16 05:22:39.344--UnitOfWork(1034300970)--Thread(Thread[Test worker,5,main])--Execute query DoesExistQuery(referenceClass=Category )
[EL Finest]: query: 2016-06-16 05:22:39.344--UnitOfWork(1034300970)--Thread(Thread[Test worker,5,main])--Execute query DeleteObjectQuery(8kvvehg0mbUYDX2oJbKmIhJE4DPEQrMd9I2guAkpwhTrEz4mEm)
[EL Fine]: sql: 2016-06-16 05:22:39.344--ClientSession(1167780529)--Connection(1467773711)--Thread(Thread[Test worker,5,main])--DELETE FROM ast_Category_M WHERE ((categoryId = ?) AND (versionId = ?))
	bind => [C595F1FF-80E9-4302-80E4-CC3EEA4A9BA9, 2]
[EL Finer]: transaction: 2016-06-16 05:22:39.345--ClientSession(1167780529)--Connection(1467773711)--Thread(Thread[Test worker,5,main])--commit transaction
[EL Finest]: connection: 2016-06-16 05:22:39.846--ServerSession(166674373)--Connection(1763763972)--Thread(Thread[Test worker,5,main])--Connection released to connection pool [default].
[EL Finer]: transaction: 2016-06-16 05:22:39.846--UnitOfWork(1034300970)--Thread(Thread[Test worker,5,main])--end unit of work commit
[EL Finer]: transaction: 2016-06-16 05:22:39.846--UnitOfWork(1034300970)--Thread(Thread[Test worker,5,main])--resume unit of work
[EL Finer]: transaction: 2016-06-16 05:22:39.847--UnitOfWork(1034300970)--Thread(Thread[Test worker,5,main])--release unit of work
[EL Finer]: connection: 2016-06-16 05:22:39.847--ClientSession(1167780529)--Thread(Thread[Test worker,5,main])--client released
]]></system-out>
  <system-err><![CDATA[Category.categoryInformation may not be null
java.lang.SecurityException: Category.categoryInformation may not be null
	at com.athena.server.pluggable.utils.helper.EntityValidatorHelper.validateEntity(EntityValidatorHelper.java:37)
	at com.sales.app.shared.salesboundedcontext.sales.Category.isValid(Category.java:136)
	at com.sales.app.server.service.salesboundedcontext.sales.CategoryTestCase.validateCategory(CategoryTestCase.java:177)
	at com.sales.app.server.service.salesboundedcontext.sales.CategoryTestCase.test5NegativeTesting(CategoryTestCase.java:208)
	at sun.reflect.NativeMethodAccessorImpl.invoke0(Native Method)
	at sun.reflect.NativeMethodAccessorImpl.invoke(NativeMethodAccessorImpl.java:57)
	at sun.reflect.DelegatingMethodAccessorImpl.invoke(DelegatingMethodAccessorImpl.java:43)
	at java.lang.reflect.Method.invoke(Method.java:606)
	at org.junit.runners.model.FrameworkMethod$1.runReflectiveCall(FrameworkMethod.java:47)
	at org.junit.internal.runners.model.ReflectiveCallable.run(ReflectiveCallable.java:12)
	at org.junit.runners.model.FrameworkMethod.invokeExplosively(FrameworkMethod.java:44)
	at org.junit.internal.runners.statements.InvokeMethod.evaluate(InvokeMethod.java:17)
	at org.junit.internal.runners.statements.RunBefores.evaluate(RunBefores.java:26)
	at org.springframework.test.context.junit4.statements.RunBeforeTestMethodCallbacks.evaluate(RunBeforeTestMethodCallbacks.java:74)
	at org.junit.internal.runners.statements.RunAfters.evaluate(RunAfters.java:27)
	at org.springframework.test.context.junit4.statements.RunAfterTestMethodCallbacks.evaluate(RunAfterTestMethodCallbacks.java:83)
	at org.springframework.test.context.junit4.statements.SpringRepeat.evaluate(SpringRepeat.java:72)
	at org.springframework.test.context.junit4.SpringJUnit4ClassRunner.runChild(SpringJUnit4ClassRunner.java:233)
	at org.springframework.test.context.junit4.SpringJUnit4ClassRunner.runChild(SpringJUnit4ClassRunner.java:87)
	at org.junit.runners.ParentRunner$3.run(ParentRunner.java:238)
	at org.junit.runners.ParentRunner$1.schedule(ParentRunner.java:63)
	at org.junit.runners.ParentRunner.runChildren(ParentRunner.java:236)
	at org.junit.runners.ParentRunner.access$000(ParentRunner.java:53)
	at org.junit.runners.ParentRunner$2.evaluate(ParentRunner.java:229)
	at org.junit.internal.runners.statements.RunBefores.evaluate(RunBefores.java:26)
	at org.springframework.test.context.junit4.statements.RunBeforeTestClassCallbacks.evaluate(RunBeforeTestClassCallbacks.java:61)
	at org.springframework.test.context.junit4.statements.RunAfterTestClassCallbacks.evaluate(RunAfterTestClassCallbacks.java:71)
	at org.junit.runners.ParentRunner.run(ParentRunner.java:309)
	at org.springframework.test.context.junit4.SpringJUnit4ClassRunner.run(SpringJUnit4ClassRunner.java:176)
	at org.gradle.api.internal.tasks.testing.junit.JUnitTestClassExecuter.runTestClass(JUnitTestClassExecuter.java:86)
	at org.gradle.api.internal.tasks.testing.junit.JUnitTestClassExecuter.execute(JUnitTestClassExecuter.java:49)
	at org.gradle.api.internal.tasks.testing.junit.JUnitTestClassProcessor.processTestClass(JUnitTestClassProcessor.java:64)
	at org.gradle.api.internal.tasks.testing.SuiteTestClassProcessor.processTestClass(SuiteTestClassProcessor.java:50)
	at sun.reflect.GeneratedMethodAccessor107.invoke(Unknown Source)
	at sun.reflect.DelegatingMethodAccessorImpl.invoke(DelegatingMethodAccessorImpl.java:43)
	at java.lang.reflect.Method.invoke(Method.java:606)
	at org.gradle.messaging.dispatch.ReflectionDispatch.dispatch(ReflectionDispatch.java:35)
	at org.gradle.messaging.dispatch.ReflectionDispatch.dispatch(ReflectionDispatch.java:24)
	at org.gradle.messaging.dispatch.ContextClassLoaderDispatch.dispatch(ContextClassLoaderDispatch.java:32)
	at org.gradle.messaging.dispatch.ProxyDispatchAdapter$DispatchingInvocationHandler.invoke(ProxyDispatchAdapter.java:93)
	at com.sun.proxy.$Proxy2.processTestClass(Unknown Source)
	at org.gradle.api.internal.tasks.testing.worker.TestWorker.processTestClass(TestWorker.java:106)
	at sun.reflect.GeneratedMethodAccessor106.invoke(Unknown Source)
	at sun.reflect.DelegatingMethodAccessorImpl.invoke(DelegatingMethodAccessorImpl.java:43)
	at java.lang.reflect.Method.invoke(Method.java:606)
	at org.gradle.messaging.dispatch.ReflectionDispatch.dispatch(ReflectionDispatch.java:35)
	at org.gradle.messaging.dispatch.ReflectionDispatch.dispatch(ReflectionDispatch.java:24)
	at org.gradle.messaging.remote.internal.hub.MessageHub$Handler.run(MessageHub.java:360)
	at org.gradle.internal.concurrent.DefaultExecutorFactory$StoppableExecutorImpl$1.run(DefaultExecutorFactory.java:64)
	at java.util.concurrent.ThreadPoolExecutor.runWorker(ThreadPoolExecutor.java:1145)
	at java.util.concurrent.ThreadPoolExecutor$Worker.run(ThreadPoolExecutor.java:615)
	at java.lang.Thread.run(Thread.java:745)
Category.categoryInformation size must be between 1 and 64
java.lang.SecurityException: Category.categoryInformation size must be between 1 and 64
	at com.athena.server.pluggable.utils.helper.EntityValidatorHelper.validateEntity(EntityValidatorHelper.java:37)
	at com.sales.app.shared.salesboundedcontext.sales.Category.isValid(Category.java:136)
	at com.sales.app.server.service.salesboundedcontext.sales.CategoryTestCase.validateCategory(CategoryTestCase.java:175)
	at com.sales.app.server.service.salesboundedcontext.sales.CategoryTestCase.test5NegativeTesting(CategoryTestCase.java:213)
	at sun.reflect.NativeMethodAccessorImpl.invoke0(Native Method)
	at sun.reflect.NativeMethodAccessorImpl.invoke(NativeMethodAccessorImpl.java:57)
	at sun.reflect.DelegatingMethodAccessorImpl.invoke(DelegatingMethodAccessorImpl.java:43)
	at java.lang.reflect.Method.invoke(Method.java:606)
	at org.junit.runners.model.FrameworkMethod$1.runReflectiveCall(FrameworkMethod.java:47)
	at org.junit.internal.runners.model.ReflectiveCallable.run(ReflectiveCallable.java:12)
	at org.junit.runners.model.FrameworkMethod.invokeExplosively(FrameworkMethod.java:44)
	at org.junit.internal.runners.statements.InvokeMethod.evaluate(InvokeMethod.java:17)
	at org.junit.internal.runners.statements.RunBefores.evaluate(RunBefores.java:26)
	at org.springframework.test.context.junit4.statements.RunBeforeTestMethodCallbacks.evaluate(RunBeforeTestMethodCallbacks.java:74)
	at org.junit.internal.runners.statements.RunAfters.evaluate(RunAfters.java:27)
	at org.springframework.test.context.junit4.statements.RunAfterTestMethodCallbacks.evaluate(RunAfterTestMethodCallbacks.java:83)
	at org.springframework.test.context.junit4.statements.SpringRepeat.evaluate(SpringRepeat.java:72)
	at org.springframework.test.context.junit4.SpringJUnit4ClassRunner.runChild(SpringJUnit4ClassRunner.java:233)
	at org.springframework.test.context.junit4.SpringJUnit4ClassRunner.runChild(SpringJUnit4ClassRunner.java:87)
	at org.junit.runners.ParentRunner$3.run(ParentRunner.java:238)
	at org.junit.runners.ParentRunner$1.schedule(ParentRunner.java:63)
	at org.junit.runners.ParentRunner.runChildren(ParentRunner.java:236)
	at org.junit.runners.ParentRunner.access$000(ParentRunner.java:53)
	at org.junit.runners.ParentRunner$2.evaluate(ParentRunner.java:229)
	at org.junit.internal.runners.statements.RunBefores.evaluate(RunBefores.java:26)
	at org.springframework.test.context.junit4.statements.RunBeforeTestClassCallbacks.evaluate(RunBeforeTestClassCallbacks.java:61)
	at org.springframework.test.context.junit4.statements.RunAfterTestClassCallbacks.evaluate(RunAfterTestClassCallbacks.java:71)
	at org.junit.runners.ParentRunner.run(ParentRunner.java:309)
	at org.springframework.test.context.junit4.SpringJUnit4ClassRunner.run(SpringJUnit4ClassRunner.java:176)
	at org.gradle.api.internal.tasks.testing.junit.JUnitTestClassExecuter.runTestClass(JUnitTestClassExecuter.java:86)
	at org.gradle.api.internal.tasks.testing.junit.JUnitTestClassExecuter.execute(JUnitTestClassExecuter.java:49)
	at org.gradle.api.internal.tasks.testing.junit.JUnitTestClassProcessor.processTestClass(JUnitTestClassProcessor.java:64)
	at org.gradle.api.internal.tasks.testing.SuiteTestClassProcessor.processTestClass(SuiteTestClassProcessor.java:50)
	at sun.reflect.GeneratedMethodAccessor107.invoke(Unknown Source)
	at sun.reflect.DelegatingMethodAccessorImpl.invoke(DelegatingMethodAccessorImpl.java:43)
	at java.lang.reflect.Method.invoke(Method.java:606)
	at org.gradle.messaging.dispatch.ReflectionDispatch.dispatch(ReflectionDispatch.java:35)
	at org.gradle.messaging.dispatch.ReflectionDispatch.dispatch(ReflectionDispatch.java:24)
	at org.gradle.messaging.dispatch.ContextClassLoaderDispatch.dispatch(ContextClassLoaderDispatch.java:32)
	at org.gradle.messaging.dispatch.ProxyDispatchAdapter$DispatchingInvocationHandler.invoke(ProxyDispatchAdapter.java:93)
	at com.sun.proxy.$Proxy2.processTestClass(Unknown Source)
	at org.gradle.api.internal.tasks.testing.worker.TestWorker.processTestClass(TestWorker.java:106)
	at sun.reflect.GeneratedMethodAccessor106.invoke(Unknown Source)
	at sun.reflect.DelegatingMethodAccessorImpl.invoke(DelegatingMethodAccessorImpl.java:43)
	at java.lang.reflect.Method.invoke(Method.java:606)
	at org.gradle.messaging.dispatch.ReflectionDispatch.dispatch(ReflectionDispatch.java:35)
	at org.gradle.messaging.dispatch.ReflectionDispatch.dispatch(ReflectionDispatch.java:24)
	at org.gradle.messaging.remote.internal.hub.MessageHub$Handler.run(MessageHub.java:360)
	at org.gradle.internal.concurrent.DefaultExecutorFactory$StoppableExecutorImpl$1.run(DefaultExecutorFactory.java:64)
	at java.util.concurrent.ThreadPoolExecutor.runWorker(ThreadPoolExecutor.java:1145)
	at java.util.concurrent.ThreadPoolExecutor$Worker.run(ThreadPoolExecutor.java:615)
	at java.lang.Thread.run(Thread.java:745)
]]></system-err>
</testsuite>
