<?xml version="1.0" encoding="UTF-8"?>
<testsuite name="com.sales.app.server.service.organization.locationmanagement.AddressTestCase" tests="9" skipped="0" failures="0" errors="0" timestamp="2016-06-16T05:23:05" hostname="05da525fbf42" time="2.763">
  <properties/>
  <testcase name="test1Save" classname="com.sales.app.server.service.organization.locationmanagement.AddressTestCase" time="1.239"/>
  <testcase name="test2Update" classname="com.sales.app.server.service.organization.locationmanagement.AddressTestCase" time="0.199"/>
  <testcase name="test3FindById" classname="com.sales.app.server.service.organization.locationmanagement.AddressTestCase" time="0.017"/>
  <testcase name="test3findByaddressTypeId" classname="com.sales.app.server.service.organization.locationmanagement.AddressTestCase" time="0.013"/>
  <testcase name="test3findBycityId" classname="com.sales.app.server.service.organization.locationmanagement.AddressTestCase" time="0.01"/>
  <testcase name="test3findBycountryId" classname="com.sales.app.server.service.organization.locationmanagement.AddressTestCase" time="0.01"/>
  <testcase name="test3findBystateId" classname="com.sales.app.server.service.organization.locationmanagement.AddressTestCase" time="0.01"/>
  <testcase name="test5NegativeTesting" classname="com.sales.app.server.service.organization.locationmanagement.AddressTestCase" time="0.022"/>
  <testcase name="test6Delete" classname="com.sales.app.server.service.organization.locationmanagement.AddressTestCase" time="1.242"/>
  <system-out><![CDATA[Thu Jun 16 05:23:05 UTC 2016|Log Manager Factory|Initialization Process started.....
Thu Jun 16 05:23:05 UTC 2016|Log Manager|Initialized with Path = [/home/applifire/workspace/salesdemo/src/main/webapp/WEB-INF/conf]
Thu Jun 16 05:23:05 UTC 2016|Alarm Manager|Initialized with Path = [/home/applifire/workspace/salesdemo/src/main/webapp/WEB-INF/conf]
Thu Jun 16 05:23:05 UTC 2016|Alarm Manager|Loading Alarms ......
Thu Jun 16 05:23:05 UTC 2016|Alarm XML Parser|FWA|XML Parsing Complete........ 
Thu Jun 16 05:23:05 UTC 2016|Alarm File Manager|FWA|Alarm File Status.. [ApplicationFrameworkAlarms.xml]|Version=15|Status=Done 
Thu Jun 16 05:23:05 UTC 2016|Alarm File Manager|FWA|Alarm Stats = ( BC/AL=4/676 SYS=4/10 [676/0]  TPL=0/0 [0/0]  APP= A.Map=[759]  E.Map EC/RC=[322/67] )
Thu Jun 16 05:23:05 UTC 2016|Alarm XML Parser|APP|XML Parsing Complete........ 
Thu Jun 16 05:23:05 UTC 2016|Alarm File Manager|APP|Alarm File Status.. [ApplicationAlarms.xml]|Version=1|Status=Done 
Thu Jun 16 05:23:05 UTC 2016|Alarm File Manager|APP|Alarm Stats = ( BC/AL=7/1174 SYS=4/10 [676/0]  TPL=0/0 [0/0]  APP=3/6 [498/0]  A.Map=[1021]  E.Map EC/RC=[412/89] )
Thu Jun 16 05:23:05 UTC 2016|ApplicationAlarmContext| <><><><><> Create App Alarms ....  <><><><><> 
Thu Jun 16 05:23:05 UTC 2016|ApplicationAlarmContext|Alarms are generated ONLY in Development Mode.. 
Thu Jun 16 05:23:05 UTC 2016|Alarm Manager|APP|Alarm Stats = ( BC/AL=7/1174 SYS=4/10 [676/0]  TPL=0/0 [0/0]  APP=3/6 [498/0]  A.Map=[1021]  E.Map EC/RC=[412/89] )
Thu Jun 16 05:23:05 UTC 2016|Alarm Manager|Initialized Exception Lookup...
Thu Jun 16 05:23:05 UTC 2016|Log Manager|Initialize Log Config File ......
Thu Jun 16 05:23:05 UTC 2016|Pluggable Connectors|Adding Connectors : StandardOutputConnector isEnabled=true isDefault=false isFallBack=true
Thu Jun 16 05:23:05 UTC 2016|Pluggable Connectors|Adding Connectors : StandardFileConnector isEnabled=true isDefault=false isFallBack=false
Thu Jun 16 05:23:05 UTC 2016|Pluggable Connectors|Adding Connectors : Sprinkler isEnabled=true isDefault=true isFallBack=false
Thu Jun 16 05:23:05 UTC 2016|Pluggable Connectors|Default Connector Name : com.spartan.logger.core.LogMessenger
Thu Jun 16 05:23:05 UTC 2016|Log Config Parser|Connector Least Log Level =[4]  FallBack Log Level =[3]
Thu Jun 16 05:23:05 UTC 2016|Log Manager|Loading Default Connector for Logging ......
Thu Jun 16 05:23:05 UTC 2016|Log Manager|Loading class .. com.spartan.logger.core.LogMessenger
Thu Jun 16 05:23:05 UTC 2016|Plugggable Connector|Connector class com.spartan.logger.core.LogMessenger Initialized... @ Log Level = 3
Thu Jun 16 05:23:05 UTC 2016|Log Manager|Starting the Default Connector [com.spartan.logger.core.LogMessenger@27cacda0] ....
Thu Jun 16 05:23:05 UTC 2016|Scheduler|Starting the Scheduler ......
Thu Jun 16 05:23:05 UTC 2016|Scheduler|Adding [LMID=[96027fc7-c163-4d43-935a-70aaabfd668d]] Delay=5 Time Unit=MINUTES
Thu Jun 16 05:23:05 UTC 2016|Scheduler|Adding [App Alarm Manager File=[ApplicationAlarms.xml]] Delay=30 Time Unit=MINUTES
Thu Jun 16 05:23:05 UTC 2016|Scheduler|Adding [FW Alarm Manager File=[ApplicationFrameworkAlarms.xml]] Delay=3 Time Unit=MINUTES
Thu Jun 16 05:23:05 UTC 2016|Scheduler|Startup Completed..
Thu Jun 16 05:23:05 UTC 2016|Log Manager|Initialization Process Complete ......
Thu Jun 16 05:23:05 UTC 2016|Log Manager Factory|Log Manager READY! ID = 96027fc7-c163-4d43-935a-70aaabfd668d
[EL Finer]: connection: 2016-06-16 05:23:05.671--ServerSession(166674373)--Thread(Thread[Test worker,5,main])--client acquired: 1910481550
[EL Finer]: transaction: 2016-06-16 05:23:05.671--ClientSession(1910481550)--Thread(Thread[Test worker,5,main])--acquire unit of work: 287920906
[EL Finest]: connection: 2016-06-16 05:23:05.671--ServerSession(166674373)--Connection(806010451)--Thread(Thread[Test worker,5,main])--Connection acquired from connection pool [default].
[EL Finer]: transaction: 2016-06-16 05:23:05.671--ClientSession(1910481550)--Connection(806010451)--Thread(Thread[Test worker,5,main])--begin transaction
[EL Finest]: connection: 2016-06-16 05:23:05.671--ClientSession(1910481550)--Thread(Thread[Test worker,5,main])--reconnecting to external connection pool
[EL Finest]: transaction: 2016-06-16 05:23:05.675--UnitOfWork(287920906)--Thread(Thread[Test worker,5,main])--persist() operation called on: fEry4BUoCjm3AGy02KWFsIMJROkckC97Se7y43eEJi9zMOoDEP.
[EL Finest]: sequencing: 2016-06-16 05:23:05.675--UnitOfWork(287920906)--Thread(Thread[Test worker,5,main])--assign sequence to the object (BC04D49F-DB22-4537-A209-C2D98854FCFB -> fEry4BUoCjm3AGy02KWFsIMJROkckC97Se7y43eEJi9zMOoDEP)
[EL Finer]: transaction: 2016-06-16 05:23:05.675--UnitOfWork(287920906)--Thread(Thread[Test worker,5,main])--begin unit of work commit
[EL Finest]: query: 2016-06-16 05:23:05.675--UnitOfWork(287920906)--Thread(Thread[Test worker,5,main])--Execute query InsertObjectQuery(fEry4BUoCjm3AGy02KWFsIMJROkckC97Se7y43eEJi9zMOoDEP)
[EL Fine]: sql: 2016-06-16 05:23:05.675--ClientSession(1910481550)--Connection(1340409218)--Thread(Thread[Test worker,5,main])--INSERT INTO ast_Country_M (countryId, capital, capitalLatitude, capitalLongitude, countryCode1, countryCode2, countryFlag, countryName, currencyCode, currencyName, currencySymbol, isoNumeric, versionId, createdBy, createdDate, updatedBy, updatedDate, activeStatus, txnAccessCode) VALUES (?, ?, ?, ?, ?, ?, ?, ?, ?, ?, ?, ?, ?, ?, ?, ?, ?, ?, ?)
	bind => [BC04D49F-DB22-4537-A209-C2D98854FCFB, xycoTs8W8GsSUYY3rR7azfCGdD605i73, 6, 7, 412, k1h, oJZlvfl6gINmAM47Hs7juZT9SwCzGWvKoMtFZPtWUrxTbPy6wm, fEry4BUoCjm3AGy02KWFsIMJROkckC97Se7y43eEJi9zMOoDEP, mUc, NdoINXiEYvag74Tf4wTdGev6XARFobqBhq8yzShQkUHe5kVyKh, WS3PuHNA0lDB3ZVqAYpWIlEK2qoqj4d5, 505, 1, AAAAA, 2016-06-16 05:23:05.671, AAAAA, 2016-06-16 05:23:05.671, 1, 51000]
[EL Finer]: transaction: 2016-06-16 05:23:05.677--ClientSession(1910481550)--Connection(1340409218)--Thread(Thread[Test worker,5,main])--commit transaction
[EL Finest]: connection: 2016-06-16 05:23:05.866--ServerSession(166674373)--Connection(806010451)--Thread(Thread[Test worker,5,main])--Connection released to connection pool [default].
[EL Finer]: transaction: 2016-06-16 05:23:05.866--UnitOfWork(287920906)--Thread(Thread[Test worker,5,main])--end unit of work commit
[EL Finer]: transaction: 2016-06-16 05:23:05.866--UnitOfWork(287920906)--Thread(Thread[Test worker,5,main])--resume unit of work
[EL Finer]: transaction: 2016-06-16 05:23:05.866--UnitOfWork(287920906)--Thread(Thread[Test worker,5,main])--release unit of work
[EL Finer]: connection: 2016-06-16 05:23:05.866--ClientSession(1910481550)--Thread(Thread[Test worker,5,main])--client released
[EL Finer]: connection: 2016-06-16 05:23:05.867--ServerSession(166674373)--Thread(Thread[Test worker,5,main])--client acquired: 162491688
[EL Finer]: transaction: 2016-06-16 05:23:05.867--ClientSession(162491688)--Thread(Thread[Test worker,5,main])--acquire unit of work: 1546084879
[EL Finest]: connection: 2016-06-16 05:23:05.867--ServerSession(166674373)--Connection(496432653)--Thread(Thread[Test worker,5,main])--Connection acquired from connection pool [default].
[EL Finer]: transaction: 2016-06-16 05:23:05.867--ClientSession(162491688)--Connection(496432653)--Thread(Thread[Test worker,5,main])--begin transaction
[EL Finest]: connection: 2016-06-16 05:23:05.867--ClientSession(162491688)--Thread(Thread[Test worker,5,main])--reconnecting to external connection pool
[EL Finest]: transaction: 2016-06-16 05:23:05.872--UnitOfWork(1546084879)--Thread(Thread[Test worker,5,main])--persist() operation called on: mkujz18uFsNw7awQtaAKfiargvCZzOaXOVAJ9ND2jX1PnP7TOC.
[EL Finest]: sequencing: 2016-06-16 05:23:05.872--UnitOfWork(1546084879)--Thread(Thread[Test worker,5,main])--assign sequence to the object (B5B31B24-39D6-4B82-B091-6702647E345A -> mkujz18uFsNw7awQtaAKfiargvCZzOaXOVAJ9ND2jX1PnP7TOC)
[EL Finer]: transaction: 2016-06-16 05:23:05.872--UnitOfWork(1546084879)--Thread(Thread[Test worker,5,main])--begin unit of work commit
[EL Finest]: query: 2016-06-16 05:23:05.872--UnitOfWork(1546084879)--Thread(Thread[Test worker,5,main])--Execute query InsertObjectQuery(mkujz18uFsNw7awQtaAKfiargvCZzOaXOVAJ9ND2jX1PnP7TOC)
[EL Fine]: sql: 2016-06-16 05:23:05.873--ClientSession(162491688)--Connection(1912075016)--Thread(Thread[Test worker,5,main])--INSERT INTO ast_State_M (stateId, countryId, stateCapital, stateCapitalLatitude, stateCapitalLongitude, stateCode, stateCodeChar2, stateCodeChar3, stateDescription, stateFlag, stateName, versionId, createdBy, createdDate, updatedBy, updatedDate, activeStatus, txnAccessCode) VALUES (?, ?, ?, ?, ?, ?, ?, ?, ?, ?, ?, ?, ?, ?, ?, ?, ?, ?)
	bind => [B5B31B24-39D6-4B82-B091-6702647E345A, BC04D49F-DB22-4537-A209-C2D98854FCFB, mCwyT0vZq1yoW1j7qo12GHijaR97VeV9xDupRSSfaFqq4N4qoO, 8, 2, 1, NyIDeGxmug4hnRbKc4VIpvTvbA30U8ao, DhdlebJ024XvOMMd8kR8LGo0DMX5CX76, FwN0jcSyoSq6KSPhuy0D5u1AkqJaVCbCODNNICLx2CqA7ig5K3, M3Tam8GBn0PjIGqErrf6ywWEXVBQsM4jq7eFZUps7GNNcj8Mlh, mkujz18uFsNw7awQtaAKfiargvCZzOaXOVAJ9ND2jX1PnP7TOC, 1, AAAAA, 2016-06-16 05:23:05.671, AAAAA, 2016-06-16 05:23:05.671, 1, 51000]
[EL Finer]: transaction: 2016-06-16 05:23:05.874--ClientSession(162491688)--Connection(1912075016)--Thread(Thread[Test worker,5,main])--commit transaction
[EL Finest]: connection: 2016-06-16 05:23:06.128--ServerSession(166674373)--Connection(496432653)--Thread(Thread[Test worker,5,main])--Connection released to connection pool [default].
[EL Finer]: transaction: 2016-06-16 05:23:06.128--UnitOfWork(1546084879)--Thread(Thread[Test worker,5,main])--end unit of work commit
[EL Finer]: transaction: 2016-06-16 05:23:06.128--UnitOfWork(1546084879)--Thread(Thread[Test worker,5,main])--resume unit of work
[EL Finer]: transaction: 2016-06-16 05:23:06.128--UnitOfWork(1546084879)--Thread(Thread[Test worker,5,main])--release unit of work
[EL Finer]: connection: 2016-06-16 05:23:06.128--ClientSession(162491688)--Thread(Thread[Test worker,5,main])--client released
[EL Finer]: connection: 2016-06-16 05:23:06.129--ServerSession(166674373)--Thread(Thread[Test worker,5,main])--client acquired: 2145656699
[EL Finer]: transaction: 2016-06-16 05:23:06.129--ClientSession(2145656699)--Thread(Thread[Test worker,5,main])--acquire unit of work: 1506739669
[EL Finest]: connection: 2016-06-16 05:23:06.129--ServerSession(166674373)--Connection(646451459)--Thread(Thread[Test worker,5,main])--Connection acquired from connection pool [default].
[EL Finer]: transaction: 2016-06-16 05:23:06.129--ClientSession(2145656699)--Connection(646451459)--Thread(Thread[Test worker,5,main])--begin transaction
[EL Finest]: connection: 2016-06-16 05:23:06.129--ClientSession(2145656699)--Thread(Thread[Test worker,5,main])--reconnecting to external connection pool
[EL Finest]: transaction: 2016-06-16 05:23:06.131--UnitOfWork(1506739669)--Thread(Thread[Test worker,5,main])--persist() operation called on: V1Ph8F9ZFGNEGR8w6y78oKqkEYTRctnG5mbgZnC4LI4yxnAg1d.
[EL Finest]: sequencing: 2016-06-16 05:23:06.131--UnitOfWork(1506739669)--Thread(Thread[Test worker,5,main])--assign sequence to the object (45998C75-1100-4F0A-A0AE-19C8DDEEC276 -> V1Ph8F9ZFGNEGR8w6y78oKqkEYTRctnG5mbgZnC4LI4yxnAg1d)
[EL Finer]: transaction: 2016-06-16 05:23:06.131--UnitOfWork(1506739669)--Thread(Thread[Test worker,5,main])--begin unit of work commit
[EL Finest]: query: 2016-06-16 05:23:06.132--UnitOfWork(1506739669)--Thread(Thread[Test worker,5,main])--Execute query InsertObjectQuery(V1Ph8F9ZFGNEGR8w6y78oKqkEYTRctnG5mbgZnC4LI4yxnAg1d)
[EL Fine]: sql: 2016-06-16 05:23:06.132--ClientSession(2145656699)--Connection(1185015998)--Thread(Thread[Test worker,5,main])--INSERT INTO ast_AddressType_M (addressTypeId, addressType, addressTypeDesc, addressTypeIcon, versionId, createdBy, createdDate, updatedBy, updatedDate, activeStatus, txnAccessCode) VALUES (?, ?, ?, ?, ?, ?, ?, ?, ?, ?, ?)
	bind => [45998C75-1100-4F0A-A0AE-19C8DDEEC276, V1Ph8F9ZFGNEGR8w6y78oKqkEYTRctnG5mbgZnC4LI4yxnAg1d, GOIgwcPd3SavuWH0AQBBbzIv0EHnIfJEEeBoosSEyTjcDPSSSd, pvJCq8hWwOQXCXTkYR10vytv4OwZjEoV8u8lF0VPoIRMEnOmn3, 1, AAAAA, 2016-06-16 05:23:06.129, AAAAA, 2016-06-16 05:23:06.129, 1, 51000]
[EL Finer]: transaction: 2016-06-16 05:23:06.133--ClientSession(2145656699)--Connection(1185015998)--Thread(Thread[Test worker,5,main])--commit transaction
[EL Finest]: connection: 2016-06-16 05:23:06.453--ServerSession(166674373)--Connection(646451459)--Thread(Thread[Test worker,5,main])--Connection released to connection pool [default].
[EL Finer]: transaction: 2016-06-16 05:23:06.453--UnitOfWork(1506739669)--Thread(Thread[Test worker,5,main])--end unit of work commit
[EL Finer]: transaction: 2016-06-16 05:23:06.453--UnitOfWork(1506739669)--Thread(Thread[Test worker,5,main])--resume unit of work
[EL Finer]: transaction: 2016-06-16 05:23:06.453--UnitOfWork(1506739669)--Thread(Thread[Test worker,5,main])--release unit of work
[EL Finer]: connection: 2016-06-16 05:23:06.453--ClientSession(2145656699)--Thread(Thread[Test worker,5,main])--client released
[EL Finer]: connection: 2016-06-16 05:23:06.454--ServerSession(166674373)--Thread(Thread[Test worker,5,main])--client acquired: 495152486
[EL Finer]: transaction: 2016-06-16 05:23:06.454--ClientSession(495152486)--Thread(Thread[Test worker,5,main])--acquire unit of work: 528700077
[EL Finest]: connection: 2016-06-16 05:23:06.454--ServerSession(166674373)--Connection(1722346500)--Thread(Thread[Test worker,5,main])--Connection acquired from connection pool [default].
[EL Finer]: transaction: 2016-06-16 05:23:06.454--ClientSession(495152486)--Connection(1722346500)--Thread(Thread[Test worker,5,main])--begin transaction
[EL Finest]: connection: 2016-06-16 05:23:06.454--ClientSession(495152486)--Thread(Thread[Test worker,5,main])--reconnecting to external connection pool
[EL Finest]: transaction: 2016-06-16 05:23:06.459--UnitOfWork(528700077)--Thread(Thread[Test worker,5,main])--persist() operation called on: BDXSQhyqReeEQx71Mkgj3adIeEoinpLGMll81jyKGc5CIkSdSZ,1N8LnDZk1SdvYDXrSDzPmxx6HVa8slZF,3.
[EL Finest]: sequencing: 2016-06-16 05:23:06.459--UnitOfWork(528700077)--Thread(Thread[Test worker,5,main])--assign sequence to the object (056C1E9C-5793-40C6-811B-C20D13EB193C -> BDXSQhyqReeEQx71Mkgj3adIeEoinpLGMll81jyKGc5CIkSdSZ,1N8LnDZk1SdvYDXrSDzPmxx6HVa8slZF,3)
[EL Finer]: transaction: 2016-06-16 05:23:06.46--UnitOfWork(528700077)--Thread(Thread[Test worker,5,main])--begin unit of work commit
[EL Finest]: query: 2016-06-16 05:23:06.46--UnitOfWork(528700077)--Thread(Thread[Test worker,5,main])--Execute query InsertObjectQuery(BDXSQhyqReeEQx71Mkgj3adIeEoinpLGMll81jyKGc5CIkSdSZ,1N8LnDZk1SdvYDXrSDzPmxx6HVa8slZF,3)
[EL Fine]: sql: 2016-06-16 05:23:06.46--ClientSession(495152486)--Connection(1808745029)--Thread(Thread[Test worker,5,main])--INSERT INTO ast_City_M (cityId, cityCode, cityCodeChar2, cityDescription, cityFlag, cityLatitude, cityLongitude, cityName, countryId, stateId, versionId, createdBy, createdDate, updatedBy, updatedDate, activeStatus, txnAccessCode) VALUES (?, ?, ?, ?, ?, ?, ?, ?, ?, ?, ?, ?, ?, ?, ?, ?, ?)
	bind => [056C1E9C-5793-40C6-811B-C20D13EB193C, 3, 1N8LnDZk1SdvYDXrSDzPmxx6HVa8slZF, Nr8cI4kHz3g4ervlMVS5tGzTWNrmbj3wNPwGxXJKE3IVEQXRcS, Wwgf8m7hpwAE6mNB50Ho9lsfNnYEaPYOIj4yUcuT03sIA1rGCr, 7, 9, BDXSQhyqReeEQx71Mkgj3adIeEoinpLGMll81jyKGc5CIkSdSZ, BC04D49F-DB22-4537-A209-C2D98854FCFB, B5B31B24-39D6-4B82-B091-6702647E345A, 1, AAAAA, 2016-06-16 05:23:06.454, AAAAA, 2016-06-16 05:23:06.454, 1, 51000]
[EL Finer]: transaction: 2016-06-16 05:23:06.462--ClientSession(495152486)--Connection(1808745029)--Thread(Thread[Test worker,5,main])--commit transaction
[EL Finest]: connection: 2016-06-16 05:23:06.674--ServerSession(166674373)--Connection(1722346500)--Thread(Thread[Test worker,5,main])--Connection released to connection pool [default].
[EL Finer]: transaction: 2016-06-16 05:23:06.674--UnitOfWork(528700077)--Thread(Thread[Test worker,5,main])--end unit of work commit
[EL Finer]: transaction: 2016-06-16 05:23:06.674--UnitOfWork(528700077)--Thread(Thread[Test worker,5,main])--resume unit of work
[EL Finer]: transaction: 2016-06-16 05:23:06.674--UnitOfWork(528700077)--Thread(Thread[Test worker,5,main])--release unit of work
[EL Finer]: connection: 2016-06-16 05:23:06.674--ClientSession(495152486)--Thread(Thread[Test worker,5,main])--client released
Setting logged in user info for ADD
[EL Finer]: connection: 2016-06-16 05:23:06.677--ServerSession(166674373)--Thread(Thread[Test worker,5,main])--client acquired: 1350761121
[EL Finer]: transaction: 2016-06-16 05:23:06.677--ClientSession(1350761121)--Thread(Thread[Test worker,5,main])--acquire unit of work: 1192528210
[EL Finest]: connection: 2016-06-16 05:23:06.678--ServerSession(166674373)--Connection(356748019)--Thread(Thread[Test worker,5,main])--Connection acquired from connection pool [default].
[EL Finer]: transaction: 2016-06-16 05:23:06.678--ClientSession(1350761121)--Connection(356748019)--Thread(Thread[Test worker,5,main])--begin transaction
[EL Finest]: connection: 2016-06-16 05:23:06.678--ClientSession(1350761121)--Thread(Thread[Test worker,5,main])--reconnecting to external connection pool
[EL Finest]: transaction: 2016-06-16 05:23:06.679--UnitOfWork(1192528210)--Thread(Thread[Test worker,5,main])--persist() operation called on: 58t367.
[EL Finest]: sequencing: 2016-06-16 05:23:06.679--UnitOfWork(1192528210)--Thread(Thread[Test worker,5,main])--assign sequence to the object (F5155980-F55F-45CF-805F-B4EED9FBBB8D -> 58t367)
[EL Finer]: transaction: 2016-06-16 05:23:06.679--UnitOfWork(1192528210)--Thread(Thread[Test worker,5,main])--begin unit of work commit
[EL Finest]: query: 2016-06-16 05:23:06.68--UnitOfWork(1192528210)--Thread(Thread[Test worker,5,main])--Execute query InsertObjectQuery(58t367)
[EL Fine]: sql: 2016-06-16 05:23:06.68--ClientSession(1350761121)--Connection(1148676238)--Thread(Thread[Test worker,5,main])--INSERT INTO ast_Address_T (addressId, address1, address2, address3, addressLabel, addressTypeId, cityId, countryId, latitude, longitude, stateId, versionId, zipcode, createdBy, createdDate, updatedBy, updatedDate, activeStatus, txnAccessCode) VALUES (?, ?, ?, ?, ?, ?, ?, ?, ?, ?, ?, ?, ?, ?, ?, ?, ?, ?, ?)
	bind => [F5155980-F55F-45CF-805F-B4EED9FBBB8D, AvAzDQE6N9fDG1vsChaI1DAjmPX2UXYamY6nP0AHYMFOMneTFq, AUcbPlfESnQlOFP9iqWwZQM2qaCe5gcUve1I1CQ9K2YfdOtsLz, fMnjUBwGCAwP0c59XqqJpyXHN4WpQ1zEXvsRDDfS7910kbpRDV, 8bQ1bFXhzZk, 45998C75-1100-4F0A-A0AE-19C8DDEEC276, 056C1E9C-5793-40C6-811B-C20D13EB193C, BC04D49F-DB22-4537-A209-C2D98854FCFB, 3Tfza868zcHH3C8MNNCoNGxrNmee6cbBVtZ8xJVWsqb4jxqL0Y, nuHxoZcxUMHViH7YHeSp2OrhB6fZlWH6g0cc4xX52aKnpZIbeK, B5B31B24-39D6-4B82-B091-6702647E345A, 1, 58t367, AAAAA, 2016-06-16 05:23:06.674, AAAAA, 2016-06-16 05:23:06.674, 1, 51000]
[EL Finer]: transaction: 2016-06-16 05:23:06.682--ClientSession(1350761121)--Connection(1148676238)--Thread(Thread[Test worker,5,main])--commit transaction
[EL Finest]: connection: 2016-06-16 05:23:06.882--ServerSession(166674373)--Connection(356748019)--Thread(Thread[Test worker,5,main])--Connection released to connection pool [default].
[EL Finer]: transaction: 2016-06-16 05:23:06.882--UnitOfWork(1192528210)--Thread(Thread[Test worker,5,main])--end unit of work commit
[EL Finer]: transaction: 2016-06-16 05:23:06.882--UnitOfWork(1192528210)--Thread(Thread[Test worker,5,main])--resume unit of work
[EL Finer]: transaction: 2016-06-16 05:23:06.882--UnitOfWork(1192528210)--Thread(Thread[Test worker,5,main])--release unit of work
[EL Finer]: connection: 2016-06-16 05:23:06.882--ClientSession(1350761121)--Thread(Thread[Test worker,5,main])--client released
[EL Finer]: connection: 2016-06-16 05:23:06.891--ServerSession(166674373)--Thread(Thread[Test worker,5,main])--client acquired: 178747421
[EL Finer]: transaction: 2016-06-16 05:23:06.892--ClientSession(178747421)--Thread(Thread[Test worker,5,main])--acquire unit of work: 2025766241
[EL Finest]: connection: 2016-06-16 05:23:06.892--ServerSession(166674373)--Connection(847472949)--Thread(Thread[Test worker,5,main])--Connection acquired from connection pool [default].
[EL Finer]: transaction: 2016-06-16 05:23:06.892--ClientSession(178747421)--Connection(847472949)--Thread(Thread[Test worker,5,main])--begin transaction
[EL Finest]: connection: 2016-06-16 05:23:06.892--ClientSession(178747421)--Thread(Thread[Test worker,5,main])--reconnecting to external connection pool
[EL Finer]: transaction: 2016-06-16 05:23:06.894--UnitOfWork(2025766241)--Thread(Thread[Test worker,5,main])--begin unit of work flush
[EL Finer]: transaction: 2016-06-16 05:23:06.894--UnitOfWork(2025766241)--Thread(Thread[Test worker,5,main])--end unit of work flush
[EL Finest]: query: 2016-06-16 05:23:06.894--UnitOfWork(2025766241)--Thread(Thread[Test worker,5,main])--Execute query ReadAllQuery(name="Address.findById" referenceClass=Address sql="SELECT addressId, address1, address2, address3, addressLabel, addressTypeId, cityId, countryId, latitude, longitude, stateId, versionId, zipcode, createdBy, createdDate, updatedBy, updatedDate, activeStatus, txnAccessCode FROM ast_Address_T WHERE ((activeStatus = ?) AND (addressId = ?))")
[EL Fine]: sql: 2016-06-16 05:23:06.894--ClientSession(178747421)--Connection(1278419957)--Thread(Thread[Test worker,5,main])--SELECT addressId, address1, address2, address3, addressLabel, addressTypeId, cityId, countryId, latitude, longitude, stateId, versionId, zipcode, createdBy, createdDate, updatedBy, updatedDate, activeStatus, txnAccessCode FROM ast_Address_T WHERE ((activeStatus = ?) AND (addressId = ?))
	bind => [1, F5155980-F55F-45CF-805F-B4EED9FBBB8D]
[EL Finer]: transaction: 2016-06-16 05:23:06.896--UnitOfWork(2025766241)--Thread(Thread[Test worker,5,main])--begin unit of work commit
[EL Finer]: transaction: 2016-06-16 05:23:06.896--ClientSession(178747421)--Connection(1278419957)--Thread(Thread[Test worker,5,main])--commit transaction
[EL Finest]: connection: 2016-06-16 05:23:06.896--ServerSession(166674373)--Connection(847472949)--Thread(Thread[Test worker,5,main])--Connection released to connection pool [default].
[EL Finer]: transaction: 2016-06-16 05:23:06.897--UnitOfWork(2025766241)--Thread(Thread[Test worker,5,main])--end unit of work commit
[EL Finer]: transaction: 2016-06-16 05:23:06.897--UnitOfWork(2025766241)--Thread(Thread[Test worker,5,main])--resume unit of work
[EL Finer]: transaction: 2016-06-16 05:23:06.897--UnitOfWork(2025766241)--Thread(Thread[Test worker,5,main])--release unit of work
[EL Finer]: connection: 2016-06-16 05:23:06.897--ClientSession(178747421)--Thread(Thread[Test worker,5,main])--client released
Setting logged in user info for UPDATE
[EL Finer]: connection: 2016-06-16 05:23:06.898--ServerSession(166674373)--Thread(Thread[Test worker,5,main])--client acquired: 1797182516
[EL Finer]: transaction: 2016-06-16 05:23:06.898--ClientSession(1797182516)--Thread(Thread[Test worker,5,main])--acquire unit of work: 889051357
[EL Finest]: connection: 2016-06-16 05:23:06.898--ServerSession(166674373)--Connection(94941273)--Thread(Thread[Test worker,5,main])--Connection acquired from connection pool [default].
[EL Finer]: transaction: 2016-06-16 05:23:06.898--ClientSession(1797182516)--Connection(94941273)--Thread(Thread[Test worker,5,main])--begin transaction
[EL Finest]: connection: 2016-06-16 05:23:06.898--ClientSession(1797182516)--Thread(Thread[Test worker,5,main])--reconnecting to external connection pool
[EL Finest]: transaction: 2016-06-16 05:23:06.901--UnitOfWork(889051357)--Thread(Thread[Test worker,5,main])--Merge clone with references m63g1y
[EL Finest]: query: 2016-06-16 05:23:06.901--UnitOfWork(889051357)--Thread(Thread[Test worker,5,main])--Execute query ReadObjectQuery(referenceClass=Address )
[EL Fine]: sql: 2016-06-16 05:23:06.902--ClientSession(1797182516)--Connection(1425041049)--Thread(Thread[Test worker,5,main])--SELECT addressId, address1, address2, address3, addressLabel, addressTypeId, cityId, countryId, latitude, longitude, stateId, versionId, zipcode, createdBy, createdDate, updatedBy, updatedDate, activeStatus, txnAccessCode FROM ast_Address_T WHERE (addressId = ?)
	bind => [F5155980-F55F-45CF-805F-B4EED9FBBB8D]
[EL Finer]: transaction: 2016-06-16 05:23:06.903--UnitOfWork(889051357)--Thread(Thread[Test worker,5,main])--begin unit of work commit
[EL Finest]: query: 2016-06-16 05:23:06.903--UnitOfWork(889051357)--Thread(Thread[Test worker,5,main])--Execute query UpdateObjectQuery(m63g1y)
[EL Fine]: sql: 2016-06-16 05:23:06.904--ClientSession(1797182516)--Connection(1425041049)--Thread(Thread[Test worker,5,main])--UPDATE ast_Address_T SET address1 = ?, address2 = ?, address3 = ?, addressLabel = ?, latitude = ?, longitude = ?, zipcode = ?, versionId = ? WHERE ((addressId = ?) AND (versionId = ?))
	bind => [bCaqRx81JMkExyDiE0h9c3dgWmB7WKjLvrL8ccJdHJNZMS25w9, 1El8laomZchkjJVQcCWZKE7Bv2gut0452Rft1ZInIN97OkGq7y, WCkx0ffbFniJG9zvjZs45rrpJsRUinzUySMgspZVCVvty5Brno, OEIIFj5Kxgn, RtrcwLekfeFO1XvHRc0bSCEie77ngBOvG4Pldc4JAvCqp6HFtY, ambog5QIHdvhbqWoC3mCFGJVqNl8MUXOlXnc3tYGZ0Hy9xKq70, m63g1y, 2, F5155980-F55F-45CF-805F-B4EED9FBBB8D, 1]
[EL Finer]: transaction: 2016-06-16 05:23:06.905--ClientSession(1797182516)--Connection(1425041049)--Thread(Thread[Test worker,5,main])--commit transaction
[EL Finest]: connection: 2016-06-16 05:23:07.082--ServerSession(166674373)--Connection(94941273)--Thread(Thread[Test worker,5,main])--Connection released to connection pool [default].
[EL Finer]: transaction: 2016-06-16 05:23:07.082--UnitOfWork(889051357)--Thread(Thread[Test worker,5,main])--end unit of work commit
[EL Finer]: transaction: 2016-06-16 05:23:07.082--UnitOfWork(889051357)--Thread(Thread[Test worker,5,main])--resume unit of work
[EL Finer]: transaction: 2016-06-16 05:23:07.082--UnitOfWork(889051357)--Thread(Thread[Test worker,5,main])--release unit of work
[EL Finer]: connection: 2016-06-16 05:23:07.082--ClientSession(1797182516)--Thread(Thread[Test worker,5,main])--client released
[EL Finer]: connection: 2016-06-16 05:23:07.089--ServerSession(166674373)--Thread(Thread[Test worker,5,main])--client acquired: 689636989
[EL Finer]: transaction: 2016-06-16 05:23:07.089--ClientSession(689636989)--Thread(Thread[Test worker,5,main])--acquire unit of work: 759631264
[EL Finest]: connection: 2016-06-16 05:23:07.089--ServerSession(166674373)--Connection(332372633)--Thread(Thread[Test worker,5,main])--Connection acquired from connection pool [default].
[EL Finer]: transaction: 2016-06-16 05:23:07.089--ClientSession(689636989)--Connection(332372633)--Thread(Thread[Test worker,5,main])--begin transaction
[EL Finest]: connection: 2016-06-16 05:23:07.089--ClientSession(689636989)--Thread(Thread[Test worker,5,main])--reconnecting to external connection pool
[EL Finer]: transaction: 2016-06-16 05:23:07.096--UnitOfWork(759631264)--Thread(Thread[Test worker,5,main])--begin unit of work flush
[EL Finer]: transaction: 2016-06-16 05:23:07.096--UnitOfWork(759631264)--Thread(Thread[Test worker,5,main])--end unit of work flush
[EL Finest]: query: 2016-06-16 05:23:07.096--UnitOfWork(759631264)--Thread(Thread[Test worker,5,main])--Execute query ReadAllQuery(name="Address.findById" referenceClass=Address sql="SELECT addressId, address1, address2, address3, addressLabel, addressTypeId, cityId, countryId, latitude, longitude, stateId, versionId, zipcode, createdBy, createdDate, updatedBy, updatedDate, activeStatus, txnAccessCode FROM ast_Address_T WHERE ((activeStatus = ?) AND (addressId = ?))")
[EL Fine]: sql: 2016-06-16 05:23:07.096--ClientSession(689636989)--Connection(2113425297)--Thread(Thread[Test worker,5,main])--SELECT addressId, address1, address2, address3, addressLabel, addressTypeId, cityId, countryId, latitude, longitude, stateId, versionId, zipcode, createdBy, createdDate, updatedBy, updatedDate, activeStatus, txnAccessCode FROM ast_Address_T WHERE ((activeStatus = ?) AND (addressId = ?))
	bind => [1, F5155980-F55F-45CF-805F-B4EED9FBBB8D]
[EL Finer]: transaction: 2016-06-16 05:23:07.098--UnitOfWork(759631264)--Thread(Thread[Test worker,5,main])--begin unit of work commit
[EL Finer]: transaction: 2016-06-16 05:23:07.099--ClientSession(689636989)--Connection(2113425297)--Thread(Thread[Test worker,5,main])--commit transaction
[EL Finest]: connection: 2016-06-16 05:23:07.099--ServerSession(166674373)--Connection(332372633)--Thread(Thread[Test worker,5,main])--Connection released to connection pool [default].
[EL Finer]: transaction: 2016-06-16 05:23:07.099--UnitOfWork(759631264)--Thread(Thread[Test worker,5,main])--end unit of work commit
[EL Finer]: transaction: 2016-06-16 05:23:07.099--UnitOfWork(759631264)--Thread(Thread[Test worker,5,main])--resume unit of work
[EL Finer]: transaction: 2016-06-16 05:23:07.099--UnitOfWork(759631264)--Thread(Thread[Test worker,5,main])--release unit of work
[EL Finer]: connection: 2016-06-16 05:23:07.099--ClientSession(689636989)--Thread(Thread[Test worker,5,main])--client released
[EL Finer]: connection: 2016-06-16 05:23:07.107--ServerSession(166674373)--Thread(Thread[Test worker,5,main])--client acquired: 868085723
[EL Finer]: transaction: 2016-06-16 05:23:07.107--ClientSession(868085723)--Thread(Thread[Test worker,5,main])--acquire unit of work: 2060332390
[EL Finest]: connection: 2016-06-16 05:23:07.107--ServerSession(166674373)--Connection(1980154502)--Thread(Thread[Test worker,5,main])--Connection acquired from connection pool [default].
[EL Finer]: transaction: 2016-06-16 05:23:07.107--ClientSession(868085723)--Connection(1980154502)--Thread(Thread[Test worker,5,main])--begin transaction
[EL Finest]: connection: 2016-06-16 05:23:07.107--ClientSession(868085723)--Thread(Thread[Test worker,5,main])--reconnecting to external connection pool
[EL Finer]: transaction: 2016-06-16 05:23:07.109--UnitOfWork(2060332390)--Thread(Thread[Test worker,5,main])--begin unit of work flush
[EL Finer]: transaction: 2016-06-16 05:23:07.109--UnitOfWork(2060332390)--Thread(Thread[Test worker,5,main])--end unit of work flush
[EL Finest]: query: 2016-06-16 05:23:07.109--UnitOfWork(2060332390)--Thread(Thread[Test worker,5,main])--Execute query ReadAllQuery(name="Address.findByAddressTypeId" referenceClass=Address sql="SELECT addressId, address1, address2, address3, addressLabel, addressTypeId, cityId, countryId, latitude, longitude, stateId, versionId, zipcode, createdBy, createdDate, updatedBy, updatedDate, activeStatus, txnAccessCode FROM ast_Address_T WHERE ((activeStatus = ?) AND (addressTypeId = ?))")
[EL Fine]: sql: 2016-06-16 05:23:07.109--ClientSession(868085723)--Connection(1208748281)--Thread(Thread[Test worker,5,main])--SELECT addressId, address1, address2, address3, addressLabel, addressTypeId, cityId, countryId, latitude, longitude, stateId, versionId, zipcode, createdBy, createdDate, updatedBy, updatedDate, activeStatus, txnAccessCode FROM ast_Address_T WHERE ((activeStatus = ?) AND (addressTypeId = ?))
	bind => [1, 45998C75-1100-4F0A-A0AE-19C8DDEEC276]
[EL Finer]: transaction: 2016-06-16 05:23:07.112--UnitOfWork(2060332390)--Thread(Thread[Test worker,5,main])--begin unit of work commit
[EL Finer]: transaction: 2016-06-16 05:23:07.112--ClientSession(868085723)--Connection(1208748281)--Thread(Thread[Test worker,5,main])--commit transaction
[EL Finest]: connection: 2016-06-16 05:23:07.112--ServerSession(166674373)--Connection(1980154502)--Thread(Thread[Test worker,5,main])--Connection released to connection pool [default].
[EL Finer]: transaction: 2016-06-16 05:23:07.112--UnitOfWork(2060332390)--Thread(Thread[Test worker,5,main])--end unit of work commit
[EL Finer]: transaction: 2016-06-16 05:23:07.112--UnitOfWork(2060332390)--Thread(Thread[Test worker,5,main])--resume unit of work
[EL Finer]: transaction: 2016-06-16 05:23:07.113--UnitOfWork(2060332390)--Thread(Thread[Test worker,5,main])--release unit of work
[EL Finer]: connection: 2016-06-16 05:23:07.113--ClientSession(868085723)--Thread(Thread[Test worker,5,main])--client released
[EL Finer]: connection: 2016-06-16 05:23:07.119--ServerSession(166674373)--Thread(Thread[Test worker,5,main])--client acquired: 1468646601
[EL Finer]: transaction: 2016-06-16 05:23:07.119--ClientSession(1468646601)--Thread(Thread[Test worker,5,main])--acquire unit of work: 366384389
[EL Finest]: connection: 2016-06-16 05:23:07.119--ServerSession(166674373)--Connection(986809974)--Thread(Thread[Test worker,5,main])--Connection acquired from connection pool [default].
[EL Finer]: transaction: 2016-06-16 05:23:07.119--ClientSession(1468646601)--Connection(986809974)--Thread(Thread[Test worker,5,main])--begin transaction
[EL Finest]: connection: 2016-06-16 05:23:07.119--ClientSession(1468646601)--Thread(Thread[Test worker,5,main])--reconnecting to external connection pool
[EL Finer]: transaction: 2016-06-16 05:23:07.121--UnitOfWork(366384389)--Thread(Thread[Test worker,5,main])--begin unit of work flush
[EL Finer]: transaction: 2016-06-16 05:23:07.121--UnitOfWork(366384389)--Thread(Thread[Test worker,5,main])--end unit of work flush
[EL Finest]: query: 2016-06-16 05:23:07.121--UnitOfWork(366384389)--Thread(Thread[Test worker,5,main])--Execute query ReadAllQuery(name="Address.findByCityId" referenceClass=Address sql="SELECT addressId, address1, address2, address3, addressLabel, addressTypeId, cityId, countryId, latitude, longitude, stateId, versionId, zipcode, createdBy, createdDate, updatedBy, updatedDate, activeStatus, txnAccessCode FROM ast_Address_T WHERE ((activeStatus = ?) AND (cityId = ?))")
[EL Fine]: sql: 2016-06-16 05:23:07.121--ClientSession(1468646601)--Connection(1321889078)--Thread(Thread[Test worker,5,main])--SELECT addressId, address1, address2, address3, addressLabel, addressTypeId, cityId, countryId, latitude, longitude, stateId, versionId, zipcode, createdBy, createdDate, updatedBy, updatedDate, activeStatus, txnAccessCode FROM ast_Address_T WHERE ((activeStatus = ?) AND (cityId = ?))
	bind => [1, 056C1E9C-5793-40C6-811B-C20D13EB193C]
[EL Finer]: transaction: 2016-06-16 05:23:07.122--UnitOfWork(366384389)--Thread(Thread[Test worker,5,main])--begin unit of work commit
[EL Finer]: transaction: 2016-06-16 05:23:07.122--ClientSession(1468646601)--Connection(1321889078)--Thread(Thread[Test worker,5,main])--commit transaction
[EL Finest]: connection: 2016-06-16 05:23:07.122--ServerSession(166674373)--Connection(986809974)--Thread(Thread[Test worker,5,main])--Connection released to connection pool [default].
[EL Finer]: transaction: 2016-06-16 05:23:07.123--UnitOfWork(366384389)--Thread(Thread[Test worker,5,main])--end unit of work commit
[EL Finer]: transaction: 2016-06-16 05:23:07.123--UnitOfWork(366384389)--Thread(Thread[Test worker,5,main])--resume unit of work
[EL Finer]: transaction: 2016-06-16 05:23:07.123--UnitOfWork(366384389)--Thread(Thread[Test worker,5,main])--release unit of work
[EL Finer]: connection: 2016-06-16 05:23:07.123--ClientSession(1468646601)--Thread(Thread[Test worker,5,main])--client released
[EL Finer]: connection: 2016-06-16 05:23:07.129--ServerSession(166674373)--Thread(Thread[Test worker,5,main])--client acquired: 477655671
[EL Finer]: transaction: 2016-06-16 05:23:07.129--ClientSession(477655671)--Thread(Thread[Test worker,5,main])--acquire unit of work: 664990011
[EL Finest]: connection: 2016-06-16 05:23:07.129--ServerSession(166674373)--Connection(982215889)--Thread(Thread[Test worker,5,main])--Connection acquired from connection pool [default].
[EL Finer]: transaction: 2016-06-16 05:23:07.129--ClientSession(477655671)--Connection(982215889)--Thread(Thread[Test worker,5,main])--begin transaction
[EL Finest]: connection: 2016-06-16 05:23:07.129--ClientSession(477655671)--Thread(Thread[Test worker,5,main])--reconnecting to external connection pool
[EL Finer]: transaction: 2016-06-16 05:23:07.13--UnitOfWork(664990011)--Thread(Thread[Test worker,5,main])--begin unit of work flush
[EL Finer]: transaction: 2016-06-16 05:23:07.13--UnitOfWork(664990011)--Thread(Thread[Test worker,5,main])--end unit of work flush
[EL Finest]: query: 2016-06-16 05:23:07.131--UnitOfWork(664990011)--Thread(Thread[Test worker,5,main])--Execute query ReadAllQuery(name="Address.findByCountryId" referenceClass=Address sql="SELECT addressId, address1, address2, address3, addressLabel, addressTypeId, cityId, countryId, latitude, longitude, stateId, versionId, zipcode, createdBy, createdDate, updatedBy, updatedDate, activeStatus, txnAccessCode FROM ast_Address_T WHERE ((activeStatus = ?) AND (countryId = ?))")
[EL Fine]: sql: 2016-06-16 05:23:07.131--ClientSession(477655671)--Connection(1399903274)--Thread(Thread[Test worker,5,main])--SELECT addressId, address1, address2, address3, addressLabel, addressTypeId, cityId, countryId, latitude, longitude, stateId, versionId, zipcode, createdBy, createdDate, updatedBy, updatedDate, activeStatus, txnAccessCode FROM ast_Address_T WHERE ((activeStatus = ?) AND (countryId = ?))
	bind => [1, BC04D49F-DB22-4537-A209-C2D98854FCFB]
[EL Finer]: transaction: 2016-06-16 05:23:07.132--UnitOfWork(664990011)--Thread(Thread[Test worker,5,main])--begin unit of work commit
[EL Finer]: transaction: 2016-06-16 05:23:07.132--ClientSession(477655671)--Connection(1399903274)--Thread(Thread[Test worker,5,main])--commit transaction
[EL Finest]: connection: 2016-06-16 05:23:07.132--ServerSession(166674373)--Connection(982215889)--Thread(Thread[Test worker,5,main])--Connection released to connection pool [default].
[EL Finer]: transaction: 2016-06-16 05:23:07.132--UnitOfWork(664990011)--Thread(Thread[Test worker,5,main])--end unit of work commit
[EL Finer]: transaction: 2016-06-16 05:23:07.132--UnitOfWork(664990011)--Thread(Thread[Test worker,5,main])--resume unit of work
[EL Finer]: transaction: 2016-06-16 05:23:07.132--UnitOfWork(664990011)--Thread(Thread[Test worker,5,main])--release unit of work
[EL Finer]: connection: 2016-06-16 05:23:07.133--ClientSession(477655671)--Thread(Thread[Test worker,5,main])--client released
[EL Finer]: connection: 2016-06-16 05:23:07.139--ServerSession(166674373)--Thread(Thread[Test worker,5,main])--client acquired: 1295455932
[EL Finer]: transaction: 2016-06-16 05:23:07.139--ClientSession(1295455932)--Thread(Thread[Test worker,5,main])--acquire unit of work: 1538635838
[EL Finest]: connection: 2016-06-16 05:23:07.139--ServerSession(166674373)--Connection(2001935739)--Thread(Thread[Test worker,5,main])--Connection acquired from connection pool [default].
[EL Finer]: transaction: 2016-06-16 05:23:07.139--ClientSession(1295455932)--Connection(2001935739)--Thread(Thread[Test worker,5,main])--begin transaction
[EL Finest]: connection: 2016-06-16 05:23:07.139--ClientSession(1295455932)--Thread(Thread[Test worker,5,main])--reconnecting to external connection pool
[EL Finer]: transaction: 2016-06-16 05:23:07.14--UnitOfWork(1538635838)--Thread(Thread[Test worker,5,main])--begin unit of work flush
[EL Finer]: transaction: 2016-06-16 05:23:07.14--UnitOfWork(1538635838)--Thread(Thread[Test worker,5,main])--end unit of work flush
[EL Finest]: query: 2016-06-16 05:23:07.14--UnitOfWork(1538635838)--Thread(Thread[Test worker,5,main])--Execute query ReadAllQuery(name="Address.findByStateId" referenceClass=Address sql="SELECT addressId, address1, address2, address3, addressLabel, addressTypeId, cityId, countryId, latitude, longitude, stateId, versionId, zipcode, createdBy, createdDate, updatedBy, updatedDate, activeStatus, txnAccessCode FROM ast_Address_T WHERE ((activeStatus = ?) AND (stateId = ?))")
[EL Fine]: sql: 2016-06-16 05:23:07.14--ClientSession(1295455932)--Connection(1427130829)--Thread(Thread[Test worker,5,main])--SELECT addressId, address1, address2, address3, addressLabel, addressTypeId, cityId, countryId, latitude, longitude, stateId, versionId, zipcode, createdBy, createdDate, updatedBy, updatedDate, activeStatus, txnAccessCode FROM ast_Address_T WHERE ((activeStatus = ?) AND (stateId = ?))
	bind => [1, B5B31B24-39D6-4B82-B091-6702647E345A]
[EL Finer]: transaction: 2016-06-16 05:23:07.142--UnitOfWork(1538635838)--Thread(Thread[Test worker,5,main])--begin unit of work commit
[EL Finer]: transaction: 2016-06-16 05:23:07.142--ClientSession(1295455932)--Connection(1427130829)--Thread(Thread[Test worker,5,main])--commit transaction
[EL Finest]: connection: 2016-06-16 05:23:07.142--ServerSession(166674373)--Connection(2001935739)--Thread(Thread[Test worker,5,main])--Connection released to connection pool [default].
[EL Finer]: transaction: 2016-06-16 05:23:07.142--UnitOfWork(1538635838)--Thread(Thread[Test worker,5,main])--end unit of work commit
[EL Finer]: transaction: 2016-06-16 05:23:07.142--UnitOfWork(1538635838)--Thread(Thread[Test worker,5,main])--resume unit of work
[EL Finer]: transaction: 2016-06-16 05:23:07.142--UnitOfWork(1538635838)--Thread(Thread[Test worker,5,main])--release unit of work
[EL Finer]: connection: 2016-06-16 05:23:07.143--ClientSession(1295455932)--Thread(Thread[Test worker,5,main])--client released
[EL Finer]: connection: 2016-06-16 05:23:07.171--ServerSession(166674373)--Thread(Thread[Test worker,5,main])--client acquired: 194901794
[EL Finer]: transaction: 2016-06-16 05:23:07.171--ClientSession(194901794)--Thread(Thread[Test worker,5,main])--acquire unit of work: 801890083
[EL Finest]: connection: 2016-06-16 05:23:07.171--ServerSession(166674373)--Connection(1906740056)--Thread(Thread[Test worker,5,main])--Connection acquired from connection pool [default].
[EL Finer]: transaction: 2016-06-16 05:23:07.171--ClientSession(194901794)--Connection(1906740056)--Thread(Thread[Test worker,5,main])--begin transaction
[EL Finest]: connection: 2016-06-16 05:23:07.171--ClientSession(194901794)--Thread(Thread[Test worker,5,main])--reconnecting to external connection pool
[EL Finest]: query: 2016-06-16 05:23:07.172--UnitOfWork(801890083)--Thread(Thread[Test worker,5,main])--Execute query ReadObjectQuery(name="readAddress" referenceClass=Address sql="SELECT addressId, address1, address2, address3, addressLabel, addressTypeId, cityId, countryId, latitude, longitude, stateId, versionId, zipcode, createdBy, createdDate, updatedBy, updatedDate, activeStatus, txnAccessCode FROM ast_Address_T WHERE (addressId = ?)")
[EL Fine]: sql: 2016-06-16 05:23:07.172--ClientSession(194901794)--Connection(1138632201)--Thread(Thread[Test worker,5,main])--SELECT addressId, address1, address2, address3, addressLabel, addressTypeId, cityId, countryId, latitude, longitude, stateId, versionId, zipcode, createdBy, createdDate, updatedBy, updatedDate, activeStatus, txnAccessCode FROM ast_Address_T WHERE (addressId = ?)
	bind => [F5155980-F55F-45CF-805F-B4EED9FBBB8D]
[EL Finest]: transaction: 2016-06-16 05:23:07.173--UnitOfWork(801890083)--Thread(Thread[Test worker,5,main])--remove() operation called on: m63g1y
[EL Finer]: transaction: 2016-06-16 05:23:07.174--UnitOfWork(801890083)--Thread(Thread[Test worker,5,main])--begin unit of work commit
[EL Finest]: query: 2016-06-16 05:23:07.174--UnitOfWork(801890083)--Thread(Thread[Test worker,5,main])--Execute query DoesExistQuery(referenceClass=Address )
[EL Finest]: query: 2016-06-16 05:23:07.174--UnitOfWork(801890083)--Thread(Thread[Test worker,5,main])--Execute query DeleteObjectQuery(m63g1y)
[EL Fine]: sql: 2016-06-16 05:23:07.174--ClientSession(194901794)--Connection(1138632201)--Thread(Thread[Test worker,5,main])--DELETE FROM ast_Address_T WHERE ((addressId = ?) AND (versionId = ?))
	bind => [F5155980-F55F-45CF-805F-B4EED9FBBB8D, 2]
[EL Finer]: transaction: 2016-06-16 05:23:07.175--ClientSession(194901794)--Connection(1138632201)--Thread(Thread[Test worker,5,main])--commit transaction
[EL Finest]: connection: 2016-06-16 05:23:07.398--ServerSession(166674373)--Connection(1906740056)--Thread(Thread[Test worker,5,main])--Connection released to connection pool [default].
[EL Finer]: transaction: 2016-06-16 05:23:07.398--UnitOfWork(801890083)--Thread(Thread[Test worker,5,main])--end unit of work commit
[EL Finer]: transaction: 2016-06-16 05:23:07.398--UnitOfWork(801890083)--Thread(Thread[Test worker,5,main])--resume unit of work
[EL Finer]: transaction: 2016-06-16 05:23:07.398--UnitOfWork(801890083)--Thread(Thread[Test worker,5,main])--release unit of work
[EL Finer]: connection: 2016-06-16 05:23:07.398--ClientSession(194901794)--Thread(Thread[Test worker,5,main])--client released
[EL Finer]: connection: 2016-06-16 05:23:07.398--ServerSession(166674373)--Thread(Thread[Test worker,5,main])--client acquired: 2144583592
[EL Finer]: transaction: 2016-06-16 05:23:07.399--ClientSession(2144583592)--Thread(Thread[Test worker,5,main])--acquire unit of work: 650899496
[EL Finest]: connection: 2016-06-16 05:23:07.399--ServerSession(166674373)--Connection(386131454)--Thread(Thread[Test worker,5,main])--Connection acquired from connection pool [default].
[EL Finer]: transaction: 2016-06-16 05:23:07.399--ClientSession(2144583592)--Connection(386131454)--Thread(Thread[Test worker,5,main])--begin transaction
[EL Finest]: connection: 2016-06-16 05:23:07.399--ClientSession(2144583592)--Thread(Thread[Test worker,5,main])--reconnecting to external connection pool
[EL Finest]: query: 2016-06-16 05:23:07.4--UnitOfWork(650899496)--Thread(Thread[Test worker,5,main])--Execute query ReadObjectQuery(name="readCity" referenceClass=City sql="SELECT cityId, cityCode, cityCodeChar2, cityDescription, cityFlag, cityLatitude, cityLongitude, cityName, countryId, stateId, versionId, createdBy, createdDate, updatedBy, updatedDate, activeStatus, txnAccessCode FROM ast_City_M WHERE (cityId = ?)")
[EL Fine]: sql: 2016-06-16 05:23:07.401--ClientSession(2144583592)--Connection(841093627)--Thread(Thread[Test worker,5,main])--SELECT cityId, cityCode, cityCodeChar2, cityDescription, cityFlag, cityLatitude, cityLongitude, cityName, countryId, stateId, versionId, createdBy, createdDate, updatedBy, updatedDate, activeStatus, txnAccessCode FROM ast_City_M WHERE (cityId = ?)
	bind => [056C1E9C-5793-40C6-811B-C20D13EB193C]
[EL Finest]: transaction: 2016-06-16 05:23:07.402--UnitOfWork(650899496)--Thread(Thread[Test worker,5,main])--remove() operation called on: BDXSQhyqReeEQx71Mkgj3adIeEoinpLGMll81jyKGc5CIkSdSZ,1N8LnDZk1SdvYDXrSDzPmxx6HVa8slZF,3
[EL Finer]: transaction: 2016-06-16 05:23:07.403--UnitOfWork(650899496)--Thread(Thread[Test worker,5,main])--begin unit of work commit
[EL Finest]: query: 2016-06-16 05:23:07.403--UnitOfWork(650899496)--Thread(Thread[Test worker,5,main])--Execute query DoesExistQuery(referenceClass=City )
[EL Finest]: query: 2016-06-16 05:23:07.403--UnitOfWork(650899496)--Thread(Thread[Test worker,5,main])--Execute query DeleteObjectQuery(BDXSQhyqReeEQx71Mkgj3adIeEoinpLGMll81jyKGc5CIkSdSZ,1N8LnDZk1SdvYDXrSDzPmxx6HVa8slZF,3)
[EL Fine]: sql: 2016-06-16 05:23:07.404--ClientSession(2144583592)--Connection(841093627)--Thread(Thread[Test worker,5,main])--DELETE FROM ast_City_M WHERE ((cityId = ?) AND (versionId = ?))
	bind => [056C1E9C-5793-40C6-811B-C20D13EB193C, 1]
[EL Finer]: transaction: 2016-06-16 05:23:07.405--ClientSession(2144583592)--Connection(841093627)--Thread(Thread[Test worker,5,main])--commit transaction
[EL Finest]: connection: 2016-06-16 05:23:07.622--ServerSession(166674373)--Connection(386131454)--Thread(Thread[Test worker,5,main])--Connection released to connection pool [default].
[EL Finer]: transaction: 2016-06-16 05:23:07.623--UnitOfWork(650899496)--Thread(Thread[Test worker,5,main])--end unit of work commit
[EL Finer]: transaction: 2016-06-16 05:23:07.623--UnitOfWork(650899496)--Thread(Thread[Test worker,5,main])--resume unit of work
[EL Finer]: transaction: 2016-06-16 05:23:07.623--UnitOfWork(650899496)--Thread(Thread[Test worker,5,main])--release unit of work
[EL Finer]: connection: 2016-06-16 05:23:07.623--ClientSession(2144583592)--Thread(Thread[Test worker,5,main])--client released
[EL Finer]: connection: 2016-06-16 05:23:07.623--ServerSession(166674373)--Thread(Thread[Test worker,5,main])--client acquired: 1874667052
[EL Finer]: transaction: 2016-06-16 05:23:07.623--ClientSession(1874667052)--Thread(Thread[Test worker,5,main])--acquire unit of work: 1796557827
[EL Finest]: connection: 2016-06-16 05:23:07.623--ServerSession(166674373)--Connection(1127321569)--Thread(Thread[Test worker,5,main])--Connection acquired from connection pool [default].
[EL Finer]: transaction: 2016-06-16 05:23:07.623--ClientSession(1874667052)--Connection(1127321569)--Thread(Thread[Test worker,5,main])--begin transaction
[EL Finest]: connection: 2016-06-16 05:23:07.623--ClientSession(1874667052)--Thread(Thread[Test worker,5,main])--reconnecting to external connection pool
[EL Finest]: query: 2016-06-16 05:23:07.624--UnitOfWork(1796557827)--Thread(Thread[Test worker,5,main])--Execute query ReadObjectQuery(name="readAddressType" referenceClass=AddressType sql="SELECT addressTypeId, addressType, addressTypeDesc, addressTypeIcon, versionId, createdBy, createdDate, updatedBy, updatedDate, activeStatus, txnAccessCode FROM ast_AddressType_M WHERE (addressTypeId = ?)")
[EL Fine]: sql: 2016-06-16 05:23:07.625--ClientSession(1874667052)--Connection(1529746586)--Thread(Thread[Test worker,5,main])--SELECT addressTypeId, addressType, addressTypeDesc, addressTypeIcon, versionId, createdBy, createdDate, updatedBy, updatedDate, activeStatus, txnAccessCode FROM ast_AddressType_M WHERE (addressTypeId = ?)
	bind => [45998C75-1100-4F0A-A0AE-19C8DDEEC276]
[EL Finest]: transaction: 2016-06-16 05:23:07.626--UnitOfWork(1796557827)--Thread(Thread[Test worker,5,main])--remove() operation called on: V1Ph8F9ZFGNEGR8w6y78oKqkEYTRctnG5mbgZnC4LI4yxnAg1d
[EL Finer]: transaction: 2016-06-16 05:23:07.626--UnitOfWork(1796557827)--Thread(Thread[Test worker,5,main])--begin unit of work commit
[EL Finest]: query: 2016-06-16 05:23:07.626--UnitOfWork(1796557827)--Thread(Thread[Test worker,5,main])--Execute query DoesExistQuery(referenceClass=AddressType )
[EL Finest]: query: 2016-06-16 05:23:07.626--UnitOfWork(1796557827)--Thread(Thread[Test worker,5,main])--Execute query DeleteObjectQuery(V1Ph8F9ZFGNEGR8w6y78oKqkEYTRctnG5mbgZnC4LI4yxnAg1d)
[EL Fine]: sql: 2016-06-16 05:23:07.627--ClientSession(1874667052)--Connection(1529746586)--Thread(Thread[Test worker,5,main])--DELETE FROM ast_AddressType_M WHERE ((addressTypeId = ?) AND (versionId = ?))
	bind => [45998C75-1100-4F0A-A0AE-19C8DDEEC276, 1]
[EL Finer]: transaction: 2016-06-16 05:23:07.628--ClientSession(1874667052)--Connection(1529746586)--Thread(Thread[Test worker,5,main])--commit transaction
[EL Finest]: connection: 2016-06-16 05:23:07.856--ServerSession(166674373)--Connection(1127321569)--Thread(Thread[Test worker,5,main])--Connection released to connection pool [default].
[EL Finer]: transaction: 2016-06-16 05:23:07.856--UnitOfWork(1796557827)--Thread(Thread[Test worker,5,main])--end unit of work commit
[EL Finer]: transaction: 2016-06-16 05:23:07.856--UnitOfWork(1796557827)--Thread(Thread[Test worker,5,main])--resume unit of work
[EL Finer]: transaction: 2016-06-16 05:23:07.856--UnitOfWork(1796557827)--Thread(Thread[Test worker,5,main])--release unit of work
[EL Finer]: connection: 2016-06-16 05:23:07.856--ClientSession(1874667052)--Thread(Thread[Test worker,5,main])--client released
[EL Finer]: connection: 2016-06-16 05:23:07.856--ServerSession(166674373)--Thread(Thread[Test worker,5,main])--client acquired: 643599865
[EL Finer]: transaction: 2016-06-16 05:23:07.856--ClientSession(643599865)--Thread(Thread[Test worker,5,main])--acquire unit of work: 107801116
[EL Finest]: connection: 2016-06-16 05:23:07.856--ServerSession(166674373)--Connection(1484642191)--Thread(Thread[Test worker,5,main])--Connection acquired from connection pool [default].
[EL Finer]: transaction: 2016-06-16 05:23:07.856--ClientSession(643599865)--Connection(1484642191)--Thread(Thread[Test worker,5,main])--begin transaction
[EL Finest]: connection: 2016-06-16 05:23:07.856--ClientSession(643599865)--Thread(Thread[Test worker,5,main])--reconnecting to external connection pool
[EL Finest]: query: 2016-06-16 05:23:07.857--UnitOfWork(107801116)--Thread(Thread[Test worker,5,main])--Execute query ReadObjectQuery(name="readState" referenceClass=State sql="SELECT stateId, countryId, stateCapital, stateCapitalLatitude, stateCapitalLongitude, stateCode, stateCodeChar2, stateCodeChar3, stateDescription, stateFlag, stateName, versionId, createdBy, createdDate, updatedBy, updatedDate, activeStatus, txnAccessCode FROM ast_State_M WHERE (stateId = ?)")
[EL Fine]: sql: 2016-06-16 05:23:07.857--ClientSession(643599865)--Connection(2122066356)--Thread(Thread[Test worker,5,main])--SELECT stateId, countryId, stateCapital, stateCapitalLatitude, stateCapitalLongitude, stateCode, stateCodeChar2, stateCodeChar3, stateDescription, stateFlag, stateName, versionId, createdBy, createdDate, updatedBy, updatedDate, activeStatus, txnAccessCode FROM ast_State_M WHERE (stateId = ?)
	bind => [B5B31B24-39D6-4B82-B091-6702647E345A]
[EL Finest]: transaction: 2016-06-16 05:23:07.858--UnitOfWork(107801116)--Thread(Thread[Test worker,5,main])--remove() operation called on: mkujz18uFsNw7awQtaAKfiargvCZzOaXOVAJ9ND2jX1PnP7TOC
[EL Finer]: transaction: 2016-06-16 05:23:07.859--UnitOfWork(107801116)--Thread(Thread[Test worker,5,main])--begin unit of work commit
[EL Finest]: query: 2016-06-16 05:23:07.859--UnitOfWork(107801116)--Thread(Thread[Test worker,5,main])--Execute query DoesExistQuery(referenceClass=State )
[EL Finest]: query: 2016-06-16 05:23:07.859--UnitOfWork(107801116)--Thread(Thread[Test worker,5,main])--Execute query DeleteObjectQuery(mkujz18uFsNw7awQtaAKfiargvCZzOaXOVAJ9ND2jX1PnP7TOC)
[EL Fine]: sql: 2016-06-16 05:23:07.859--ClientSession(643599865)--Connection(2122066356)--Thread(Thread[Test worker,5,main])--DELETE FROM ast_State_M WHERE ((stateId = ?) AND (versionId = ?))
	bind => [B5B31B24-39D6-4B82-B091-6702647E345A, 1]
[EL Finer]: transaction: 2016-06-16 05:23:07.86--ClientSession(643599865)--Connection(2122066356)--Thread(Thread[Test worker,5,main])--commit transaction
[EL Finest]: connection: 2016-06-16 05:23:08.197--ServerSession(166674373)--Connection(1484642191)--Thread(Thread[Test worker,5,main])--Connection released to connection pool [default].
[EL Finer]: transaction: 2016-06-16 05:23:08.197--UnitOfWork(107801116)--Thread(Thread[Test worker,5,main])--end unit of work commit
[EL Finer]: transaction: 2016-06-16 05:23:08.198--UnitOfWork(107801116)--Thread(Thread[Test worker,5,main])--resume unit of work
[EL Finer]: transaction: 2016-06-16 05:23:08.198--UnitOfWork(107801116)--Thread(Thread[Test worker,5,main])--release unit of work
[EL Finer]: connection: 2016-06-16 05:23:08.198--ClientSession(643599865)--Thread(Thread[Test worker,5,main])--client released
[EL Finer]: connection: 2016-06-16 05:23:08.198--ServerSession(166674373)--Thread(Thread[Test worker,5,main])--client acquired: 2119451011
[EL Finer]: transaction: 2016-06-16 05:23:08.198--ClientSession(2119451011)--Thread(Thread[Test worker,5,main])--acquire unit of work: 1301889088
[EL Finest]: connection: 2016-06-16 05:23:08.198--ServerSession(166674373)--Connection(139022733)--Thread(Thread[Test worker,5,main])--Connection acquired from connection pool [default].
[EL Finer]: transaction: 2016-06-16 05:23:08.198--ClientSession(2119451011)--Connection(139022733)--Thread(Thread[Test worker,5,main])--begin transaction
[EL Finest]: connection: 2016-06-16 05:23:08.198--ClientSession(2119451011)--Thread(Thread[Test worker,5,main])--reconnecting to external connection pool
[EL Finest]: query: 2016-06-16 05:23:08.199--UnitOfWork(1301889088)--Thread(Thread[Test worker,5,main])--Execute query ReadObjectQuery(name="readCountry" referenceClass=Country sql="SELECT countryId, capital, capitalLatitude, capitalLongitude, countryCode1, countryCode2, countryFlag, countryName, currencyCode, currencyName, currencySymbol, isoNumeric, versionId, createdBy, createdDate, updatedBy, updatedDate, activeStatus, txnAccessCode FROM ast_Country_M WHERE (countryId = ?)")
[EL Fine]: sql: 2016-06-16 05:23:08.199--ClientSession(2119451011)--Connection(1718927443)--Thread(Thread[Test worker,5,main])--SELECT countryId, capital, capitalLatitude, capitalLongitude, countryCode1, countryCode2, countryFlag, countryName, currencyCode, currencyName, currencySymbol, isoNumeric, versionId, createdBy, createdDate, updatedBy, updatedDate, activeStatus, txnAccessCode FROM ast_Country_M WHERE (countryId = ?)
	bind => [BC04D49F-DB22-4537-A209-C2D98854FCFB]
[EL Finest]: transaction: 2016-06-16 05:23:08.2--UnitOfWork(1301889088)--Thread(Thread[Test worker,5,main])--remove() operation called on: fEry4BUoCjm3AGy02KWFsIMJROkckC97Se7y43eEJi9zMOoDEP
[EL Finer]: transaction: 2016-06-16 05:23:08.201--UnitOfWork(1301889088)--Thread(Thread[Test worker,5,main])--begin unit of work commit
[EL Finest]: query: 2016-06-16 05:23:08.202--UnitOfWork(1301889088)--Thread(Thread[Test worker,5,main])--Execute query DoesExistQuery(referenceClass=Country )
[EL Finest]: query: 2016-06-16 05:23:08.202--UnitOfWork(1301889088)--Thread(Thread[Test worker,5,main])--Execute query DeleteObjectQuery(fEry4BUoCjm3AGy02KWFsIMJROkckC97Se7y43eEJi9zMOoDEP)
[EL Fine]: sql: 2016-06-16 05:23:08.202--ClientSession(2119451011)--Connection(1718927443)--Thread(Thread[Test worker,5,main])--DELETE FROM ast_Country_M WHERE ((countryId = ?) AND (versionId = ?))
	bind => [BC04D49F-DB22-4537-A209-C2D98854FCFB, 1]
[EL Finer]: transaction: 2016-06-16 05:23:08.203--ClientSession(2119451011)--Connection(1718927443)--Thread(Thread[Test worker,5,main])--commit transaction
[EL Finest]: connection: 2016-06-16 05:23:08.407--ServerSession(166674373)--Connection(139022733)--Thread(Thread[Test worker,5,main])--Connection released to connection pool [default].
[EL Finer]: transaction: 2016-06-16 05:23:08.407--UnitOfWork(1301889088)--Thread(Thread[Test worker,5,main])--end unit of work commit
[EL Finer]: transaction: 2016-06-16 05:23:08.407--UnitOfWork(1301889088)--Thread(Thread[Test worker,5,main])--resume unit of work
[EL Finer]: transaction: 2016-06-16 05:23:08.407--UnitOfWork(1301889088)--Thread(Thread[Test worker,5,main])--release unit of work
[EL Finer]: connection: 2016-06-16 05:23:08.407--ClientSession(2119451011)--Thread(Thread[Test worker,5,main])--client released
]]></system-out>
  <system-err><![CDATA[Address.addressLabel size must be between 0 and 11
java.lang.SecurityException: Address.addressLabel size must be between 0 and 11
	at com.athena.server.pluggable.utils.helper.EntityValidatorHelper.validateEntity(EntityValidatorHelper.java:37)
	at com.sales.app.shared.organization.locationmanagement.Address.isValid(Address.java:263)
	at com.sales.app.server.service.organization.locationmanagement.AddressTestCase.validateAddress(AddressTestCase.java:332)
	at com.sales.app.server.service.organization.locationmanagement.AddressTestCase.test5NegativeTesting(AddressTestCase.java:370)
	at sun.reflect.NativeMethodAccessorImpl.invoke0(Native Method)
	at sun.reflect.NativeMethodAccessorImpl.invoke(NativeMethodAccessorImpl.java:57)
	at sun.reflect.DelegatingMethodAccessorImpl.invoke(DelegatingMethodAccessorImpl.java:43)
	at java.lang.reflect.Method.invoke(Method.java:606)
	at org.junit.runners.model.FrameworkMethod$1.runReflectiveCall(FrameworkMethod.java:47)
	at org.junit.internal.runners.model.ReflectiveCallable.run(ReflectiveCallable.java:12)
	at org.junit.runners.model.FrameworkMethod.invokeExplosively(FrameworkMethod.java:44)
	at org.junit.internal.runners.statements.InvokeMethod.evaluate(InvokeMethod.java:17)
	at org.junit.internal.runners.statements.RunBefores.evaluate(RunBefores.java:26)
	at org.springframework.test.context.junit4.statements.RunBeforeTestMethodCallbacks.evaluate(RunBeforeTestMethodCallbacks.java:74)
	at org.junit.internal.runners.statements.RunAfters.evaluate(RunAfters.java:27)
	at org.springframework.test.context.junit4.statements.RunAfterTestMethodCallbacks.evaluate(RunAfterTestMethodCallbacks.java:83)
	at org.springframework.test.context.junit4.statements.SpringRepeat.evaluate(SpringRepeat.java:72)
	at org.springframework.test.context.junit4.SpringJUnit4ClassRunner.runChild(SpringJUnit4ClassRunner.java:233)
	at org.springframework.test.context.junit4.SpringJUnit4ClassRunner.runChild(SpringJUnit4ClassRunner.java:87)
	at org.junit.runners.ParentRunner$3.run(ParentRunner.java:238)
	at org.junit.runners.ParentRunner$1.schedule(ParentRunner.java:63)
	at org.junit.runners.ParentRunner.runChildren(ParentRunner.java:236)
	at org.junit.runners.ParentRunner.access$000(ParentRunner.java:53)
	at org.junit.runners.ParentRunner$2.evaluate(ParentRunner.java:229)
	at org.junit.internal.runners.statements.RunBefores.evaluate(RunBefores.java:26)
	at org.springframework.test.context.junit4.statements.RunBeforeTestClassCallbacks.evaluate(RunBeforeTestClassCallbacks.java:61)
	at org.springframework.test.context.junit4.statements.RunAfterTestClassCallbacks.evaluate(RunAfterTestClassCallbacks.java:71)
	at org.junit.runners.ParentRunner.run(ParentRunner.java:309)
	at org.springframework.test.context.junit4.SpringJUnit4ClassRunner.run(SpringJUnit4ClassRunner.java:176)
	at org.gradle.api.internal.tasks.testing.junit.JUnitTestClassExecuter.runTestClass(JUnitTestClassExecuter.java:86)
	at org.gradle.api.internal.tasks.testing.junit.JUnitTestClassExecuter.execute(JUnitTestClassExecuter.java:49)
	at org.gradle.api.internal.tasks.testing.junit.JUnitTestClassProcessor.processTestClass(JUnitTestClassProcessor.java:64)
	at org.gradle.api.internal.tasks.testing.SuiteTestClassProcessor.processTestClass(SuiteTestClassProcessor.java:50)
	at sun.reflect.GeneratedMethodAccessor107.invoke(Unknown Source)
	at sun.reflect.DelegatingMethodAccessorImpl.invoke(DelegatingMethodAccessorImpl.java:43)
	at java.lang.reflect.Method.invoke(Method.java:606)
	at org.gradle.messaging.dispatch.ReflectionDispatch.dispatch(ReflectionDispatch.java:35)
	at org.gradle.messaging.dispatch.ReflectionDispatch.dispatch(ReflectionDispatch.java:24)
	at org.gradle.messaging.dispatch.ContextClassLoaderDispatch.dispatch(ContextClassLoaderDispatch.java:32)
	at org.gradle.messaging.dispatch.ProxyDispatchAdapter$DispatchingInvocationHandler.invoke(ProxyDispatchAdapter.java:93)
	at com.sun.proxy.$Proxy2.processTestClass(Unknown Source)
	at org.gradle.api.internal.tasks.testing.worker.TestWorker.processTestClass(TestWorker.java:106)
	at sun.reflect.GeneratedMethodAccessor106.invoke(Unknown Source)
	at sun.reflect.DelegatingMethodAccessorImpl.invoke(DelegatingMethodAccessorImpl.java:43)
	at java.lang.reflect.Method.invoke(Method.java:606)
	at org.gradle.messaging.dispatch.ReflectionDispatch.dispatch(ReflectionDispatch.java:35)
	at org.gradle.messaging.dispatch.ReflectionDispatch.dispatch(ReflectionDispatch.java:24)
	at org.gradle.messaging.remote.internal.hub.MessageHub$Handler.run(MessageHub.java:360)
	at org.gradle.internal.concurrent.DefaultExecutorFactory$StoppableExecutorImpl$1.run(DefaultExecutorFactory.java:64)
	at java.util.concurrent.ThreadPoolExecutor.runWorker(ThreadPoolExecutor.java:1145)
	at java.util.concurrent.ThreadPoolExecutor$Worker.run(ThreadPoolExecutor.java:615)
	at java.lang.Thread.run(Thread.java:745)
Address.address1 size must be between 0 and 56
java.lang.SecurityException: Address.address1 size must be between 0 and 56
	at com.athena.server.pluggable.utils.helper.EntityValidatorHelper.validateEntity(EntityValidatorHelper.java:37)
	at com.sales.app.shared.organization.locationmanagement.Address.isValid(Address.java:263)
	at com.sales.app.server.service.organization.locationmanagement.AddressTestCase.validateAddress(AddressTestCase.java:332)
	at com.sales.app.server.service.organization.locationmanagement.AddressTestCase.test5NegativeTesting(AddressTestCase.java:375)
	at sun.reflect.NativeMethodAccessorImpl.invoke0(Native Method)
	at sun.reflect.NativeMethodAccessorImpl.invoke(NativeMethodAccessorImpl.java:57)
	at sun.reflect.DelegatingMethodAccessorImpl.invoke(DelegatingMethodAccessorImpl.java:43)
	at java.lang.reflect.Method.invoke(Method.java:606)
	at org.junit.runners.model.FrameworkMethod$1.runReflectiveCall(FrameworkMethod.java:47)
	at org.junit.internal.runners.model.ReflectiveCallable.run(ReflectiveCallable.java:12)
	at org.junit.runners.model.FrameworkMethod.invokeExplosively(FrameworkMethod.java:44)
	at org.junit.internal.runners.statements.InvokeMethod.evaluate(InvokeMethod.java:17)
	at org.junit.internal.runners.statements.RunBefores.evaluate(RunBefores.java:26)
	at org.springframework.test.context.junit4.statements.RunBeforeTestMethodCallbacks.evaluate(RunBeforeTestMethodCallbacks.java:74)
	at org.junit.internal.runners.statements.RunAfters.evaluate(RunAfters.java:27)
	at org.springframework.test.context.junit4.statements.RunAfterTestMethodCallbacks.evaluate(RunAfterTestMethodCallbacks.java:83)
	at org.springframework.test.context.junit4.statements.SpringRepeat.evaluate(SpringRepeat.java:72)
	at org.springframework.test.context.junit4.SpringJUnit4ClassRunner.runChild(SpringJUnit4ClassRunner.java:233)
	at org.springframework.test.context.junit4.SpringJUnit4ClassRunner.runChild(SpringJUnit4ClassRunner.java:87)
	at org.junit.runners.ParentRunner$3.run(ParentRunner.java:238)
	at org.junit.runners.ParentRunner$1.schedule(ParentRunner.java:63)
	at org.junit.runners.ParentRunner.runChildren(ParentRunner.java:236)
	at org.junit.runners.ParentRunner.access$000(ParentRunner.java:53)
	at org.junit.runners.ParentRunner$2.evaluate(ParentRunner.java:229)
	at org.junit.internal.runners.statements.RunBefores.evaluate(RunBefores.java:26)
	at org.springframework.test.context.junit4.statements.RunBeforeTestClassCallbacks.evaluate(RunBeforeTestClassCallbacks.java:61)
	at org.springframework.test.context.junit4.statements.RunAfterTestClassCallbacks.evaluate(RunAfterTestClassCallbacks.java:71)
	at org.junit.runners.ParentRunner.run(ParentRunner.java:309)
	at org.springframework.test.context.junit4.SpringJUnit4ClassRunner.run(SpringJUnit4ClassRunner.java:176)
	at org.gradle.api.internal.tasks.testing.junit.JUnitTestClassExecuter.runTestClass(JUnitTestClassExecuter.java:86)
	at org.gradle.api.internal.tasks.testing.junit.JUnitTestClassExecuter.execute(JUnitTestClassExecuter.java:49)
	at org.gradle.api.internal.tasks.testing.junit.JUnitTestClassProcessor.processTestClass(JUnitTestClassProcessor.java:64)
	at org.gradle.api.internal.tasks.testing.SuiteTestClassProcessor.processTestClass(SuiteTestClassProcessor.java:50)
	at sun.reflect.GeneratedMethodAccessor107.invoke(Unknown Source)
	at sun.reflect.DelegatingMethodAccessorImpl.invoke(DelegatingMethodAccessorImpl.java:43)
	at java.lang.reflect.Method.invoke(Method.java:606)
	at org.gradle.messaging.dispatch.ReflectionDispatch.dispatch(ReflectionDispatch.java:35)
	at org.gradle.messaging.dispatch.ReflectionDispatch.dispatch(ReflectionDispatch.java:24)
	at org.gradle.messaging.dispatch.ContextClassLoaderDispatch.dispatch(ContextClassLoaderDispatch.java:32)
	at org.gradle.messaging.dispatch.ProxyDispatchAdapter$DispatchingInvocationHandler.invoke(ProxyDispatchAdapter.java:93)
	at com.sun.proxy.$Proxy2.processTestClass(Unknown Source)
	at org.gradle.api.internal.tasks.testing.worker.TestWorker.processTestClass(TestWorker.java:106)
	at sun.reflect.GeneratedMethodAccessor106.invoke(Unknown Source)
	at sun.reflect.DelegatingMethodAccessorImpl.invoke(DelegatingMethodAccessorImpl.java:43)
	at java.lang.reflect.Method.invoke(Method.java:606)
	at org.gradle.messaging.dispatch.ReflectionDispatch.dispatch(ReflectionDispatch.java:35)
	at org.gradle.messaging.dispatch.ReflectionDispatch.dispatch(ReflectionDispatch.java:24)
	at org.gradle.messaging.remote.internal.hub.MessageHub$Handler.run(MessageHub.java:360)
	at org.gradle.internal.concurrent.DefaultExecutorFactory$StoppableExecutorImpl$1.run(DefaultExecutorFactory.java:64)
	at java.util.concurrent.ThreadPoolExecutor.runWorker(ThreadPoolExecutor.java:1145)
	at java.util.concurrent.ThreadPoolExecutor$Worker.run(ThreadPoolExecutor.java:615)
	at java.lang.Thread.run(Thread.java:745)
Address.address2 size must be between 0 and 56
java.lang.SecurityException: Address.address2 size must be between 0 and 56
	at com.athena.server.pluggable.utils.helper.EntityValidatorHelper.validateEntity(EntityValidatorHelper.java:37)
	at com.sales.app.shared.organization.locationmanagement.Address.isValid(Address.java:263)
	at com.sales.app.server.service.organization.locationmanagement.AddressTestCase.validateAddress(AddressTestCase.java:332)
	at com.sales.app.server.service.organization.locationmanagement.AddressTestCase.test5NegativeTesting(AddressTestCase.java:380)
	at sun.reflect.NativeMethodAccessorImpl.invoke0(Native Method)
	at sun.reflect.NativeMethodAccessorImpl.invoke(NativeMethodAccessorImpl.java:57)
	at sun.reflect.DelegatingMethodAccessorImpl.invoke(DelegatingMethodAccessorImpl.java:43)
	at java.lang.reflect.Method.invoke(Method.java:606)
	at org.junit.runners.model.FrameworkMethod$1.runReflectiveCall(FrameworkMethod.java:47)
	at org.junit.internal.runners.model.ReflectiveCallable.run(ReflectiveCallable.java:12)
	at org.junit.runners.model.FrameworkMethod.invokeExplosively(FrameworkMethod.java:44)
	at org.junit.internal.runners.statements.InvokeMethod.evaluate(InvokeMethod.java:17)
	at org.junit.internal.runners.statements.RunBefores.evaluate(RunBefores.java:26)
	at org.springframework.test.context.junit4.statements.RunBeforeTestMethodCallbacks.evaluate(RunBeforeTestMethodCallbacks.java:74)
	at org.junit.internal.runners.statements.RunAfters.evaluate(RunAfters.java:27)
	at org.springframework.test.context.junit4.statements.RunAfterTestMethodCallbacks.evaluate(RunAfterTestMethodCallbacks.java:83)
	at org.springframework.test.context.junit4.statements.SpringRepeat.evaluate(SpringRepeat.java:72)
	at org.springframework.test.context.junit4.SpringJUnit4ClassRunner.runChild(SpringJUnit4ClassRunner.java:233)
	at org.springframework.test.context.junit4.SpringJUnit4ClassRunner.runChild(SpringJUnit4ClassRunner.java:87)
	at org.junit.runners.ParentRunner$3.run(ParentRunner.java:238)
	at org.junit.runners.ParentRunner$1.schedule(ParentRunner.java:63)
	at org.junit.runners.ParentRunner.runChildren(ParentRunner.java:236)
	at org.junit.runners.ParentRunner.access$000(ParentRunner.java:53)
	at org.junit.runners.ParentRunner$2.evaluate(ParentRunner.java:229)
	at org.junit.internal.runners.statements.RunBefores.evaluate(RunBefores.java:26)
	at org.springframework.test.context.junit4.statements.RunBeforeTestClassCallbacks.evaluate(RunBeforeTestClassCallbacks.java:61)
	at org.springframework.test.context.junit4.statements.RunAfterTestClassCallbacks.evaluate(RunAfterTestClassCallbacks.java:71)
	at org.junit.runners.ParentRunner.run(ParentRunner.java:309)
	at org.springframework.test.context.junit4.SpringJUnit4ClassRunner.run(SpringJUnit4ClassRunner.java:176)
	at org.gradle.api.internal.tasks.testing.junit.JUnitTestClassExecuter.runTestClass(JUnitTestClassExecuter.java:86)
	at org.gradle.api.internal.tasks.testing.junit.JUnitTestClassExecuter.execute(JUnitTestClassExecuter.java:49)
	at org.gradle.api.internal.tasks.testing.junit.JUnitTestClassProcessor.processTestClass(JUnitTestClassProcessor.java:64)
	at org.gradle.api.internal.tasks.testing.SuiteTestClassProcessor.processTestClass(SuiteTestClassProcessor.java:50)
	at sun.reflect.GeneratedMethodAccessor107.invoke(Unknown Source)
	at sun.reflect.DelegatingMethodAccessorImpl.invoke(DelegatingMethodAccessorImpl.java:43)
	at java.lang.reflect.Method.invoke(Method.java:606)
	at org.gradle.messaging.dispatch.ReflectionDispatch.dispatch(ReflectionDispatch.java:35)
	at org.gradle.messaging.dispatch.ReflectionDispatch.dispatch(ReflectionDispatch.java:24)
	at org.gradle.messaging.dispatch.ContextClassLoaderDispatch.dispatch(ContextClassLoaderDispatch.java:32)
	at org.gradle.messaging.dispatch.ProxyDispatchAdapter$DispatchingInvocationHandler.invoke(ProxyDispatchAdapter.java:93)
	at com.sun.proxy.$Proxy2.processTestClass(Unknown Source)
	at org.gradle.api.internal.tasks.testing.worker.TestWorker.processTestClass(TestWorker.java:106)
	at sun.reflect.GeneratedMethodAccessor106.invoke(Unknown Source)
	at sun.reflect.DelegatingMethodAccessorImpl.invoke(DelegatingMethodAccessorImpl.java:43)
	at java.lang.reflect.Method.invoke(Method.java:606)
	at org.gradle.messaging.dispatch.ReflectionDispatch.dispatch(ReflectionDispatch.java:35)
	at org.gradle.messaging.dispatch.ReflectionDispatch.dispatch(ReflectionDispatch.java:24)
	at org.gradle.messaging.remote.internal.hub.MessageHub$Handler.run(MessageHub.java:360)
	at org.gradle.internal.concurrent.DefaultExecutorFactory$StoppableExecutorImpl$1.run(DefaultExecutorFactory.java:64)
	at java.util.concurrent.ThreadPoolExecutor.runWorker(ThreadPoolExecutor.java:1145)
	at java.util.concurrent.ThreadPoolExecutor$Worker.run(ThreadPoolExecutor.java:615)
	at java.lang.Thread.run(Thread.java:745)
Address.address3 size must be between 0 and 56
java.lang.SecurityException: Address.address3 size must be between 0 and 56
	at com.athena.server.pluggable.utils.helper.EntityValidatorHelper.validateEntity(EntityValidatorHelper.java:37)
	at com.sales.app.shared.organization.locationmanagement.Address.isValid(Address.java:263)
	at com.sales.app.server.service.organization.locationmanagement.AddressTestCase.validateAddress(AddressTestCase.java:332)
	at com.sales.app.server.service.organization.locationmanagement.AddressTestCase.test5NegativeTesting(AddressTestCase.java:385)
	at sun.reflect.NativeMethodAccessorImpl.invoke0(Native Method)
	at sun.reflect.NativeMethodAccessorImpl.invoke(NativeMethodAccessorImpl.java:57)
	at sun.reflect.DelegatingMethodAccessorImpl.invoke(DelegatingMethodAccessorImpl.java:43)
	at java.lang.reflect.Method.invoke(Method.java:606)
	at org.junit.runners.model.FrameworkMethod$1.runReflectiveCall(FrameworkMethod.java:47)
	at org.junit.internal.runners.model.ReflectiveCallable.run(ReflectiveCallable.java:12)
	at org.junit.runners.model.FrameworkMethod.invokeExplosively(FrameworkMethod.java:44)
	at org.junit.internal.runners.statements.InvokeMethod.evaluate(InvokeMethod.java:17)
	at org.junit.internal.runners.statements.RunBefores.evaluate(RunBefores.java:26)
	at org.springframework.test.context.junit4.statements.RunBeforeTestMethodCallbacks.evaluate(RunBeforeTestMethodCallbacks.java:74)
	at org.junit.internal.runners.statements.RunAfters.evaluate(RunAfters.java:27)
	at org.springframework.test.context.junit4.statements.RunAfterTestMethodCallbacks.evaluate(RunAfterTestMethodCallbacks.java:83)
	at org.springframework.test.context.junit4.statements.SpringRepeat.evaluate(SpringRepeat.java:72)
	at org.springframework.test.context.junit4.SpringJUnit4ClassRunner.runChild(SpringJUnit4ClassRunner.java:233)
	at org.springframework.test.context.junit4.SpringJUnit4ClassRunner.runChild(SpringJUnit4ClassRunner.java:87)
	at org.junit.runners.ParentRunner$3.run(ParentRunner.java:238)
	at org.junit.runners.ParentRunner$1.schedule(ParentRunner.java:63)
	at org.junit.runners.ParentRunner.runChildren(ParentRunner.java:236)
	at org.junit.runners.ParentRunner.access$000(ParentRunner.java:53)
	at org.junit.runners.ParentRunner$2.evaluate(ParentRunner.java:229)
	at org.junit.internal.runners.statements.RunBefores.evaluate(RunBefores.java:26)
	at org.springframework.test.context.junit4.statements.RunBeforeTestClassCallbacks.evaluate(RunBeforeTestClassCallbacks.java:61)
	at org.springframework.test.context.junit4.statements.RunAfterTestClassCallbacks.evaluate(RunAfterTestClassCallbacks.java:71)
	at org.junit.runners.ParentRunner.run(ParentRunner.java:309)
	at org.springframework.test.context.junit4.SpringJUnit4ClassRunner.run(SpringJUnit4ClassRunner.java:176)
	at org.gradle.api.internal.tasks.testing.junit.JUnitTestClassExecuter.runTestClass(JUnitTestClassExecuter.java:86)
	at org.gradle.api.internal.tasks.testing.junit.JUnitTestClassExecuter.execute(JUnitTestClassExecuter.java:49)
	at org.gradle.api.internal.tasks.testing.junit.JUnitTestClassProcessor.processTestClass(JUnitTestClassProcessor.java:64)
	at org.gradle.api.internal.tasks.testing.SuiteTestClassProcessor.processTestClass(SuiteTestClassProcessor.java:50)
	at sun.reflect.GeneratedMethodAccessor107.invoke(Unknown Source)
	at sun.reflect.DelegatingMethodAccessorImpl.invoke(DelegatingMethodAccessorImpl.java:43)
	at java.lang.reflect.Method.invoke(Method.java:606)
	at org.gradle.messaging.dispatch.ReflectionDispatch.dispatch(ReflectionDispatch.java:35)
	at org.gradle.messaging.dispatch.ReflectionDispatch.dispatch(ReflectionDispatch.java:24)
	at org.gradle.messaging.dispatch.ContextClassLoaderDispatch.dispatch(ContextClassLoaderDispatch.java:32)
	at org.gradle.messaging.dispatch.ProxyDispatchAdapter$DispatchingInvocationHandler.invoke(ProxyDispatchAdapter.java:93)
	at com.sun.proxy.$Proxy2.processTestClass(Unknown Source)
	at org.gradle.api.internal.tasks.testing.worker.TestWorker.processTestClass(TestWorker.java:106)
	at sun.reflect.GeneratedMethodAccessor106.invoke(Unknown Source)
	at sun.reflect.DelegatingMethodAccessorImpl.invoke(DelegatingMethodAccessorImpl.java:43)
	at java.lang.reflect.Method.invoke(Method.java:606)
	at org.gradle.messaging.dispatch.ReflectionDispatch.dispatch(ReflectionDispatch.java:35)
	at org.gradle.messaging.dispatch.ReflectionDispatch.dispatch(ReflectionDispatch.java:24)
	at org.gradle.messaging.remote.internal.hub.MessageHub$Handler.run(MessageHub.java:360)
	at org.gradle.internal.concurrent.DefaultExecutorFactory$StoppableExecutorImpl$1.run(DefaultExecutorFactory.java:64)
	at java.util.concurrent.ThreadPoolExecutor.runWorker(ThreadPoolExecutor.java:1145)
	at java.util.concurrent.ThreadPoolExecutor$Worker.run(ThreadPoolExecutor.java:615)
	at java.lang.Thread.run(Thread.java:745)
Address.zipcode may not be null
java.lang.SecurityException: Address.zipcode may not be null
	at com.athena.server.pluggable.utils.helper.EntityValidatorHelper.validateEntity(EntityValidatorHelper.java:37)
	at com.sales.app.shared.organization.locationmanagement.Address.isValid(Address.java:263)
	at com.sales.app.server.service.organization.locationmanagement.AddressTestCase.validateAddress(AddressTestCase.java:334)
	at com.sales.app.server.service.organization.locationmanagement.AddressTestCase.test5NegativeTesting(AddressTestCase.java:391)
	at sun.reflect.NativeMethodAccessorImpl.invoke0(Native Method)
	at sun.reflect.NativeMethodAccessorImpl.invoke(NativeMethodAccessorImpl.java:57)
	at sun.reflect.DelegatingMethodAccessorImpl.invoke(DelegatingMethodAccessorImpl.java:43)
	at java.lang.reflect.Method.invoke(Method.java:606)
	at org.junit.runners.model.FrameworkMethod$1.runReflectiveCall(FrameworkMethod.java:47)
	at org.junit.internal.runners.model.ReflectiveCallable.run(ReflectiveCallable.java:12)
	at org.junit.runners.model.FrameworkMethod.invokeExplosively(FrameworkMethod.java:44)
	at org.junit.internal.runners.statements.InvokeMethod.evaluate(InvokeMethod.java:17)
	at org.junit.internal.runners.statements.RunBefores.evaluate(RunBefores.java:26)
	at org.springframework.test.context.junit4.statements.RunBeforeTestMethodCallbacks.evaluate(RunBeforeTestMethodCallbacks.java:74)
	at org.junit.internal.runners.statements.RunAfters.evaluate(RunAfters.java:27)
	at org.springframework.test.context.junit4.statements.RunAfterTestMethodCallbacks.evaluate(RunAfterTestMethodCallbacks.java:83)
	at org.springframework.test.context.junit4.statements.SpringRepeat.evaluate(SpringRepeat.java:72)
	at org.springframework.test.context.junit4.SpringJUnit4ClassRunner.runChild(SpringJUnit4ClassRunner.java:233)
	at org.springframework.test.context.junit4.SpringJUnit4ClassRunner.runChild(SpringJUnit4ClassRunner.java:87)
	at org.junit.runners.ParentRunner$3.run(ParentRunner.java:238)
	at org.junit.runners.ParentRunner$1.schedule(ParentRunner.java:63)
	at org.junit.runners.ParentRunner.runChildren(ParentRunner.java:236)
	at org.junit.runners.ParentRunner.access$000(ParentRunner.java:53)
	at org.junit.runners.ParentRunner$2.evaluate(ParentRunner.java:229)
	at org.junit.internal.runners.statements.RunBefores.evaluate(RunBefores.java:26)
	at org.springframework.test.context.junit4.statements.RunBeforeTestClassCallbacks.evaluate(RunBeforeTestClassCallbacks.java:61)
	at org.springframework.test.context.junit4.statements.RunAfterTestClassCallbacks.evaluate(RunAfterTestClassCallbacks.java:71)
	at org.junit.runners.ParentRunner.run(ParentRunner.java:309)
	at org.springframework.test.context.junit4.SpringJUnit4ClassRunner.run(SpringJUnit4ClassRunner.java:176)
	at org.gradle.api.internal.tasks.testing.junit.JUnitTestClassExecuter.runTestClass(JUnitTestClassExecuter.java:86)
	at org.gradle.api.internal.tasks.testing.junit.JUnitTestClassExecuter.execute(JUnitTestClassExecuter.java:49)
	at org.gradle.api.internal.tasks.testing.junit.JUnitTestClassProcessor.processTestClass(JUnitTestClassProcessor.java:64)
	at org.gradle.api.internal.tasks.testing.SuiteTestClassProcessor.processTestClass(SuiteTestClassProcessor.java:50)
	at sun.reflect.GeneratedMethodAccessor107.invoke(Unknown Source)
	at sun.reflect.DelegatingMethodAccessorImpl.invoke(DelegatingMethodAccessorImpl.java:43)
	at java.lang.reflect.Method.invoke(Method.java:606)
	at org.gradle.messaging.dispatch.ReflectionDispatch.dispatch(ReflectionDispatch.java:35)
	at org.gradle.messaging.dispatch.ReflectionDispatch.dispatch(ReflectionDispatch.java:24)
	at org.gradle.messaging.dispatch.ContextClassLoaderDispatch.dispatch(ContextClassLoaderDispatch.java:32)
	at org.gradle.messaging.dispatch.ProxyDispatchAdapter$DispatchingInvocationHandler.invoke(ProxyDispatchAdapter.java:93)
	at com.sun.proxy.$Proxy2.processTestClass(Unknown Source)
	at org.gradle.api.internal.tasks.testing.worker.TestWorker.processTestClass(TestWorker.java:106)
	at sun.reflect.GeneratedMethodAccessor106.invoke(Unknown Source)
	at sun.reflect.DelegatingMethodAccessorImpl.invoke(DelegatingMethodAccessorImpl.java:43)
	at java.lang.reflect.Method.invoke(Method.java:606)
	at org.gradle.messaging.dispatch.ReflectionDispatch.dispatch(ReflectionDispatch.java:35)
	at org.gradle.messaging.dispatch.ReflectionDispatch.dispatch(ReflectionDispatch.java:24)
	at org.gradle.messaging.remote.internal.hub.MessageHub$Handler.run(MessageHub.java:360)
	at org.gradle.internal.concurrent.DefaultExecutorFactory$StoppableExecutorImpl$1.run(DefaultExecutorFactory.java:64)
	at java.util.concurrent.ThreadPoolExecutor.runWorker(ThreadPoolExecutor.java:1145)
	at java.util.concurrent.ThreadPoolExecutor$Worker.run(ThreadPoolExecutor.java:615)
	at java.lang.Thread.run(Thread.java:745)
Address.zipcode size must be between 0 and 6
java.lang.SecurityException: Address.zipcode size must be between 0 and 6
	at com.athena.server.pluggable.utils.helper.EntityValidatorHelper.validateEntity(EntityValidatorHelper.java:37)
	at com.sales.app.shared.organization.locationmanagement.Address.isValid(Address.java:263)
	at com.sales.app.server.service.organization.locationmanagement.AddressTestCase.validateAddress(AddressTestCase.java:332)
	at com.sales.app.server.service.organization.locationmanagement.AddressTestCase.test5NegativeTesting(AddressTestCase.java:396)
	at sun.reflect.NativeMethodAccessorImpl.invoke0(Native Method)
	at sun.reflect.NativeMethodAccessorImpl.invoke(NativeMethodAccessorImpl.java:57)
	at sun.reflect.DelegatingMethodAccessorImpl.invoke(DelegatingMethodAccessorImpl.java:43)
	at java.lang.reflect.Method.invoke(Method.java:606)
	at org.junit.runners.model.FrameworkMethod$1.runReflectiveCall(FrameworkMethod.java:47)
	at org.junit.internal.runners.model.ReflectiveCallable.run(ReflectiveCallable.java:12)
	at org.junit.runners.model.FrameworkMethod.invokeExplosively(FrameworkMethod.java:44)
	at org.junit.internal.runners.statements.InvokeMethod.evaluate(InvokeMethod.java:17)
	at org.junit.internal.runners.statements.RunBefores.evaluate(RunBefores.java:26)
	at org.springframework.test.context.junit4.statements.RunBeforeTestMethodCallbacks.evaluate(RunBeforeTestMethodCallbacks.java:74)
	at org.junit.internal.runners.statements.RunAfters.evaluate(RunAfters.java:27)
	at org.springframework.test.context.junit4.statements.RunAfterTestMethodCallbacks.evaluate(RunAfterTestMethodCallbacks.java:83)
	at org.springframework.test.context.junit4.statements.SpringRepeat.evaluate(SpringRepeat.java:72)
	at org.springframework.test.context.junit4.SpringJUnit4ClassRunner.runChild(SpringJUnit4ClassRunner.java:233)
	at org.springframework.test.context.junit4.SpringJUnit4ClassRunner.runChild(SpringJUnit4ClassRunner.java:87)
	at org.junit.runners.ParentRunner$3.run(ParentRunner.java:238)
	at org.junit.runners.ParentRunner$1.schedule(ParentRunner.java:63)
	at org.junit.runners.ParentRunner.runChildren(ParentRunner.java:236)
	at org.junit.runners.ParentRunner.access$000(ParentRunner.java:53)
	at org.junit.runners.ParentRunner$2.evaluate(ParentRunner.java:229)
	at org.junit.internal.runners.statements.RunBefores.evaluate(RunBefores.java:26)
	at org.springframework.test.context.junit4.statements.RunBeforeTestClassCallbacks.evaluate(RunBeforeTestClassCallbacks.java:61)
	at org.springframework.test.context.junit4.statements.RunAfterTestClassCallbacks.evaluate(RunAfterTestClassCallbacks.java:71)
	at org.junit.runners.ParentRunner.run(ParentRunner.java:309)
	at org.springframework.test.context.junit4.SpringJUnit4ClassRunner.run(SpringJUnit4ClassRunner.java:176)
	at org.gradle.api.internal.tasks.testing.junit.JUnitTestClassExecuter.runTestClass(JUnitTestClassExecuter.java:86)
	at org.gradle.api.internal.tasks.testing.junit.JUnitTestClassExecuter.execute(JUnitTestClassExecuter.java:49)
	at org.gradle.api.internal.tasks.testing.junit.JUnitTestClassProcessor.processTestClass(JUnitTestClassProcessor.java:64)
	at org.gradle.api.internal.tasks.testing.SuiteTestClassProcessor.processTestClass(SuiteTestClassProcessor.java:50)
	at sun.reflect.GeneratedMethodAccessor107.invoke(Unknown Source)
	at sun.reflect.DelegatingMethodAccessorImpl.invoke(DelegatingMethodAccessorImpl.java:43)
	at java.lang.reflect.Method.invoke(Method.java:606)
	at org.gradle.messaging.dispatch.ReflectionDispatch.dispatch(ReflectionDispatch.java:35)
	at org.gradle.messaging.dispatch.ReflectionDispatch.dispatch(ReflectionDispatch.java:24)
	at org.gradle.messaging.dispatch.ContextClassLoaderDispatch.dispatch(ContextClassLoaderDispatch.java:32)
	at org.gradle.messaging.dispatch.ProxyDispatchAdapter$DispatchingInvocationHandler.invoke(ProxyDispatchAdapter.java:93)
	at com.sun.proxy.$Proxy2.processTestClass(Unknown Source)
	at org.gradle.api.internal.tasks.testing.worker.TestWorker.processTestClass(TestWorker.java:106)
	at sun.reflect.GeneratedMethodAccessor106.invoke(Unknown Source)
	at sun.reflect.DelegatingMethodAccessorImpl.invoke(DelegatingMethodAccessorImpl.java:43)
	at java.lang.reflect.Method.invoke(Method.java:606)
	at org.gradle.messaging.dispatch.ReflectionDispatch.dispatch(ReflectionDispatch.java:35)
	at org.gradle.messaging.dispatch.ReflectionDispatch.dispatch(ReflectionDispatch.java:24)
	at org.gradle.messaging.remote.internal.hub.MessageHub$Handler.run(MessageHub.java:360)
	at org.gradle.internal.concurrent.DefaultExecutorFactory$StoppableExecutorImpl$1.run(DefaultExecutorFactory.java:64)
	at java.util.concurrent.ThreadPoolExecutor.runWorker(ThreadPoolExecutor.java:1145)
	at java.util.concurrent.ThreadPoolExecutor$Worker.run(ThreadPoolExecutor.java:615)
	at java.lang.Thread.run(Thread.java:745)
Address.latitude size must be between 0 and 64
java.lang.SecurityException: Address.latitude size must be between 0 and 64
	at com.athena.server.pluggable.utils.helper.EntityValidatorHelper.validateEntity(EntityValidatorHelper.java:37)
	at com.sales.app.shared.organization.locationmanagement.Address.isValid(Address.java:263)
	at com.sales.app.server.service.organization.locationmanagement.AddressTestCase.validateAddress(AddressTestCase.java:332)
	at com.sales.app.server.service.organization.locationmanagement.AddressTestCase.test5NegativeTesting(AddressTestCase.java:401)
	at sun.reflect.NativeMethodAccessorImpl.invoke0(Native Method)
	at sun.reflect.NativeMethodAccessorImpl.invoke(NativeMethodAccessorImpl.java:57)
	at sun.reflect.DelegatingMethodAccessorImpl.invoke(DelegatingMethodAccessorImpl.java:43)
	at java.lang.reflect.Method.invoke(Method.java:606)
	at org.junit.runners.model.FrameworkMethod$1.runReflectiveCall(FrameworkMethod.java:47)
	at org.junit.internal.runners.model.ReflectiveCallable.run(ReflectiveCallable.java:12)
	at org.junit.runners.model.FrameworkMethod.invokeExplosively(FrameworkMethod.java:44)
	at org.junit.internal.runners.statements.InvokeMethod.evaluate(InvokeMethod.java:17)
	at org.junit.internal.runners.statements.RunBefores.evaluate(RunBefores.java:26)
	at org.springframework.test.context.junit4.statements.RunBeforeTestMethodCallbacks.evaluate(RunBeforeTestMethodCallbacks.java:74)
	at org.junit.internal.runners.statements.RunAfters.evaluate(RunAfters.java:27)
	at org.springframework.test.context.junit4.statements.RunAfterTestMethodCallbacks.evaluate(RunAfterTestMethodCallbacks.java:83)
	at org.springframework.test.context.junit4.statements.SpringRepeat.evaluate(SpringRepeat.java:72)
	at org.springframework.test.context.junit4.SpringJUnit4ClassRunner.runChild(SpringJUnit4ClassRunner.java:233)
	at org.springframework.test.context.junit4.SpringJUnit4ClassRunner.runChild(SpringJUnit4ClassRunner.java:87)
	at org.junit.runners.ParentRunner$3.run(ParentRunner.java:238)
	at org.junit.runners.ParentRunner$1.schedule(ParentRunner.java:63)
	at org.junit.runners.ParentRunner.runChildren(ParentRunner.java:236)
	at org.junit.runners.ParentRunner.access$000(ParentRunner.java:53)
	at org.junit.runners.ParentRunner$2.evaluate(ParentRunner.java:229)
	at org.junit.internal.runners.statements.RunBefores.evaluate(RunBefores.java:26)
	at org.springframework.test.context.junit4.statements.RunBeforeTestClassCallbacks.evaluate(RunBeforeTestClassCallbacks.java:61)
	at org.springframework.test.context.junit4.statements.RunAfterTestClassCallbacks.evaluate(RunAfterTestClassCallbacks.java:71)
	at org.junit.runners.ParentRunner.run(ParentRunner.java:309)
	at org.springframework.test.context.junit4.SpringJUnit4ClassRunner.run(SpringJUnit4ClassRunner.java:176)
	at org.gradle.api.internal.tasks.testing.junit.JUnitTestClassExecuter.runTestClass(JUnitTestClassExecuter.java:86)
	at org.gradle.api.internal.tasks.testing.junit.JUnitTestClassExecuter.execute(JUnitTestClassExecuter.java:49)
	at org.gradle.api.internal.tasks.testing.junit.JUnitTestClassProcessor.processTestClass(JUnitTestClassProcessor.java:64)
	at org.gradle.api.internal.tasks.testing.SuiteTestClassProcessor.processTestClass(SuiteTestClassProcessor.java:50)
	at sun.reflect.GeneratedMethodAccessor107.invoke(Unknown Source)
	at sun.reflect.DelegatingMethodAccessorImpl.invoke(DelegatingMethodAccessorImpl.java:43)
	at java.lang.reflect.Method.invoke(Method.java:606)
	at org.gradle.messaging.dispatch.ReflectionDispatch.dispatch(ReflectionDispatch.java:35)
	at org.gradle.messaging.dispatch.ReflectionDispatch.dispatch(ReflectionDispatch.java:24)
	at org.gradle.messaging.dispatch.ContextClassLoaderDispatch.dispatch(ContextClassLoaderDispatch.java:32)
	at org.gradle.messaging.dispatch.ProxyDispatchAdapter$DispatchingInvocationHandler.invoke(ProxyDispatchAdapter.java:93)
	at com.sun.proxy.$Proxy2.processTestClass(Unknown Source)
	at org.gradle.api.internal.tasks.testing.worker.TestWorker.processTestClass(TestWorker.java:106)
	at sun.reflect.GeneratedMethodAccessor106.invoke(Unknown Source)
	at sun.reflect.DelegatingMethodAccessorImpl.invoke(DelegatingMethodAccessorImpl.java:43)
	at java.lang.reflect.Method.invoke(Method.java:606)
	at org.gradle.messaging.dispatch.ReflectionDispatch.dispatch(ReflectionDispatch.java:35)
	at org.gradle.messaging.dispatch.ReflectionDispatch.dispatch(ReflectionDispatch.java:24)
	at org.gradle.messaging.remote.internal.hub.MessageHub$Handler.run(MessageHub.java:360)
	at org.gradle.internal.concurrent.DefaultExecutorFactory$StoppableExecutorImpl$1.run(DefaultExecutorFactory.java:64)
	at java.util.concurrent.ThreadPoolExecutor.runWorker(ThreadPoolExecutor.java:1145)
	at java.util.concurrent.ThreadPoolExecutor$Worker.run(ThreadPoolExecutor.java:615)
	at java.lang.Thread.run(Thread.java:745)
Address.longitude size must be between 0 and 64
java.lang.SecurityException: Address.longitude size must be between 0 and 64
	at com.athena.server.pluggable.utils.helper.EntityValidatorHelper.validateEntity(EntityValidatorHelper.java:37)
	at com.sales.app.shared.organization.locationmanagement.Address.isValid(Address.java:263)
	at com.sales.app.server.service.organization.locationmanagement.AddressTestCase.validateAddress(AddressTestCase.java:332)
	at com.sales.app.server.service.organization.locationmanagement.AddressTestCase.test5NegativeTesting(AddressTestCase.java:406)
	at sun.reflect.NativeMethodAccessorImpl.invoke0(Native Method)
	at sun.reflect.NativeMethodAccessorImpl.invoke(NativeMethodAccessorImpl.java:57)
	at sun.reflect.DelegatingMethodAccessorImpl.invoke(DelegatingMethodAccessorImpl.java:43)
	at java.lang.reflect.Method.invoke(Method.java:606)
	at org.junit.runners.model.FrameworkMethod$1.runReflectiveCall(FrameworkMethod.java:47)
	at org.junit.internal.runners.model.ReflectiveCallable.run(ReflectiveCallable.java:12)
	at org.junit.runners.model.FrameworkMethod.invokeExplosively(FrameworkMethod.java:44)
	at org.junit.internal.runners.statements.InvokeMethod.evaluate(InvokeMethod.java:17)
	at org.junit.internal.runners.statements.RunBefores.evaluate(RunBefores.java:26)
	at org.springframework.test.context.junit4.statements.RunBeforeTestMethodCallbacks.evaluate(RunBeforeTestMethodCallbacks.java:74)
	at org.junit.internal.runners.statements.RunAfters.evaluate(RunAfters.java:27)
	at org.springframework.test.context.junit4.statements.RunAfterTestMethodCallbacks.evaluate(RunAfterTestMethodCallbacks.java:83)
	at org.springframework.test.context.junit4.statements.SpringRepeat.evaluate(SpringRepeat.java:72)
	at org.springframework.test.context.junit4.SpringJUnit4ClassRunner.runChild(SpringJUnit4ClassRunner.java:233)
	at org.springframework.test.context.junit4.SpringJUnit4ClassRunner.runChild(SpringJUnit4ClassRunner.java:87)
	at org.junit.runners.ParentRunner$3.run(ParentRunner.java:238)
	at org.junit.runners.ParentRunner$1.schedule(ParentRunner.java:63)
	at org.junit.runners.ParentRunner.runChildren(ParentRunner.java:236)
	at org.junit.runners.ParentRunner.access$000(ParentRunner.java:53)
	at org.junit.runners.ParentRunner$2.evaluate(ParentRunner.java:229)
	at org.junit.internal.runners.statements.RunBefores.evaluate(RunBefores.java:26)
	at org.springframework.test.context.junit4.statements.RunBeforeTestClassCallbacks.evaluate(RunBeforeTestClassCallbacks.java:61)
	at org.springframework.test.context.junit4.statements.RunAfterTestClassCallbacks.evaluate(RunAfterTestClassCallbacks.java:71)
	at org.junit.runners.ParentRunner.run(ParentRunner.java:309)
	at org.springframework.test.context.junit4.SpringJUnit4ClassRunner.run(SpringJUnit4ClassRunner.java:176)
	at org.gradle.api.internal.tasks.testing.junit.JUnitTestClassExecuter.runTestClass(JUnitTestClassExecuter.java:86)
	at org.gradle.api.internal.tasks.testing.junit.JUnitTestClassExecuter.execute(JUnitTestClassExecuter.java:49)
	at org.gradle.api.internal.tasks.testing.junit.JUnitTestClassProcessor.processTestClass(JUnitTestClassProcessor.java:64)
	at org.gradle.api.internal.tasks.testing.SuiteTestClassProcessor.processTestClass(SuiteTestClassProcessor.java:50)
	at sun.reflect.GeneratedMethodAccessor107.invoke(Unknown Source)
	at sun.reflect.DelegatingMethodAccessorImpl.invoke(DelegatingMethodAccessorImpl.java:43)
	at java.lang.reflect.Method.invoke(Method.java:606)
	at org.gradle.messaging.dispatch.ReflectionDispatch.dispatch(ReflectionDispatch.java:35)
	at org.gradle.messaging.dispatch.ReflectionDispatch.dispatch(ReflectionDispatch.java:24)
	at org.gradle.messaging.dispatch.ContextClassLoaderDispatch.dispatch(ContextClassLoaderDispatch.java:32)
	at org.gradle.messaging.dispatch.ProxyDispatchAdapter$DispatchingInvocationHandler.invoke(ProxyDispatchAdapter.java:93)
	at com.sun.proxy.$Proxy2.processTestClass(Unknown Source)
	at org.gradle.api.internal.tasks.testing.worker.TestWorker.processTestClass(TestWorker.java:106)
	at sun.reflect.GeneratedMethodAccessor106.invoke(Unknown Source)
	at sun.reflect.DelegatingMethodAccessorImpl.invoke(DelegatingMethodAccessorImpl.java:43)
	at java.lang.reflect.Method.invoke(Method.java:606)
	at org.gradle.messaging.dispatch.ReflectionDispatch.dispatch(ReflectionDispatch.java:35)
	at org.gradle.messaging.dispatch.ReflectionDispatch.dispatch(ReflectionDispatch.java:24)
	at org.gradle.messaging.remote.internal.hub.MessageHub$Handler.run(MessageHub.java:360)
	at org.gradle.internal.concurrent.DefaultExecutorFactory$StoppableExecutorImpl$1.run(DefaultExecutorFactory.java:64)
	at java.util.concurrent.ThreadPoolExecutor.runWorker(ThreadPoolExecutor.java:1145)
	at java.util.concurrent.ThreadPoolExecutor$Worker.run(ThreadPoolExecutor.java:615)
	at java.lang.Thread.run(Thread.java:745)
]]></system-err>
</testsuite>
