<?xml version="1.0" encoding="UTF-8"?>
<testsuite name="com.sales.app.server.service.salesboundedcontext.sales.CurrentMonthTestCase" tests="5" skipped="0" failures="0" errors="0" timestamp="2016-06-16T05:22:39" hostname="05da525fbf42" time="0.56">
  <properties/>
  <testcase name="test1Save" classname="com.sales.app.server.service.salesboundedcontext.sales.CurrentMonthTestCase" time="0.061"/>
  <testcase name="test2Update" classname="com.sales.app.server.service.salesboundedcontext.sales.CurrentMonthTestCase" time="0.182"/>
  <testcase name="test3FindById" classname="com.sales.app.server.service.salesboundedcontext.sales.CurrentMonthTestCase" time="0.01"/>
  <testcase name="test5NegativeTesting" classname="com.sales.app.server.service.salesboundedcontext.sales.CurrentMonthTestCase" time="0.009"/>
  <testcase name="test6Delete" classname="com.sales.app.server.service.salesboundedcontext.sales.CurrentMonthTestCase" time="0.298"/>
  <system-out><![CDATA[Thu Jun 16 05:22:39 UTC 2016|Log Manager Factory|Initialization Process started.....
Thu Jun 16 05:22:39 UTC 2016|Log Manager|Initialized with Path = [/home/applifire/workspace/salesdemo/src/main/webapp/WEB-INF/conf]
Thu Jun 16 05:22:39 UTC 2016|Alarm Manager|Initialized with Path = [/home/applifire/workspace/salesdemo/src/main/webapp/WEB-INF/conf]
Thu Jun 16 05:22:39 UTC 2016|Alarm Manager|Loading Alarms ......
Thu Jun 16 05:22:39 UTC 2016|Alarm XML Parser|FWA|XML Parsing Complete........ 
Thu Jun 16 05:22:39 UTC 2016|Alarm File Manager|FWA|Alarm File Status.. [ApplicationFrameworkAlarms.xml]|Version=15|Status=Done 
Thu Jun 16 05:22:39 UTC 2016|Alarm File Manager|FWA|Alarm Stats = ( BC/AL=4/676 SYS=4/10 [676/0]  TPL=0/0 [0/0]  APP= A.Map=[759]  E.Map EC/RC=[322/67] )
Thu Jun 16 05:22:39 UTC 2016|Alarm XML Parser|APP|XML Parsing Complete........ 
Thu Jun 16 05:22:39 UTC 2016|Alarm File Manager|APP|Alarm File Status.. [ApplicationAlarms.xml]|Version=1|Status=Done 
Thu Jun 16 05:22:39 UTC 2016|Alarm File Manager|APP|Alarm Stats = ( BC/AL=7/1174 SYS=4/10 [676/0]  TPL=0/0 [0/0]  APP=3/6 [498/0]  A.Map=[1021]  E.Map EC/RC=[412/89] )
Thu Jun 16 05:22:39 UTC 2016|ApplicationAlarmContext| <><><><><> Create App Alarms ....  <><><><><> 
Thu Jun 16 05:22:39 UTC 2016|ApplicationAlarmContext|Alarms are generated ONLY in Development Mode.. 
Thu Jun 16 05:22:39 UTC 2016|Alarm Manager|APP|Alarm Stats = ( BC/AL=7/1174 SYS=4/10 [676/0]  TPL=0/0 [0/0]  APP=3/6 [498/0]  A.Map=[1021]  E.Map EC/RC=[412/89] )
Thu Jun 16 05:22:39 UTC 2016|Alarm Manager|Initialized Exception Lookup...
Thu Jun 16 05:22:39 UTC 2016|Log Manager|Initialize Log Config File ......
Thu Jun 16 05:22:39 UTC 2016|Pluggable Connectors|Adding Connectors : StandardOutputConnector isEnabled=true isDefault=false isFallBack=true
Thu Jun 16 05:22:39 UTC 2016|Pluggable Connectors|Adding Connectors : StandardFileConnector isEnabled=true isDefault=false isFallBack=false
Thu Jun 16 05:22:39 UTC 2016|Pluggable Connectors|Adding Connectors : Sprinkler isEnabled=true isDefault=true isFallBack=false
Thu Jun 16 05:22:39 UTC 2016|Pluggable Connectors|Default Connector Name : com.spartan.logger.core.LogMessenger
Thu Jun 16 05:22:39 UTC 2016|Log Config Parser|Connector Least Log Level =[4]  FallBack Log Level =[3]
Thu Jun 16 05:22:39 UTC 2016|Log Manager|Loading Default Connector for Logging ......
Thu Jun 16 05:22:39 UTC 2016|Log Manager|Loading class .. com.spartan.logger.core.LogMessenger
Thu Jun 16 05:22:39 UTC 2016|Plugggable Connector|Connector class com.spartan.logger.core.LogMessenger Initialized... @ Log Level = 3
Thu Jun 16 05:22:39 UTC 2016|Log Manager|Starting the Default Connector [com.spartan.logger.core.LogMessenger@4ab0295c] ....
Thu Jun 16 05:22:39 UTC 2016|Scheduler|Starting the Scheduler ......
Thu Jun 16 05:22:39 UTC 2016|Scheduler|Adding [LMID=[96027fc7-c163-4d43-935a-70aaabfd668d]] Delay=5 Time Unit=MINUTES
Thu Jun 16 05:22:39 UTC 2016|Scheduler|Adding [App Alarm Manager File=[ApplicationAlarms.xml]] Delay=30 Time Unit=MINUTES
Thu Jun 16 05:22:39 UTC 2016|Scheduler|Adding [FW Alarm Manager File=[ApplicationFrameworkAlarms.xml]] Delay=3 Time Unit=MINUTES
Thu Jun 16 05:22:39 UTC 2016|Scheduler|Startup Completed..
Thu Jun 16 05:22:39 UTC 2016|Log Manager|Initialization Process Complete ......
Thu Jun 16 05:22:39 UTC 2016|Log Manager Factory|Log Manager READY! ID = 96027fc7-c163-4d43-935a-70aaabfd668d
Setting logged in user info for ADD
[EL Finer]: connection: 2016-06-16 05:22:39.888--ServerSession(166674373)--Thread(Thread[Test worker,5,main])--client acquired: 100916070
[EL Finer]: transaction: 2016-06-16 05:22:39.888--ClientSession(100916070)--Thread(Thread[Test worker,5,main])--acquire unit of work: 1731791007
[EL Finest]: connection: 2016-06-16 05:22:39.889--ServerSession(166674373)--Connection(1365586858)--Thread(Thread[Test worker,5,main])--Connection acquired from connection pool [default].
[EL Finer]: transaction: 2016-06-16 05:22:39.889--ClientSession(100916070)--Connection(1365586858)--Thread(Thread[Test worker,5,main])--begin transaction
[EL Finest]: connection: 2016-06-16 05:22:39.889--ClientSession(100916070)--Thread(Thread[Test worker,5,main])--reconnecting to external connection pool
[EL Finest]: transaction: 2016-06-16 05:22:39.889--UnitOfWork(1731791007)--Thread(Thread[Test worker,5,main])--persist() operation called on: TXlC3p7eA2vd5DGKUow1LNGxMs5ywqwHyvHXP4mLCvdhAxZreo.
[EL Finer]: transaction: 2016-06-16 05:22:39.89--UnitOfWork(1731791007)--Thread(Thread[Test worker,5,main])--begin unit of work commit
[EL Finest]: query: 2016-06-16 05:22:39.89--UnitOfWork(1731791007)--Thread(Thread[Test worker,5,main])--Execute query InsertObjectQuery(TXlC3p7eA2vd5DGKUow1LNGxMs5ywqwHyvHXP4mLCvdhAxZreo)
[EL Fine]: sql: 2016-06-16 05:22:39.89--ClientSession(100916070)--Connection(1681531701)--Thread(Thread[Test worker,5,main])--INSERT INTO ast_CurrentMonth_M (monthname, versionId, createdBy, createdDate, updatedBy, updatedDate, activeStatus, txnAccessCode) VALUES (?, ?, ?, ?, ?, ?, ?, ?)
	bind => [TXlC3p7eA2vd5DGKUow1LNGxMs5ywqwHyvHXP4mLCvdhAxZreo, 1, AAAAA, 2016-06-16 05:22:39.887, AAAAA, 2016-06-16 05:22:39.887, 1, 51000]
[EL Finest]: query: 2016-06-16 05:22:39.891--ClientSession(100916070)--Thread(Thread[Test worker,5,main])--Execute query ValueReadQuery(name="SEQ_GEN_IDENTITY" sql="SELECT LAST_INSERT_ID()")
[EL Fine]: sql: 2016-06-16 05:22:39.891--ClientSession(100916070)--Connection(1681531701)--Thread(Thread[Test worker,5,main])--SELECT LAST_INSERT_ID()
[EL Finest]: sequencing: 2016-06-16 05:22:39.892--UnitOfWork(1731791007)--Thread(Thread[Test worker,5,main])--assign sequence to the object (13 -> TXlC3p7eA2vd5DGKUow1LNGxMs5ywqwHyvHXP4mLCvdhAxZreo)
[EL Finer]: transaction: 2016-06-16 05:22:39.892--ClientSession(100916070)--Connection(1681531701)--Thread(Thread[Test worker,5,main])--commit transaction
[EL Finest]: connection: 2016-06-16 05:22:39.923--ServerSession(166674373)--Connection(1365586858)--Thread(Thread[Test worker,5,main])--Connection released to connection pool [default].
[EL Finer]: transaction: 2016-06-16 05:22:39.923--UnitOfWork(1731791007)--Thread(Thread[Test worker,5,main])--end unit of work commit
[EL Finer]: transaction: 2016-06-16 05:22:39.923--UnitOfWork(1731791007)--Thread(Thread[Test worker,5,main])--resume unit of work
[EL Finer]: transaction: 2016-06-16 05:22:39.923--UnitOfWork(1731791007)--Thread(Thread[Test worker,5,main])--release unit of work
[EL Finer]: connection: 2016-06-16 05:22:39.924--ClientSession(100916070)--Thread(Thread[Test worker,5,main])--client released
[EL Finer]: connection: 2016-06-16 05:22:39.93--ServerSession(166674373)--Thread(Thread[Test worker,5,main])--client acquired: 481027464
[EL Finer]: transaction: 2016-06-16 05:22:39.93--ClientSession(481027464)--Thread(Thread[Test worker,5,main])--acquire unit of work: 1500140140
[EL Finest]: connection: 2016-06-16 05:22:39.93--ServerSession(166674373)--Connection(1397317200)--Thread(Thread[Test worker,5,main])--Connection acquired from connection pool [default].
[EL Finer]: transaction: 2016-06-16 05:22:39.93--ClientSession(481027464)--Connection(1397317200)--Thread(Thread[Test worker,5,main])--begin transaction
[EL Finest]: connection: 2016-06-16 05:22:39.93--ClientSession(481027464)--Thread(Thread[Test worker,5,main])--reconnecting to external connection pool
[EL Finer]: transaction: 2016-06-16 05:22:39.931--UnitOfWork(1500140140)--Thread(Thread[Test worker,5,main])--begin unit of work flush
[EL Finer]: transaction: 2016-06-16 05:22:39.931--UnitOfWork(1500140140)--Thread(Thread[Test worker,5,main])--end unit of work flush
[EL Finest]: query: 2016-06-16 05:22:39.931--UnitOfWork(1500140140)--Thread(Thread[Test worker,5,main])--Execute query ReadAllQuery(name="CurrentMonth.findById" referenceClass=CurrentMonth sql="SELECT monthid, monthname, versionId, createdBy, createdDate, updatedBy, updatedDate, activeStatus, txnAccessCode FROM ast_CurrentMonth_M WHERE ((activeStatus = ?) AND (monthid = ?))")
[EL Fine]: sql: 2016-06-16 05:22:39.932--ClientSession(481027464)--Connection(1400486790)--Thread(Thread[Test worker,5,main])--SELECT monthid, monthname, versionId, createdBy, createdDate, updatedBy, updatedDate, activeStatus, txnAccessCode FROM ast_CurrentMonth_M WHERE ((activeStatus = ?) AND (monthid = ?))
	bind => [1, 13]
[EL Finer]: transaction: 2016-06-16 05:22:39.933--UnitOfWork(1500140140)--Thread(Thread[Test worker,5,main])--begin unit of work commit
[EL Finer]: transaction: 2016-06-16 05:22:39.933--ClientSession(481027464)--Connection(1400486790)--Thread(Thread[Test worker,5,main])--commit transaction
[EL Finest]: connection: 2016-06-16 05:22:39.933--ServerSession(166674373)--Connection(1397317200)--Thread(Thread[Test worker,5,main])--Connection released to connection pool [default].
[EL Finer]: transaction: 2016-06-16 05:22:39.933--UnitOfWork(1500140140)--Thread(Thread[Test worker,5,main])--end unit of work commit
[EL Finer]: transaction: 2016-06-16 05:22:39.933--UnitOfWork(1500140140)--Thread(Thread[Test worker,5,main])--resume unit of work
[EL Finer]: transaction: 2016-06-16 05:22:39.933--UnitOfWork(1500140140)--Thread(Thread[Test worker,5,main])--release unit of work
[EL Finer]: connection: 2016-06-16 05:22:39.934--ClientSession(481027464)--Thread(Thread[Test worker,5,main])--client released
Setting logged in user info for UPDATE
[EL Finer]: connection: 2016-06-16 05:22:39.934--ServerSession(166674373)--Thread(Thread[Test worker,5,main])--client acquired: 1013555819
[EL Finer]: transaction: 2016-06-16 05:22:39.934--ClientSession(1013555819)--Thread(Thread[Test worker,5,main])--acquire unit of work: 992361929
[EL Finest]: connection: 2016-06-16 05:22:39.934--ServerSession(166674373)--Connection(1268938101)--Thread(Thread[Test worker,5,main])--Connection acquired from connection pool [default].
[EL Finer]: transaction: 2016-06-16 05:22:39.934--ClientSession(1013555819)--Connection(1268938101)--Thread(Thread[Test worker,5,main])--begin transaction
[EL Finest]: connection: 2016-06-16 05:22:39.934--ClientSession(1013555819)--Thread(Thread[Test worker,5,main])--reconnecting to external connection pool
[EL Finest]: transaction: 2016-06-16 05:22:39.936--UnitOfWork(992361929)--Thread(Thread[Test worker,5,main])--Merge clone with references y8wufK6WjSpZD9P7JjgLUIbrvz98N34LAAM2lo8HUZIgUiEPcg
[EL Finest]: query: 2016-06-16 05:22:39.936--UnitOfWork(992361929)--Thread(Thread[Test worker,5,main])--Execute query ReadObjectQuery(referenceClass=CurrentMonth )
[EL Fine]: sql: 2016-06-16 05:22:39.937--ClientSession(1013555819)--Connection(2017640581)--Thread(Thread[Test worker,5,main])--SELECT monthid, monthname, versionId, createdBy, createdDate, updatedBy, updatedDate, activeStatus, txnAccessCode FROM ast_CurrentMonth_M WHERE (monthid = ?)
	bind => [13]
[EL Finer]: transaction: 2016-06-16 05:22:39.938--UnitOfWork(992361929)--Thread(Thread[Test worker,5,main])--begin unit of work commit
[EL Finest]: query: 2016-06-16 05:22:39.938--UnitOfWork(992361929)--Thread(Thread[Test worker,5,main])--Execute query UpdateObjectQuery(y8wufK6WjSpZD9P7JjgLUIbrvz98N34LAAM2lo8HUZIgUiEPcg)
[EL Fine]: sql: 2016-06-16 05:22:39.938--ClientSession(1013555819)--Connection(2017640581)--Thread(Thread[Test worker,5,main])--UPDATE ast_CurrentMonth_M SET monthname = ?, versionId = ? WHERE ((monthid = ?) AND (versionId = ?))
	bind => [y8wufK6WjSpZD9P7JjgLUIbrvz98N34LAAM2lo8HUZIgUiEPcg, 2, 13, 1]
[EL Finer]: transaction: 2016-06-16 05:22:39.939--ClientSession(1013555819)--Connection(2017640581)--Thread(Thread[Test worker,5,main])--commit transaction
[EL Finest]: connection: 2016-06-16 05:22:40.105--ServerSession(166674373)--Connection(1268938101)--Thread(Thread[Test worker,5,main])--Connection released to connection pool [default].
[EL Finer]: transaction: 2016-06-16 05:22:40.105--UnitOfWork(992361929)--Thread(Thread[Test worker,5,main])--end unit of work commit
[EL Finer]: transaction: 2016-06-16 05:22:40.105--UnitOfWork(992361929)--Thread(Thread[Test worker,5,main])--resume unit of work
[EL Finer]: transaction: 2016-06-16 05:22:40.106--UnitOfWork(992361929)--Thread(Thread[Test worker,5,main])--release unit of work
[EL Finer]: connection: 2016-06-16 05:22:40.106--ClientSession(1013555819)--Thread(Thread[Test worker,5,main])--client released
[EL Finer]: connection: 2016-06-16 05:22:40.112--ServerSession(166674373)--Thread(Thread[Test worker,5,main])--client acquired: 2023551902
[EL Finer]: transaction: 2016-06-16 05:22:40.112--ClientSession(2023551902)--Thread(Thread[Test worker,5,main])--acquire unit of work: 138299375
[EL Finest]: connection: 2016-06-16 05:22:40.112--ServerSession(166674373)--Connection(820289571)--Thread(Thread[Test worker,5,main])--Connection acquired from connection pool [default].
[EL Finer]: transaction: 2016-06-16 05:22:40.112--ClientSession(2023551902)--Connection(820289571)--Thread(Thread[Test worker,5,main])--begin transaction
[EL Finest]: connection: 2016-06-16 05:22:40.112--ClientSession(2023551902)--Thread(Thread[Test worker,5,main])--reconnecting to external connection pool
[EL Finer]: transaction: 2016-06-16 05:22:40.113--UnitOfWork(138299375)--Thread(Thread[Test worker,5,main])--begin unit of work flush
[EL Finer]: transaction: 2016-06-16 05:22:40.113--UnitOfWork(138299375)--Thread(Thread[Test worker,5,main])--end unit of work flush
[EL Finest]: query: 2016-06-16 05:22:40.113--UnitOfWork(138299375)--Thread(Thread[Test worker,5,main])--Execute query ReadAllQuery(name="CurrentMonth.findById" referenceClass=CurrentMonth sql="SELECT monthid, monthname, versionId, createdBy, createdDate, updatedBy, updatedDate, activeStatus, txnAccessCode FROM ast_CurrentMonth_M WHERE ((activeStatus = ?) AND (monthid = ?))")
[EL Fine]: sql: 2016-06-16 05:22:40.113--ClientSession(2023551902)--Connection(1731401654)--Thread(Thread[Test worker,5,main])--SELECT monthid, monthname, versionId, createdBy, createdDate, updatedBy, updatedDate, activeStatus, txnAccessCode FROM ast_CurrentMonth_M WHERE ((activeStatus = ?) AND (monthid = ?))
	bind => [1, 13]
[EL Finer]: transaction: 2016-06-16 05:22:40.114--UnitOfWork(138299375)--Thread(Thread[Test worker,5,main])--begin unit of work commit
[EL Finer]: transaction: 2016-06-16 05:22:40.115--ClientSession(2023551902)--Connection(1731401654)--Thread(Thread[Test worker,5,main])--commit transaction
[EL Finest]: connection: 2016-06-16 05:22:40.115--ServerSession(166674373)--Connection(820289571)--Thread(Thread[Test worker,5,main])--Connection released to connection pool [default].
[EL Finer]: transaction: 2016-06-16 05:22:40.115--UnitOfWork(138299375)--Thread(Thread[Test worker,5,main])--end unit of work commit
[EL Finer]: transaction: 2016-06-16 05:22:40.115--UnitOfWork(138299375)--Thread(Thread[Test worker,5,main])--resume unit of work
[EL Finer]: transaction: 2016-06-16 05:22:40.115--UnitOfWork(138299375)--Thread(Thread[Test worker,5,main])--release unit of work
[EL Finer]: connection: 2016-06-16 05:22:40.115--ClientSession(2023551902)--Thread(Thread[Test worker,5,main])--client released
[EL Finer]: connection: 2016-06-16 05:22:40.131--ServerSession(166674373)--Thread(Thread[Test worker,5,main])--client acquired: 1946051128
[EL Finer]: transaction: 2016-06-16 05:22:40.131--ClientSession(1946051128)--Thread(Thread[Test worker,5,main])--acquire unit of work: 1105364486
[EL Finest]: connection: 2016-06-16 05:22:40.131--ServerSession(166674373)--Connection(2127369652)--Thread(Thread[Test worker,5,main])--Connection acquired from connection pool [default].
[EL Finer]: transaction: 2016-06-16 05:22:40.131--ClientSession(1946051128)--Connection(2127369652)--Thread(Thread[Test worker,5,main])--begin transaction
[EL Finest]: connection: 2016-06-16 05:22:40.131--ClientSession(1946051128)--Thread(Thread[Test worker,5,main])--reconnecting to external connection pool
[EL Finest]: query: 2016-06-16 05:22:40.132--UnitOfWork(1105364486)--Thread(Thread[Test worker,5,main])--Execute query ReadObjectQuery(name="readCurrentMonth" referenceClass=CurrentMonth sql="SELECT monthid, monthname, versionId, createdBy, createdDate, updatedBy, updatedDate, activeStatus, txnAccessCode FROM ast_CurrentMonth_M WHERE (monthid = ?)")
[EL Fine]: sql: 2016-06-16 05:22:40.132--ClientSession(1946051128)--Connection(1260524142)--Thread(Thread[Test worker,5,main])--SELECT monthid, monthname, versionId, createdBy, createdDate, updatedBy, updatedDate, activeStatus, txnAccessCode FROM ast_CurrentMonth_M WHERE (monthid = ?)
	bind => [13]
[EL Finest]: transaction: 2016-06-16 05:22:40.134--UnitOfWork(1105364486)--Thread(Thread[Test worker,5,main])--remove() operation called on: y8wufK6WjSpZD9P7JjgLUIbrvz98N34LAAM2lo8HUZIgUiEPcg
[EL Finer]: transaction: 2016-06-16 05:22:40.134--UnitOfWork(1105364486)--Thread(Thread[Test worker,5,main])--begin unit of work commit
[EL Finest]: query: 2016-06-16 05:22:40.134--UnitOfWork(1105364486)--Thread(Thread[Test worker,5,main])--Execute query DoesExistQuery(referenceClass=CurrentMonth )
[EL Finest]: query: 2016-06-16 05:22:40.134--UnitOfWork(1105364486)--Thread(Thread[Test worker,5,main])--Execute query DeleteObjectQuery(y8wufK6WjSpZD9P7JjgLUIbrvz98N34LAAM2lo8HUZIgUiEPcg)
[EL Fine]: sql: 2016-06-16 05:22:40.135--ClientSession(1946051128)--Connection(1260524142)--Thread(Thread[Test worker,5,main])--DELETE FROM ast_CurrentMonth_M WHERE ((monthid = ?) AND (versionId = ?))
	bind => [13, 2]
[EL Finer]: transaction: 2016-06-16 05:22:40.136--ClientSession(1946051128)--Connection(1260524142)--Thread(Thread[Test worker,5,main])--commit transaction
[EL Finest]: connection: 2016-06-16 05:22:40.422--ServerSession(166674373)--Connection(2127369652)--Thread(Thread[Test worker,5,main])--Connection released to connection pool [default].
[EL Finer]: transaction: 2016-06-16 05:22:40.422--UnitOfWork(1105364486)--Thread(Thread[Test worker,5,main])--end unit of work commit
[EL Finer]: transaction: 2016-06-16 05:22:40.422--UnitOfWork(1105364486)--Thread(Thread[Test worker,5,main])--resume unit of work
[EL Finer]: transaction: 2016-06-16 05:22:40.422--UnitOfWork(1105364486)--Thread(Thread[Test worker,5,main])--release unit of work
[EL Finer]: connection: 2016-06-16 05:22:40.423--ClientSession(1946051128)--Thread(Thread[Test worker,5,main])--client released
]]></system-out>
  <system-err><![CDATA[CurrentMonth.monthname may not be null
java.lang.SecurityException: CurrentMonth.monthname may not be null
	at com.athena.server.pluggable.utils.helper.EntityValidatorHelper.validateEntity(EntityValidatorHelper.java:37)
	at com.sales.app.shared.salesboundedcontext.sales.CurrentMonth.isValid(CurrentMonth.java:140)
	at com.sales.app.server.service.salesboundedcontext.sales.CurrentMonthTestCase.validateCurrentMonth(CurrentMonthTestCase.java:177)
	at com.sales.app.server.service.salesboundedcontext.sales.CurrentMonthTestCase.test5NegativeTesting(CurrentMonthTestCase.java:208)
	at sun.reflect.NativeMethodAccessorImpl.invoke0(Native Method)
	at sun.reflect.NativeMethodAccessorImpl.invoke(NativeMethodAccessorImpl.java:57)
	at sun.reflect.DelegatingMethodAccessorImpl.invoke(DelegatingMethodAccessorImpl.java:43)
	at java.lang.reflect.Method.invoke(Method.java:606)
	at org.junit.runners.model.FrameworkMethod$1.runReflectiveCall(FrameworkMethod.java:47)
	at org.junit.internal.runners.model.ReflectiveCallable.run(ReflectiveCallable.java:12)
	at org.junit.runners.model.FrameworkMethod.invokeExplosively(FrameworkMethod.java:44)
	at org.junit.internal.runners.statements.InvokeMethod.evaluate(InvokeMethod.java:17)
	at org.junit.internal.runners.statements.RunBefores.evaluate(RunBefores.java:26)
	at org.springframework.test.context.junit4.statements.RunBeforeTestMethodCallbacks.evaluate(RunBeforeTestMethodCallbacks.java:74)
	at org.junit.internal.runners.statements.RunAfters.evaluate(RunAfters.java:27)
	at org.springframework.test.context.junit4.statements.RunAfterTestMethodCallbacks.evaluate(RunAfterTestMethodCallbacks.java:83)
	at org.springframework.test.context.junit4.statements.SpringRepeat.evaluate(SpringRepeat.java:72)
	at org.springframework.test.context.junit4.SpringJUnit4ClassRunner.runChild(SpringJUnit4ClassRunner.java:233)
	at org.springframework.test.context.junit4.SpringJUnit4ClassRunner.runChild(SpringJUnit4ClassRunner.java:87)
	at org.junit.runners.ParentRunner$3.run(ParentRunner.java:238)
	at org.junit.runners.ParentRunner$1.schedule(ParentRunner.java:63)
	at org.junit.runners.ParentRunner.runChildren(ParentRunner.java:236)
	at org.junit.runners.ParentRunner.access$000(ParentRunner.java:53)
	at org.junit.runners.ParentRunner$2.evaluate(ParentRunner.java:229)
	at org.junit.internal.runners.statements.RunBefores.evaluate(RunBefores.java:26)
	at org.springframework.test.context.junit4.statements.RunBeforeTestClassCallbacks.evaluate(RunBeforeTestClassCallbacks.java:61)
	at org.springframework.test.context.junit4.statements.RunAfterTestClassCallbacks.evaluate(RunAfterTestClassCallbacks.java:71)
	at org.junit.runners.ParentRunner.run(ParentRunner.java:309)
	at org.springframework.test.context.junit4.SpringJUnit4ClassRunner.run(SpringJUnit4ClassRunner.java:176)
	at org.gradle.api.internal.tasks.testing.junit.JUnitTestClassExecuter.runTestClass(JUnitTestClassExecuter.java:86)
	at org.gradle.api.internal.tasks.testing.junit.JUnitTestClassExecuter.execute(JUnitTestClassExecuter.java:49)
	at org.gradle.api.internal.tasks.testing.junit.JUnitTestClassProcessor.processTestClass(JUnitTestClassProcessor.java:64)
	at org.gradle.api.internal.tasks.testing.SuiteTestClassProcessor.processTestClass(SuiteTestClassProcessor.java:50)
	at sun.reflect.GeneratedMethodAccessor107.invoke(Unknown Source)
	at sun.reflect.DelegatingMethodAccessorImpl.invoke(DelegatingMethodAccessorImpl.java:43)
	at java.lang.reflect.Method.invoke(Method.java:606)
	at org.gradle.messaging.dispatch.ReflectionDispatch.dispatch(ReflectionDispatch.java:35)
	at org.gradle.messaging.dispatch.ReflectionDispatch.dispatch(ReflectionDispatch.java:24)
	at org.gradle.messaging.dispatch.ContextClassLoaderDispatch.dispatch(ContextClassLoaderDispatch.java:32)
	at org.gradle.messaging.dispatch.ProxyDispatchAdapter$DispatchingInvocationHandler.invoke(ProxyDispatchAdapter.java:93)
	at com.sun.proxy.$Proxy2.processTestClass(Unknown Source)
	at org.gradle.api.internal.tasks.testing.worker.TestWorker.processTestClass(TestWorker.java:106)
	at sun.reflect.GeneratedMethodAccessor106.invoke(Unknown Source)
	at sun.reflect.DelegatingMethodAccessorImpl.invoke(DelegatingMethodAccessorImpl.java:43)
	at java.lang.reflect.Method.invoke(Method.java:606)
	at org.gradle.messaging.dispatch.ReflectionDispatch.dispatch(ReflectionDispatch.java:35)
	at org.gradle.messaging.dispatch.ReflectionDispatch.dispatch(ReflectionDispatch.java:24)
	at org.gradle.messaging.remote.internal.hub.MessageHub$Handler.run(MessageHub.java:360)
	at org.gradle.internal.concurrent.DefaultExecutorFactory$StoppableExecutorImpl$1.run(DefaultExecutorFactory.java:64)
	at java.util.concurrent.ThreadPoolExecutor.runWorker(ThreadPoolExecutor.java:1145)
	at java.util.concurrent.ThreadPoolExecutor$Worker.run(ThreadPoolExecutor.java:615)
	at java.lang.Thread.run(Thread.java:745)
CurrentMonth.monthname size must be between 0 and 64
java.lang.SecurityException: CurrentMonth.monthname size must be between 0 and 64
	at com.athena.server.pluggable.utils.helper.EntityValidatorHelper.validateEntity(EntityValidatorHelper.java:37)
	at com.sales.app.shared.salesboundedcontext.sales.CurrentMonth.isValid(CurrentMonth.java:140)
	at com.sales.app.server.service.salesboundedcontext.sales.CurrentMonthTestCase.validateCurrentMonth(CurrentMonthTestCase.java:175)
	at com.sales.app.server.service.salesboundedcontext.sales.CurrentMonthTestCase.test5NegativeTesting(CurrentMonthTestCase.java:213)
	at sun.reflect.NativeMethodAccessorImpl.invoke0(Native Method)
	at sun.reflect.NativeMethodAccessorImpl.invoke(NativeMethodAccessorImpl.java:57)
	at sun.reflect.DelegatingMethodAccessorImpl.invoke(DelegatingMethodAccessorImpl.java:43)
	at java.lang.reflect.Method.invoke(Method.java:606)
	at org.junit.runners.model.FrameworkMethod$1.runReflectiveCall(FrameworkMethod.java:47)
	at org.junit.internal.runners.model.ReflectiveCallable.run(ReflectiveCallable.java:12)
	at org.junit.runners.model.FrameworkMethod.invokeExplosively(FrameworkMethod.java:44)
	at org.junit.internal.runners.statements.InvokeMethod.evaluate(InvokeMethod.java:17)
	at org.junit.internal.runners.statements.RunBefores.evaluate(RunBefores.java:26)
	at org.springframework.test.context.junit4.statements.RunBeforeTestMethodCallbacks.evaluate(RunBeforeTestMethodCallbacks.java:74)
	at org.junit.internal.runners.statements.RunAfters.evaluate(RunAfters.java:27)
	at org.springframework.test.context.junit4.statements.RunAfterTestMethodCallbacks.evaluate(RunAfterTestMethodCallbacks.java:83)
	at org.springframework.test.context.junit4.statements.SpringRepeat.evaluate(SpringRepeat.java:72)
	at org.springframework.test.context.junit4.SpringJUnit4ClassRunner.runChild(SpringJUnit4ClassRunner.java:233)
	at org.springframework.test.context.junit4.SpringJUnit4ClassRunner.runChild(SpringJUnit4ClassRunner.java:87)
	at org.junit.runners.ParentRunner$3.run(ParentRunner.java:238)
	at org.junit.runners.ParentRunner$1.schedule(ParentRunner.java:63)
	at org.junit.runners.ParentRunner.runChildren(ParentRunner.java:236)
	at org.junit.runners.ParentRunner.access$000(ParentRunner.java:53)
	at org.junit.runners.ParentRunner$2.evaluate(ParentRunner.java:229)
	at org.junit.internal.runners.statements.RunBefores.evaluate(RunBefores.java:26)
	at org.springframework.test.context.junit4.statements.RunBeforeTestClassCallbacks.evaluate(RunBeforeTestClassCallbacks.java:61)
	at org.springframework.test.context.junit4.statements.RunAfterTestClassCallbacks.evaluate(RunAfterTestClassCallbacks.java:71)
	at org.junit.runners.ParentRunner.run(ParentRunner.java:309)
	at org.springframework.test.context.junit4.SpringJUnit4ClassRunner.run(SpringJUnit4ClassRunner.java:176)
	at org.gradle.api.internal.tasks.testing.junit.JUnitTestClassExecuter.runTestClass(JUnitTestClassExecuter.java:86)
	at org.gradle.api.internal.tasks.testing.junit.JUnitTestClassExecuter.execute(JUnitTestClassExecuter.java:49)
	at org.gradle.api.internal.tasks.testing.junit.JUnitTestClassProcessor.processTestClass(JUnitTestClassProcessor.java:64)
	at org.gradle.api.internal.tasks.testing.SuiteTestClassProcessor.processTestClass(SuiteTestClassProcessor.java:50)
	at sun.reflect.GeneratedMethodAccessor107.invoke(Unknown Source)
	at sun.reflect.DelegatingMethodAccessorImpl.invoke(DelegatingMethodAccessorImpl.java:43)
	at java.lang.reflect.Method.invoke(Method.java:606)
	at org.gradle.messaging.dispatch.ReflectionDispatch.dispatch(ReflectionDispatch.java:35)
	at org.gradle.messaging.dispatch.ReflectionDispatch.dispatch(ReflectionDispatch.java:24)
	at org.gradle.messaging.dispatch.ContextClassLoaderDispatch.dispatch(ContextClassLoaderDispatch.java:32)
	at org.gradle.messaging.dispatch.ProxyDispatchAdapter$DispatchingInvocationHandler.invoke(ProxyDispatchAdapter.java:93)
	at com.sun.proxy.$Proxy2.processTestClass(Unknown Source)
	at org.gradle.api.internal.tasks.testing.worker.TestWorker.processTestClass(TestWorker.java:106)
	at sun.reflect.GeneratedMethodAccessor106.invoke(Unknown Source)
	at sun.reflect.DelegatingMethodAccessorImpl.invoke(DelegatingMethodAccessorImpl.java:43)
	at java.lang.reflect.Method.invoke(Method.java:606)
	at org.gradle.messaging.dispatch.ReflectionDispatch.dispatch(ReflectionDispatch.java:35)
	at org.gradle.messaging.dispatch.ReflectionDispatch.dispatch(ReflectionDispatch.java:24)
	at org.gradle.messaging.remote.internal.hub.MessageHub$Handler.run(MessageHub.java:360)
	at org.gradle.internal.concurrent.DefaultExecutorFactory$StoppableExecutorImpl$1.run(DefaultExecutorFactory.java:64)
	at java.util.concurrent.ThreadPoolExecutor.runWorker(ThreadPoolExecutor.java:1145)
	at java.util.concurrent.ThreadPoolExecutor$Worker.run(ThreadPoolExecutor.java:615)
	at java.lang.Thread.run(Thread.java:745)
]]></system-err>
</testsuite>
