<?xml version="1.0" encoding="UTF-8"?>
<testsuite name="com.sales.app.server.service.salesboundedcontext.sales.RetailerTestCase" tests="6" skipped="0" failures="0" errors="0" timestamp="2016-06-16T05:22:33" hostname="05da525fbf42" time="2.262">
  <properties/>
  <testcase name="test1Save" classname="com.sales.app.server.service.salesboundedcontext.sales.RetailerTestCase" time="1.638"/>
  <testcase name="test2Update" classname="com.sales.app.server.service.salesboundedcontext.sales.RetailerTestCase" time="0.171"/>
  <testcase name="test3FindById" classname="com.sales.app.server.service.salesboundedcontext.sales.RetailerTestCase" time="0.021"/>
  <testcase name="test3findBydistributorcode" classname="com.sales.app.server.service.salesboundedcontext.sales.RetailerTestCase" time="0.021"/>
  <testcase name="test5NegativeTesting" classname="com.sales.app.server.service.salesboundedcontext.sales.RetailerTestCase" time="0.025"/>
  <testcase name="test6Delete" classname="com.sales.app.server.service.salesboundedcontext.sales.RetailerTestCase" time="0.383"/>
  <system-out><![CDATA[Thu Jun 16 05:22:33 UTC 2016|Log Manager Factory|Initialization Process started.....
Thu Jun 16 05:22:33 UTC 2016|Log Manager|Initialized with Path = [/home/applifire/workspace/salesdemo/src/main/webapp/WEB-INF/conf]
Thu Jun 16 05:22:33 UTC 2016|Alarm Manager|Initialized with Path = [/home/applifire/workspace/salesdemo/src/main/webapp/WEB-INF/conf]
Thu Jun 16 05:22:33 UTC 2016|Alarm Manager|Loading Alarms ......
Thu Jun 16 05:22:33 UTC 2016|Alarm XML Parser|FWA|XML Parsing Complete........ 
Thu Jun 16 05:22:33 UTC 2016|Alarm File Manager|FWA|Alarm File Status.. [ApplicationFrameworkAlarms.xml]|Version=15|Status=Done 
Thu Jun 16 05:22:33 UTC 2016|Alarm File Manager|FWA|Alarm Stats = ( BC/AL=4/676 SYS=4/10 [676/0]  TPL=0/0 [0/0]  APP= A.Map=[759]  E.Map EC/RC=[322/67] )
Thu Jun 16 05:22:33 UTC 2016|Alarm XML Parser|APP|XML Parsing Complete........ 
Thu Jun 16 05:22:33 UTC 2016|Alarm File Manager|APP|Alarm File Status.. [ApplicationAlarms.xml]|Version=1|Status=Done 
Thu Jun 16 05:22:33 UTC 2016|Alarm File Manager|APP|Alarm Stats = ( BC/AL=7/1174 SYS=4/10 [676/0]  TPL=0/0 [0/0]  APP=3/6 [498/0]  A.Map=[1021]  E.Map EC/RC=[412/89] )
Thu Jun 16 05:22:33 UTC 2016|ApplicationAlarmContext| <><><><><> Create App Alarms ....  <><><><><> 
Thu Jun 16 05:22:33 UTC 2016|ApplicationAlarmContext|Alarms are generated ONLY in Development Mode.. 
Thu Jun 16 05:22:33 UTC 2016|Alarm Manager|APP|Alarm Stats = ( BC/AL=7/1174 SYS=4/10 [676/0]  TPL=0/0 [0/0]  APP=3/6 [498/0]  A.Map=[1021]  E.Map EC/RC=[412/89] )
Thu Jun 16 05:22:33 UTC 2016|Alarm Manager|Initialized Exception Lookup...
Thu Jun 16 05:22:33 UTC 2016|Log Manager|Initialize Log Config File ......
Thu Jun 16 05:22:33 UTC 2016|Pluggable Connectors|Adding Connectors : StandardOutputConnector isEnabled=true isDefault=false isFallBack=true
Thu Jun 16 05:22:33 UTC 2016|Pluggable Connectors|Adding Connectors : StandardFileConnector isEnabled=true isDefault=false isFallBack=false
Thu Jun 16 05:22:33 UTC 2016|Pluggable Connectors|Adding Connectors : Sprinkler isEnabled=true isDefault=true isFallBack=false
Thu Jun 16 05:22:33 UTC 2016|Pluggable Connectors|Default Connector Name : com.spartan.logger.core.LogMessenger
Thu Jun 16 05:22:33 UTC 2016|Log Config Parser|Connector Least Log Level =[4]  FallBack Log Level =[3]
Thu Jun 16 05:22:33 UTC 2016|Log Manager|Loading Default Connector for Logging ......
Thu Jun 16 05:22:33 UTC 2016|Log Manager|Loading class .. com.spartan.logger.core.LogMessenger
Thu Jun 16 05:22:33 UTC 2016|Plugggable Connector|Connector class com.spartan.logger.core.LogMessenger Initialized... @ Log Level = 3
Thu Jun 16 05:22:33 UTC 2016|Log Manager|Starting the Default Connector [com.spartan.logger.core.LogMessenger@79af6bbc] ....
Thu Jun 16 05:22:33 UTC 2016|Scheduler|Starting the Scheduler ......
Thu Jun 16 05:22:33 UTC 2016|Scheduler|Adding [LMID=[96027fc7-c163-4d43-935a-70aaabfd668d]] Delay=5 Time Unit=MINUTES
Thu Jun 16 05:22:33 UTC 2016|Scheduler|Adding [App Alarm Manager File=[ApplicationAlarms.xml]] Delay=30 Time Unit=MINUTES
Thu Jun 16 05:22:33 UTC 2016|Scheduler|Adding [FW Alarm Manager File=[ApplicationFrameworkAlarms.xml]] Delay=3 Time Unit=MINUTES
Thu Jun 16 05:22:33 UTC 2016|Scheduler|Startup Completed..
Thu Jun 16 05:22:33 UTC 2016|Log Manager|Initialization Process Complete ......
Thu Jun 16 05:22:33 UTC 2016|Log Manager Factory|Log Manager READY! ID = 96027fc7-c163-4d43-935a-70aaabfd668d
[EL Finer]: connection: 2016-06-16 05:22:33.53--ServerSession(166674373)--Thread(Thread[Test worker,5,main])--client acquired: 744607034
[EL Finer]: transaction: 2016-06-16 05:22:33.53--ClientSession(744607034)--Thread(Thread[Test worker,5,main])--acquire unit of work: 1223209369
[EL Finest]: connection: 2016-06-16 05:22:33.53--ServerSession(166674373)--Connection(618912052)--Thread(Thread[Test worker,5,main])--Connection acquired from connection pool [default].
[EL Finer]: transaction: 2016-06-16 05:22:33.53--ClientSession(744607034)--Connection(618912052)--Thread(Thread[Test worker,5,main])--begin transaction
[EL Finest]: connection: 2016-06-16 05:22:33.531--ClientSession(744607034)--Thread(Thread[Test worker,5,main])--reconnecting to external connection pool
[EL Finest]: transaction: 2016-06-16 05:22:33.533--UnitOfWork(1223209369)--Thread(Thread[Test worker,5,main])--persist() operation called on: 9GARQDQPrQwUP5BxjRVbvYVJq2pktuv0DPJKMKzcnEbt1RTz7B.
[EL Finest]: sequencing: 2016-06-16 05:22:33.533--UnitOfWork(1223209369)--Thread(Thread[Test worker,5,main])--assign sequence to the object (B4916A6E-FB95-45F5-B8F0-729C30BC770F -> 9GARQDQPrQwUP5BxjRVbvYVJq2pktuv0DPJKMKzcnEbt1RTz7B)
[EL Finer]: transaction: 2016-06-16 05:22:33.534--UnitOfWork(1223209369)--Thread(Thread[Test worker,5,main])--begin unit of work commit
[EL Finest]: query: 2016-06-16 05:22:33.534--UnitOfWork(1223209369)--Thread(Thread[Test worker,5,main])--Execute query InsertObjectQuery(9GARQDQPrQwUP5BxjRVbvYVJq2pktuv0DPJKMKzcnEbt1RTz7B)
[EL Fine]: sql: 2016-06-16 05:22:33.534--ClientSession(744607034)--Connection(2034462218)--Thread(Thread[Test worker,5,main])--INSERT INTO ast_SalesRegion_M (regioncode, regionname, versionId, createdBy, createdDate, updatedBy, updatedDate, activeStatus, txnAccessCode) VALUES (?, ?, ?, ?, ?, ?, ?, ?, ?)
	bind => [B4916A6E-FB95-45F5-B8F0-729C30BC770F, 9GARQDQPrQwUP5BxjRVbvYVJq2pktuv0DPJKMKzcnEbt1RTz7B, 1, AAAAA, 2016-06-16 05:22:33.53, AAAAA, 2016-06-16 05:22:33.53, 1, 51000]
[EL Finer]: transaction: 2016-06-16 05:22:33.536--ClientSession(744607034)--Connection(2034462218)--Thread(Thread[Test worker,5,main])--commit transaction
[EL Finest]: connection: 2016-06-16 05:22:33.94--ServerSession(166674373)--Connection(618912052)--Thread(Thread[Test worker,5,main])--Connection released to connection pool [default].
[EL Finer]: transaction: 2016-06-16 05:22:33.941--UnitOfWork(1223209369)--Thread(Thread[Test worker,5,main])--end unit of work commit
[EL Finer]: transaction: 2016-06-16 05:22:33.941--UnitOfWork(1223209369)--Thread(Thread[Test worker,5,main])--resume unit of work
[EL Finer]: transaction: 2016-06-16 05:22:33.941--UnitOfWork(1223209369)--Thread(Thread[Test worker,5,main])--release unit of work
[EL Finer]: connection: 2016-06-16 05:22:33.941--ClientSession(744607034)--Thread(Thread[Test worker,5,main])--client released
[EL Finer]: connection: 2016-06-16 05:22:33.942--ServerSession(166674373)--Thread(Thread[Test worker,5,main])--client acquired: 1865136719
[EL Finer]: transaction: 2016-06-16 05:22:33.942--ClientSession(1865136719)--Thread(Thread[Test worker,5,main])--acquire unit of work: 534040974
[EL Finest]: connection: 2016-06-16 05:22:33.942--ServerSession(166674373)--Connection(1292489205)--Thread(Thread[Test worker,5,main])--Connection acquired from connection pool [default].
[EL Finer]: transaction: 2016-06-16 05:22:33.942--ClientSession(1865136719)--Connection(1292489205)--Thread(Thread[Test worker,5,main])--begin transaction
[EL Finest]: connection: 2016-06-16 05:22:33.942--ClientSession(1865136719)--Thread(Thread[Test worker,5,main])--reconnecting to external connection pool
[EL Finest]: transaction: 2016-06-16 05:22:33.947--UnitOfWork(534040974)--Thread(Thread[Test worker,5,main])--persist() operation called on: oyHANHeAU6bDgfdYGCsDXWayF7FeiLRrzyObj27lx7QDgr2F0u,8200.0,-6560.0.
[EL Finest]: sequencing: 2016-06-16 05:22:33.947--UnitOfWork(534040974)--Thread(Thread[Test worker,5,main])--assign sequence to the object (C1BC6D54-3E4B-4D65-8DA8-13AE470007DA -> oyHANHeAU6bDgfdYGCsDXWayF7FeiLRrzyObj27lx7QDgr2F0u,8200.0,-6560.0)
[EL Finer]: transaction: 2016-06-16 05:22:33.948--UnitOfWork(534040974)--Thread(Thread[Test worker,5,main])--begin unit of work commit
[EL Finest]: query: 2016-06-16 05:22:33.948--UnitOfWork(534040974)--Thread(Thread[Test worker,5,main])--Execute query InsertObjectQuery(oyHANHeAU6bDgfdYGCsDXWayF7FeiLRrzyObj27lx7QDgr2F0u,8200.0,-6560.0)
[EL Fine]: sql: 2016-06-16 05:22:33.948--ClientSession(1865136719)--Connection(379457193)--Thread(Thread[Test worker,5,main])--INSERT INTO ast_Distributor_M (distributorcode, distributorname, lattitude, longitude, regioncode, versionId, createdBy, createdDate, updatedBy, updatedDate, activeStatus, txnAccessCode) VALUES (?, ?, ?, ?, ?, ?, ?, ?, ?, ?, ?, ?)
	bind => [C1BC6D54-3E4B-4D65-8DA8-13AE470007DA, oyHANHeAU6bDgfdYGCsDXWayF7FeiLRrzyObj27lx7QDgr2F0u, -6560.0, 8200.0, B4916A6E-FB95-45F5-B8F0-729C30BC770F, 1, AAAAA, 2016-06-16 05:22:33.53, AAAAA, 2016-06-16 05:22:33.53, 1, 51000]
[EL Finer]: transaction: 2016-06-16 05:22:33.951--ClientSession(1865136719)--Connection(379457193)--Thread(Thread[Test worker,5,main])--commit transaction
[EL Finest]: connection: 2016-06-16 05:22:34.757--ServerSession(166674373)--Connection(1292489205)--Thread(Thread[Test worker,5,main])--Connection released to connection pool [default].
[EL Finer]: transaction: 2016-06-16 05:22:34.757--UnitOfWork(534040974)--Thread(Thread[Test worker,5,main])--end unit of work commit
[EL Finer]: transaction: 2016-06-16 05:22:34.757--UnitOfWork(534040974)--Thread(Thread[Test worker,5,main])--resume unit of work
[EL Finer]: transaction: 2016-06-16 05:22:34.758--UnitOfWork(534040974)--Thread(Thread[Test worker,5,main])--release unit of work
[EL Finer]: connection: 2016-06-16 05:22:34.758--ClientSession(1865136719)--Thread(Thread[Test worker,5,main])--client released
Setting logged in user info for ADD
[EL Finer]: connection: 2016-06-16 05:22:34.76--ServerSession(166674373)--Thread(Thread[Test worker,5,main])--client acquired: 802621310
[EL Finer]: transaction: 2016-06-16 05:22:34.76--ClientSession(802621310)--Thread(Thread[Test worker,5,main])--acquire unit of work: 1311570363
[EL Finest]: connection: 2016-06-16 05:22:34.761--ServerSession(166674373)--Connection(1790938133)--Thread(Thread[Test worker,5,main])--Connection acquired from connection pool [default].
[EL Finer]: transaction: 2016-06-16 05:22:34.761--ClientSession(802621310)--Connection(1790938133)--Thread(Thread[Test worker,5,main])--begin transaction
[EL Finest]: connection: 2016-06-16 05:22:34.761--ClientSession(802621310)--Thread(Thread[Test worker,5,main])--reconnecting to external connection pool
[EL Finest]: transaction: 2016-06-16 05:22:34.763--UnitOfWork(1311570363)--Thread(Thread[Test worker,5,main])--persist() operation called on: QmdlEVP4latgghNSOYayov3gEucO0nkU84Z8maiA0O6CJsau7J.
[EL Finest]: sequencing: 2016-06-16 05:22:34.763--UnitOfWork(1311570363)--Thread(Thread[Test worker,5,main])--assign sequence to the object (4AC2B1A2-0234-4173-B569-0A2A276CB524 -> QmdlEVP4latgghNSOYayov3gEucO0nkU84Z8maiA0O6CJsau7J)
[EL Finer]: transaction: 2016-06-16 05:22:34.764--UnitOfWork(1311570363)--Thread(Thread[Test worker,5,main])--begin unit of work commit
[EL Finest]: query: 2016-06-16 05:22:34.764--UnitOfWork(1311570363)--Thread(Thread[Test worker,5,main])--Execute query InsertObjectQuery(QmdlEVP4latgghNSOYayov3gEucO0nkU84Z8maiA0O6CJsau7J)
[EL Fine]: sql: 2016-06-16 05:22:34.765--ClientSession(802621310)--Connection(1061969523)--Thread(Thread[Test worker,5,main])--INSERT INTO ast_Retailer_M (retailercode, distributorcode, retailername, versionId, createdBy, createdDate, updatedBy, updatedDate, activeStatus, txnAccessCode) VALUES (?, ?, ?, ?, ?, ?, ?, ?, ?, ?)
	bind => [4AC2B1A2-0234-4173-B569-0A2A276CB524, C1BC6D54-3E4B-4D65-8DA8-13AE470007DA, QmdlEVP4latgghNSOYayov3gEucO0nkU84Z8maiA0O6CJsau7J, 1, AAAAA, 2016-06-16 05:22:34.758, AAAAA, 2016-06-16 05:22:34.758, 1, 51000]
[EL Finer]: transaction: 2016-06-16 05:22:35.039--ClientSession(802621310)--Connection(1061969523)--Thread(Thread[Test worker,5,main])--commit transaction
[EL Finest]: connection: 2016-06-16 05:22:35.13--ServerSession(166674373)--Connection(1790938133)--Thread(Thread[Test worker,5,main])--Connection released to connection pool [default].
[EL Finer]: transaction: 2016-06-16 05:22:35.131--UnitOfWork(1311570363)--Thread(Thread[Test worker,5,main])--end unit of work commit
[EL Finer]: transaction: 2016-06-16 05:22:35.131--UnitOfWork(1311570363)--Thread(Thread[Test worker,5,main])--resume unit of work
[EL Finer]: transaction: 2016-06-16 05:22:35.131--UnitOfWork(1311570363)--Thread(Thread[Test worker,5,main])--release unit of work
[EL Finer]: connection: 2016-06-16 05:22:35.131--ClientSession(802621310)--Thread(Thread[Test worker,5,main])--client released
[EL Finer]: connection: 2016-06-16 05:22:35.141--ServerSession(166674373)--Thread(Thread[Test worker,5,main])--client acquired: 1190089761
[EL Finer]: transaction: 2016-06-16 05:22:35.142--ClientSession(1190089761)--Thread(Thread[Test worker,5,main])--acquire unit of work: 175924969
[EL Finest]: connection: 2016-06-16 05:22:35.142--ServerSession(166674373)--Connection(1833455711)--Thread(Thread[Test worker,5,main])--Connection acquired from connection pool [default].
[EL Finer]: transaction: 2016-06-16 05:22:35.142--ClientSession(1190089761)--Connection(1833455711)--Thread(Thread[Test worker,5,main])--begin transaction
[EL Finest]: connection: 2016-06-16 05:22:35.142--ClientSession(1190089761)--Thread(Thread[Test worker,5,main])--reconnecting to external connection pool
[EL Finer]: transaction: 2016-06-16 05:22:35.144--UnitOfWork(175924969)--Thread(Thread[Test worker,5,main])--begin unit of work flush
[EL Finer]: transaction: 2016-06-16 05:22:35.144--UnitOfWork(175924969)--Thread(Thread[Test worker,5,main])--end unit of work flush
[EL Finest]: query: 2016-06-16 05:22:35.144--UnitOfWork(175924969)--Thread(Thread[Test worker,5,main])--Execute query ReadAllQuery(name="Retailer.findById" referenceClass=Retailer sql="SELECT retailercode, distributorcode, retailername, versionId, createdBy, createdDate, updatedBy, updatedDate, activeStatus, txnAccessCode FROM ast_Retailer_M WHERE ((activeStatus = ?) AND (retailercode = ?))")
[EL Fine]: sql: 2016-06-16 05:22:35.15--ClientSession(1190089761)--Connection(1621118604)--Thread(Thread[Test worker,5,main])--SELECT retailercode, distributorcode, retailername, versionId, createdBy, createdDate, updatedBy, updatedDate, activeStatus, txnAccessCode FROM ast_Retailer_M WHERE ((activeStatus = ?) AND (retailercode = ?))
	bind => [1, 4AC2B1A2-0234-4173-B569-0A2A276CB524]
[EL Finer]: transaction: 2016-06-16 05:22:35.159--UnitOfWork(175924969)--Thread(Thread[Test worker,5,main])--begin unit of work commit
[EL Finer]: transaction: 2016-06-16 05:22:35.159--ClientSession(1190089761)--Connection(1621118604)--Thread(Thread[Test worker,5,main])--commit transaction
[EL Finest]: connection: 2016-06-16 05:22:35.16--ServerSession(166674373)--Connection(1833455711)--Thread(Thread[Test worker,5,main])--Connection released to connection pool [default].
[EL Finer]: transaction: 2016-06-16 05:22:35.16--UnitOfWork(175924969)--Thread(Thread[Test worker,5,main])--end unit of work commit
[EL Finer]: transaction: 2016-06-16 05:22:35.16--UnitOfWork(175924969)--Thread(Thread[Test worker,5,main])--resume unit of work
[EL Finer]: transaction: 2016-06-16 05:22:35.161--UnitOfWork(175924969)--Thread(Thread[Test worker,5,main])--release unit of work
[EL Finer]: connection: 2016-06-16 05:22:35.161--ClientSession(1190089761)--Thread(Thread[Test worker,5,main])--client released
Setting logged in user info for UPDATE
[EL Finer]: connection: 2016-06-16 05:22:35.162--ServerSession(166674373)--Thread(Thread[Test worker,5,main])--client acquired: 1366469062
[EL Finer]: transaction: 2016-06-16 05:22:35.162--ClientSession(1366469062)--Thread(Thread[Test worker,5,main])--acquire unit of work: 1055404016
[EL Finest]: connection: 2016-06-16 05:22:35.162--ServerSession(166674373)--Connection(2107856339)--Thread(Thread[Test worker,5,main])--Connection acquired from connection pool [default].
[EL Finer]: transaction: 2016-06-16 05:22:35.162--ClientSession(1366469062)--Connection(2107856339)--Thread(Thread[Test worker,5,main])--begin transaction
[EL Finest]: connection: 2016-06-16 05:22:35.162--ClientSession(1366469062)--Thread(Thread[Test worker,5,main])--reconnecting to external connection pool
[EL Finest]: transaction: 2016-06-16 05:22:35.165--UnitOfWork(1055404016)--Thread(Thread[Test worker,5,main])--Merge clone with references YGQwgCF5w1I25yckndYrbmaWZ0l7nqIQNMj4h8RZm4FhAfkFNz
[EL Finest]: query: 2016-06-16 05:22:35.166--UnitOfWork(1055404016)--Thread(Thread[Test worker,5,main])--Execute query ReadObjectQuery(referenceClass=Retailer )
[EL Fine]: sql: 2016-06-16 05:22:35.166--ClientSession(1366469062)--Connection(1268644964)--Thread(Thread[Test worker,5,main])--SELECT retailercode, distributorcode, retailername, versionId, createdBy, createdDate, updatedBy, updatedDate, activeStatus, txnAccessCode FROM ast_Retailer_M WHERE (retailercode = ?)
	bind => [4AC2B1A2-0234-4173-B569-0A2A276CB524]
[EL Finer]: transaction: 2016-06-16 05:22:35.168--UnitOfWork(1055404016)--Thread(Thread[Test worker,5,main])--begin unit of work commit
[EL Finest]: query: 2016-06-16 05:22:35.168--UnitOfWork(1055404016)--Thread(Thread[Test worker,5,main])--Execute query UpdateObjectQuery(YGQwgCF5w1I25yckndYrbmaWZ0l7nqIQNMj4h8RZm4FhAfkFNz)
[EL Fine]: sql: 2016-06-16 05:22:35.169--ClientSession(1366469062)--Connection(1268644964)--Thread(Thread[Test worker,5,main])--UPDATE ast_Retailer_M SET retailername = ?, versionId = ? WHERE ((retailercode = ?) AND (versionId = ?))
	bind => [YGQwgCF5w1I25yckndYrbmaWZ0l7nqIQNMj4h8RZm4FhAfkFNz, 2, 4AC2B1A2-0234-4173-B569-0A2A276CB524, 1]
[EL Finer]: transaction: 2016-06-16 05:22:35.17--ClientSession(1366469062)--Connection(1268644964)--Thread(Thread[Test worker,5,main])--commit transaction
[EL Finest]: connection: 2016-06-16 05:22:35.302--ServerSession(166674373)--Connection(2107856339)--Thread(Thread[Test worker,5,main])--Connection released to connection pool [default].
[EL Finer]: transaction: 2016-06-16 05:22:35.302--UnitOfWork(1055404016)--Thread(Thread[Test worker,5,main])--end unit of work commit
[EL Finer]: transaction: 2016-06-16 05:22:35.303--UnitOfWork(1055404016)--Thread(Thread[Test worker,5,main])--resume unit of work
[EL Finer]: transaction: 2016-06-16 05:22:35.303--UnitOfWork(1055404016)--Thread(Thread[Test worker,5,main])--release unit of work
[EL Finer]: connection: 2016-06-16 05:22:35.303--ClientSession(1366469062)--Thread(Thread[Test worker,5,main])--client released
[EL Finer]: connection: 2016-06-16 05:22:35.312--ServerSession(166674373)--Thread(Thread[Test worker,5,main])--client acquired: 432278186
[EL Finer]: transaction: 2016-06-16 05:22:35.313--ClientSession(432278186)--Thread(Thread[Test worker,5,main])--acquire unit of work: 362294301
[EL Finest]: connection: 2016-06-16 05:22:35.313--ServerSession(166674373)--Connection(964177662)--Thread(Thread[Test worker,5,main])--Connection acquired from connection pool [default].
[EL Finer]: transaction: 2016-06-16 05:22:35.313--ClientSession(432278186)--Connection(964177662)--Thread(Thread[Test worker,5,main])--begin transaction
[EL Finest]: connection: 2016-06-16 05:22:35.313--ClientSession(432278186)--Thread(Thread[Test worker,5,main])--reconnecting to external connection pool
[EL Finer]: transaction: 2016-06-16 05:22:35.314--UnitOfWork(362294301)--Thread(Thread[Test worker,5,main])--begin unit of work flush
[EL Finer]: transaction: 2016-06-16 05:22:35.314--UnitOfWork(362294301)--Thread(Thread[Test worker,5,main])--end unit of work flush
[EL Finest]: query: 2016-06-16 05:22:35.314--UnitOfWork(362294301)--Thread(Thread[Test worker,5,main])--Execute query ReadAllQuery(name="Retailer.findById" referenceClass=Retailer sql="SELECT retailercode, distributorcode, retailername, versionId, createdBy, createdDate, updatedBy, updatedDate, activeStatus, txnAccessCode FROM ast_Retailer_M WHERE ((activeStatus = ?) AND (retailercode = ?))")
[EL Fine]: sql: 2016-06-16 05:22:35.315--ClientSession(432278186)--Connection(78446179)--Thread(Thread[Test worker,5,main])--SELECT retailercode, distributorcode, retailername, versionId, createdBy, createdDate, updatedBy, updatedDate, activeStatus, txnAccessCode FROM ast_Retailer_M WHERE ((activeStatus = ?) AND (retailercode = ?))
	bind => [1, 4AC2B1A2-0234-4173-B569-0A2A276CB524]
[EL Finer]: transaction: 2016-06-16 05:22:35.323--UnitOfWork(362294301)--Thread(Thread[Test worker,5,main])--begin unit of work commit
[EL Finer]: transaction: 2016-06-16 05:22:35.323--ClientSession(432278186)--Connection(78446179)--Thread(Thread[Test worker,5,main])--commit transaction
[EL Finest]: connection: 2016-06-16 05:22:35.324--ServerSession(166674373)--Connection(964177662)--Thread(Thread[Test worker,5,main])--Connection released to connection pool [default].
[EL Finer]: transaction: 2016-06-16 05:22:35.324--UnitOfWork(362294301)--Thread(Thread[Test worker,5,main])--end unit of work commit
[EL Finer]: transaction: 2016-06-16 05:22:35.324--UnitOfWork(362294301)--Thread(Thread[Test worker,5,main])--resume unit of work
[EL Finer]: transaction: 2016-06-16 05:22:35.324--UnitOfWork(362294301)--Thread(Thread[Test worker,5,main])--release unit of work
[EL Finer]: connection: 2016-06-16 05:22:35.325--ClientSession(432278186)--Thread(Thread[Test worker,5,main])--client released
[EL Finer]: connection: 2016-06-16 05:22:35.335--ServerSession(166674373)--Thread(Thread[Test worker,5,main])--client acquired: 609729836
[EL Finer]: transaction: 2016-06-16 05:22:35.336--ClientSession(609729836)--Thread(Thread[Test worker,5,main])--acquire unit of work: 2084873815
[EL Finest]: connection: 2016-06-16 05:22:35.336--ServerSession(166674373)--Connection(2131024253)--Thread(Thread[Test worker,5,main])--Connection acquired from connection pool [default].
[EL Finer]: transaction: 2016-06-16 05:22:35.336--ClientSession(609729836)--Connection(2131024253)--Thread(Thread[Test worker,5,main])--begin transaction
[EL Finest]: connection: 2016-06-16 05:22:35.336--ClientSession(609729836)--Thread(Thread[Test worker,5,main])--reconnecting to external connection pool
[EL Finer]: transaction: 2016-06-16 05:22:35.342--UnitOfWork(2084873815)--Thread(Thread[Test worker,5,main])--begin unit of work flush
[EL Finer]: transaction: 2016-06-16 05:22:35.342--UnitOfWork(2084873815)--Thread(Thread[Test worker,5,main])--end unit of work flush
[EL Finest]: query: 2016-06-16 05:22:35.342--UnitOfWork(2084873815)--Thread(Thread[Test worker,5,main])--Execute query ReadAllQuery(name="Retailer.findByDistributorcode" referenceClass=Retailer sql="SELECT retailercode, distributorcode, retailername, versionId, createdBy, createdDate, updatedBy, updatedDate, activeStatus, txnAccessCode FROM ast_Retailer_M WHERE ((activeStatus = ?) AND (distributorcode = ?))")
[EL Fine]: sql: 2016-06-16 05:22:35.342--ClientSession(609729836)--Connection(605768503)--Thread(Thread[Test worker,5,main])--SELECT retailercode, distributorcode, retailername, versionId, createdBy, createdDate, updatedBy, updatedDate, activeStatus, txnAccessCode FROM ast_Retailer_M WHERE ((activeStatus = ?) AND (distributorcode = ?))
	bind => [1, C1BC6D54-3E4B-4D65-8DA8-13AE470007DA]
[EL Finer]: transaction: 2016-06-16 05:22:35.345--UnitOfWork(2084873815)--Thread(Thread[Test worker,5,main])--begin unit of work commit
[EL Finer]: transaction: 2016-06-16 05:22:35.346--ClientSession(609729836)--Connection(605768503)--Thread(Thread[Test worker,5,main])--commit transaction
[EL Finest]: connection: 2016-06-16 05:22:35.346--ServerSession(166674373)--Connection(2131024253)--Thread(Thread[Test worker,5,main])--Connection released to connection pool [default].
[EL Finer]: transaction: 2016-06-16 05:22:35.346--UnitOfWork(2084873815)--Thread(Thread[Test worker,5,main])--end unit of work commit
[EL Finer]: transaction: 2016-06-16 05:22:35.346--UnitOfWork(2084873815)--Thread(Thread[Test worker,5,main])--resume unit of work
[EL Finer]: transaction: 2016-06-16 05:22:35.346--UnitOfWork(2084873815)--Thread(Thread[Test worker,5,main])--release unit of work
[EL Finer]: connection: 2016-06-16 05:22:35.346--ClientSession(609729836)--Thread(Thread[Test worker,5,main])--client released
[EL Finer]: connection: 2016-06-16 05:22:35.418--ServerSession(166674373)--Thread(Thread[Test worker,5,main])--client acquired: 171396757
[EL Finer]: transaction: 2016-06-16 05:22:35.419--ClientSession(171396757)--Thread(Thread[Test worker,5,main])--acquire unit of work: 889724272
[EL Finest]: connection: 2016-06-16 05:22:35.419--ServerSession(166674373)--Connection(667205443)--Thread(Thread[Test worker,5,main])--Connection acquired from connection pool [default].
[EL Finer]: transaction: 2016-06-16 05:22:35.419--ClientSession(171396757)--Connection(667205443)--Thread(Thread[Test worker,5,main])--begin transaction
[EL Finest]: connection: 2016-06-16 05:22:35.419--ClientSession(171396757)--Thread(Thread[Test worker,5,main])--reconnecting to external connection pool
[EL Finest]: query: 2016-06-16 05:22:35.433--UnitOfWork(889724272)--Thread(Thread[Test worker,5,main])--Execute query ReadObjectQuery(name="readRetailer" referenceClass=Retailer sql="SELECT retailercode, distributorcode, retailername, versionId, createdBy, createdDate, updatedBy, updatedDate, activeStatus, txnAccessCode FROM ast_Retailer_M WHERE (retailercode = ?)")
[EL Fine]: sql: 2016-06-16 05:22:35.434--ClientSession(171396757)--Connection(1491820028)--Thread(Thread[Test worker,5,main])--SELECT retailercode, distributorcode, retailername, versionId, createdBy, createdDate, updatedBy, updatedDate, activeStatus, txnAccessCode FROM ast_Retailer_M WHERE (retailercode = ?)
	bind => [4AC2B1A2-0234-4173-B569-0A2A276CB524]
[EL Finest]: transaction: 2016-06-16 05:22:35.44--UnitOfWork(889724272)--Thread(Thread[Test worker,5,main])--remove() operation called on: YGQwgCF5w1I25yckndYrbmaWZ0l7nqIQNMj4h8RZm4FhAfkFNz
[EL Finer]: transaction: 2016-06-16 05:22:35.44--UnitOfWork(889724272)--Thread(Thread[Test worker,5,main])--begin unit of work commit
[EL Finest]: query: 2016-06-16 05:22:35.44--UnitOfWork(889724272)--Thread(Thread[Test worker,5,main])--Execute query DoesExistQuery(referenceClass=Retailer )
[EL Finest]: query: 2016-06-16 05:22:35.44--UnitOfWork(889724272)--Thread(Thread[Test worker,5,main])--Execute query DeleteObjectQuery(YGQwgCF5w1I25yckndYrbmaWZ0l7nqIQNMj4h8RZm4FhAfkFNz)
[EL Fine]: sql: 2016-06-16 05:22:35.441--ClientSession(171396757)--Connection(1491820028)--Thread(Thread[Test worker,5,main])--DELETE FROM ast_Retailer_M WHERE ((retailercode = ?) AND (versionId = ?))
	bind => [4AC2B1A2-0234-4173-B569-0A2A276CB524, 2]
[EL Finer]: transaction: 2016-06-16 05:22:35.442--ClientSession(171396757)--Connection(1491820028)--Thread(Thread[Test worker,5,main])--commit transaction
[EL Finest]: connection: 2016-06-16 05:22:35.613--ServerSession(166674373)--Connection(667205443)--Thread(Thread[Test worker,5,main])--Connection released to connection pool [default].
[EL Finer]: transaction: 2016-06-16 05:22:35.613--UnitOfWork(889724272)--Thread(Thread[Test worker,5,main])--end unit of work commit
[EL Finer]: transaction: 2016-06-16 05:22:35.613--UnitOfWork(889724272)--Thread(Thread[Test worker,5,main])--resume unit of work
[EL Finer]: transaction: 2016-06-16 05:22:35.614--UnitOfWork(889724272)--Thread(Thread[Test worker,5,main])--release unit of work
[EL Finer]: connection: 2016-06-16 05:22:35.614--ClientSession(171396757)--Thread(Thread[Test worker,5,main])--client released
[EL Finer]: connection: 2016-06-16 05:22:35.614--ServerSession(166674373)--Thread(Thread[Test worker,5,main])--client acquired: 926347254
[EL Finer]: transaction: 2016-06-16 05:22:35.614--ClientSession(926347254)--Thread(Thread[Test worker,5,main])--acquire unit of work: 2009340875
[EL Finest]: connection: 2016-06-16 05:22:35.614--ServerSession(166674373)--Connection(1811737050)--Thread(Thread[Test worker,5,main])--Connection acquired from connection pool [default].
[EL Finer]: transaction: 2016-06-16 05:22:35.614--ClientSession(926347254)--Connection(1811737050)--Thread(Thread[Test worker,5,main])--begin transaction
[EL Finest]: connection: 2016-06-16 05:22:35.615--ClientSession(926347254)--Thread(Thread[Test worker,5,main])--reconnecting to external connection pool
[EL Finest]: query: 2016-06-16 05:22:35.616--UnitOfWork(2009340875)--Thread(Thread[Test worker,5,main])--Execute query ReadObjectQuery(name="readDistributor" referenceClass=Distributor sql="SELECT distributorcode, distributorname, lattitude, longitude, regioncode, versionId, createdBy, createdDate, updatedBy, updatedDate, activeStatus, txnAccessCode FROM ast_Distributor_M WHERE (distributorcode = ?)")
[EL Fine]: sql: 2016-06-16 05:22:35.616--ClientSession(926347254)--Connection(545514502)--Thread(Thread[Test worker,5,main])--SELECT distributorcode, distributorname, lattitude, longitude, regioncode, versionId, createdBy, createdDate, updatedBy, updatedDate, activeStatus, txnAccessCode FROM ast_Distributor_M WHERE (distributorcode = ?)
	bind => [C1BC6D54-3E4B-4D65-8DA8-13AE470007DA]
[EL Finest]: transaction: 2016-06-16 05:22:35.618--UnitOfWork(2009340875)--Thread(Thread[Test worker,5,main])--remove() operation called on: oyHANHeAU6bDgfdYGCsDXWayF7FeiLRrzyObj27lx7QDgr2F0u,8200.0,-6560.0
[EL Finer]: transaction: 2016-06-16 05:22:35.618--UnitOfWork(2009340875)--Thread(Thread[Test worker,5,main])--begin unit of work commit
[EL Finest]: query: 2016-06-16 05:22:35.619--UnitOfWork(2009340875)--Thread(Thread[Test worker,5,main])--Execute query DoesExistQuery(referenceClass=Distributor )
[EL Finest]: query: 2016-06-16 05:22:35.619--UnitOfWork(2009340875)--Thread(Thread[Test worker,5,main])--Execute query DeleteObjectQuery(oyHANHeAU6bDgfdYGCsDXWayF7FeiLRrzyObj27lx7QDgr2F0u,8200.0,-6560.0)
[EL Fine]: sql: 2016-06-16 05:22:35.619--ClientSession(926347254)--Connection(545514502)--Thread(Thread[Test worker,5,main])--DELETE FROM ast_Distributor_M WHERE ((distributorcode = ?) AND (versionId = ?))
	bind => [C1BC6D54-3E4B-4D65-8DA8-13AE470007DA, 1]
[EL Finer]: transaction: 2016-06-16 05:22:35.621--ClientSession(926347254)--Connection(545514502)--Thread(Thread[Test worker,5,main])--commit transaction
[EL Finest]: connection: 2016-06-16 05:22:35.705--ServerSession(166674373)--Connection(1811737050)--Thread(Thread[Test worker,5,main])--Connection released to connection pool [default].
[EL Finer]: transaction: 2016-06-16 05:22:35.705--UnitOfWork(2009340875)--Thread(Thread[Test worker,5,main])--end unit of work commit
[EL Finer]: transaction: 2016-06-16 05:22:35.705--UnitOfWork(2009340875)--Thread(Thread[Test worker,5,main])--resume unit of work
[EL Finer]: transaction: 2016-06-16 05:22:35.705--UnitOfWork(2009340875)--Thread(Thread[Test worker,5,main])--release unit of work
[EL Finer]: connection: 2016-06-16 05:22:35.705--ClientSession(926347254)--Thread(Thread[Test worker,5,main])--client released
[EL Finer]: connection: 2016-06-16 05:22:35.705--ServerSession(166674373)--Thread(Thread[Test worker,5,main])--client acquired: 379105867
[EL Finer]: transaction: 2016-06-16 05:22:35.705--ClientSession(379105867)--Thread(Thread[Test worker,5,main])--acquire unit of work: 48326020
[EL Finest]: connection: 2016-06-16 05:22:35.706--ServerSession(166674373)--Connection(466599574)--Thread(Thread[Test worker,5,main])--Connection acquired from connection pool [default].
[EL Finer]: transaction: 2016-06-16 05:22:35.706--ClientSession(379105867)--Connection(466599574)--Thread(Thread[Test worker,5,main])--begin transaction
[EL Finest]: connection: 2016-06-16 05:22:35.706--ClientSession(379105867)--Thread(Thread[Test worker,5,main])--reconnecting to external connection pool
[EL Finest]: query: 2016-06-16 05:22:35.707--UnitOfWork(48326020)--Thread(Thread[Test worker,5,main])--Execute query ReadObjectQuery(name="readSalesRegion" referenceClass=SalesRegion sql="SELECT regioncode, regionname, versionId, createdBy, createdDate, updatedBy, updatedDate, activeStatus, txnAccessCode FROM ast_SalesRegion_M WHERE (regioncode = ?)")
[EL Fine]: sql: 2016-06-16 05:22:35.707--ClientSession(379105867)--Connection(366200160)--Thread(Thread[Test worker,5,main])--SELECT regioncode, regionname, versionId, createdBy, createdDate, updatedBy, updatedDate, activeStatus, txnAccessCode FROM ast_SalesRegion_M WHERE (regioncode = ?)
	bind => [B4916A6E-FB95-45F5-B8F0-729C30BC770F]
[EL Finest]: transaction: 2016-06-16 05:22:35.708--UnitOfWork(48326020)--Thread(Thread[Test worker,5,main])--remove() operation called on: 9GARQDQPrQwUP5BxjRVbvYVJq2pktuv0DPJKMKzcnEbt1RTz7B
[EL Finer]: transaction: 2016-06-16 05:22:35.709--UnitOfWork(48326020)--Thread(Thread[Test worker,5,main])--begin unit of work commit
[EL Finest]: query: 2016-06-16 05:22:35.709--UnitOfWork(48326020)--Thread(Thread[Test worker,5,main])--Execute query DoesExistQuery(referenceClass=SalesRegion )
[EL Finest]: query: 2016-06-16 05:22:35.709--UnitOfWork(48326020)--Thread(Thread[Test worker,5,main])--Execute query DeleteObjectQuery(9GARQDQPrQwUP5BxjRVbvYVJq2pktuv0DPJKMKzcnEbt1RTz7B)
[EL Fine]: sql: 2016-06-16 05:22:35.709--ClientSession(379105867)--Connection(366200160)--Thread(Thread[Test worker,5,main])--DELETE FROM ast_SalesRegion_M WHERE ((regioncode = ?) AND (versionId = ?))
	bind => [B4916A6E-FB95-45F5-B8F0-729C30BC770F, 1]
[EL Finer]: transaction: 2016-06-16 05:22:35.711--ClientSession(379105867)--Connection(366200160)--Thread(Thread[Test worker,5,main])--commit transaction
[EL Finest]: connection: 2016-06-16 05:22:35.755--ServerSession(166674373)--Connection(466599574)--Thread(Thread[Test worker,5,main])--Connection released to connection pool [default].
[EL Finer]: transaction: 2016-06-16 05:22:35.755--UnitOfWork(48326020)--Thread(Thread[Test worker,5,main])--end unit of work commit
[EL Finer]: transaction: 2016-06-16 05:22:35.755--UnitOfWork(48326020)--Thread(Thread[Test worker,5,main])--resume unit of work
[EL Finer]: transaction: 2016-06-16 05:22:35.755--UnitOfWork(48326020)--Thread(Thread[Test worker,5,main])--release unit of work
[EL Finer]: connection: 2016-06-16 05:22:35.755--ClientSession(379105867)--Thread(Thread[Test worker,5,main])--client released
]]></system-out>
  <system-err><![CDATA[Retailer.retailername may not be null
java.lang.SecurityException: Retailer.retailername may not be null
	at com.athena.server.pluggable.utils.helper.EntityValidatorHelper.validateEntity(EntityValidatorHelper.java:37)
	at com.sales.app.shared.salesboundedcontext.sales.Retailer.isValid(Retailer.java:148)
	at com.sales.app.server.service.salesboundedcontext.sales.RetailerTestCase.validateRetailer(RetailerTestCase.java:221)
	at com.sales.app.server.service.salesboundedcontext.sales.RetailerTestCase.test5NegativeTesting(RetailerTestCase.java:252)
	at sun.reflect.NativeMethodAccessorImpl.invoke0(Native Method)
	at sun.reflect.NativeMethodAccessorImpl.invoke(NativeMethodAccessorImpl.java:57)
	at sun.reflect.DelegatingMethodAccessorImpl.invoke(DelegatingMethodAccessorImpl.java:43)
	at java.lang.reflect.Method.invoke(Method.java:606)
	at org.junit.runners.model.FrameworkMethod$1.runReflectiveCall(FrameworkMethod.java:47)
	at org.junit.internal.runners.model.ReflectiveCallable.run(ReflectiveCallable.java:12)
	at org.junit.runners.model.FrameworkMethod.invokeExplosively(FrameworkMethod.java:44)
	at org.junit.internal.runners.statements.InvokeMethod.evaluate(InvokeMethod.java:17)
	at org.junit.internal.runners.statements.RunBefores.evaluate(RunBefores.java:26)
	at org.springframework.test.context.junit4.statements.RunBeforeTestMethodCallbacks.evaluate(RunBeforeTestMethodCallbacks.java:74)
	at org.junit.internal.runners.statements.RunAfters.evaluate(RunAfters.java:27)
	at org.springframework.test.context.junit4.statements.RunAfterTestMethodCallbacks.evaluate(RunAfterTestMethodCallbacks.java:83)
	at org.springframework.test.context.junit4.statements.SpringRepeat.evaluate(SpringRepeat.java:72)
	at org.springframework.test.context.junit4.SpringJUnit4ClassRunner.runChild(SpringJUnit4ClassRunner.java:233)
	at org.springframework.test.context.junit4.SpringJUnit4ClassRunner.runChild(SpringJUnit4ClassRunner.java:87)
	at org.junit.runners.ParentRunner$3.run(ParentRunner.java:238)
	at org.junit.runners.ParentRunner$1.schedule(ParentRunner.java:63)
	at org.junit.runners.ParentRunner.runChildren(ParentRunner.java:236)
	at org.junit.runners.ParentRunner.access$000(ParentRunner.java:53)
	at org.junit.runners.ParentRunner$2.evaluate(ParentRunner.java:229)
	at org.junit.internal.runners.statements.RunBefores.evaluate(RunBefores.java:26)
	at org.springframework.test.context.junit4.statements.RunBeforeTestClassCallbacks.evaluate(RunBeforeTestClassCallbacks.java:61)
	at org.springframework.test.context.junit4.statements.RunAfterTestClassCallbacks.evaluate(RunAfterTestClassCallbacks.java:71)
	at org.junit.runners.ParentRunner.run(ParentRunner.java:309)
	at org.springframework.test.context.junit4.SpringJUnit4ClassRunner.run(SpringJUnit4ClassRunner.java:176)
	at org.gradle.api.internal.tasks.testing.junit.JUnitTestClassExecuter.runTestClass(JUnitTestClassExecuter.java:86)
	at org.gradle.api.internal.tasks.testing.junit.JUnitTestClassExecuter.execute(JUnitTestClassExecuter.java:49)
	at org.gradle.api.internal.tasks.testing.junit.JUnitTestClassProcessor.processTestClass(JUnitTestClassProcessor.java:64)
	at org.gradle.api.internal.tasks.testing.SuiteTestClassProcessor.processTestClass(SuiteTestClassProcessor.java:50)
	at sun.reflect.NativeMethodAccessorImpl.invoke0(Native Method)
	at sun.reflect.NativeMethodAccessorImpl.invoke(NativeMethodAccessorImpl.java:57)
	at sun.reflect.DelegatingMethodAccessorImpl.invoke(DelegatingMethodAccessorImpl.java:43)
	at java.lang.reflect.Method.invoke(Method.java:606)
	at org.gradle.messaging.dispatch.ReflectionDispatch.dispatch(ReflectionDispatch.java:35)
	at org.gradle.messaging.dispatch.ReflectionDispatch.dispatch(ReflectionDispatch.java:24)
	at org.gradle.messaging.dispatch.ContextClassLoaderDispatch.dispatch(ContextClassLoaderDispatch.java:32)
	at org.gradle.messaging.dispatch.ProxyDispatchAdapter$DispatchingInvocationHandler.invoke(ProxyDispatchAdapter.java:93)
	at com.sun.proxy.$Proxy2.processTestClass(Unknown Source)
	at org.gradle.api.internal.tasks.testing.worker.TestWorker.processTestClass(TestWorker.java:106)
	at sun.reflect.NativeMethodAccessorImpl.invoke0(Native Method)
	at sun.reflect.NativeMethodAccessorImpl.invoke(NativeMethodAccessorImpl.java:57)
	at sun.reflect.DelegatingMethodAccessorImpl.invoke(DelegatingMethodAccessorImpl.java:43)
	at java.lang.reflect.Method.invoke(Method.java:606)
	at org.gradle.messaging.dispatch.ReflectionDispatch.dispatch(ReflectionDispatch.java:35)
	at org.gradle.messaging.dispatch.ReflectionDispatch.dispatch(ReflectionDispatch.java:24)
	at org.gradle.messaging.remote.internal.hub.MessageHub$Handler.run(MessageHub.java:360)
	at org.gradle.internal.concurrent.DefaultExecutorFactory$StoppableExecutorImpl$1.run(DefaultExecutorFactory.java:64)
	at java.util.concurrent.ThreadPoolExecutor.runWorker(ThreadPoolExecutor.java:1145)
	at java.util.concurrent.ThreadPoolExecutor$Worker.run(ThreadPoolExecutor.java:615)
	at java.lang.Thread.run(Thread.java:745)
Retailer.retailername size must be between 0 and 256
java.lang.SecurityException: Retailer.retailername size must be between 0 and 256
	at com.athena.server.pluggable.utils.helper.EntityValidatorHelper.validateEntity(EntityValidatorHelper.java:37)
	at com.sales.app.shared.salesboundedcontext.sales.Retailer.isValid(Retailer.java:148)
	at com.sales.app.server.service.salesboundedcontext.sales.RetailerTestCase.validateRetailer(RetailerTestCase.java:219)
	at com.sales.app.server.service.salesboundedcontext.sales.RetailerTestCase.test5NegativeTesting(RetailerTestCase.java:257)
	at sun.reflect.NativeMethodAccessorImpl.invoke0(Native Method)
	at sun.reflect.NativeMethodAccessorImpl.invoke(NativeMethodAccessorImpl.java:57)
	at sun.reflect.DelegatingMethodAccessorImpl.invoke(DelegatingMethodAccessorImpl.java:43)
	at java.lang.reflect.Method.invoke(Method.java:606)
	at org.junit.runners.model.FrameworkMethod$1.runReflectiveCall(FrameworkMethod.java:47)
	at org.junit.internal.runners.model.ReflectiveCallable.run(ReflectiveCallable.java:12)
	at org.junit.runners.model.FrameworkMethod.invokeExplosively(FrameworkMethod.java:44)
	at org.junit.internal.runners.statements.InvokeMethod.evaluate(InvokeMethod.java:17)
	at org.junit.internal.runners.statements.RunBefores.evaluate(RunBefores.java:26)
	at org.springframework.test.context.junit4.statements.RunBeforeTestMethodCallbacks.evaluate(RunBeforeTestMethodCallbacks.java:74)
	at org.junit.internal.runners.statements.RunAfters.evaluate(RunAfters.java:27)
	at org.springframework.test.context.junit4.statements.RunAfterTestMethodCallbacks.evaluate(RunAfterTestMethodCallbacks.java:83)
	at org.springframework.test.context.junit4.statements.SpringRepeat.evaluate(SpringRepeat.java:72)
	at org.springframework.test.context.junit4.SpringJUnit4ClassRunner.runChild(SpringJUnit4ClassRunner.java:233)
	at org.springframework.test.context.junit4.SpringJUnit4ClassRunner.runChild(SpringJUnit4ClassRunner.java:87)
	at org.junit.runners.ParentRunner$3.run(ParentRunner.java:238)
	at org.junit.runners.ParentRunner$1.schedule(ParentRunner.java:63)
	at org.junit.runners.ParentRunner.runChildren(ParentRunner.java:236)
	at org.junit.runners.ParentRunner.access$000(ParentRunner.java:53)
	at org.junit.runners.ParentRunner$2.evaluate(ParentRunner.java:229)
	at org.junit.internal.runners.statements.RunBefores.evaluate(RunBefores.java:26)
	at org.springframework.test.context.junit4.statements.RunBeforeTestClassCallbacks.evaluate(RunBeforeTestClassCallbacks.java:61)
	at org.springframework.test.context.junit4.statements.RunAfterTestClassCallbacks.evaluate(RunAfterTestClassCallbacks.java:71)
	at org.junit.runners.ParentRunner.run(ParentRunner.java:309)
	at org.springframework.test.context.junit4.SpringJUnit4ClassRunner.run(SpringJUnit4ClassRunner.java:176)
	at org.gradle.api.internal.tasks.testing.junit.JUnitTestClassExecuter.runTestClass(JUnitTestClassExecuter.java:86)
	at org.gradle.api.internal.tasks.testing.junit.JUnitTestClassExecuter.execute(JUnitTestClassExecuter.java:49)
	at org.gradle.api.internal.tasks.testing.junit.JUnitTestClassProcessor.processTestClass(JUnitTestClassProcessor.java:64)
	at org.gradle.api.internal.tasks.testing.SuiteTestClassProcessor.processTestClass(SuiteTestClassProcessor.java:50)
	at sun.reflect.NativeMethodAccessorImpl.invoke0(Native Method)
	at sun.reflect.NativeMethodAccessorImpl.invoke(NativeMethodAccessorImpl.java:57)
	at sun.reflect.DelegatingMethodAccessorImpl.invoke(DelegatingMethodAccessorImpl.java:43)
	at java.lang.reflect.Method.invoke(Method.java:606)
	at org.gradle.messaging.dispatch.ReflectionDispatch.dispatch(ReflectionDispatch.java:35)
	at org.gradle.messaging.dispatch.ReflectionDispatch.dispatch(ReflectionDispatch.java:24)
	at org.gradle.messaging.dispatch.ContextClassLoaderDispatch.dispatch(ContextClassLoaderDispatch.java:32)
	at org.gradle.messaging.dispatch.ProxyDispatchAdapter$DispatchingInvocationHandler.invoke(ProxyDispatchAdapter.java:93)
	at com.sun.proxy.$Proxy2.processTestClass(Unknown Source)
	at org.gradle.api.internal.tasks.testing.worker.TestWorker.processTestClass(TestWorker.java:106)
	at sun.reflect.NativeMethodAccessorImpl.invoke0(Native Method)
	at sun.reflect.NativeMethodAccessorImpl.invoke(NativeMethodAccessorImpl.java:57)
	at sun.reflect.DelegatingMethodAccessorImpl.invoke(DelegatingMethodAccessorImpl.java:43)
	at java.lang.reflect.Method.invoke(Method.java:606)
	at org.gradle.messaging.dispatch.ReflectionDispatch.dispatch(ReflectionDispatch.java:35)
	at org.gradle.messaging.dispatch.ReflectionDispatch.dispatch(ReflectionDispatch.java:24)
	at org.gradle.messaging.remote.internal.hub.MessageHub$Handler.run(MessageHub.java:360)
	at org.gradle.internal.concurrent.DefaultExecutorFactory$StoppableExecutorImpl$1.run(DefaultExecutorFactory.java:64)
	at java.util.concurrent.ThreadPoolExecutor.runWorker(ThreadPoolExecutor.java:1145)
	at java.util.concurrent.ThreadPoolExecutor$Worker.run(ThreadPoolExecutor.java:615)
	at java.lang.Thread.run(Thread.java:745)
]]></system-err>
</testsuite>
