<?xml version="1.0" encoding="UTF-8"?>
<testsuite name="com.sales.app.server.service.appbasicsetup.userrolemanagement.UserRoleBridgeTestCase" tests="7" skipped="0" failures="0" errors="0" timestamp="2016-06-16T05:22:03" hostname="05da525fbf42" time="6.316">
  <properties/>
  <testcase name="test1Save" classname="com.sales.app.server.service.appbasicsetup.userrolemanagement.UserRoleBridgeTestCase" time="2.747"/>
  <testcase name="test2Update" classname="com.sales.app.server.service.appbasicsetup.userrolemanagement.UserRoleBridgeTestCase" time="0.028"/>
  <testcase name="test3FindById" classname="com.sales.app.server.service.appbasicsetup.userrolemanagement.UserRoleBridgeTestCase" time="0.015"/>
  <testcase name="test3findByroleId" classname="com.sales.app.server.service.appbasicsetup.userrolemanagement.UserRoleBridgeTestCase" time="0.016"/>
  <testcase name="test3findByuserId" classname="com.sales.app.server.service.appbasicsetup.userrolemanagement.UserRoleBridgeTestCase" time="0.014"/>
  <testcase name="test5NegativeTesting" classname="com.sales.app.server.service.appbasicsetup.userrolemanagement.UserRoleBridgeTestCase" time="0.008"/>
  <testcase name="test6Delete" classname="com.sales.app.server.service.appbasicsetup.userrolemanagement.UserRoleBridgeTestCase" time="3.484"/>
  <system-out><![CDATA[Thu Jun 16 05:22:03 UTC 2016|Log Manager Factory|Initialization Process started.....
Thu Jun 16 05:22:03 UTC 2016|Log Manager|Initialized with Path = [/home/applifire/workspace/salesdemo/src/main/webapp/WEB-INF/conf]
Thu Jun 16 05:22:03 UTC 2016|Alarm Manager|Initialized with Path = [/home/applifire/workspace/salesdemo/src/main/webapp/WEB-INF/conf]
Thu Jun 16 05:22:03 UTC 2016|Alarm Manager|Loading Alarms ......
Thu Jun 16 05:22:03 UTC 2016|Alarm XML Parser|FWA|XML Parsing Complete........ 
Thu Jun 16 05:22:03 UTC 2016|Alarm File Manager|FWA|Alarm File Status.. [ApplicationFrameworkAlarms.xml]|Version=15|Status=Done 
Thu Jun 16 05:22:03 UTC 2016|Alarm File Manager|FWA|Alarm Stats = ( BC/AL=4/676 SYS=4/10 [676/0]  TPL=0/0 [0/0]  APP= A.Map=[759]  E.Map EC/RC=[322/67] )
Thu Jun 16 05:22:03 UTC 2016|Alarm XML Parser|APP|XML Parsing Complete........ 
Thu Jun 16 05:22:03 UTC 2016|Alarm File Manager|APP|Alarm File Status.. [ApplicationAlarms.xml]|Version=1|Status=Done 
Thu Jun 16 05:22:03 UTC 2016|Alarm File Manager|APP|Alarm Stats = ( BC/AL=7/1174 SYS=4/10 [676/0]  TPL=0/0 [0/0]  APP=3/6 [498/0]  A.Map=[1021]  E.Map EC/RC=[412/89] )
Thu Jun 16 05:22:03 UTC 2016|ApplicationAlarmContext| <><><><><> Create App Alarms ....  <><><><><> 
Thu Jun 16 05:22:03 UTC 2016|ApplicationAlarmContext|Alarms are generated ONLY in Development Mode.. 
Thu Jun 16 05:22:03 UTC 2016|Alarm Manager|APP|Alarm Stats = ( BC/AL=7/1174 SYS=4/10 [676/0]  TPL=0/0 [0/0]  APP=3/6 [498/0]  A.Map=[1021]  E.Map EC/RC=[412/89] )
Thu Jun 16 05:22:03 UTC 2016|Alarm Manager|Initialized Exception Lookup...
Thu Jun 16 05:22:03 UTC 2016|Log Manager|Initialize Log Config File ......
Thu Jun 16 05:22:03 UTC 2016|Pluggable Connectors|Adding Connectors : StandardOutputConnector isEnabled=true isDefault=false isFallBack=true
Thu Jun 16 05:22:03 UTC 2016|Pluggable Connectors|Adding Connectors : StandardFileConnector isEnabled=true isDefault=false isFallBack=false
Thu Jun 16 05:22:03 UTC 2016|Pluggable Connectors|Adding Connectors : Sprinkler isEnabled=true isDefault=true isFallBack=false
Thu Jun 16 05:22:03 UTC 2016|Pluggable Connectors|Default Connector Name : com.spartan.logger.core.LogMessenger
Thu Jun 16 05:22:03 UTC 2016|Log Config Parser|Connector Least Log Level =[4]  FallBack Log Level =[3]
Thu Jun 16 05:22:03 UTC 2016|Log Manager|Loading Default Connector for Logging ......
Thu Jun 16 05:22:03 UTC 2016|Log Manager|Loading class .. com.spartan.logger.core.LogMessenger
Thu Jun 16 05:22:03 UTC 2016|Plugggable Connector|Connector class com.spartan.logger.core.LogMessenger Initialized... @ Log Level = 3
Thu Jun 16 05:22:03 UTC 2016|Log Manager|Starting the Default Connector [com.spartan.logger.core.LogMessenger@2604c7f7] ....
Thu Jun 16 05:22:03 UTC 2016|Scheduler|Starting the Scheduler ......
Thu Jun 16 05:22:03 UTC 2016|Scheduler|Adding [LMID=[96027fc7-c163-4d43-935a-70aaabfd668d]] Delay=5 Time Unit=MINUTES
Thu Jun 16 05:22:03 UTC 2016|Scheduler|Adding [App Alarm Manager File=[ApplicationAlarms.xml]] Delay=30 Time Unit=MINUTES
Thu Jun 16 05:22:03 UTC 2016|Scheduler|Adding [FW Alarm Manager File=[ApplicationFrameworkAlarms.xml]] Delay=3 Time Unit=MINUTES
Thu Jun 16 05:22:03 UTC 2016|Scheduler|Startup Completed..
Thu Jun 16 05:22:03 UTC 2016|Log Manager|Initialization Process Complete ......
Thu Jun 16 05:22:03 UTC 2016|Log Manager Factory|Log Manager READY! ID = 96027fc7-c163-4d43-935a-70aaabfd668d
[EL Finer]: connection: 2016-06-16 05:22:03.813--ServerSession(166674373)--Thread(Thread[Test worker,5,main])--client acquired: 1124802390
[EL Finer]: transaction: 2016-06-16 05:22:03.813--ClientSession(1124802390)--Thread(Thread[Test worker,5,main])--acquire unit of work: 255224189
[EL Finest]: connection: 2016-06-16 05:22:03.814--ServerSession(166674373)--Connection(1028101464)--Thread(Thread[Test worker,5,main])--Connection acquired from connection pool [default].
[EL Finer]: transaction: 2016-06-16 05:22:03.814--ClientSession(1124802390)--Connection(1028101464)--Thread(Thread[Test worker,5,main])--begin transaction
[EL Finest]: connection: 2016-06-16 05:22:03.814--ClientSession(1124802390)--Thread(Thread[Test worker,5,main])--reconnecting to external connection pool
[EL Finest]: transaction: 2016-06-16 05:22:03.819--UnitOfWork(255224189)--Thread(Thread[Test worker,5,main])--persist() operation called on: 51318,TQeX4Cyk7jGNgL2azSFB6cVO0XLpdQJtaDEBezQ8vBMydrWFnW,ckwunkqsiGUjWBaodw0qMJvKIjOEkZ4NTiH90FK0aG30mo7iz1.
[EL Finest]: sequencing: 2016-06-16 05:22:03.82--UnitOfWork(255224189)--Thread(Thread[Test worker,5,main])--assign sequence to the object (90D7A5D2-4876-4D2A-8A71-AF0AC06E6E53 -> 51318,TQeX4Cyk7jGNgL2azSFB6cVO0XLpdQJtaDEBezQ8vBMydrWFnW,ckwunkqsiGUjWBaodw0qMJvKIjOEkZ4NTiH90FK0aG30mo7iz1)
[EL Finer]: transaction: 2016-06-16 05:22:03.82--UnitOfWork(255224189)--Thread(Thread[Test worker,5,main])--begin unit of work commit
[EL Finest]: query: 2016-06-16 05:22:03.821--UnitOfWork(255224189)--Thread(Thread[Test worker,5,main])--Execute query InsertObjectQuery(51318,TQeX4Cyk7jGNgL2azSFB6cVO0XLpdQJtaDEBezQ8vBMydrWFnW,ckwunkqsiGUjWBaodw0qMJvKIjOEkZ4NTiH90FK0aG30mo7iz1)
[EL Fine]: sql: 2016-06-16 05:22:03.821--ClientSession(1124802390)--Connection(534645424)--Thread(Thread[Test worker,5,main])--INSERT INTO ast_UserAccessLevel_M (userAccessLevelId, levelDescription, levelHelp, levelIcon, levelName, userAccessLevel, versionId, createdBy, createdDate, updatedBy, updatedDate, activeStatus, txnAccessCode) VALUES (?, ?, ?, ?, ?, ?, ?, ?, ?, ?, ?, ?, ?)
	bind => [90D7A5D2-4876-4D2A-8A71-AF0AC06E6E53, ckwunkqsiGUjWBaodw0qMJvKIjOEkZ4NTiH90FK0aG30mo7iz1, XQSp9wlMTmCdJAyk0WwceMpeasSIDH3M6fU9TfonmN8ZC3SJSt, W3XKNwlr0U43g8p0VQNasTo6WojizQxaDp6AtBcr1EK0IDqCJq, TQeX4Cyk7jGNgL2azSFB6cVO0XLpdQJtaDEBezQ8vBMydrWFnW, 51318, 1, AAAAA, 2016-06-16 05:22:03.813, AAAAA, 2016-06-16 05:22:03.813, 1, 51000]
[EL Finer]: transaction: 2016-06-16 05:22:03.823--ClientSession(1124802390)--Connection(534645424)--Thread(Thread[Test worker,5,main])--commit transaction
[EL Finest]: connection: 2016-06-16 05:22:04.285--ServerSession(166674373)--Connection(1028101464)--Thread(Thread[Test worker,5,main])--Connection released to connection pool [default].
[EL Finer]: transaction: 2016-06-16 05:22:04.286--UnitOfWork(255224189)--Thread(Thread[Test worker,5,main])--end unit of work commit
[EL Finer]: transaction: 2016-06-16 05:22:04.286--UnitOfWork(255224189)--Thread(Thread[Test worker,5,main])--resume unit of work
[EL Finer]: transaction: 2016-06-16 05:22:04.286--UnitOfWork(255224189)--Thread(Thread[Test worker,5,main])--release unit of work
[EL Finer]: connection: 2016-06-16 05:22:04.287--ClientSession(1124802390)--Thread(Thread[Test worker,5,main])--client released
[EL Finer]: connection: 2016-06-16 05:22:04.288--ServerSession(166674373)--Thread(Thread[Test worker,5,main])--client acquired: 28082359
[EL Finer]: transaction: 2016-06-16 05:22:04.288--ClientSession(28082359)--Thread(Thread[Test worker,5,main])--acquire unit of work: 1681289020
[EL Finest]: connection: 2016-06-16 05:22:04.288--ServerSession(166674373)--Connection(834731914)--Thread(Thread[Test worker,5,main])--Connection acquired from connection pool [default].
[EL Finer]: transaction: 2016-06-16 05:22:04.288--ClientSession(28082359)--Connection(834731914)--Thread(Thread[Test worker,5,main])--begin transaction
[EL Finest]: connection: 2016-06-16 05:22:04.288--ClientSession(28082359)--Thread(Thread[Test worker,5,main])--reconnecting to external connection pool
[EL Finest]: transaction: 2016-06-16 05:22:04.296--UnitOfWork(1681289020)--Thread(Thread[Test worker,5,main])--persist() operation called on: 52023,mXTRU9Ok8Ld3lXGcG2Iez0FENFAPpZuMS3H9ImjOmAWgBzFgMN,mDNL91ARiNjPe8hN6D8m3KuZ0czoXVP0hyCM9dyPldSYzi85Zj.
[EL Finest]: sequencing: 2016-06-16 05:22:04.296--UnitOfWork(1681289020)--Thread(Thread[Test worker,5,main])--assign sequence to the object (F56E0114-C184-46F6-8394-683A3F47627D -> 52023,mXTRU9Ok8Ld3lXGcG2Iez0FENFAPpZuMS3H9ImjOmAWgBzFgMN,mDNL91ARiNjPe8hN6D8m3KuZ0czoXVP0hyCM9dyPldSYzi85Zj)
[EL Finer]: transaction: 2016-06-16 05:22:04.297--UnitOfWork(1681289020)--Thread(Thread[Test worker,5,main])--begin unit of work commit
[EL Finest]: query: 2016-06-16 05:22:04.297--UnitOfWork(1681289020)--Thread(Thread[Test worker,5,main])--Execute query InsertObjectQuery(52023,mXTRU9Ok8Ld3lXGcG2Iez0FENFAPpZuMS3H9ImjOmAWgBzFgMN,mDNL91ARiNjPe8hN6D8m3KuZ0czoXVP0hyCM9dyPldSYzi85Zj)
[EL Fine]: sql: 2016-06-16 05:22:04.298--ClientSession(28082359)--Connection(491409310)--Thread(Thread[Test worker,5,main])--INSERT INTO ast_UserAccessDomain_M (userAccessDomainId, domainDescription, domainHelp, domainIcon, domainName, userAccessDomain, versionId, createdBy, createdDate, updatedBy, updatedDate, activeStatus, txnAccessCode) VALUES (?, ?, ?, ?, ?, ?, ?, ?, ?, ?, ?, ?, ?)
	bind => [F56E0114-C184-46F6-8394-683A3F47627D, mDNL91ARiNjPe8hN6D8m3KuZ0czoXVP0hyCM9dyPldSYzi85Zj, rl9WN5MTpH8FV7JFMewTMxZlPjIysA8qJQIR4I9f8nkDK3r6Di, uzRLZHABL4uR6a3d7j7ZQYK7SKjF9LUHMHYUhCAcs81EkYIWN0, mXTRU9Ok8Ld3lXGcG2Iez0FENFAPpZuMS3H9ImjOmAWgBzFgMN, 52023, 1, AAAAA, 2016-06-16 05:22:04.287, AAAAA, 2016-06-16 05:22:04.287, 1, 51000]
[EL Finer]: transaction: 2016-06-16 05:22:04.301--ClientSession(28082359)--Connection(491409310)--Thread(Thread[Test worker,5,main])--commit transaction
[EL Finest]: connection: 2016-06-16 05:22:04.647--ServerSession(166674373)--Connection(834731914)--Thread(Thread[Test worker,5,main])--Connection released to connection pool [default].
[EL Finer]: transaction: 2016-06-16 05:22:04.648--UnitOfWork(1681289020)--Thread(Thread[Test worker,5,main])--end unit of work commit
[EL Finer]: transaction: 2016-06-16 05:22:04.648--UnitOfWork(1681289020)--Thread(Thread[Test worker,5,main])--resume unit of work
[EL Finer]: transaction: 2016-06-16 05:22:04.648--UnitOfWork(1681289020)--Thread(Thread[Test worker,5,main])--release unit of work
[EL Finer]: connection: 2016-06-16 05:22:04.649--ClientSession(28082359)--Thread(Thread[Test worker,5,main])--client released
[EL Finer]: connection: 2016-06-16 05:22:04.65--ServerSession(166674373)--Thread(Thread[Test worker,5,main])--client acquired: 1132411640
[EL Finer]: transaction: 2016-06-16 05:22:04.65--ClientSession(1132411640)--Thread(Thread[Test worker,5,main])--acquire unit of work: 1442353766
[EL Finest]: connection: 2016-06-16 05:22:04.651--ServerSession(166674373)--Connection(844337826)--Thread(Thread[Test worker,5,main])--Connection acquired from connection pool [default].
[EL Finer]: transaction: 2016-06-16 05:22:04.651--ClientSession(1132411640)--Connection(844337826)--Thread(Thread[Test worker,5,main])--begin transaction
[EL Finest]: connection: 2016-06-16 05:22:04.651--ClientSession(1132411640)--Thread(Thread[Test worker,5,main])--reconnecting to external connection pool
[EL Finest]: transaction: 2016-06-16 05:22:04.658--UnitOfWork(1442353766)--Thread(Thread[Test worker,5,main])--persist() operation called on: 1,CfT6oiRYbJ1U29JbzGun3wg32Dyh9Il21yn57KDn84xY4kdxnC.
[EL Finest]: sequencing: 2016-06-16 05:22:04.658--UnitOfWork(1442353766)--Thread(Thread[Test worker,5,main])--assign sequence to the object (37FB573D-E6D1-46A8-900D-6F737498683F -> 1,CfT6oiRYbJ1U29JbzGun3wg32Dyh9Il21yn57KDn84xY4kdxnC)
[EL Finer]: transaction: 2016-06-16 05:22:04.659--UnitOfWork(1442353766)--Thread(Thread[Test worker,5,main])--begin unit of work commit
[EL Finest]: query: 2016-06-16 05:22:04.659--UnitOfWork(1442353766)--Thread(Thread[Test worker,5,main])--Execute query InsertObjectQuery(1,CfT6oiRYbJ1U29JbzGun3wg32Dyh9Il21yn57KDn84xY4kdxnC)
[EL Fine]: sql: 2016-06-16 05:22:04.66--ClientSession(1132411640)--Connection(1380807312)--Thread(Thread[Test worker,5,main])--INSERT INTO ast_Question_M (questionId, levelid, question, questionDetails, questionIcon, versionId, createdBy, createdDate, updatedBy, updatedDate, activeStatus, txnAccessCode) VALUES (?, ?, ?, ?, ?, ?, ?, ?, ?, ?, ?, ?)
	bind => [37FB573D-E6D1-46A8-900D-6F737498683F, 1, CfT6oiRYbJ1U29JbzGun3wg32Dyh9Il21yn57KDn84xY4kdxnC, BCFjmWVWB1, mySYyXK82wfDaVfh3c1WKlkrBHdll0t9Xko6NYlYXyOe55k6Fh, 1, AAAAA, 2016-06-16 05:22:04.649, AAAAA, 2016-06-16 05:22:04.649, 1, 51000]
[EL Finer]: transaction: 2016-06-16 05:22:04.663--ClientSession(1132411640)--Connection(1380807312)--Thread(Thread[Test worker,5,main])--commit transaction
[EL Finest]: connection: 2016-06-16 05:22:05.122--ServerSession(166674373)--Connection(844337826)--Thread(Thread[Test worker,5,main])--Connection released to connection pool [default].
[EL Finer]: transaction: 2016-06-16 05:22:05.123--UnitOfWork(1442353766)--Thread(Thread[Test worker,5,main])--end unit of work commit
[EL Finer]: transaction: 2016-06-16 05:22:05.123--UnitOfWork(1442353766)--Thread(Thread[Test worker,5,main])--resume unit of work
[EL Finer]: transaction: 2016-06-16 05:22:05.123--UnitOfWork(1442353766)--Thread(Thread[Test worker,5,main])--release unit of work
[EL Finer]: connection: 2016-06-16 05:22:05.124--ClientSession(1132411640)--Thread(Thread[Test worker,5,main])--client released
[EL Finer]: connection: 2016-06-16 05:22:05.125--ServerSession(166674373)--Thread(Thread[Test worker,5,main])--client acquired: 27408801
[EL Finer]: transaction: 2016-06-16 05:22:05.125--ClientSession(27408801)--Thread(Thread[Test worker,5,main])--acquire unit of work: 1098217949
[EL Finest]: connection: 2016-06-16 05:22:05.126--ServerSession(166674373)--Connection(127122878)--Thread(Thread[Test worker,5,main])--Connection acquired from connection pool [default].
[EL Finer]: transaction: 2016-06-16 05:22:05.126--ClientSession(27408801)--Connection(127122878)--Thread(Thread[Test worker,5,main])--begin transaction
[EL Finest]: connection: 2016-06-16 05:22:05.126--ClientSession(27408801)--Thread(Thread[Test worker,5,main])--reconnecting to external connection pool
[EL Finest]: transaction: 2016-06-16 05:22:05.152--UnitOfWork(1098217949)--Thread(Thread[Test worker,5,main])--persist() operation called on: Iud2AnF8CyyHQhgt9bm3sQP3BfJGFS349COBEhLx3Hn6711jK6.
[EL Finest]: sequencing: 2016-06-16 05:22:05.153--UnitOfWork(1098217949)--Thread(Thread[Test worker,5,main])--assign sequence to the object (22C67267-A51A-4B52-B173-8E7E5E6F0F88 -> Iud2AnF8CyyHQhgt9bm3sQP3BfJGFS349COBEhLx3Hn6711jK6)
[EL Finest]: transaction: 2016-06-16 05:22:05.153--UnitOfWork(1098217949)--Thread(Thread[Test worker,5,main])--persist() operation called on: Iud2AnF8CyyHQhgt9bm3sQP3BfJGFS349COBEhLx3Hn6711jK6.
[EL Finest]: sequencing: 2016-06-16 05:22:05.153--UnitOfWork(1098217949)--Thread(Thread[Test worker,5,main])--assign sequence to the object (2A8502B8-CEB8-4458-B842-DECD76A84B18 -> Iud2AnF8CyyHQhgt9bm3sQP3BfJGFS349COBEhLx3Hn6711jK6)
[EL Finest]: transaction: 2016-06-16 05:22:05.153--UnitOfWork(1098217949)--Thread(Thread[Test worker,5,main])--persist() operation called on: 37FB573D-E6D1-46A8-900D-6F737498683F,PAwm3GUigZEOOA6FlbD99bj36HCsRfqMbV05BB2SOzkuoai0hF.
[EL Finest]: sequencing: 2016-06-16 05:22:05.154--UnitOfWork(1098217949)--Thread(Thread[Test worker,5,main])--assign sequence to the object (0A8669F0-47C7-4E12-A7CD-ADA9189B14AE -> 37FB573D-E6D1-46A8-900D-6F737498683F,PAwm3GUigZEOOA6FlbD99bj36HCsRfqMbV05BB2SOzkuoai0hF)
[EL Finer]: transaction: 2016-06-16 05:22:05.154--UnitOfWork(1098217949)--Thread(Thread[Test worker,5,main])--begin unit of work commit
[EL Finest]: query: 2016-06-16 05:22:05.155--UnitOfWork(1098217949)--Thread(Thread[Test worker,5,main])--Execute query InsertObjectQuery(Iud2AnF8CyyHQhgt9bm3sQP3BfJGFS349COBEhLx3Hn6711jK6)
[EL Fine]: sql: 2016-06-16 05:22:05.155--ClientSession(27408801)--Connection(718132479)--Thread(Thread[Test worker,5,main])--INSERT INTO ast_User_T (userId, allowMultipleLogin, changePasswordNextLogin, genTempOneTimePassword, isDeleted, isLocked, lastPasswordChangeDate, multiFactorAuthEnabled, passwordAlgo, passwordExpiryDate, sessionTimeout, userAccessCode, userAccessDomainId, userAccessLevelId, versionId, createdBy, createdDate, updatedBy, updatedDate, activeStatus, txnAccessCode) VALUES (?, ?, ?, ?, ?, ?, ?, ?, ?, ?, ?, ?, ?, ?, ?, ?, ?, ?, ?, ?, ?)
	bind => [22C67267-A51A-4B52-B173-8E7E5E6F0F88, 1, 1, 1, 1, 1, 2016-06-15 11:44:42.548, 1, Iud2AnF8CyyHQhgt9bm3sQP3BfJGFS349COBEhLx3Hn6711jK6, 2016-06-15 11:44:42.548, 2604, 3098, F56E0114-C184-46F6-8394-683A3F47627D, 90D7A5D2-4876-4D2A-8A71-AF0AC06E6E53, 1, AAAAA, 2016-06-16 05:22:03.813, AAAAA, 2016-06-16 05:22:03.813, 1, 51000]
[EL Finest]: query: 2016-06-16 05:22:05.158--UnitOfWork(1098217949)--Thread(Thread[Test worker,5,main])--Execute query InsertObjectQuery(37FB573D-E6D1-46A8-900D-6F737498683F,PAwm3GUigZEOOA6FlbD99bj36HCsRfqMbV05BB2SOzkuoai0hF)
[EL Fine]: sql: 2016-06-16 05:22:05.159--ClientSession(27408801)--Connection(718132479)--Thread(Thread[Test worker,5,main])--INSERT INTO ast_PassRecovery_TP (passRecoveryId, answer, questionId, versionId, createdBy, createdDate, updatedBy, updatedDate, activeStatus, txnAccessCode, userId) VALUES (?, ?, ?, ?, ?, ?, ?, ?, ?, ?, ?)
	bind => [0A8669F0-47C7-4E12-A7CD-ADA9189B14AE, PAwm3GUigZEOOA6FlbD99bj36HCsRfqMbV05BB2SOzkuoai0hF, 37FB573D-E6D1-46A8-900D-6F737498683F, 1, AAAAA, 2016-06-16 05:22:04.649, AAAAA, 2016-06-16 05:22:04.649, 1, 51000, 22C67267-A51A-4B52-B173-8E7E5E6F0F88]
[EL Finest]: query: 2016-06-16 05:22:05.161--UnitOfWork(1098217949)--Thread(Thread[Test worker,5,main])--Execute query InsertObjectQuery(Iud2AnF8CyyHQhgt9bm3sQP3BfJGFS349COBEhLx3Hn6711jK6)
[EL Fine]: sql: 2016-06-16 05:22:05.162--ClientSession(27408801)--Connection(718132479)--Thread(Thread[Test worker,5,main])--INSERT INTO ast_UserData_TP (userDataId, last5Passwords, oneTimePassword, oneTimePasswordExpiry, oneTimePasswordGenDate, password, versionId, createdBy, createdDate, updatedBy, updatedDate, activeStatus, txnAccessCode, userId) VALUES (?, ?, ?, ?, ?, ?, ?, ?, ?, ?, ?, ?, ?, ?)
	bind => [2A8502B8-CEB8-4458-B842-DECD76A84B18, NfHdnGULraBBM7ubmYdOwrCNQngMhZMyoyh2KMuV8TkQH5K5G0, iKmOYGl9tXwWnElNlX1eEP8TssdUeZ7A, 1, 2016-06-15 11:44:42.741, rWG5lWuMni8wFEkUWlHd9loyTiAgYmfoIrh30swE0A63Ti9PE0, 1, AAAAA, 2016-06-16 05:22:05.124, AAAAA, 2016-06-16 05:22:05.124, 1, 51000, 22C67267-A51A-4B52-B173-8E7E5E6F0F88]
[EL Finer]: transaction: 2016-06-16 05:22:05.164--ClientSession(27408801)--Connection(718132479)--Thread(Thread[Test worker,5,main])--commit transaction
[EL Finest]: connection: 2016-06-16 05:22:05.209--ServerSession(166674373)--Connection(127122878)--Thread(Thread[Test worker,5,main])--Connection released to connection pool [default].
[EL Finer]: transaction: 2016-06-16 05:22:05.209--UnitOfWork(1098217949)--Thread(Thread[Test worker,5,main])--end unit of work commit
[EL Finer]: transaction: 2016-06-16 05:22:05.209--UnitOfWork(1098217949)--Thread(Thread[Test worker,5,main])--resume unit of work
[EL Finer]: transaction: 2016-06-16 05:22:05.21--UnitOfWork(1098217949)--Thread(Thread[Test worker,5,main])--release unit of work
[EL Finer]: connection: 2016-06-16 05:22:05.21--ClientSession(27408801)--Thread(Thread[Test worker,5,main])--client released
[EL Finer]: connection: 2016-06-16 05:22:05.21--ServerSession(166674373)--Thread(Thread[Test worker,5,main])--client acquired: 1308768601
[EL Finer]: transaction: 2016-06-16 05:22:05.211--ClientSession(1308768601)--Thread(Thread[Test worker,5,main])--acquire unit of work: 1946364433
[EL Finest]: connection: 2016-06-16 05:22:05.211--ServerSession(166674373)--Connection(2076114327)--Thread(Thread[Test worker,5,main])--Connection acquired from connection pool [default].
[EL Finer]: transaction: 2016-06-16 05:22:05.211--ClientSession(1308768601)--Connection(2076114327)--Thread(Thread[Test worker,5,main])--begin transaction
[EL Finest]: connection: 2016-06-16 05:22:05.211--ClientSession(1308768601)--Thread(Thread[Test worker,5,main])--reconnecting to external connection pool
[EL Finest]: transaction: 2016-06-16 05:22:05.216--UnitOfWork(1946364433)--Thread(Thread[Test worker,5,main])--persist() operation called on: 65R5Kth43AIwI99pXYqqlUOTADkEmYo41DeR8zYyKLNjJsinwx.
[EL Finest]: sequencing: 2016-06-16 05:22:05.216--UnitOfWork(1946364433)--Thread(Thread[Test worker,5,main])--assign sequence to the object (FF155B62-C752-4EEA-8E5C-BC999443E336 -> 65R5Kth43AIwI99pXYqqlUOTADkEmYo41DeR8zYyKLNjJsinwx)
[EL Finer]: transaction: 2016-06-16 05:22:05.216--UnitOfWork(1946364433)--Thread(Thread[Test worker,5,main])--begin unit of work commit
[EL Finest]: query: 2016-06-16 05:22:05.217--UnitOfWork(1946364433)--Thread(Thread[Test worker,5,main])--Execute query InsertObjectQuery(65R5Kth43AIwI99pXYqqlUOTADkEmYo41DeR8zYyKLNjJsinwx)
[EL Fine]: sql: 2016-06-16 05:22:05.217--ClientSession(1308768601)--Connection(653685064)--Thread(Thread[Test worker,5,main])--INSERT INTO ast_Roles_T (roleId, RoleDescription, roleHelp, RoleIcon, RoleName, versionId, createdBy, createdDate, updatedBy, updatedDate, activeStatus, txnAccessCode) VALUES (?, ?, ?, ?, ?, ?, ?, ?, ?, ?, ?, ?)
	bind => [FF155B62-C752-4EEA-8E5C-BC999443E336, NZY8LgNUw1ZujHbnZMlL8bqYzWANFCNnJ4wrlGcyLCualIuppL, RXv41gqj0GvYTDnqDnWMciGUfGuXWTK8tl6jyMwBSe6ct81Rox, YqIxyOJKtZuhnO1lLonNtQlMUmqLHnN3HxZkiVT9eQ5eJYamkl, 65R5Kth43AIwI99pXYqqlUOTADkEmYo41DeR8zYyKLNjJsinwx, 1, AAAAA, 2016-06-16 05:22:05.21, AAAAA, 2016-06-16 05:22:05.21, 1, 51000]
[EL Finer]: transaction: 2016-06-16 05:22:05.219--ClientSession(1308768601)--Connection(653685064)--Thread(Thread[Test worker,5,main])--commit transaction
[EL Finest]: connection: 2016-06-16 05:22:05.8--ServerSession(166674373)--Connection(2076114327)--Thread(Thread[Test worker,5,main])--Connection released to connection pool [default].
[EL Finer]: transaction: 2016-06-16 05:22:05.801--UnitOfWork(1946364433)--Thread(Thread[Test worker,5,main])--end unit of work commit
[EL Finer]: transaction: 2016-06-16 05:22:05.801--UnitOfWork(1946364433)--Thread(Thread[Test worker,5,main])--resume unit of work
[EL Finer]: transaction: 2016-06-16 05:22:05.801--UnitOfWork(1946364433)--Thread(Thread[Test worker,5,main])--release unit of work
[EL Finer]: connection: 2016-06-16 05:22:05.801--ClientSession(1308768601)--Thread(Thread[Test worker,5,main])--client released
Setting logged in user info for ADD
[EL Finer]: connection: 2016-06-16 05:22:05.804--ServerSession(166674373)--Thread(Thread[Test worker,5,main])--client acquired: 2063778602
[EL Finer]: transaction: 2016-06-16 05:22:05.804--ClientSession(2063778602)--Thread(Thread[Test worker,5,main])--acquire unit of work: 1918581117
[EL Finest]: connection: 2016-06-16 05:22:05.805--ServerSession(166674373)--Connection(1125873714)--Thread(Thread[Test worker,5,main])--Connection acquired from connection pool [default].
[EL Finer]: transaction: 2016-06-16 05:22:05.805--ClientSession(2063778602)--Connection(1125873714)--Thread(Thread[Test worker,5,main])--begin transaction
[EL Finest]: connection: 2016-06-16 05:22:05.805--ClientSession(2063778602)--Thread(Thread[Test worker,5,main])--reconnecting to external connection pool
[EL Finest]: transaction: 2016-06-16 05:22:05.806--UnitOfWork(1918581117)--Thread(Thread[Test worker,5,main])--persist() operation called on: FF155B62-C752-4EEA-8E5C-BC999443E336,22C67267-A51A-4B52-B173-8E7E5E6F0F88.
[EL Finest]: sequencing: 2016-06-16 05:22:05.806--UnitOfWork(1918581117)--Thread(Thread[Test worker,5,main])--assign sequence to the object (8CA14375-FF75-4699-B57C-1505F298D573 -> FF155B62-C752-4EEA-8E5C-BC999443E336,22C67267-A51A-4B52-B173-8E7E5E6F0F88)
[EL Finer]: transaction: 2016-06-16 05:22:05.807--UnitOfWork(1918581117)--Thread(Thread[Test worker,5,main])--begin unit of work commit
[EL Finest]: query: 2016-06-16 05:22:05.807--UnitOfWork(1918581117)--Thread(Thread[Test worker,5,main])--Execute query InsertObjectQuery(FF155B62-C752-4EEA-8E5C-BC999443E336,22C67267-A51A-4B52-B173-8E7E5E6F0F88)
[EL Fine]: sql: 2016-06-16 05:22:05.807--ClientSession(2063778602)--Connection(607219704)--Thread(Thread[Test worker,5,main])--INSERT INTO ast_UserRoleBridge_T (roleUserMapId, roleId, userId, versionId, createdBy, createdDate, updatedBy, updatedDate, activeStatus, txnAccessCode) VALUES (?, ?, ?, ?, ?, ?, ?, ?, ?, ?)
	bind => [8CA14375-FF75-4699-B57C-1505F298D573, FF155B62-C752-4EEA-8E5C-BC999443E336, 22C67267-A51A-4B52-B173-8E7E5E6F0F88, 1, AAAAA, 2016-06-16 05:22:05.801, AAAAA, 2016-06-16 05:22:05.801, 1, 51000]
[EL Finer]: transaction: 2016-06-16 05:22:05.809--ClientSession(2063778602)--Connection(607219704)--Thread(Thread[Test worker,5,main])--commit transaction
[EL Finest]: connection: 2016-06-16 05:22:06.516--ServerSession(166674373)--Connection(1125873714)--Thread(Thread[Test worker,5,main])--Connection released to connection pool [default].
[EL Finer]: transaction: 2016-06-16 05:22:06.516--UnitOfWork(1918581117)--Thread(Thread[Test worker,5,main])--end unit of work commit
[EL Finer]: transaction: 2016-06-16 05:22:06.516--UnitOfWork(1918581117)--Thread(Thread[Test worker,5,main])--resume unit of work
[EL Finer]: transaction: 2016-06-16 05:22:06.517--UnitOfWork(1918581117)--Thread(Thread[Test worker,5,main])--release unit of work
[EL Finer]: connection: 2016-06-16 05:22:06.517--ClientSession(2063778602)--Thread(Thread[Test worker,5,main])--client released
[EL Finer]: connection: 2016-06-16 05:22:06.528--ServerSession(166674373)--Thread(Thread[Test worker,5,main])--client acquired: 1031589978
[EL Finer]: transaction: 2016-06-16 05:22:06.528--ClientSession(1031589978)--Thread(Thread[Test worker,5,main])--acquire unit of work: 1297278015
[EL Finest]: connection: 2016-06-16 05:22:06.528--ServerSession(166674373)--Connection(2097613761)--Thread(Thread[Test worker,5,main])--Connection acquired from connection pool [default].
[EL Finer]: transaction: 2016-06-16 05:22:06.528--ClientSession(1031589978)--Connection(2097613761)--Thread(Thread[Test worker,5,main])--begin transaction
[EL Finest]: connection: 2016-06-16 05:22:06.528--ClientSession(1031589978)--Thread(Thread[Test worker,5,main])--reconnecting to external connection pool
[EL Finer]: transaction: 2016-06-16 05:22:06.53--UnitOfWork(1297278015)--Thread(Thread[Test worker,5,main])--begin unit of work flush
[EL Finer]: transaction: 2016-06-16 05:22:06.531--UnitOfWork(1297278015)--Thread(Thread[Test worker,5,main])--end unit of work flush
[EL Finest]: query: 2016-06-16 05:22:06.531--UnitOfWork(1297278015)--Thread(Thread[Test worker,5,main])--Execute query ReadAllQuery(name="UserRoleBridge.findById" referenceClass=UserRoleBridge sql="SELECT roleUserMapId, roleId, userId, versionId, createdBy, createdDate, updatedBy, updatedDate, activeStatus, txnAccessCode FROM ast_UserRoleBridge_T WHERE ((activeStatus = ?) AND (roleUserMapId = ?))")
[EL Fine]: sql: 2016-06-16 05:22:06.531--ClientSession(1031589978)--Connection(1585782502)--Thread(Thread[Test worker,5,main])--SELECT roleUserMapId, roleId, userId, versionId, createdBy, createdDate, updatedBy, updatedDate, activeStatus, txnAccessCode FROM ast_UserRoleBridge_T WHERE ((activeStatus = ?) AND (roleUserMapId = ?))
	bind => [1, 8CA14375-FF75-4699-B57C-1505F298D573]
[EL Finer]: transaction: 2016-06-16 05:22:06.534--UnitOfWork(1297278015)--Thread(Thread[Test worker,5,main])--begin unit of work commit
[EL Finer]: transaction: 2016-06-16 05:22:06.534--ClientSession(1031589978)--Connection(1585782502)--Thread(Thread[Test worker,5,main])--commit transaction
[EL Finest]: connection: 2016-06-16 05:22:06.535--ServerSession(166674373)--Connection(2097613761)--Thread(Thread[Test worker,5,main])--Connection released to connection pool [default].
[EL Finer]: transaction: 2016-06-16 05:22:06.535--UnitOfWork(1297278015)--Thread(Thread[Test worker,5,main])--end unit of work commit
[EL Finer]: transaction: 2016-06-16 05:22:06.535--UnitOfWork(1297278015)--Thread(Thread[Test worker,5,main])--resume unit of work
[EL Finer]: transaction: 2016-06-16 05:22:06.535--UnitOfWork(1297278015)--Thread(Thread[Test worker,5,main])--release unit of work
[EL Finer]: connection: 2016-06-16 05:22:06.535--ClientSession(1031589978)--Thread(Thread[Test worker,5,main])--client released
Setting logged in user info for UPDATE
[EL Finer]: connection: 2016-06-16 05:22:06.536--ServerSession(166674373)--Thread(Thread[Test worker,5,main])--client acquired: 272024485
[EL Finer]: transaction: 2016-06-16 05:22:06.537--ClientSession(272024485)--Thread(Thread[Test worker,5,main])--acquire unit of work: 2070318579
[EL Finest]: connection: 2016-06-16 05:22:06.537--ServerSession(166674373)--Connection(166824912)--Thread(Thread[Test worker,5,main])--Connection acquired from connection pool [default].
[EL Finer]: transaction: 2016-06-16 05:22:06.537--ClientSession(272024485)--Connection(166824912)--Thread(Thread[Test worker,5,main])--begin transaction
[EL Finest]: connection: 2016-06-16 05:22:06.537--ClientSession(272024485)--Thread(Thread[Test worker,5,main])--reconnecting to external connection pool
[EL Finest]: transaction: 2016-06-16 05:22:06.541--UnitOfWork(2070318579)--Thread(Thread[Test worker,5,main])--Merge clone with references FF155B62-C752-4EEA-8E5C-BC999443E336,22C67267-A51A-4B52-B173-8E7E5E6F0F88
[EL Finest]: query: 2016-06-16 05:22:06.541--UnitOfWork(2070318579)--Thread(Thread[Test worker,5,main])--Execute query ReadObjectQuery(referenceClass=UserRoleBridge )
[EL Fine]: sql: 2016-06-16 05:22:06.542--ClientSession(272024485)--Connection(1399004474)--Thread(Thread[Test worker,5,main])--SELECT roleUserMapId, roleId, userId, versionId, createdBy, createdDate, updatedBy, updatedDate, activeStatus, txnAccessCode FROM ast_UserRoleBridge_T WHERE (roleUserMapId = ?)
	bind => [8CA14375-FF75-4699-B57C-1505F298D573]
[EL Finer]: transaction: 2016-06-16 05:22:06.544--UnitOfWork(2070318579)--Thread(Thread[Test worker,5,main])--begin unit of work commit
[EL Finer]: transaction: 2016-06-16 05:22:06.544--ClientSession(272024485)--Connection(1399004474)--Thread(Thread[Test worker,5,main])--commit transaction
[EL Finest]: connection: 2016-06-16 05:22:06.545--ServerSession(166674373)--Connection(166824912)--Thread(Thread[Test worker,5,main])--Connection released to connection pool [default].
[EL Finer]: transaction: 2016-06-16 05:22:06.545--UnitOfWork(2070318579)--Thread(Thread[Test worker,5,main])--end unit of work commit
[EL Finer]: transaction: 2016-06-16 05:22:06.546--UnitOfWork(2070318579)--Thread(Thread[Test worker,5,main])--resume unit of work
[EL Finer]: transaction: 2016-06-16 05:22:06.546--UnitOfWork(2070318579)--Thread(Thread[Test worker,5,main])--release unit of work
[EL Finer]: connection: 2016-06-16 05:22:06.546--ClientSession(272024485)--Thread(Thread[Test worker,5,main])--client released
[EL Finer]: connection: 2016-06-16 05:22:06.555--ServerSession(166674373)--Thread(Thread[Test worker,5,main])--client acquired: 2040448516
[EL Finer]: transaction: 2016-06-16 05:22:06.555--ClientSession(2040448516)--Thread(Thread[Test worker,5,main])--acquire unit of work: 651849469
[EL Finest]: connection: 2016-06-16 05:22:06.555--ServerSession(166674373)--Connection(1319942136)--Thread(Thread[Test worker,5,main])--Connection acquired from connection pool [default].
[EL Finer]: transaction: 2016-06-16 05:22:06.556--ClientSession(2040448516)--Connection(1319942136)--Thread(Thread[Test worker,5,main])--begin transaction
[EL Finest]: connection: 2016-06-16 05:22:06.556--ClientSession(2040448516)--Thread(Thread[Test worker,5,main])--reconnecting to external connection pool
[EL Finer]: transaction: 2016-06-16 05:22:06.557--UnitOfWork(651849469)--Thread(Thread[Test worker,5,main])--begin unit of work flush
[EL Finer]: transaction: 2016-06-16 05:22:06.557--UnitOfWork(651849469)--Thread(Thread[Test worker,5,main])--end unit of work flush
[EL Finest]: query: 2016-06-16 05:22:06.557--UnitOfWork(651849469)--Thread(Thread[Test worker,5,main])--Execute query ReadAllQuery(name="UserRoleBridge.findById" referenceClass=UserRoleBridge sql="SELECT roleUserMapId, roleId, userId, versionId, createdBy, createdDate, updatedBy, updatedDate, activeStatus, txnAccessCode FROM ast_UserRoleBridge_T WHERE ((activeStatus = ?) AND (roleUserMapId = ?))")
[EL Fine]: sql: 2016-06-16 05:22:06.558--ClientSession(2040448516)--Connection(99656821)--Thread(Thread[Test worker,5,main])--SELECT roleUserMapId, roleId, userId, versionId, createdBy, createdDate, updatedBy, updatedDate, activeStatus, txnAccessCode FROM ast_UserRoleBridge_T WHERE ((activeStatus = ?) AND (roleUserMapId = ?))
	bind => [1, 8CA14375-FF75-4699-B57C-1505F298D573]
[EL Finer]: transaction: 2016-06-16 05:22:06.56--UnitOfWork(651849469)--Thread(Thread[Test worker,5,main])--begin unit of work commit
[EL Finer]: transaction: 2016-06-16 05:22:06.56--ClientSession(2040448516)--Connection(99656821)--Thread(Thread[Test worker,5,main])--commit transaction
[EL Finest]: connection: 2016-06-16 05:22:06.561--ServerSession(166674373)--Connection(1319942136)--Thread(Thread[Test worker,5,main])--Connection released to connection pool [default].
[EL Finer]: transaction: 2016-06-16 05:22:06.561--UnitOfWork(651849469)--Thread(Thread[Test worker,5,main])--end unit of work commit
[EL Finer]: transaction: 2016-06-16 05:22:06.561--UnitOfWork(651849469)--Thread(Thread[Test worker,5,main])--resume unit of work
[EL Finer]: transaction: 2016-06-16 05:22:06.561--UnitOfWork(651849469)--Thread(Thread[Test worker,5,main])--release unit of work
[EL Finer]: connection: 2016-06-16 05:22:06.562--ClientSession(2040448516)--Thread(Thread[Test worker,5,main])--client released
[EL Finer]: connection: 2016-06-16 05:22:06.571--ServerSession(166674373)--Thread(Thread[Test worker,5,main])--client acquired: 1620755424
[EL Finer]: transaction: 2016-06-16 05:22:06.571--ClientSession(1620755424)--Thread(Thread[Test worker,5,main])--acquire unit of work: 1353832620
[EL Finest]: connection: 2016-06-16 05:22:06.571--ServerSession(166674373)--Connection(1275604375)--Thread(Thread[Test worker,5,main])--Connection acquired from connection pool [default].
[EL Finer]: transaction: 2016-06-16 05:22:06.571--ClientSession(1620755424)--Connection(1275604375)--Thread(Thread[Test worker,5,main])--begin transaction
[EL Finest]: connection: 2016-06-16 05:22:06.571--ClientSession(1620755424)--Thread(Thread[Test worker,5,main])--reconnecting to external connection pool
[EL Finer]: transaction: 2016-06-16 05:22:06.573--UnitOfWork(1353832620)--Thread(Thread[Test worker,5,main])--begin unit of work flush
[EL Finer]: transaction: 2016-06-16 05:22:06.573--UnitOfWork(1353832620)--Thread(Thread[Test worker,5,main])--end unit of work flush
[EL Finest]: query: 2016-06-16 05:22:06.574--UnitOfWork(1353832620)--Thread(Thread[Test worker,5,main])--Execute query ReadAllQuery(name="UserRoleBridge.findByRoleId" referenceClass=UserRoleBridge sql="SELECT roleUserMapId, roleId, userId, versionId, createdBy, createdDate, updatedBy, updatedDate, activeStatus, txnAccessCode FROM ast_UserRoleBridge_T WHERE ((activeStatus = ?) AND (roleId = ?))")
[EL Fine]: sql: 2016-06-16 05:22:06.574--ClientSession(1620755424)--Connection(1409845863)--Thread(Thread[Test worker,5,main])--SELECT roleUserMapId, roleId, userId, versionId, createdBy, createdDate, updatedBy, updatedDate, activeStatus, txnAccessCode FROM ast_UserRoleBridge_T WHERE ((activeStatus = ?) AND (roleId = ?))
	bind => [1, FF155B62-C752-4EEA-8E5C-BC999443E336]
[EL Finer]: transaction: 2016-06-16 05:22:06.576--UnitOfWork(1353832620)--Thread(Thread[Test worker,5,main])--begin unit of work commit
[EL Finer]: transaction: 2016-06-16 05:22:06.576--ClientSession(1620755424)--Connection(1409845863)--Thread(Thread[Test worker,5,main])--commit transaction
[EL Finest]: connection: 2016-06-16 05:22:06.577--ServerSession(166674373)--Connection(1275604375)--Thread(Thread[Test worker,5,main])--Connection released to connection pool [default].
[EL Finer]: transaction: 2016-06-16 05:22:06.577--UnitOfWork(1353832620)--Thread(Thread[Test worker,5,main])--end unit of work commit
[EL Finer]: transaction: 2016-06-16 05:22:06.577--UnitOfWork(1353832620)--Thread(Thread[Test worker,5,main])--resume unit of work
[EL Finer]: transaction: 2016-06-16 05:22:06.577--UnitOfWork(1353832620)--Thread(Thread[Test worker,5,main])--release unit of work
[EL Finer]: connection: 2016-06-16 05:22:06.577--ClientSession(1620755424)--Thread(Thread[Test worker,5,main])--client released
[EL Finer]: connection: 2016-06-16 05:22:06.586--ServerSession(166674373)--Thread(Thread[Test worker,5,main])--client acquired: 1101405011
[EL Finer]: transaction: 2016-06-16 05:22:06.586--ClientSession(1101405011)--Thread(Thread[Test worker,5,main])--acquire unit of work: 4982737
[EL Finest]: connection: 2016-06-16 05:22:06.587--ServerSession(166674373)--Connection(2140482173)--Thread(Thread[Test worker,5,main])--Connection acquired from connection pool [default].
[EL Finer]: transaction: 2016-06-16 05:22:06.587--ClientSession(1101405011)--Connection(2140482173)--Thread(Thread[Test worker,5,main])--begin transaction
[EL Finest]: connection: 2016-06-16 05:22:06.587--ClientSession(1101405011)--Thread(Thread[Test worker,5,main])--reconnecting to external connection pool
[EL Finer]: transaction: 2016-06-16 05:22:06.588--UnitOfWork(4982737)--Thread(Thread[Test worker,5,main])--begin unit of work flush
[EL Finer]: transaction: 2016-06-16 05:22:06.589--UnitOfWork(4982737)--Thread(Thread[Test worker,5,main])--end unit of work flush
[EL Finest]: query: 2016-06-16 05:22:06.589--UnitOfWork(4982737)--Thread(Thread[Test worker,5,main])--Execute query ReadAllQuery(name="UserRoleBridge.findByUserId" referenceClass=UserRoleBridge sql="SELECT roleUserMapId, roleId, userId, versionId, createdBy, createdDate, updatedBy, updatedDate, activeStatus, txnAccessCode FROM ast_UserRoleBridge_T WHERE ((activeStatus = ?) AND (userId = ?))")
[EL Fine]: sql: 2016-06-16 05:22:06.589--ClientSession(1101405011)--Connection(1666000397)--Thread(Thread[Test worker,5,main])--SELECT roleUserMapId, roleId, userId, versionId, createdBy, createdDate, updatedBy, updatedDate, activeStatus, txnAccessCode FROM ast_UserRoleBridge_T WHERE ((activeStatus = ?) AND (userId = ?))
	bind => [1, 22C67267-A51A-4B52-B173-8E7E5E6F0F88]
[EL Finer]: transaction: 2016-06-16 05:22:06.591--UnitOfWork(4982737)--Thread(Thread[Test worker,5,main])--begin unit of work commit
[EL Finer]: transaction: 2016-06-16 05:22:06.591--ClientSession(1101405011)--Connection(1666000397)--Thread(Thread[Test worker,5,main])--commit transaction
[EL Finest]: connection: 2016-06-16 05:22:06.592--ServerSession(166674373)--Connection(2140482173)--Thread(Thread[Test worker,5,main])--Connection released to connection pool [default].
[EL Finer]: transaction: 2016-06-16 05:22:06.592--UnitOfWork(4982737)--Thread(Thread[Test worker,5,main])--end unit of work commit
[EL Finer]: transaction: 2016-06-16 05:22:06.592--UnitOfWork(4982737)--Thread(Thread[Test worker,5,main])--resume unit of work
[EL Finer]: transaction: 2016-06-16 05:22:06.592--UnitOfWork(4982737)--Thread(Thread[Test worker,5,main])--release unit of work
[EL Finer]: connection: 2016-06-16 05:22:06.592--ClientSession(1101405011)--Thread(Thread[Test worker,5,main])--client released
[EL Finer]: connection: 2016-06-16 05:22:06.609--ServerSession(166674373)--Thread(Thread[Test worker,5,main])--client acquired: 1394326257
[EL Finer]: transaction: 2016-06-16 05:22:06.609--ClientSession(1394326257)--Thread(Thread[Test worker,5,main])--acquire unit of work: 1099845335
[EL Finest]: connection: 2016-06-16 05:22:06.609--ServerSession(166674373)--Connection(1708795616)--Thread(Thread[Test worker,5,main])--Connection acquired from connection pool [default].
[EL Finer]: transaction: 2016-06-16 05:22:06.609--ClientSession(1394326257)--Connection(1708795616)--Thread(Thread[Test worker,5,main])--begin transaction
[EL Finest]: connection: 2016-06-16 05:22:06.609--ClientSession(1394326257)--Thread(Thread[Test worker,5,main])--reconnecting to external connection pool
[EL Finest]: query: 2016-06-16 05:22:06.611--UnitOfWork(1099845335)--Thread(Thread[Test worker,5,main])--Execute query ReadObjectQuery(name="readUserRoleBridge" referenceClass=UserRoleBridge sql="SELECT roleUserMapId, roleId, userId, versionId, createdBy, createdDate, updatedBy, updatedDate, activeStatus, txnAccessCode FROM ast_UserRoleBridge_T WHERE (roleUserMapId = ?)")
[EL Fine]: sql: 2016-06-16 05:22:06.611--ClientSession(1394326257)--Connection(2132752501)--Thread(Thread[Test worker,5,main])--SELECT roleUserMapId, roleId, userId, versionId, createdBy, createdDate, updatedBy, updatedDate, activeStatus, txnAccessCode FROM ast_UserRoleBridge_T WHERE (roleUserMapId = ?)
	bind => [8CA14375-FF75-4699-B57C-1505F298D573]
[EL Finest]: transaction: 2016-06-16 05:22:06.613--UnitOfWork(1099845335)--Thread(Thread[Test worker,5,main])--remove() operation called on: FF155B62-C752-4EEA-8E5C-BC999443E336,22C67267-A51A-4B52-B173-8E7E5E6F0F88
[EL Finer]: transaction: 2016-06-16 05:22:06.613--UnitOfWork(1099845335)--Thread(Thread[Test worker,5,main])--begin unit of work commit
[EL Finest]: query: 2016-06-16 05:22:06.613--UnitOfWork(1099845335)--Thread(Thread[Test worker,5,main])--Execute query DoesExistQuery(referenceClass=UserRoleBridge )
[EL Finest]: query: 2016-06-16 05:22:06.614--UnitOfWork(1099845335)--Thread(Thread[Test worker,5,main])--Execute query DeleteObjectQuery(FF155B62-C752-4EEA-8E5C-BC999443E336,22C67267-A51A-4B52-B173-8E7E5E6F0F88)
[EL Fine]: sql: 2016-06-16 05:22:06.614--ClientSession(1394326257)--Connection(2132752501)--Thread(Thread[Test worker,5,main])--DELETE FROM ast_UserRoleBridge_T WHERE ((roleUserMapId = ?) AND (versionId = ?))
	bind => [8CA14375-FF75-4699-B57C-1505F298D573, 1]
[EL Finer]: transaction: 2016-06-16 05:22:06.615--ClientSession(1394326257)--Connection(2132752501)--Thread(Thread[Test worker,5,main])--commit transaction
[EL Finest]: connection: 2016-06-16 05:22:06.857--ServerSession(166674373)--Connection(1708795616)--Thread(Thread[Test worker,5,main])--Connection released to connection pool [default].
[EL Finer]: transaction: 2016-06-16 05:22:06.858--UnitOfWork(1099845335)--Thread(Thread[Test worker,5,main])--end unit of work commit
[EL Finer]: transaction: 2016-06-16 05:22:06.858--UnitOfWork(1099845335)--Thread(Thread[Test worker,5,main])--resume unit of work
[EL Finer]: transaction: 2016-06-16 05:22:06.858--UnitOfWork(1099845335)--Thread(Thread[Test worker,5,main])--release unit of work
[EL Finer]: connection: 2016-06-16 05:22:06.858--ClientSession(1394326257)--Thread(Thread[Test worker,5,main])--client released
[EL Finer]: connection: 2016-06-16 05:22:06.858--ServerSession(166674373)--Thread(Thread[Test worker,5,main])--client acquired: 934902858
[EL Finer]: transaction: 2016-06-16 05:22:06.858--ClientSession(934902858)--Thread(Thread[Test worker,5,main])--acquire unit of work: 1921972954
[EL Finest]: connection: 2016-06-16 05:22:06.858--ServerSession(166674373)--Connection(150419704)--Thread(Thread[Test worker,5,main])--Connection acquired from connection pool [default].
[EL Finer]: transaction: 2016-06-16 05:22:06.858--ClientSession(934902858)--Connection(150419704)--Thread(Thread[Test worker,5,main])--begin transaction
[EL Finest]: connection: 2016-06-16 05:22:06.859--ClientSession(934902858)--Thread(Thread[Test worker,5,main])--reconnecting to external connection pool
[EL Finest]: query: 2016-06-16 05:22:06.86--UnitOfWork(1921972954)--Thread(Thread[Test worker,5,main])--Execute query ReadObjectQuery(name="readRoles" referenceClass=Roles sql="SELECT roleId, RoleDescription, roleHelp, RoleIcon, RoleName, versionId, createdBy, createdDate, updatedBy, updatedDate, activeStatus, txnAccessCode FROM ast_Roles_T WHERE (roleId = ?)")
[EL Fine]: sql: 2016-06-16 05:22:06.86--ClientSession(934902858)--Connection(337820171)--Thread(Thread[Test worker,5,main])--SELECT roleId, RoleDescription, roleHelp, RoleIcon, RoleName, versionId, createdBy, createdDate, updatedBy, updatedDate, activeStatus, txnAccessCode FROM ast_Roles_T WHERE (roleId = ?)
	bind => [FF155B62-C752-4EEA-8E5C-BC999443E336]
[EL Finest]: query: 2016-06-16 05:22:06.863--UnitOfWork(1921972954)--Thread(Thread[Test worker,5,main])--Execute query ReadAllQuery(name="roleMenuBridge" referenceClass=RoleMenuBridge sql="SELECT roleMenuMapId, isExecute, isRead, isWrite, menuId, versionId, createdBy, createdDate, updatedBy, updatedDate, activeStatus, txnAccessCode, roleId FROM ast_RoleMenuBridge_TP WHERE (roleId = ?)")
[EL Fine]: sql: 2016-06-16 05:22:06.863--ClientSession(934902858)--Connection(337820171)--Thread(Thread[Test worker,5,main])--SELECT roleMenuMapId, isExecute, isRead, isWrite, menuId, versionId, createdBy, createdDate, updatedBy, updatedDate, activeStatus, txnAccessCode, roleId FROM ast_RoleMenuBridge_TP WHERE (roleId = ?)
	bind => [FF155B62-C752-4EEA-8E5C-BC999443E336]
[EL Finest]: transaction: 2016-06-16 05:22:06.865--UnitOfWork(1921972954)--Thread(Thread[Test worker,5,main])--remove() operation called on: 65R5Kth43AIwI99pXYqqlUOTADkEmYo41DeR8zYyKLNjJsinwx
[EL Finer]: transaction: 2016-06-16 05:22:06.866--UnitOfWork(1921972954)--Thread(Thread[Test worker,5,main])--begin unit of work commit
[EL Finest]: query: 2016-06-16 05:22:06.866--UnitOfWork(1921972954)--Thread(Thread[Test worker,5,main])--Execute query DoesExistQuery(referenceClass=Roles )
[EL Finest]: query: 2016-06-16 05:22:06.866--UnitOfWork(1921972954)--Thread(Thread[Test worker,5,main])--Execute query DeleteObjectQuery(65R5Kth43AIwI99pXYqqlUOTADkEmYo41DeR8zYyKLNjJsinwx)
[EL Fine]: sql: 2016-06-16 05:22:06.867--ClientSession(934902858)--Connection(337820171)--Thread(Thread[Test worker,5,main])--DELETE FROM ast_Roles_T WHERE ((roleId = ?) AND (versionId = ?))
	bind => [FF155B62-C752-4EEA-8E5C-BC999443E336, 1]
[EL Finer]: transaction: 2016-06-16 05:22:06.868--ClientSession(934902858)--Connection(337820171)--Thread(Thread[Test worker,5,main])--commit transaction
[EL Finest]: connection: 2016-06-16 05:22:07.107--ServerSession(166674373)--Connection(150419704)--Thread(Thread[Test worker,5,main])--Connection released to connection pool [default].
[EL Finer]: transaction: 2016-06-16 05:22:07.108--UnitOfWork(1921972954)--Thread(Thread[Test worker,5,main])--end unit of work commit
[EL Finer]: transaction: 2016-06-16 05:22:07.108--UnitOfWork(1921972954)--Thread(Thread[Test worker,5,main])--resume unit of work
[EL Finer]: transaction: 2016-06-16 05:22:07.108--UnitOfWork(1921972954)--Thread(Thread[Test worker,5,main])--release unit of work
[EL Finer]: connection: 2016-06-16 05:22:07.108--ClientSession(934902858)--Thread(Thread[Test worker,5,main])--client released
[EL Finer]: connection: 2016-06-16 05:22:07.109--ServerSession(166674373)--Thread(Thread[Test worker,5,main])--client acquired: 1493614964
[EL Finer]: transaction: 2016-06-16 05:22:07.109--ClientSession(1493614964)--Thread(Thread[Test worker,5,main])--acquire unit of work: 1250350165
[EL Finest]: connection: 2016-06-16 05:22:07.109--ServerSession(166674373)--Connection(1507737260)--Thread(Thread[Test worker,5,main])--Connection acquired from connection pool [default].
[EL Finer]: transaction: 2016-06-16 05:22:07.11--ClientSession(1493614964)--Connection(1507737260)--Thread(Thread[Test worker,5,main])--begin transaction
[EL Finest]: connection: 2016-06-16 05:22:07.11--ClientSession(1493614964)--Thread(Thread[Test worker,5,main])--reconnecting to external connection pool
[EL Finest]: query: 2016-06-16 05:22:07.112--UnitOfWork(1250350165)--Thread(Thread[Test worker,5,main])--Execute query ReadObjectQuery(name="readUser" referenceClass=User sql="SELECT userId, allowMultipleLogin, changePasswordNextLogin, genTempOneTimePassword, isDeleted, isLocked, lastPasswordChangeDate, multiFactorAuthEnabled, passwordAlgo, passwordExpiryDate, sessionTimeout, userAccessCode, userAccessDomainId, userAccessLevelId, versionId, createdBy, createdDate, updatedBy, updatedDate, activeStatus, txnAccessCode FROM ast_User_T WHERE (userId = ?)")
[EL Fine]: sql: 2016-06-16 05:22:07.112--ClientSession(1493614964)--Connection(1608424200)--Thread(Thread[Test worker,5,main])--SELECT userId, allowMultipleLogin, changePasswordNextLogin, genTempOneTimePassword, isDeleted, isLocked, lastPasswordChangeDate, multiFactorAuthEnabled, passwordAlgo, passwordExpiryDate, sessionTimeout, userAccessCode, userAccessDomainId, userAccessLevelId, versionId, createdBy, createdDate, updatedBy, updatedDate, activeStatus, txnAccessCode FROM ast_User_T WHERE (userId = ?)
	bind => [22C67267-A51A-4B52-B173-8E7E5E6F0F88]
[EL Finest]: query: 2016-06-16 05:22:07.115--UnitOfWork(1250350165)--Thread(Thread[Test worker,5,main])--Execute query ReadObjectQuery(name="userData" referenceClass=UserData sql="SELECT userDataId, last5Passwords, oneTimePassword, oneTimePasswordExpiry, oneTimePasswordGenDate, password, versionId, createdBy, createdDate, updatedBy, updatedDate, activeStatus, txnAccessCode, userId FROM ast_UserData_TP WHERE (userId = ?)")
[EL Fine]: sql: 2016-06-16 05:22:07.115--ClientSession(1493614964)--Connection(1608424200)--Thread(Thread[Test worker,5,main])--SELECT userDataId, last5Passwords, oneTimePassword, oneTimePasswordExpiry, oneTimePasswordGenDate, password, versionId, createdBy, createdDate, updatedBy, updatedDate, activeStatus, txnAccessCode, userId FROM ast_UserData_TP WHERE (userId = ?)
	bind => [22C67267-A51A-4B52-B173-8E7E5E6F0F88]
[EL Finest]: query: 2016-06-16 05:22:07.117--UnitOfWork(1250350165)--Thread(Thread[Test worker,5,main])--Execute query ReadObjectQuery(name="user" referenceClass=User )
[EL Finest]: query: 2016-06-16 05:22:07.118--UnitOfWork(1250350165)--Thread(Thread[Test worker,5,main])--Execute query ReadAllQuery(name="passRecovery" referenceClass=PassRecovery sql="SELECT passRecoveryId, answer, questionId, versionId, createdBy, createdDate, updatedBy, updatedDate, activeStatus, txnAccessCode, userId FROM ast_PassRecovery_TP WHERE (userId = ?)")
[EL Fine]: sql: 2016-06-16 05:22:07.118--ClientSession(1493614964)--Connection(1608424200)--Thread(Thread[Test worker,5,main])--SELECT passRecoveryId, answer, questionId, versionId, createdBy, createdDate, updatedBy, updatedDate, activeStatus, txnAccessCode, userId FROM ast_PassRecovery_TP WHERE (userId = ?)
	bind => [22C67267-A51A-4B52-B173-8E7E5E6F0F88]
[EL Finest]: query: 2016-06-16 05:22:07.12--UnitOfWork(1250350165)--Thread(Thread[Test worker,5,main])--Execute query ReadObjectQuery(name="user" referenceClass=User )
[EL Finest]: transaction: 2016-06-16 05:22:07.12--UnitOfWork(1250350165)--Thread(Thread[Test worker,5,main])--remove() operation called on: Iud2AnF8CyyHQhgt9bm3sQP3BfJGFS349COBEhLx3Hn6711jK6
[EL Finest]: transaction: 2016-06-16 05:22:07.121--UnitOfWork(1250350165)--Thread(Thread[Test worker,5,main])--remove() operation called on: Iud2AnF8CyyHQhgt9bm3sQP3BfJGFS349COBEhLx3Hn6711jK6
[EL Finest]: transaction: 2016-06-16 05:22:07.121--UnitOfWork(1250350165)--Thread(Thread[Test worker,5,main])--remove() operation called on: 37FB573D-E6D1-46A8-900D-6F737498683F,PAwm3GUigZEOOA6FlbD99bj36HCsRfqMbV05BB2SOzkuoai0hF
[EL Finer]: transaction: 2016-06-16 05:22:07.121--UnitOfWork(1250350165)--Thread(Thread[Test worker,5,main])--begin unit of work commit
[EL Finest]: query: 2016-06-16 05:22:07.122--UnitOfWork(1250350165)--Thread(Thread[Test worker,5,main])--Execute query DoesExistQuery(referenceClass=PassRecovery )
[EL Finest]: query: 2016-06-16 05:22:07.122--UnitOfWork(1250350165)--Thread(Thread[Test worker,5,main])--Execute query DoesExistQuery(referenceClass=User )
[EL Finest]: query: 2016-06-16 05:22:07.122--UnitOfWork(1250350165)--Thread(Thread[Test worker,5,main])--Execute query DoesExistQuery(referenceClass=UserData )
[EL Finest]: query: 2016-06-16 05:22:07.123--UnitOfWork(1250350165)--Thread(Thread[Test worker,5,main])--Execute query DeleteObjectQuery(Iud2AnF8CyyHQhgt9bm3sQP3BfJGFS349COBEhLx3Hn6711jK6)
[EL Fine]: sql: 2016-06-16 05:22:07.123--ClientSession(1493614964)--Connection(1608424200)--Thread(Thread[Test worker,5,main])--DELETE FROM ast_UserData_TP WHERE ((userDataId = ?) AND (versionId = ?))
	bind => [2A8502B8-CEB8-4458-B842-DECD76A84B18, 1]
[EL Finest]: query: 2016-06-16 05:22:07.125--UnitOfWork(1250350165)--Thread(Thread[Test worker,5,main])--Execute query DeleteObjectQuery(37FB573D-E6D1-46A8-900D-6F737498683F,PAwm3GUigZEOOA6FlbD99bj36HCsRfqMbV05BB2SOzkuoai0hF)
[EL Fine]: sql: 2016-06-16 05:22:07.126--ClientSession(1493614964)--Connection(1608424200)--Thread(Thread[Test worker,5,main])--DELETE FROM ast_PassRecovery_TP WHERE ((passRecoveryId = ?) AND (versionId = ?))
	bind => [0A8669F0-47C7-4E12-A7CD-ADA9189B14AE, 1]
[EL Finest]: query: 2016-06-16 05:22:07.127--UnitOfWork(1250350165)--Thread(Thread[Test worker,5,main])--Execute query DeleteObjectQuery(Iud2AnF8CyyHQhgt9bm3sQP3BfJGFS349COBEhLx3Hn6711jK6)
[EL Fine]: sql: 2016-06-16 05:22:07.128--ClientSession(1493614964)--Connection(1608424200)--Thread(Thread[Test worker,5,main])--DELETE FROM ast_User_T WHERE ((userId = ?) AND (versionId = ?))
	bind => [22C67267-A51A-4B52-B173-8E7E5E6F0F88, 1]
[EL Finer]: transaction: 2016-06-16 05:22:08.111--ClientSession(1493614964)--Connection(1608424200)--Thread(Thread[Test worker,5,main])--commit transaction
[EL Finest]: connection: 2016-06-16 05:22:08.706--ServerSession(166674373)--Connection(1507737260)--Thread(Thread[Test worker,5,main])--Connection released to connection pool [default].
[EL Finer]: transaction: 2016-06-16 05:22:08.707--UnitOfWork(1250350165)--Thread(Thread[Test worker,5,main])--end unit of work commit
[EL Finer]: transaction: 2016-06-16 05:22:08.707--UnitOfWork(1250350165)--Thread(Thread[Test worker,5,main])--resume unit of work
[EL Finer]: transaction: 2016-06-16 05:22:08.707--UnitOfWork(1250350165)--Thread(Thread[Test worker,5,main])--release unit of work
[EL Finer]: connection: 2016-06-16 05:22:08.708--ClientSession(1493614964)--Thread(Thread[Test worker,5,main])--client released
[EL Finer]: connection: 2016-06-16 05:22:08.708--ServerSession(166674373)--Thread(Thread[Test worker,5,main])--client acquired: 1233716382
[EL Finer]: transaction: 2016-06-16 05:22:08.708--ClientSession(1233716382)--Thread(Thread[Test worker,5,main])--acquire unit of work: 1116620489
[EL Finest]: connection: 2016-06-16 05:22:08.709--ServerSession(166674373)--Connection(180967490)--Thread(Thread[Test worker,5,main])--Connection acquired from connection pool [default].
[EL Finer]: transaction: 2016-06-16 05:22:08.709--ClientSession(1233716382)--Connection(180967490)--Thread(Thread[Test worker,5,main])--begin transaction
[EL Finest]: connection: 2016-06-16 05:22:08.709--ClientSession(1233716382)--Thread(Thread[Test worker,5,main])--reconnecting to external connection pool
[EL Finest]: query: 2016-06-16 05:22:08.711--UnitOfWork(1116620489)--Thread(Thread[Test worker,5,main])--Execute query ReadObjectQuery(name="readQuestion" referenceClass=Question sql="SELECT questionId, levelid, question, questionDetails, questionIcon, versionId, createdBy, createdDate, updatedBy, updatedDate, activeStatus, txnAccessCode FROM ast_Question_M WHERE (questionId = ?)")
[EL Fine]: sql: 2016-06-16 05:22:08.711--ClientSession(1233716382)--Connection(245562298)--Thread(Thread[Test worker,5,main])--SELECT questionId, levelid, question, questionDetails, questionIcon, versionId, createdBy, createdDate, updatedBy, updatedDate, activeStatus, txnAccessCode FROM ast_Question_M WHERE (questionId = ?)
	bind => [37FB573D-E6D1-46A8-900D-6F737498683F]
[EL Finest]: transaction: 2016-06-16 05:22:08.713--UnitOfWork(1116620489)--Thread(Thread[Test worker,5,main])--remove() operation called on: 1,CfT6oiRYbJ1U29JbzGun3wg32Dyh9Il21yn57KDn84xY4kdxnC
[EL Finer]: transaction: 2016-06-16 05:22:08.714--UnitOfWork(1116620489)--Thread(Thread[Test worker,5,main])--begin unit of work commit
[EL Finest]: query: 2016-06-16 05:22:08.714--UnitOfWork(1116620489)--Thread(Thread[Test worker,5,main])--Execute query DoesExistQuery(referenceClass=Question )
[EL Finest]: query: 2016-06-16 05:22:08.715--UnitOfWork(1116620489)--Thread(Thread[Test worker,5,main])--Execute query DeleteObjectQuery(1,CfT6oiRYbJ1U29JbzGun3wg32Dyh9Il21yn57KDn84xY4kdxnC)
[EL Fine]: sql: 2016-06-16 05:22:08.715--ClientSession(1233716382)--Connection(245562298)--Thread(Thread[Test worker,5,main])--DELETE FROM ast_Question_M WHERE ((questionId = ?) AND (versionId = ?))
	bind => [37FB573D-E6D1-46A8-900D-6F737498683F, 1]
[EL Finer]: transaction: 2016-06-16 05:22:08.831--ClientSession(1233716382)--Connection(245562298)--Thread(Thread[Test worker,5,main])--commit transaction
[EL Finest]: connection: 2016-06-16 05:22:09.222--ServerSession(166674373)--Connection(180967490)--Thread(Thread[Test worker,5,main])--Connection released to connection pool [default].
[EL Finer]: transaction: 2016-06-16 05:22:09.222--UnitOfWork(1116620489)--Thread(Thread[Test worker,5,main])--end unit of work commit
[EL Finer]: transaction: 2016-06-16 05:22:09.223--UnitOfWork(1116620489)--Thread(Thread[Test worker,5,main])--resume unit of work
[EL Finer]: transaction: 2016-06-16 05:22:09.223--UnitOfWork(1116620489)--Thread(Thread[Test worker,5,main])--release unit of work
[EL Finer]: connection: 2016-06-16 05:22:09.223--ClientSession(1233716382)--Thread(Thread[Test worker,5,main])--client released
[EL Finer]: connection: 2016-06-16 05:22:09.224--ServerSession(166674373)--Thread(Thread[Test worker,5,main])--client acquired: 118739151
[EL Finer]: transaction: 2016-06-16 05:22:09.224--ClientSession(118739151)--Thread(Thread[Test worker,5,main])--acquire unit of work: 636602794
[EL Finest]: connection: 2016-06-16 05:22:09.224--ServerSession(166674373)--Connection(619629404)--Thread(Thread[Test worker,5,main])--Connection acquired from connection pool [default].
[EL Finer]: transaction: 2016-06-16 05:22:09.224--ClientSession(118739151)--Connection(619629404)--Thread(Thread[Test worker,5,main])--begin transaction
[EL Finest]: connection: 2016-06-16 05:22:09.224--ClientSession(118739151)--Thread(Thread[Test worker,5,main])--reconnecting to external connection pool
[EL Finest]: query: 2016-06-16 05:22:09.226--UnitOfWork(636602794)--Thread(Thread[Test worker,5,main])--Execute query ReadObjectQuery(name="readUserAccessDomain" referenceClass=UserAccessDomain sql="SELECT userAccessDomainId, domainDescription, domainHelp, domainIcon, domainName, userAccessDomain, versionId, createdBy, createdDate, updatedBy, updatedDate, activeStatus, txnAccessCode FROM ast_UserAccessDomain_M WHERE (userAccessDomainId = ?)")
[EL Fine]: sql: 2016-06-16 05:22:09.226--ClientSession(118739151)--Connection(1087465907)--Thread(Thread[Test worker,5,main])--SELECT userAccessDomainId, domainDescription, domainHelp, domainIcon, domainName, userAccessDomain, versionId, createdBy, createdDate, updatedBy, updatedDate, activeStatus, txnAccessCode FROM ast_UserAccessDomain_M WHERE (userAccessDomainId = ?)
	bind => [F56E0114-C184-46F6-8394-683A3F47627D]
[EL Finest]: transaction: 2016-06-16 05:22:09.228--UnitOfWork(636602794)--Thread(Thread[Test worker,5,main])--remove() operation called on: 52023,mXTRU9Ok8Ld3lXGcG2Iez0FENFAPpZuMS3H9ImjOmAWgBzFgMN,mDNL91ARiNjPe8hN6D8m3KuZ0czoXVP0hyCM9dyPldSYzi85Zj
[EL Finer]: transaction: 2016-06-16 05:22:09.229--UnitOfWork(636602794)--Thread(Thread[Test worker,5,main])--begin unit of work commit
[EL Finest]: query: 2016-06-16 05:22:09.229--UnitOfWork(636602794)--Thread(Thread[Test worker,5,main])--Execute query DoesExistQuery(referenceClass=UserAccessDomain )
[EL Finest]: query: 2016-06-16 05:22:09.23--UnitOfWork(636602794)--Thread(Thread[Test worker,5,main])--Execute query DeleteObjectQuery(52023,mXTRU9Ok8Ld3lXGcG2Iez0FENFAPpZuMS3H9ImjOmAWgBzFgMN,mDNL91ARiNjPe8hN6D8m3KuZ0czoXVP0hyCM9dyPldSYzi85Zj)
[EL Fine]: sql: 2016-06-16 05:22:09.23--ClientSession(118739151)--Connection(1087465907)--Thread(Thread[Test worker,5,main])--DELETE FROM ast_UserAccessDomain_M WHERE ((userAccessDomainId = ?) AND (versionId = ?))
	bind => [F56E0114-C184-46F6-8394-683A3F47627D, 1]
[EL Finer]: transaction: 2016-06-16 05:22:09.232--ClientSession(118739151)--Connection(1087465907)--Thread(Thread[Test worker,5,main])--commit transaction
[EL Finest]: connection: 2016-06-16 05:22:09.684--ServerSession(166674373)--Connection(619629404)--Thread(Thread[Test worker,5,main])--Connection released to connection pool [default].
[EL Finer]: transaction: 2016-06-16 05:22:09.684--UnitOfWork(636602794)--Thread(Thread[Test worker,5,main])--end unit of work commit
[EL Finer]: transaction: 2016-06-16 05:22:09.684--UnitOfWork(636602794)--Thread(Thread[Test worker,5,main])--resume unit of work
[EL Finer]: transaction: 2016-06-16 05:22:09.685--UnitOfWork(636602794)--Thread(Thread[Test worker,5,main])--release unit of work
[EL Finer]: connection: 2016-06-16 05:22:09.685--ClientSession(118739151)--Thread(Thread[Test worker,5,main])--client released
[EL Finer]: connection: 2016-06-16 05:22:09.685--ServerSession(166674373)--Thread(Thread[Test worker,5,main])--client acquired: 1477575358
[EL Finer]: transaction: 2016-06-16 05:22:09.686--ClientSession(1477575358)--Thread(Thread[Test worker,5,main])--acquire unit of work: 108147998
[EL Finest]: connection: 2016-06-16 05:22:09.686--ServerSession(166674373)--Connection(872237024)--Thread(Thread[Test worker,5,main])--Connection acquired from connection pool [default].
[EL Finer]: transaction: 2016-06-16 05:22:09.686--ClientSession(1477575358)--Connection(872237024)--Thread(Thread[Test worker,5,main])--begin transaction
[EL Finest]: connection: 2016-06-16 05:22:09.686--ClientSession(1477575358)--Thread(Thread[Test worker,5,main])--reconnecting to external connection pool
[EL Finest]: query: 2016-06-16 05:22:09.689--UnitOfWork(108147998)--Thread(Thread[Test worker,5,main])--Execute query ReadObjectQuery(name="readUserAccessLevel" referenceClass=UserAccessLevel sql="SELECT userAccessLevelId, levelDescription, levelHelp, levelIcon, levelName, userAccessLevel, versionId, createdBy, createdDate, updatedBy, updatedDate, activeStatus, txnAccessCode FROM ast_UserAccessLevel_M WHERE (userAccessLevelId = ?)")
[EL Fine]: sql: 2016-06-16 05:22:09.689--ClientSession(1477575358)--Connection(90506824)--Thread(Thread[Test worker,5,main])--SELECT userAccessLevelId, levelDescription, levelHelp, levelIcon, levelName, userAccessLevel, versionId, createdBy, createdDate, updatedBy, updatedDate, activeStatus, txnAccessCode FROM ast_UserAccessLevel_M WHERE (userAccessLevelId = ?)
	bind => [90D7A5D2-4876-4D2A-8A71-AF0AC06E6E53]
[EL Finest]: transaction: 2016-06-16 05:22:09.692--UnitOfWork(108147998)--Thread(Thread[Test worker,5,main])--remove() operation called on: 51318,TQeX4Cyk7jGNgL2azSFB6cVO0XLpdQJtaDEBezQ8vBMydrWFnW,ckwunkqsiGUjWBaodw0qMJvKIjOEkZ4NTiH90FK0aG30mo7iz1
[EL Finer]: transaction: 2016-06-16 05:22:09.694--UnitOfWork(108147998)--Thread(Thread[Test worker,5,main])--begin unit of work commit
[EL Finest]: query: 2016-06-16 05:22:09.694--UnitOfWork(108147998)--Thread(Thread[Test worker,5,main])--Execute query DoesExistQuery(referenceClass=UserAccessLevel )
[EL Finest]: query: 2016-06-16 05:22:09.695--UnitOfWork(108147998)--Thread(Thread[Test worker,5,main])--Execute query DeleteObjectQuery(51318,TQeX4Cyk7jGNgL2azSFB6cVO0XLpdQJtaDEBezQ8vBMydrWFnW,ckwunkqsiGUjWBaodw0qMJvKIjOEkZ4NTiH90FK0aG30mo7iz1)
[EL Fine]: sql: 2016-06-16 05:22:09.695--ClientSession(1477575358)--Connection(90506824)--Thread(Thread[Test worker,5,main])--DELETE FROM ast_UserAccessLevel_M WHERE ((userAccessLevelId = ?) AND (versionId = ?))
	bind => [90D7A5D2-4876-4D2A-8A71-AF0AC06E6E53, 1]
[EL Finer]: transaction: 2016-06-16 05:22:09.953--ClientSession(1477575358)--Connection(90506824)--Thread(Thread[Test worker,5,main])--commit transaction
[EL Finest]: connection: 2016-06-16 05:22:10.085--ServerSession(166674373)--Connection(872237024)--Thread(Thread[Test worker,5,main])--Connection released to connection pool [default].
[EL Finer]: transaction: 2016-06-16 05:22:10.085--UnitOfWork(108147998)--Thread(Thread[Test worker,5,main])--end unit of work commit
[EL Finer]: transaction: 2016-06-16 05:22:10.085--UnitOfWork(108147998)--Thread(Thread[Test worker,5,main])--resume unit of work
[EL Finer]: transaction: 2016-06-16 05:22:10.085--UnitOfWork(108147998)--Thread(Thread[Test worker,5,main])--release unit of work
[EL Finer]: connection: 2016-06-16 05:22:10.085--ClientSession(1477575358)--Thread(Thread[Test worker,5,main])--client released
]]></system-out>
  <system-err><![CDATA[]]></system-err>
</testsuite>
